ARM GAS  C:\Users\egh35\AppData\Local\Temp\ccIPwqVr.s 			page 1


   1              		.cpu cortex-m0
   2              		.fpu softvfp
   3              		.eabi_attribute 20, 1
   4              		.eabi_attribute 21, 1
   5              		.eabi_attribute 23, 3
   6              		.eabi_attribute 24, 1
   7              		.eabi_attribute 25, 1
   8              		.eabi_attribute 26, 1
   9              		.eabi_attribute 30, 1
  10              		.eabi_attribute 34, 0
  11              		.eabi_attribute 18, 4
  12              		.code	16
  13              		.file	"cyfitter_cfg.c"
  14              		.text
  15              	.Ltext0:
  16              		.cfi_sections	.debug_frame
  17              		.section	.text.cfg_write_bytes32,"ax",%progbits
  18              		.align	2
  19              		.code	16
  20              		.thumb_func
  21              		.type	cfg_write_bytes32, %function
  22              	cfg_write_bytes32:
  23              	.LFB3:
  24              		.file 1 ".\\Generated_Source\\PSoC4\\cyfitter_cfg.c"
   1:.\Generated_Source\PSoC4/cyfitter_cfg.c **** /*******************************************************************************
   2:.\Generated_Source\PSoC4/cyfitter_cfg.c **** * FILENAME: cyfitter_cfg.c
   3:.\Generated_Source\PSoC4/cyfitter_cfg.c **** * 
   4:.\Generated_Source\PSoC4/cyfitter_cfg.c **** * PSoC Creator  3.2 SP1
   5:.\Generated_Source\PSoC4/cyfitter_cfg.c **** *
   6:.\Generated_Source\PSoC4/cyfitter_cfg.c **** * DESCRIPTION:
   7:.\Generated_Source\PSoC4/cyfitter_cfg.c **** * This file contains device initialization code.
   8:.\Generated_Source\PSoC4/cyfitter_cfg.c **** * Except for the user defined sections in CyClockStartupError(), this file should not be modified.
   9:.\Generated_Source\PSoC4/cyfitter_cfg.c **** * This file is automatically generated by PSoC Creator.
  10:.\Generated_Source\PSoC4/cyfitter_cfg.c **** *
  11:.\Generated_Source\PSoC4/cyfitter_cfg.c **** ********************************************************************************
  12:.\Generated_Source\PSoC4/cyfitter_cfg.c **** * Copyright (c) 2007-2015 Cypress Semiconductor.  All rights reserved.
  13:.\Generated_Source\PSoC4/cyfitter_cfg.c **** * You may use this file only in accordance with the license, terms, conditions, 
  14:.\Generated_Source\PSoC4/cyfitter_cfg.c **** * disclaimers, and limitations in the end user license agreement accompanying 
  15:.\Generated_Source\PSoC4/cyfitter_cfg.c **** * the software package with which this file was provided.
  16:.\Generated_Source\PSoC4/cyfitter_cfg.c **** ********************************************************************************/
  17:.\Generated_Source\PSoC4/cyfitter_cfg.c **** 
  18:.\Generated_Source\PSoC4/cyfitter_cfg.c **** #include <string.h>
  19:.\Generated_Source\PSoC4/cyfitter_cfg.c **** #include "cytypes.h"
  20:.\Generated_Source\PSoC4/cyfitter_cfg.c **** #include "cydevice_trm.h"
  21:.\Generated_Source\PSoC4/cyfitter_cfg.c **** #include "cyfitter.h"
  22:.\Generated_Source\PSoC4/cyfitter_cfg.c **** #include "CyLib.h"
  23:.\Generated_Source\PSoC4/cyfitter_cfg.c **** #include "CyLFClk.h"
  24:.\Generated_Source\PSoC4/cyfitter_cfg.c **** #include "cyfitter_cfg.h"
  25:.\Generated_Source\PSoC4/cyfitter_cfg.c **** 
  26:.\Generated_Source\PSoC4/cyfitter_cfg.c **** 
  27:.\Generated_Source\PSoC4/cyfitter_cfg.c **** #if defined(__GNUC__) || defined(__ARMCC_VERSION)
  28:.\Generated_Source\PSoC4/cyfitter_cfg.c ****     #define CYPACKED 
  29:.\Generated_Source\PSoC4/cyfitter_cfg.c ****     #define CYPACKED_ATTR __attribute__ ((packed))
  30:.\Generated_Source\PSoC4/cyfitter_cfg.c ****     #define CYALIGNED __attribute__ ((aligned))
  31:.\Generated_Source\PSoC4/cyfitter_cfg.c ****     #define CY_CFG_UNUSED __attribute__ ((unused))
  32:.\Generated_Source\PSoC4/cyfitter_cfg.c ****     #define CY_CFG_SECTION __attribute__ ((section(".psocinit")))
  33:.\Generated_Source\PSoC4/cyfitter_cfg.c ****     
ARM GAS  C:\Users\egh35\AppData\Local\Temp\ccIPwqVr.s 			page 2


  34:.\Generated_Source\PSoC4/cyfitter_cfg.c ****     #if defined(__ARMCC_VERSION)
  35:.\Generated_Source\PSoC4/cyfitter_cfg.c ****         #define CY_CFG_MEMORY_BARRIER() __memory_changed()
  36:.\Generated_Source\PSoC4/cyfitter_cfg.c ****     #else
  37:.\Generated_Source\PSoC4/cyfitter_cfg.c ****         #define CY_CFG_MEMORY_BARRIER() __sync_synchronize()
  38:.\Generated_Source\PSoC4/cyfitter_cfg.c ****     #endif
  39:.\Generated_Source\PSoC4/cyfitter_cfg.c ****     
  40:.\Generated_Source\PSoC4/cyfitter_cfg.c **** #elif defined(__ICCARM__)
  41:.\Generated_Source\PSoC4/cyfitter_cfg.c ****     #include <intrinsics.h>
  42:.\Generated_Source\PSoC4/cyfitter_cfg.c **** 
  43:.\Generated_Source\PSoC4/cyfitter_cfg.c ****     #define CYPACKED __packed
  44:.\Generated_Source\PSoC4/cyfitter_cfg.c ****     #define CYPACKED_ATTR 
  45:.\Generated_Source\PSoC4/cyfitter_cfg.c ****     #define CYALIGNED _Pragma("data_alignment=4")
  46:.\Generated_Source\PSoC4/cyfitter_cfg.c ****     #define CY_CFG_UNUSED _Pragma("diag_suppress=Pe177")
  47:.\Generated_Source\PSoC4/cyfitter_cfg.c ****     #define CY_CFG_SECTION _Pragma("location=\".psocinit\"")
  48:.\Generated_Source\PSoC4/cyfitter_cfg.c ****     
  49:.\Generated_Source\PSoC4/cyfitter_cfg.c ****     #define CY_CFG_MEMORY_BARRIER() __DMB()
  50:.\Generated_Source\PSoC4/cyfitter_cfg.c ****     
  51:.\Generated_Source\PSoC4/cyfitter_cfg.c **** #else
  52:.\Generated_Source\PSoC4/cyfitter_cfg.c ****     #error Unsupported toolchain
  53:.\Generated_Source\PSoC4/cyfitter_cfg.c **** #endif
  54:.\Generated_Source\PSoC4/cyfitter_cfg.c **** 
  55:.\Generated_Source\PSoC4/cyfitter_cfg.c **** 
  56:.\Generated_Source\PSoC4/cyfitter_cfg.c **** CY_CFG_UNUSED
  57:.\Generated_Source\PSoC4/cyfitter_cfg.c **** static void CYMEMZERO(void *s, size_t n);
  58:.\Generated_Source\PSoC4/cyfitter_cfg.c **** CY_CFG_UNUSED
  59:.\Generated_Source\PSoC4/cyfitter_cfg.c **** static void CYMEMZERO(void *s, size_t n)
  60:.\Generated_Source\PSoC4/cyfitter_cfg.c **** {
  61:.\Generated_Source\PSoC4/cyfitter_cfg.c **** 	(void)memset(s, 0, n);
  62:.\Generated_Source\PSoC4/cyfitter_cfg.c **** }
  63:.\Generated_Source\PSoC4/cyfitter_cfg.c **** CY_CFG_UNUSED
  64:.\Generated_Source\PSoC4/cyfitter_cfg.c **** static void CYCONFIGCPY(void *dest, const void *src, size_t n);
  65:.\Generated_Source\PSoC4/cyfitter_cfg.c **** CY_CFG_UNUSED
  66:.\Generated_Source\PSoC4/cyfitter_cfg.c **** static void CYCONFIGCPY(void *dest, const void *src, size_t n)
  67:.\Generated_Source\PSoC4/cyfitter_cfg.c **** {
  68:.\Generated_Source\PSoC4/cyfitter_cfg.c **** 	(void)memcpy(dest, src, n);
  69:.\Generated_Source\PSoC4/cyfitter_cfg.c **** }
  70:.\Generated_Source\PSoC4/cyfitter_cfg.c **** CY_CFG_UNUSED
  71:.\Generated_Source\PSoC4/cyfitter_cfg.c **** static void CYCONFIGCPYCODE(void *dest, const void *src, size_t n);
  72:.\Generated_Source\PSoC4/cyfitter_cfg.c **** CY_CFG_UNUSED
  73:.\Generated_Source\PSoC4/cyfitter_cfg.c **** static void CYCONFIGCPYCODE(void *dest, const void *src, size_t n)
  74:.\Generated_Source\PSoC4/cyfitter_cfg.c **** {
  75:.\Generated_Source\PSoC4/cyfitter_cfg.c **** 	(void)memcpy(dest, src, n);
  76:.\Generated_Source\PSoC4/cyfitter_cfg.c **** }
  77:.\Generated_Source\PSoC4/cyfitter_cfg.c **** 
  78:.\Generated_Source\PSoC4/cyfitter_cfg.c **** 
  79:.\Generated_Source\PSoC4/cyfitter_cfg.c **** 
  80:.\Generated_Source\PSoC4/cyfitter_cfg.c **** /* Clock startup error codes                                                   */
  81:.\Generated_Source\PSoC4/cyfitter_cfg.c **** #define CYCLOCKSTART_NO_ERROR    0u
  82:.\Generated_Source\PSoC4/cyfitter_cfg.c **** #define CYCLOCKSTART_XTAL_ERROR  1u
  83:.\Generated_Source\PSoC4/cyfitter_cfg.c **** #define CYCLOCKSTART_32KHZ_ERROR 2u
  84:.\Generated_Source\PSoC4/cyfitter_cfg.c **** #define CYCLOCKSTART_PLL_ERROR   3u
  85:.\Generated_Source\PSoC4/cyfitter_cfg.c **** 
  86:.\Generated_Source\PSoC4/cyfitter_cfg.c **** #ifdef CY_NEED_CYCLOCKSTARTUPERROR
  87:.\Generated_Source\PSoC4/cyfitter_cfg.c **** /*******************************************************************************
  88:.\Generated_Source\PSoC4/cyfitter_cfg.c **** * Function Name: CyClockStartupError
  89:.\Generated_Source\PSoC4/cyfitter_cfg.c **** ********************************************************************************
  90:.\Generated_Source\PSoC4/cyfitter_cfg.c **** * Summary:
ARM GAS  C:\Users\egh35\AppData\Local\Temp\ccIPwqVr.s 			page 3


  91:.\Generated_Source\PSoC4/cyfitter_cfg.c **** *  If an error is encountered during clock configuration (crystal startup error,
  92:.\Generated_Source\PSoC4/cyfitter_cfg.c **** *  PLL lock error, etc.), the system will end up here.  Unless reimplemented by
  93:.\Generated_Source\PSoC4/cyfitter_cfg.c **** *  the customer, this function will stop in an infinite loop.
  94:.\Generated_Source\PSoC4/cyfitter_cfg.c **** *
  95:.\Generated_Source\PSoC4/cyfitter_cfg.c **** * Parameters:
  96:.\Generated_Source\PSoC4/cyfitter_cfg.c **** *   void
  97:.\Generated_Source\PSoC4/cyfitter_cfg.c **** *
  98:.\Generated_Source\PSoC4/cyfitter_cfg.c **** * Return:
  99:.\Generated_Source\PSoC4/cyfitter_cfg.c **** *   void
 100:.\Generated_Source\PSoC4/cyfitter_cfg.c **** *
 101:.\Generated_Source\PSoC4/cyfitter_cfg.c **** *******************************************************************************/
 102:.\Generated_Source\PSoC4/cyfitter_cfg.c **** CY_CFG_UNUSED
 103:.\Generated_Source\PSoC4/cyfitter_cfg.c **** static void CyClockStartupError(uint8 errorCode);
 104:.\Generated_Source\PSoC4/cyfitter_cfg.c **** CY_CFG_UNUSED
 105:.\Generated_Source\PSoC4/cyfitter_cfg.c **** static void CyClockStartupError(uint8 errorCode)
 106:.\Generated_Source\PSoC4/cyfitter_cfg.c **** {
 107:.\Generated_Source\PSoC4/cyfitter_cfg.c ****     /* To remove the compiler warning if errorCode not used.                */
 108:.\Generated_Source\PSoC4/cyfitter_cfg.c ****     errorCode = errorCode;
 109:.\Generated_Source\PSoC4/cyfitter_cfg.c **** 
 110:.\Generated_Source\PSoC4/cyfitter_cfg.c ****     /* `#START CyClockStartupError` */
 111:.\Generated_Source\PSoC4/cyfitter_cfg.c **** 
 112:.\Generated_Source\PSoC4/cyfitter_cfg.c ****     /* If we have a clock startup error (bad MHz crystal, PLL lock, etc.),  */
 113:.\Generated_Source\PSoC4/cyfitter_cfg.c ****     /* we will end up here to allow the customer to implement something to  */
 114:.\Generated_Source\PSoC4/cyfitter_cfg.c ****     /* deal with the clock condition.                                       */
 115:.\Generated_Source\PSoC4/cyfitter_cfg.c **** 
 116:.\Generated_Source\PSoC4/cyfitter_cfg.c ****     /* `#END` */
 117:.\Generated_Source\PSoC4/cyfitter_cfg.c **** 
 118:.\Generated_Source\PSoC4/cyfitter_cfg.c ****     /* If nothing else, stop here since the clocks have not started         */
 119:.\Generated_Source\PSoC4/cyfitter_cfg.c ****     /* correctly.                                                           */
 120:.\Generated_Source\PSoC4/cyfitter_cfg.c ****     while(1) {}
 121:.\Generated_Source\PSoC4/cyfitter_cfg.c **** }
 122:.\Generated_Source\PSoC4/cyfitter_cfg.c **** #endif
 123:.\Generated_Source\PSoC4/cyfitter_cfg.c **** 
 124:.\Generated_Source\PSoC4/cyfitter_cfg.c **** #define CY_CFG_BASE_ADDR_COUNT 4u
 125:.\Generated_Source\PSoC4/cyfitter_cfg.c **** CYPACKED typedef struct
 126:.\Generated_Source\PSoC4/cyfitter_cfg.c **** {
 127:.\Generated_Source\PSoC4/cyfitter_cfg.c **** 	uint8 offset;
 128:.\Generated_Source\PSoC4/cyfitter_cfg.c **** 	uint8 value;
 129:.\Generated_Source\PSoC4/cyfitter_cfg.c **** } CYPACKED_ATTR cy_cfg_addrvalue_t;
 130:.\Generated_Source\PSoC4/cyfitter_cfg.c **** 
 131:.\Generated_Source\PSoC4/cyfitter_cfg.c **** 
 132:.\Generated_Source\PSoC4/cyfitter_cfg.c **** 
 133:.\Generated_Source\PSoC4/cyfitter_cfg.c **** /*******************************************************************************
 134:.\Generated_Source\PSoC4/cyfitter_cfg.c **** * Function Name: cfg_write_bytes32
 135:.\Generated_Source\PSoC4/cyfitter_cfg.c **** ********************************************************************************
 136:.\Generated_Source\PSoC4/cyfitter_cfg.c **** * Summary:
 137:.\Generated_Source\PSoC4/cyfitter_cfg.c **** *  This function is used for setting up the chip configuration areas that
 138:.\Generated_Source\PSoC4/cyfitter_cfg.c **** *  contain relatively sparse data.
 139:.\Generated_Source\PSoC4/cyfitter_cfg.c **** *
 140:.\Generated_Source\PSoC4/cyfitter_cfg.c **** * Parameters:
 141:.\Generated_Source\PSoC4/cyfitter_cfg.c **** *   void
 142:.\Generated_Source\PSoC4/cyfitter_cfg.c **** *
 143:.\Generated_Source\PSoC4/cyfitter_cfg.c **** * Return:
 144:.\Generated_Source\PSoC4/cyfitter_cfg.c **** *   void
 145:.\Generated_Source\PSoC4/cyfitter_cfg.c **** *
 146:.\Generated_Source\PSoC4/cyfitter_cfg.c **** *******************************************************************************/
 147:.\Generated_Source\PSoC4/cyfitter_cfg.c **** static void cfg_write_bytes32(const uint32 addr_table[], const cy_cfg_addrvalue_t data_table[]);
ARM GAS  C:\Users\egh35\AppData\Local\Temp\ccIPwqVr.s 			page 4


 148:.\Generated_Source\PSoC4/cyfitter_cfg.c **** static void cfg_write_bytes32(const uint32 addr_table[], const cy_cfg_addrvalue_t data_table[])
 149:.\Generated_Source\PSoC4/cyfitter_cfg.c **** {
  25              		.loc 1 149 0
  26              		.cfi_startproc
  27              	.LVL0:
  28 0000 F0B5     		push	{r4, r5, r6, r7, lr}
  29              		.cfi_def_cfa_offset 20
  30              		.cfi_offset 4, -20
  31              		.cfi_offset 5, -16
  32              		.cfi_offset 6, -12
  33              		.cfi_offset 7, -8
  34              		.cfi_offset 14, -4
  35              	.LVL1:
 150:.\Generated_Source\PSoC4/cyfitter_cfg.c **** 	/* For 32-bit little-endian architectures */
 151:.\Generated_Source\PSoC4/cyfitter_cfg.c **** 	uint32 i, j = 0u;
  36              		.loc 1 151 0
  37 0002 0022     		mov	r2, #0
 152:.\Generated_Source\PSoC4/cyfitter_cfg.c **** 	for (i = 0u; i < CY_CFG_BASE_ADDR_COUNT; i++)
  38              		.loc 1 152 0
  39 0004 0027     		mov	r7, #0
  40              	.LBB2:
 153:.\Generated_Source\PSoC4/cyfitter_cfg.c **** 	{
 154:.\Generated_Source\PSoC4/cyfitter_cfg.c **** 		uint32 baseAddr = addr_table[i];
 155:.\Generated_Source\PSoC4/cyfitter_cfg.c **** 		uint8 count = (uint8)baseAddr;
 156:.\Generated_Source\PSoC4/cyfitter_cfg.c **** 		baseAddr &= 0xFFFFFF00u;
  41              		.loc 1 156 0
  42 0006 FF23     		mov	r3, #255
  43 0008 9C46     		mov	ip, r3
  44              	.LBE2:
 152:.\Generated_Source\PSoC4/cyfitter_cfg.c **** 	for (i = 0u; i < CY_CFG_BASE_ADDR_COUNT; i++)
  45              		.loc 1 152 0
  46 000a 11E0     		b	.L2
  47              	.LVL2:
  48              	.L5:
  49              	.LBB3:
 154:.\Generated_Source\PSoC4/cyfitter_cfg.c **** 		uint32 baseAddr = addr_table[i];
  50              		.loc 1 154 0
  51 000c BB00     		lsl	r3, r7, #2
  52 000e C658     		ldr	r6, [r0, r3]
  53              	.LVL3:
 155:.\Generated_Source\PSoC4/cyfitter_cfg.c **** 		uint8 count = (uint8)baseAddr;
  54              		.loc 1 155 0
  55 0010 F3B2     		uxtb	r3, r6
  56              	.LVL4:
  57              		.loc 1 156 0
  58 0012 6446     		mov	r4, ip
  59 0014 A643     		bic	r6, r4
  60              	.LVL5:
 157:.\Generated_Source\PSoC4/cyfitter_cfg.c **** 		while (count != 0u)
  61              		.loc 1 157 0
  62 0016 08E0     		b	.L3
  63              	.L4:
 158:.\Generated_Source\PSoC4/cyfitter_cfg.c **** 		{
 159:.\Generated_Source\PSoC4/cyfitter_cfg.c **** 			CY_SET_XTND_REG8((void CYFAR *)(baseAddr + data_table[j].offset), data_table[j].value);
  64              		.loc 1 159 0
  65 0018 5400     		lsl	r4, r2, #1
  66 001a 0C19     		add	r4, r1, r4
ARM GAS  C:\Users\egh35\AppData\Local\Temp\ccIPwqVr.s 			page 5


  67 001c 2578     		ldrb	r5, [r4]
  68 001e AD19     		add	r5, r5, r6
  69 0020 6478     		ldrb	r4, [r4, #1]
  70 0022 2C70     		strb	r4, [r5]
 160:.\Generated_Source\PSoC4/cyfitter_cfg.c **** 			j++;
  71              		.loc 1 160 0
  72 0024 0132     		add	r2, r2, #1
  73              	.LVL6:
 161:.\Generated_Source\PSoC4/cyfitter_cfg.c **** 			count--;
  74              		.loc 1 161 0
  75 0026 013B     		sub	r3, r3, #1
  76              	.LVL7:
  77 0028 DBB2     		uxtb	r3, r3
  78              	.LVL8:
  79              	.L3:
 157:.\Generated_Source\PSoC4/cyfitter_cfg.c **** 		while (count != 0u)
  80              		.loc 1 157 0 discriminator 1
  81 002a 002B     		cmp	r3, #0
  82 002c F4D1     		bne	.L4
  83              	.LBE3:
 152:.\Generated_Source\PSoC4/cyfitter_cfg.c **** 	for (i = 0u; i < CY_CFG_BASE_ADDR_COUNT; i++)
  84              		.loc 1 152 0
  85 002e 0137     		add	r7, r7, #1
  86              	.LVL9:
  87              	.L2:
 152:.\Generated_Source\PSoC4/cyfitter_cfg.c **** 	for (i = 0u; i < CY_CFG_BASE_ADDR_COUNT; i++)
  88              		.loc 1 152 0 is_stmt 0 discriminator 1
  89 0030 032F     		cmp	r7, #3
  90 0032 EBD9     		bls	.L5
 162:.\Generated_Source\PSoC4/cyfitter_cfg.c **** 		}
 163:.\Generated_Source\PSoC4/cyfitter_cfg.c **** 	}
 164:.\Generated_Source\PSoC4/cyfitter_cfg.c **** }
  91              		.loc 1 164 0 is_stmt 1
  92              		@ sp needed
  93              	.LVL10:
  94 0034 F0BD     		pop	{r4, r5, r6, r7, pc}
  95              		.cfi_endproc
  96              	.LFE3:
  97              		.size	cfg_write_bytes32, .-cfg_write_bytes32
  98 0036 C046     		.section	.text.CYMEMZERO,"ax",%progbits
  99              		.align	2
 100              		.code	16
 101              		.thumb_func
 102              		.type	CYMEMZERO, %function
 103              	CYMEMZERO:
 104              	.LFB0:
  60:.\Generated_Source\PSoC4/cyfitter_cfg.c **** {
 105              		.loc 1 60 0
 106              		.cfi_startproc
 107              	.LVL11:
 108 0000 08B5     		push	{r3, lr}
 109              		.cfi_def_cfa_offset 8
 110              		.cfi_offset 3, -8
 111              		.cfi_offset 14, -4
 112 0002 0A1C     		mov	r2, r1
  61:.\Generated_Source\PSoC4/cyfitter_cfg.c **** 	(void)memset(s, 0, n);
 113              		.loc 1 61 0
ARM GAS  C:\Users\egh35\AppData\Local\Temp\ccIPwqVr.s 			page 6


 114 0004 0021     		mov	r1, #0
 115              	.LVL12:
 116 0006 FFF7FEFF 		bl	memset
 117              	.LVL13:
  62:.\Generated_Source\PSoC4/cyfitter_cfg.c **** }
 118              		.loc 1 62 0
 119              		@ sp needed
 120 000a 08BD     		pop	{r3, pc}
 121              		.cfi_endproc
 122              	.LFE0:
 123              		.size	CYMEMZERO, .-CYMEMZERO
 124              		.section	.psocinit,"ax",%progbits
 125              		.align	2
 126              		.code	16
 127              		.thumb_func
 128              		.type	ClockSetup, %function
 129              	ClockSetup:
 130              	.LFB4:
 165:.\Generated_Source\PSoC4/cyfitter_cfg.c **** 
 166:.\Generated_Source\PSoC4/cyfitter_cfg.c **** 
 167:.\Generated_Source\PSoC4/cyfitter_cfg.c **** /*******************************************************************************
 168:.\Generated_Source\PSoC4/cyfitter_cfg.c **** * Function Name: ClockSetup
 169:.\Generated_Source\PSoC4/cyfitter_cfg.c **** ********************************************************************************
 170:.\Generated_Source\PSoC4/cyfitter_cfg.c **** *
 171:.\Generated_Source\PSoC4/cyfitter_cfg.c **** * Summary:
 172:.\Generated_Source\PSoC4/cyfitter_cfg.c **** *   Performs the initialization of all of the clocks in the device based on the
 173:.\Generated_Source\PSoC4/cyfitter_cfg.c **** *   settings in the Clock tab of the DWR.  This includes enabling the requested
 174:.\Generated_Source\PSoC4/cyfitter_cfg.c **** *   clocks and setting the necessary dividers to produce the desired frequency. 
 175:.\Generated_Source\PSoC4/cyfitter_cfg.c **** *
 176:.\Generated_Source\PSoC4/cyfitter_cfg.c **** * Parameters:
 177:.\Generated_Source\PSoC4/cyfitter_cfg.c **** *   void
 178:.\Generated_Source\PSoC4/cyfitter_cfg.c **** *
 179:.\Generated_Source\PSoC4/cyfitter_cfg.c **** * Return:
 180:.\Generated_Source\PSoC4/cyfitter_cfg.c **** *   void
 181:.\Generated_Source\PSoC4/cyfitter_cfg.c **** *
 182:.\Generated_Source\PSoC4/cyfitter_cfg.c **** *******************************************************************************/
 183:.\Generated_Source\PSoC4/cyfitter_cfg.c **** static void ClockSetup(void);
 184:.\Generated_Source\PSoC4/cyfitter_cfg.c **** CY_CFG_SECTION
 185:.\Generated_Source\PSoC4/cyfitter_cfg.c **** static void ClockSetup(void)
 186:.\Generated_Source\PSoC4/cyfitter_cfg.c **** {
 131              		.loc 1 186 0
 132              		.cfi_startproc
 133 0000 10B5     		push	{r4, lr}
 134              		.cfi_def_cfa_offset 8
 135              		.cfi_offset 4, -8
 136              		.cfi_offset 14, -4
 187:.\Generated_Source\PSoC4/cyfitter_cfg.c **** 	/* Enable HALF_EN before trimming for the flash accelerator. */
 188:.\Generated_Source\PSoC4/cyfitter_cfg.c **** 	CY_SET_REG32((void CYXDATA *)(CYREG_CLK_SELECT), (CY_GET_REG32((void *)CYREG_CLK_SELECT) | 0x00040
 137              		.loc 1 188 0
 138 0002 124C     		ldr	r4, .L8
 139 0004 2268     		ldr	r2, [r4]
 140 0006 8023     		mov	r3, #128
 141 0008 DB02     		lsl	r3, r3, #11
 142 000a 1343     		orr	r3, r2
 143 000c 2360     		str	r3, [r4]
 189:.\Generated_Source\PSoC4/cyfitter_cfg.c **** 
 190:.\Generated_Source\PSoC4/cyfitter_cfg.c **** 	/* Setup and trim IMO based on desired frequency. */
ARM GAS  C:\Users\egh35\AppData\Local\Temp\ccIPwqVr.s 			page 7


 191:.\Generated_Source\PSoC4/cyfitter_cfg.c **** 	CySysClkWriteImoFreq(24u);
 144              		.loc 1 191 0
 145 000e 1820     		mov	r0, #24
 146 0010 FFF7FEFF 		bl	CySysClkWriteImoFreq
 147              	.LVL14:
 192:.\Generated_Source\PSoC4/cyfitter_cfg.c **** 
 193:.\Generated_Source\PSoC4/cyfitter_cfg.c **** 	/* Disable HALF_EN since it is not required at this IMO frequency. */
 194:.\Generated_Source\PSoC4/cyfitter_cfg.c **** 	CY_SET_REG32((void CYXDATA *)(CYREG_CLK_SELECT), (CY_GET_REG32((void *)CYREG_CLK_SELECT) & 0xFFFBF
 148              		.loc 1 194 0
 149 0014 2268     		ldr	r2, [r4]
 150 0016 0E4B     		ldr	r3, .L8+4
 151 0018 1340     		and	r3, r2
 152 001a 2360     		str	r3, [r4]
 195:.\Generated_Source\PSoC4/cyfitter_cfg.c **** 	/* CYDEV_CLK_ILO_CONFIG Starting address: CYDEV_CLK_ILO_CONFIG */
 196:.\Generated_Source\PSoC4/cyfitter_cfg.c **** 	CY_SET_XTND_REG32((void CYFAR *)(CYREG_CLK_ILO_CONFIG), 0x80000006u);
 153              		.loc 1 196 0
 154 001c 0D4A     		ldr	r2, .L8+8
 155 001e 0E4B     		ldr	r3, .L8+12
 156 0020 1A60     		str	r2, [r3]
 197:.\Generated_Source\PSoC4/cyfitter_cfg.c **** 
 198:.\Generated_Source\PSoC4/cyfitter_cfg.c **** 
 199:.\Generated_Source\PSoC4/cyfitter_cfg.c **** 	/* CYDEV_CLK_SELECT00 Starting address: CYDEV_CLK_SELECT00 */
 200:.\Generated_Source\PSoC4/cyfitter_cfg.c **** 	CY_SET_XTND_REG32((void CYFAR *)(CYREG_CLK_SELECT08), 0x00000010u);
 157              		.loc 1 200 0
 158 0022 1022     		mov	r2, #16
 159 0024 0D4B     		ldr	r3, .L8+16
 160 0026 1A60     		str	r2, [r3]
 201:.\Generated_Source\PSoC4/cyfitter_cfg.c **** 
 202:.\Generated_Source\PSoC4/cyfitter_cfg.c **** 	/* CYDEV_CLK_IMO_CONFIG Starting address: CYDEV_CLK_IMO_CONFIG */
 203:.\Generated_Source\PSoC4/cyfitter_cfg.c **** 	CY_SET_XTND_REG32((void CYFAR *)(CYREG_CLK_IMO_CONFIG), 0x80000000u);
 161              		.loc 1 203 0
 162 0028 8022     		mov	r2, #128
 163 002a 1206     		lsl	r2, r2, #24
 164 002c 0C4B     		ldr	r3, .L8+20
 165 002e 1A60     		str	r2, [r3]
 204:.\Generated_Source\PSoC4/cyfitter_cfg.c **** 
 205:.\Generated_Source\PSoC4/cyfitter_cfg.c **** 	/* CYDEV_CLK_DIVIDER_A00 Starting address: CYDEV_CLK_DIVIDER_A00 */
 206:.\Generated_Source\PSoC4/cyfitter_cfg.c **** 	CY_SET_XTND_REG32((void CYFAR *)(CYREG_CLK_DIVIDER_A00), 0x80000001u);
 166              		.loc 1 206 0
 167 0030 0C4A     		ldr	r2, .L8+24
 168 0032 0D4B     		ldr	r3, .L8+28
 169 0034 1A60     		str	r2, [r3]
 207:.\Generated_Source\PSoC4/cyfitter_cfg.c **** 
 208:.\Generated_Source\PSoC4/cyfitter_cfg.c **** 	(void)CyIntSetVector(9u, &CySysWdtIsr);
 170              		.loc 1 208 0
 171 0036 0920     		mov	r0, #9
 172 0038 0C49     		ldr	r1, .L8+32
 173 003a FFF7FEFF 		bl	CyIntSetVector
 174              	.LVL15:
 209:.\Generated_Source\PSoC4/cyfitter_cfg.c **** 	CyIntEnable(9u);
 175              		.loc 1 209 0
 176 003e 0920     		mov	r0, #9
 177 0040 FFF7FEFF 		bl	CyIntEnable
 178              	.LVL16:
 210:.\Generated_Source\PSoC4/cyfitter_cfg.c **** 	CY_SET_XTND_REG32((void CYFAR *)(CYREG_WDT_CONFIG), 0x00000000u);
 179              		.loc 1 210 0
 180 0044 0022     		mov	r2, #0
ARM GAS  C:\Users\egh35\AppData\Local\Temp\ccIPwqVr.s 			page 8


 181 0046 0A4B     		ldr	r3, .L8+36
 182 0048 1A60     		str	r2, [r3]
 211:.\Generated_Source\PSoC4/cyfitter_cfg.c **** }
 183              		.loc 1 211 0
 184              		@ sp needed
 185 004a 10BD     		pop	{r4, pc}
 186              	.L9:
 187              		.align	2
 188              	.L8:
 189 004c 00010B40 		.word	1074462976
 190 0050 FFFFFBFF 		.word	-262145
 191 0054 06000080 		.word	-2147483642
 192 0058 04010B40 		.word	1074462980
 193 005c 20020240 		.word	1073873440
 194 0060 08010B40 		.word	1074462984
 195 0064 01000080 		.word	-2147483647
 196 0068 00000240 		.word	1073872896
 197 006c 00000000 		.word	CySysWdtIsr
 198 0070 0C020B40 		.word	1074463244
 199              		.cfi_endproc
 200              	.LFE4:
 201              		.size	ClockSetup, .-ClockSetup
 202              		.align	2
 203              		.global	cyfitter_cfg
 204              		.code	16
 205              		.thumb_func
 206              		.type	cyfitter_cfg, %function
 207              	cyfitter_cfg:
 208              	.LFB6:
 212:.\Generated_Source\PSoC4/cyfitter_cfg.c **** 
 213:.\Generated_Source\PSoC4/cyfitter_cfg.c **** 
 214:.\Generated_Source\PSoC4/cyfitter_cfg.c **** /* Analog API Functions */
 215:.\Generated_Source\PSoC4/cyfitter_cfg.c **** 
 216:.\Generated_Source\PSoC4/cyfitter_cfg.c **** 
 217:.\Generated_Source\PSoC4/cyfitter_cfg.c **** /*******************************************************************************
 218:.\Generated_Source\PSoC4/cyfitter_cfg.c **** * Function Name: AnalogSetDefault
 219:.\Generated_Source\PSoC4/cyfitter_cfg.c **** ********************************************************************************
 220:.\Generated_Source\PSoC4/cyfitter_cfg.c **** *
 221:.\Generated_Source\PSoC4/cyfitter_cfg.c **** * Summary:
 222:.\Generated_Source\PSoC4/cyfitter_cfg.c **** *  Sets up the analog portions of the chip to default values based on chip
 223:.\Generated_Source\PSoC4/cyfitter_cfg.c **** *  configuration options from the project.
 224:.\Generated_Source\PSoC4/cyfitter_cfg.c **** *
 225:.\Generated_Source\PSoC4/cyfitter_cfg.c **** * Parameters:
 226:.\Generated_Source\PSoC4/cyfitter_cfg.c **** *  void
 227:.\Generated_Source\PSoC4/cyfitter_cfg.c **** *
 228:.\Generated_Source\PSoC4/cyfitter_cfg.c **** * Return:
 229:.\Generated_Source\PSoC4/cyfitter_cfg.c **** *  void
 230:.\Generated_Source\PSoC4/cyfitter_cfg.c **** *
 231:.\Generated_Source\PSoC4/cyfitter_cfg.c **** *******************************************************************************/
 232:.\Generated_Source\PSoC4/cyfitter_cfg.c **** static void AnalogSetDefault(void);
 233:.\Generated_Source\PSoC4/cyfitter_cfg.c **** static void AnalogSetDefault(void)
 234:.\Generated_Source\PSoC4/cyfitter_cfg.c **** {
 235:.\Generated_Source\PSoC4/cyfitter_cfg.c **** }
 236:.\Generated_Source\PSoC4/cyfitter_cfg.c **** 
 237:.\Generated_Source\PSoC4/cyfitter_cfg.c **** #define CY_AMUX_UNUSED CYREG_CM0_ROM_DWT
 238:.\Generated_Source\PSoC4/cyfitter_cfg.c **** 
 239:.\Generated_Source\PSoC4/cyfitter_cfg.c **** 
ARM GAS  C:\Users\egh35\AppData\Local\Temp\ccIPwqVr.s 			page 9


 240:.\Generated_Source\PSoC4/cyfitter_cfg.c **** /*******************************************************************************
 241:.\Generated_Source\PSoC4/cyfitter_cfg.c **** * Function Name: cyfitter_cfg
 242:.\Generated_Source\PSoC4/cyfitter_cfg.c **** ********************************************************************************
 243:.\Generated_Source\PSoC4/cyfitter_cfg.c **** * Summary:
 244:.\Generated_Source\PSoC4/cyfitter_cfg.c **** *  This function is called by the start-up code for the selected device. It
 245:.\Generated_Source\PSoC4/cyfitter_cfg.c **** *  performs all of the necessary device configuration based on the design
 246:.\Generated_Source\PSoC4/cyfitter_cfg.c **** *  settings.  This includes settings from the Design Wide Resources (DWR) such
 247:.\Generated_Source\PSoC4/cyfitter_cfg.c **** *  as Clocks and Pins as well as any component configuration that is necessary.
 248:.\Generated_Source\PSoC4/cyfitter_cfg.c **** *
 249:.\Generated_Source\PSoC4/cyfitter_cfg.c **** * Parameters:  
 250:.\Generated_Source\PSoC4/cyfitter_cfg.c **** *   void
 251:.\Generated_Source\PSoC4/cyfitter_cfg.c **** *
 252:.\Generated_Source\PSoC4/cyfitter_cfg.c **** * Return:
 253:.\Generated_Source\PSoC4/cyfitter_cfg.c **** *   void
 254:.\Generated_Source\PSoC4/cyfitter_cfg.c **** *
 255:.\Generated_Source\PSoC4/cyfitter_cfg.c **** *******************************************************************************/
 256:.\Generated_Source\PSoC4/cyfitter_cfg.c **** CY_CFG_SECTION
 257:.\Generated_Source\PSoC4/cyfitter_cfg.c **** void cyfitter_cfg(void)
 258:.\Generated_Source\PSoC4/cyfitter_cfg.c **** {
 209              		.loc 1 258 0
 210              		.cfi_startproc
 211 0074 38B5     		push	{r3, r4, r5, lr}
 212              		.cfi_def_cfa_offset 16
 213              		.cfi_offset 3, -16
 214              		.cfi_offset 4, -12
 215              		.cfi_offset 5, -8
 216              		.cfi_offset 14, -4
 259:.\Generated_Source\PSoC4/cyfitter_cfg.c **** 	/* Disable interrupts by default. Let user enable if/when they want. */
 260:.\Generated_Source\PSoC4/cyfitter_cfg.c **** 	CyGlobalIntDisable;
 217              		.loc 1 260 0
 218              	@ 260 ".\Generated_Source\PSoC4\cyfitter_cfg.c" 1
 219 0076 72B6     		CPSID   i
 220              	@ 0 "" 2
 221              	.LVL17:
 222              		.code	16
 223              	.LBB4:
 261:.\Generated_Source\PSoC4/cyfitter_cfg.c **** 
 262:.\Generated_Source\PSoC4/cyfitter_cfg.c **** 	{
 263:.\Generated_Source\PSoC4/cyfitter_cfg.c **** 		static const uint32 CYCODE cy_cfg_addr_table[] = {
 264:.\Generated_Source\PSoC4/cyfitter_cfg.c **** 			0x400F3301u, /* Base address: 0x400F3300 Count: 1 */
 265:.\Generated_Source\PSoC4/cyfitter_cfg.c **** 			0x400F4002u, /* Base address: 0x400F4000 Count: 2 */
 266:.\Generated_Source\PSoC4/cyfitter_cfg.c **** 			0x400F4102u, /* Base address: 0x400F4100 Count: 2 */
 267:.\Generated_Source\PSoC4/cyfitter_cfg.c **** 			0x400F4304u, /* Base address: 0x400F4300 Count: 4 */
 268:.\Generated_Source\PSoC4/cyfitter_cfg.c **** 		};
 269:.\Generated_Source\PSoC4/cyfitter_cfg.c **** 
 270:.\Generated_Source\PSoC4/cyfitter_cfg.c **** 		static const cy_cfg_addrvalue_t CYCODE cy_cfg_data_table[] = {
 271:.\Generated_Source\PSoC4/cyfitter_cfg.c **** 			{0xE2u, 0x80u},
 272:.\Generated_Source\PSoC4/cyfitter_cfg.c **** 			{0x53u, 0x04u},
 273:.\Generated_Source\PSoC4/cyfitter_cfg.c **** 			{0xD4u, 0x20u},
 274:.\Generated_Source\PSoC4/cyfitter_cfg.c **** 			{0x8Bu, 0x04u},
 275:.\Generated_Source\PSoC4/cyfitter_cfg.c **** 			{0x97u, 0x08u},
 276:.\Generated_Source\PSoC4/cyfitter_cfg.c **** 			{0x19u, 0x08u},
 277:.\Generated_Source\PSoC4/cyfitter_cfg.c **** 			{0x89u, 0x08u},
 278:.\Generated_Source\PSoC4/cyfitter_cfg.c **** 			{0xC6u, 0x08u},
 279:.\Generated_Source\PSoC4/cyfitter_cfg.c **** 			{0xE2u, 0x01u},
 280:.\Generated_Source\PSoC4/cyfitter_cfg.c **** 		};
 281:.\Generated_Source\PSoC4/cyfitter_cfg.c **** 
ARM GAS  C:\Users\egh35\AppData\Local\Temp\ccIPwqVr.s 			page 10


 282:.\Generated_Source\PSoC4/cyfitter_cfg.c **** 
 283:.\Generated_Source\PSoC4/cyfitter_cfg.c **** 
 284:.\Generated_Source\PSoC4/cyfitter_cfg.c **** 		CYPACKED typedef struct {
 285:.\Generated_Source\PSoC4/cyfitter_cfg.c **** 			void CYFAR *address;
 286:.\Generated_Source\PSoC4/cyfitter_cfg.c **** 			uint16 size;
 287:.\Generated_Source\PSoC4/cyfitter_cfg.c **** 		} CYPACKED_ATTR cfg_memset_t;
 288:.\Generated_Source\PSoC4/cyfitter_cfg.c **** 
 289:.\Generated_Source\PSoC4/cyfitter_cfg.c **** 		static const cfg_memset_t CYCODE cfg_memset_list [] = {
 290:.\Generated_Source\PSoC4/cyfitter_cfg.c **** 			/* address, size */
 291:.\Generated_Source\PSoC4/cyfitter_cfg.c **** 			{(void CYFAR *)(CYDEV_UDB_P0_U0_BASE), 1024u},
 292:.\Generated_Source\PSoC4/cyfitter_cfg.c **** 			{(void CYFAR *)(CYDEV_UDB_DSI0_BASE), 1024u},
 293:.\Generated_Source\PSoC4/cyfitter_cfg.c **** 		};
 294:.\Generated_Source\PSoC4/cyfitter_cfg.c **** 
 295:.\Generated_Source\PSoC4/cyfitter_cfg.c **** 		uint8 CYDATA i;
 296:.\Generated_Source\PSoC4/cyfitter_cfg.c **** 
 297:.\Generated_Source\PSoC4/cyfitter_cfg.c **** 		/* Zero out critical memory blocks before beginning configuration */
 298:.\Generated_Source\PSoC4/cyfitter_cfg.c **** 		for (i = 0u; i < (sizeof(cfg_memset_list)/sizeof(cfg_memset_list[0])); i++)
 224              		.loc 1 298 0
 225 0078 0024     		mov	r4, #0
 226              	.LBB5:
 299:.\Generated_Source\PSoC4/cyfitter_cfg.c **** 		{
 300:.\Generated_Source\PSoC4/cyfitter_cfg.c **** 			const cfg_memset_t CYCODE * CYDATA ms = &cfg_memset_list[i];
 227              		.loc 1 300 0
 228 007a 214D     		ldr	r5, .L13
 229              	.LBE5:
 298:.\Generated_Source\PSoC4/cyfitter_cfg.c **** 		for (i = 0u; i < (sizeof(cfg_memset_list)/sizeof(cfg_memset_list[0])); i++)
 230              		.loc 1 298 0
 231 007c 0CE0     		b	.L11
 232              	.LVL18:
 233              	.L12:
 234              	.LBB6:
 235              		.loc 1 300 0 discriminator 2
 236 007e 6300     		lsl	r3, r4, #1
 237 0080 1B19     		add	r3, r3, r4
 238 0082 5B00     		lsl	r3, r3, #1
 239 0084 EB18     		add	r3, r5, r3
 240              	.LVL19:
 301:.\Generated_Source\PSoC4/cyfitter_cfg.c **** 			CYMEMZERO(ms->address, (size_t)(uint32)(ms->size));
 241              		.loc 1 301 0 discriminator 2
 242 0086 9988     		ldrh	r1, [r3, #4]
 243 0088 1A88     		ldrh	r2, [r3]
 244 008a 5888     		ldrh	r0, [r3, #2]
 245 008c 0004     		lsl	r0, r0, #16
 246 008e 1043     		orr	r0, r2
 247 0090 FFF7FEFF 		bl	CYMEMZERO
 248              	.LVL20:
 249              	.LBE6:
 298:.\Generated_Source\PSoC4/cyfitter_cfg.c **** 		for (i = 0u; i < (sizeof(cfg_memset_list)/sizeof(cfg_memset_list[0])); i++)
 250              		.loc 1 298 0 discriminator 2
 251 0094 0134     		add	r4, r4, #1
 252              	.LVL21:
 253 0096 E4B2     		uxtb	r4, r4
 254              	.LVL22:
 255              	.L11:
 298:.\Generated_Source\PSoC4/cyfitter_cfg.c **** 		for (i = 0u; i < (sizeof(cfg_memset_list)/sizeof(cfg_memset_list[0])); i++)
 256              		.loc 1 298 0 is_stmt 0 discriminator 1
 257 0098 012C     		cmp	r4, #1
ARM GAS  C:\Users\egh35\AppData\Local\Temp\ccIPwqVr.s 			page 11


 258 009a F0D9     		bls	.L12
 302:.\Generated_Source\PSoC4/cyfitter_cfg.c **** 		}
 303:.\Generated_Source\PSoC4/cyfitter_cfg.c **** 
 304:.\Generated_Source\PSoC4/cyfitter_cfg.c **** 		cfg_write_bytes32(cy_cfg_addr_table, cy_cfg_data_table);
 259              		.loc 1 304 0 is_stmt 1
 260 009c 1849     		ldr	r1, .L13
 261 009e 081C     		mov	r0, r1
 262 00a0 0C30     		add	r0, r0, #12
 263 00a2 1C31     		add	r1, r1, #28
 264 00a4 FFF7FEFF 		bl	cfg_write_bytes32
 265              	.LVL23:
 305:.\Generated_Source\PSoC4/cyfitter_cfg.c **** 
 306:.\Generated_Source\PSoC4/cyfitter_cfg.c **** 		/* HSIOM Starting address: CYDEV_HSIOM_BASE */
 307:.\Generated_Source\PSoC4/cyfitter_cfg.c **** 		CY_SET_XTND_REG32((void CYFAR *)(CYDEV_HSIOM_BASE), 0x00000300u);
 266              		.loc 1 307 0
 267 00a8 C022     		mov	r2, #192
 268 00aa 9200     		lsl	r2, r2, #2
 269 00ac 154B     		ldr	r3, .L13+4
 270 00ae 1A60     		str	r2, [r3]
 308:.\Generated_Source\PSoC4/cyfitter_cfg.c **** 		CY_SET_XTND_REG32((void CYFAR *)(CYREG_HSIOM_PORT_SEL3), 0x0000EE00u);
 271              		.loc 1 308 0
 272 00b0 EE22     		mov	r2, #238
 273 00b2 1202     		lsl	r2, r2, #8
 274 00b4 144B     		ldr	r3, .L13+8
 275 00b6 1A60     		str	r2, [r3]
 309:.\Generated_Source\PSoC4/cyfitter_cfg.c **** 
 310:.\Generated_Source\PSoC4/cyfitter_cfg.c **** 		/* UDB_PA_0 Starting address: CYDEV_UDB_PA0_BASE */
 311:.\Generated_Source\PSoC4/cyfitter_cfg.c **** 		CY_SET_XTND_REG32((void CYFAR *)(CYDEV_UDB_PA0_BASE), 0x00990000u);
 276              		.loc 1 311 0
 277 00b8 9923     		mov	r3, #153
 278 00ba 1B04     		lsl	r3, r3, #16
 279 00bc 134A     		ldr	r2, .L13+12
 280 00be 1360     		str	r3, [r2]
 312:.\Generated_Source\PSoC4/cyfitter_cfg.c **** 
 313:.\Generated_Source\PSoC4/cyfitter_cfg.c **** 		/* UDB_PA_3 Starting address: CYDEV_UDB_PA3_BASE */
 314:.\Generated_Source\PSoC4/cyfitter_cfg.c **** 		CY_SET_XTND_REG32((void CYFAR *)(CYDEV_UDB_PA3_BASE), 0x00990000u);
 281              		.loc 1 314 0
 282 00c0 134A     		ldr	r2, .L13+16
 283 00c2 1360     		str	r3, [r2]
 315:.\Generated_Source\PSoC4/cyfitter_cfg.c **** 
 316:.\Generated_Source\PSoC4/cyfitter_cfg.c **** 		/* Enable digital routing */
 317:.\Generated_Source\PSoC4/cyfitter_cfg.c **** 		CY_SET_XTND_REG8((void *)CYREG_UDB_UDBIF_BANK_CTL, CY_GET_XTND_REG8((void *)CYREG_UDB_UDBIF_BANK_
 284              		.loc 1 317 0
 285 00c4 134B     		ldr	r3, .L13+20
 286 00c6 1978     		ldrb	r1, [r3]
 287 00c8 0222     		mov	r2, #2
 288 00ca 0A43     		orr	r2, r1
 289 00cc 1A70     		strb	r2, [r3]
 318:.\Generated_Source\PSoC4/cyfitter_cfg.c **** 
 319:.\Generated_Source\PSoC4/cyfitter_cfg.c **** 		/* Enable UDB array */
 320:.\Generated_Source\PSoC4/cyfitter_cfg.c **** 		CY_SET_XTND_REG8((void *)CYREG_UDB_UDBIF_WAIT_CFG, (uint8)((CY_GET_XTND_REG8((void *)CYREG_UDB_UD
 290              		.loc 1 320 0
 291 00ce 124A     		ldr	r2, .L13+24
 292 00d0 1178     		ldrb	r1, [r2]
 293 00d2 3C20     		mov	r0, #60
 294 00d4 8143     		bic	r1, r0
 295 00d6 1420     		mov	r0, #20
ARM GAS  C:\Users\egh35\AppData\Local\Temp\ccIPwqVr.s 			page 12


 296 00d8 0143     		orr	r1, r0
 297 00da 1170     		strb	r1, [r2]
 321:.\Generated_Source\PSoC4/cyfitter_cfg.c **** 		CY_SET_XTND_REG8((void *)CYREG_UDB_UDBIF_BANK_CTL, (uint8)(CY_GET_XTND_REG8((void *)CYREG_UDB_UDB
 298              		.loc 1 321 0
 299 00dc 1978     		ldrb	r1, [r3]
 300 00de 1622     		mov	r2, #22
 301 00e0 0A43     		orr	r2, r1
 302 00e2 1A70     		strb	r2, [r3]
 303              	.LBE4:
 322:.\Generated_Source\PSoC4/cyfitter_cfg.c **** 	}
 323:.\Generated_Source\PSoC4/cyfitter_cfg.c **** 
 324:.\Generated_Source\PSoC4/cyfitter_cfg.c **** 	/* Perform second pass device configuration. These items must be configured in specific order afte
 325:.\Generated_Source\PSoC4/cyfitter_cfg.c **** 	/* IOPINS0_0 Starting address: CYDEV_PRT0_DR */
 326:.\Generated_Source\PSoC4/cyfitter_cfg.c **** 	CY_SET_XTND_REG32((void CYFAR *)(CYREG_PRT0_DR), 0x00000004u);
 304              		.loc 1 326 0
 305 00e4 0422     		mov	r2, #4
 306 00e6 0D4B     		ldr	r3, .L13+28
 307 00e8 1A60     		str	r2, [r3]
 327:.\Generated_Source\PSoC4/cyfitter_cfg.c **** 	CY_SET_XTND_REG32((void CYFAR *)(CYREG_PRT0_PC), 0x00000180u);
 308              		.loc 1 327 0
 309 00ea C022     		mov	r2, #192
 310 00ec 5200     		lsl	r2, r2, #1
 311 00ee 0C4B     		ldr	r3, .L13+32
 312 00f0 1A60     		str	r2, [r3]
 328:.\Generated_Source\PSoC4/cyfitter_cfg.c **** 
 329:.\Generated_Source\PSoC4/cyfitter_cfg.c **** 	/* IOPINS0_3 Starting address: CYDEV_PRT3_DR */
 330:.\Generated_Source\PSoC4/cyfitter_cfg.c **** 	CY_SET_XTND_REG32((void CYFAR *)(CYREG_PRT3_PC), 0x00000D80u);
 313              		.loc 1 330 0
 314 00f2 D822     		mov	r2, #216
 315 00f4 1201     		lsl	r2, r2, #4
 316 00f6 0B4B     		ldr	r3, .L13+36
 317 00f8 1A60     		str	r2, [r3]
 331:.\Generated_Source\PSoC4/cyfitter_cfg.c **** 
 332:.\Generated_Source\PSoC4/cyfitter_cfg.c **** 	/* Setup clocks based on selections from Clock DWR */
 333:.\Generated_Source\PSoC4/cyfitter_cfg.c **** 	ClockSetup();
 318              		.loc 1 333 0
 319 00fa FFF781FF 		bl	ClockSetup
 320              	.LVL24:
 334:.\Generated_Source\PSoC4/cyfitter_cfg.c **** 
 335:.\Generated_Source\PSoC4/cyfitter_cfg.c **** 	/* Perform basic analog initialization to defaults */
 336:.\Generated_Source\PSoC4/cyfitter_cfg.c **** 	AnalogSetDefault();
 337:.\Generated_Source\PSoC4/cyfitter_cfg.c **** 
 338:.\Generated_Source\PSoC4/cyfitter_cfg.c **** }
 321              		.loc 1 338 0
 322              		@ sp needed
 323              	.LVL25:
 324 00fe 38BD     		pop	{r3, r4, r5, pc}
 325              	.L14:
 326              		.align	2
 327              	.L13:
 328 0100 00000000 		.word	.LANCHOR0
 329 0104 00000140 		.word	1073807360
 330 0108 0C000140 		.word	1073807372
 331 010c 00500F40 		.word	1074745344
 332 0110 30500F40 		.word	1074745392
 333 0114 00700F40 		.word	1074753536
 334 0118 01700F40 		.word	1074753537
ARM GAS  C:\Users\egh35\AppData\Local\Temp\ccIPwqVr.s 			page 13


 335 011c 00000440 		.word	1074003968
 336 0120 08000440 		.word	1074003976
 337 0124 08030440 		.word	1074004744
 338              		.cfi_endproc
 339              	.LFE6:
 340              		.size	cyfitter_cfg, .-cyfitter_cfg
 341              		.section	.rodata
 342              		.align	2
 343              		.set	.LANCHOR0,. + 0
 344              		.type	cfg_memset_list.4740, %object
 345              		.size	cfg_memset_list.4740, 12
 346              	cfg_memset_list.4740:
 347 0000 00300F40 		.word	1074737152
 348 0004 0004     		.short	1024
 349 0006 00400F40 		.4byte	1074741248
 350 000a 0004     		.short	1024
 351              		.type	cy_cfg_addr_table.4734, %object
 352              		.size	cy_cfg_addr_table.4734, 16
 353              	cy_cfg_addr_table.4734:
 354 000c 01330F40 		.word	1074737921
 355 0010 02400F40 		.word	1074741250
 356 0014 02410F40 		.word	1074741506
 357 0018 04430F40 		.word	1074742020
 358              		.type	cy_cfg_data_table.4735, %object
 359              		.size	cy_cfg_data_table.4735, 18
 360              	cy_cfg_data_table.4735:
 361 001c E2       		.byte	-30
 362 001d 80       		.byte	-128
 363 001e 53       		.byte	83
 364 001f 04       		.byte	4
 365 0020 D4       		.byte	-44
 366 0021 20       		.byte	32
 367 0022 8B       		.byte	-117
 368 0023 04       		.byte	4
 369 0024 97       		.byte	-105
 370 0025 08       		.byte	8
 371 0026 19       		.byte	25
 372 0027 08       		.byte	8
 373 0028 89       		.byte	-119
 374 0029 08       		.byte	8
 375 002a C6       		.byte	-58
 376 002b 08       		.byte	8
 377 002c E2       		.byte	-30
 378 002d 01       		.byte	1
 379 002e 0000     		.text
 380              	.Letext0:
 381              		.file 2 "c:\\program files (x86)\\cypress\\psoc creator\\3.2\\psoc creator\\import\\gnu\\arm\\4.8.
 382              		.file 3 ".\\Generated_Source\\PSoC4\\cytypes.h"
 383              		.file 4 ".\\Generated_Source\\PSoC4\\CyLib.h"
 384              		.section	.debug_info,"",%progbits
 385              	.Ldebug_info0:
 386 0000 A8030000 		.4byte	0x3a8
 387 0004 0400     		.2byte	0x4
 388 0006 00000000 		.4byte	.Ldebug_abbrev0
 389 000a 04       		.byte	0x4
 390 000b 01       		.uleb128 0x1
 391 000c 30010000 		.4byte	.LASF38
ARM GAS  C:\Users\egh35\AppData\Local\Temp\ccIPwqVr.s 			page 14


 392 0010 01       		.byte	0x1
 393 0011 FA010000 		.4byte	.LASF39
 394 0015 B9010000 		.4byte	.LASF40
 395 0019 30000000 		.4byte	.Ldebug_ranges0+0x30
 396 001d 00000000 		.4byte	0
 397 0021 00000000 		.4byte	.Ldebug_line0
 398 0025 02       		.uleb128 0x2
 399 0026 04       		.byte	0x4
 400 0027 05       		.byte	0x5
 401 0028 696E7400 		.ascii	"int\000"
 402 002c 03       		.uleb128 0x3
 403 002d 06000000 		.4byte	.LASF11
 404 0031 02       		.byte	0x2
 405 0032 D4       		.byte	0xd4
 406 0033 37000000 		.4byte	0x37
 407 0037 04       		.uleb128 0x4
 408 0038 04       		.byte	0x4
 409 0039 07       		.byte	0x7
 410 003a F7000000 		.4byte	.LASF0
 411 003e 04       		.uleb128 0x4
 412 003f 01       		.byte	0x1
 413 0040 06       		.byte	0x6
 414 0041 77020000 		.4byte	.LASF1
 415 0045 04       		.uleb128 0x4
 416 0046 01       		.byte	0x1
 417 0047 08       		.byte	0x8
 418 0048 99000000 		.4byte	.LASF2
 419 004c 04       		.uleb128 0x4
 420 004d 02       		.byte	0x2
 421 004e 05       		.byte	0x5
 422 004f 4F020000 		.4byte	.LASF3
 423 0053 04       		.uleb128 0x4
 424 0054 02       		.byte	0x2
 425 0055 07       		.byte	0x7
 426 0056 83020000 		.4byte	.LASF4
 427 005a 04       		.uleb128 0x4
 428 005b 04       		.byte	0x4
 429 005c 05       		.byte	0x5
 430 005d 6E020000 		.4byte	.LASF5
 431 0061 04       		.uleb128 0x4
 432 0062 04       		.byte	0x4
 433 0063 07       		.byte	0x7
 434 0064 77000000 		.4byte	.LASF6
 435 0068 04       		.uleb128 0x4
 436 0069 08       		.byte	0x8
 437 006a 05       		.byte	0x5
 438 006b 22020000 		.4byte	.LASF7
 439 006f 04       		.uleb128 0x4
 440 0070 08       		.byte	0x8
 441 0071 07       		.byte	0x7
 442 0072 19010000 		.4byte	.LASF8
 443 0076 04       		.uleb128 0x4
 444 0077 04       		.byte	0x4
 445 0078 07       		.byte	0x7
 446 0079 F1010000 		.4byte	.LASF9
 447 007d 05       		.uleb128 0x5
 448 007e 04       		.byte	0x4
ARM GAS  C:\Users\egh35\AppData\Local\Temp\ccIPwqVr.s 			page 15


 449 007f 06       		.uleb128 0x6
 450 0080 04       		.byte	0x4
 451 0081 85000000 		.4byte	0x85
 452 0085 07       		.uleb128 0x7
 453 0086 04       		.uleb128 0x4
 454 0087 01       		.byte	0x1
 455 0088 08       		.byte	0x8
 456 0089 30020000 		.4byte	.LASF10
 457 008d 03       		.uleb128 0x3
 458 008e 89000000 		.4byte	.LASF12
 459 0092 03       		.byte	0x3
 460 0093 C1       		.byte	0xc1
 461 0094 45000000 		.4byte	0x45
 462 0098 03       		.uleb128 0x3
 463 0099 DE000000 		.4byte	.LASF13
 464 009d 03       		.byte	0x3
 465 009e C2       		.byte	0xc2
 466 009f 53000000 		.4byte	0x53
 467 00a3 03       		.uleb128 0x3
 468 00a4 F0000000 		.4byte	.LASF14
 469 00a8 03       		.byte	0x3
 470 00a9 C3       		.byte	0xc3
 471 00aa 61000000 		.4byte	0x61
 472 00ae 04       		.uleb128 0x4
 473 00af 04       		.byte	0x4
 474 00b0 04       		.byte	0x4
 475 00b1 57000000 		.4byte	.LASF15
 476 00b5 04       		.uleb128 0x4
 477 00b6 08       		.byte	0x8
 478 00b7 04       		.byte	0x4
 479 00b8 AE000000 		.4byte	.LASF16
 480 00bc 08       		.uleb128 0x8
 481 00bd 72000000 		.4byte	.LASF17
 482 00c1 03       		.byte	0x3
 483 00c2 6B01     		.2byte	0x16b
 484 00c4 C8000000 		.4byte	0xc8
 485 00c8 09       		.uleb128 0x9
 486 00c9 8D000000 		.4byte	0x8d
 487 00cd 08       		.uleb128 0x8
 488 00ce 00000000 		.4byte	.LASF18
 489 00d2 03       		.byte	0x3
 490 00d3 6D01     		.2byte	0x16d
 491 00d5 D9000000 		.4byte	0xd9
 492 00d9 09       		.uleb128 0x9
 493 00da A3000000 		.4byte	0xa3
 494 00de 08       		.uleb128 0x8
 495 00df AC010000 		.4byte	.LASF19
 496 00e3 03       		.byte	0x3
 497 00e4 7D01     		.2byte	0x17d
 498 00e6 7F000000 		.4byte	0x7f
 499 00ea 0A       		.uleb128 0xa
 500 00eb 02       		.byte	0x2
 501 00ec 01       		.byte	0x1
 502 00ed 7D       		.byte	0x7d
 503 00ee 0B010000 		.4byte	0x10b
 504 00f2 0B       		.uleb128 0xb
 505 00f3 48020000 		.4byte	.LASF20
ARM GAS  C:\Users\egh35\AppData\Local\Temp\ccIPwqVr.s 			page 16


 506 00f7 01       		.byte	0x1
 507 00f8 7F       		.byte	0x7f
 508 00f9 8D000000 		.4byte	0x8d
 509 00fd 00       		.byte	0
 510 00fe 0B       		.uleb128 0xb
 511 00ff 1C000000 		.4byte	.LASF21
 512 0103 01       		.byte	0x1
 513 0104 80       		.byte	0x80
 514 0105 8D000000 		.4byte	0x8d
 515 0109 01       		.byte	0x1
 516 010a 00       		.byte	0
 517 010b 03       		.uleb128 0x3
 518 010c 35020000 		.4byte	.LASF22
 519 0110 01       		.byte	0x1
 520 0111 81       		.byte	0x81
 521 0112 EA000000 		.4byte	0xea
 522 0116 0C       		.uleb128 0xc
 523 0117 B5000000 		.4byte	.LASF27
 524 011b 01       		.byte	0x1
 525 011c 94       		.byte	0x94
 526 011d 00000000 		.4byte	.LFB3
 527 0121 36000000 		.4byte	.LFE3-.LFB3
 528 0125 01       		.uleb128 0x1
 529 0126 9C       		.byte	0x9c
 530 0127 84010000 		.4byte	0x184
 531 012b 0D       		.uleb128 0xd
 532 012c D3000000 		.4byte	.LASF23
 533 0130 01       		.byte	0x1
 534 0131 94       		.byte	0x94
 535 0132 84010000 		.4byte	0x184
 536 0136 01       		.uleb128 0x1
 537 0137 50       		.byte	0x50
 538 0138 0D       		.uleb128 0xd
 539 0139 E5000000 		.4byte	.LASF24
 540 013d 01       		.byte	0x1
 541 013e 94       		.byte	0x94
 542 013f 8F010000 		.4byte	0x18f
 543 0143 01       		.uleb128 0x1
 544 0144 51       		.byte	0x51
 545 0145 0E       		.uleb128 0xe
 546 0146 6900     		.ascii	"i\000"
 547 0148 01       		.byte	0x1
 548 0149 97       		.byte	0x97
 549 014a A3000000 		.4byte	0xa3
 550 014e 00000000 		.4byte	.LLST0
 551 0152 0E       		.uleb128 0xe
 552 0153 6A00     		.ascii	"j\000"
 553 0155 01       		.byte	0x1
 554 0156 97       		.byte	0x97
 555 0157 A3000000 		.4byte	0xa3
 556 015b 1F000000 		.4byte	.LLST1
 557 015f 0F       		.uleb128 0xf
 558 0160 00000000 		.4byte	.Ldebug_ranges0+0
 559 0164 10       		.uleb128 0x10
 560 0165 E8010000 		.4byte	.LASF25
 561 0169 01       		.byte	0x1
 562 016a 9A       		.byte	0x9a
ARM GAS  C:\Users\egh35\AppData\Local\Temp\ccIPwqVr.s 			page 17


 563 016b A3000000 		.4byte	0xa3
 564 016f 3E000000 		.4byte	.LLST2
 565 0173 10       		.uleb128 0x10
 566 0174 22000000 		.4byte	.LASF26
 567 0178 01       		.byte	0x1
 568 0179 9B       		.byte	0x9b
 569 017a 8D000000 		.4byte	0x8d
 570 017e 51000000 		.4byte	.LLST3
 571 0182 00       		.byte	0
 572 0183 00       		.byte	0
 573 0184 06       		.uleb128 0x6
 574 0185 04       		.byte	0x4
 575 0186 8A010000 		.4byte	0x18a
 576 018a 11       		.uleb128 0x11
 577 018b A3000000 		.4byte	0xa3
 578 018f 06       		.uleb128 0x6
 579 0190 04       		.byte	0x4
 580 0191 95010000 		.4byte	0x195
 581 0195 11       		.uleb128 0x11
 582 0196 0B010000 		.4byte	0x10b
 583 019a 0C       		.uleb128 0xc
 584 019b 8F000000 		.4byte	.LASF28
 585 019f 01       		.byte	0x1
 586 01a0 3B       		.byte	0x3b
 587 01a1 00000000 		.4byte	.LFB0
 588 01a5 0C000000 		.4byte	.LFE0-.LFB0
 589 01a9 01       		.uleb128 0x1
 590 01aa 9C       		.byte	0x9c
 591 01ab E7010000 		.4byte	0x1e7
 592 01af 12       		.uleb128 0x12
 593 01b0 7300     		.ascii	"s\000"
 594 01b2 01       		.byte	0x1
 595 01b3 3B       		.byte	0x3b
 596 01b4 7D000000 		.4byte	0x7d
 597 01b8 87000000 		.4byte	.LLST4
 598 01bc 12       		.uleb128 0x12
 599 01bd 6E00     		.ascii	"n\000"
 600 01bf 01       		.byte	0x1
 601 01c0 3B       		.byte	0x3b
 602 01c1 2C000000 		.4byte	0x2c
 603 01c5 A8000000 		.4byte	.LLST5
 604 01c9 13       		.uleb128 0x13
 605 01ca 0A000000 		.4byte	.LVL13
 606 01ce 56030000 		.4byte	0x356
 607 01d2 14       		.uleb128 0x14
 608 01d3 01       		.uleb128 0x1
 609 01d4 52       		.byte	0x52
 610 01d5 03       		.uleb128 0x3
 611 01d6 F3       		.byte	0xf3
 612 01d7 01       		.uleb128 0x1
 613 01d8 51       		.byte	0x51
 614 01d9 14       		.uleb128 0x14
 615 01da 01       		.uleb128 0x1
 616 01db 51       		.byte	0x51
 617 01dc 01       		.uleb128 0x1
 618 01dd 30       		.byte	0x30
 619 01de 14       		.uleb128 0x14
ARM GAS  C:\Users\egh35\AppData\Local\Temp\ccIPwqVr.s 			page 18


 620 01df 01       		.uleb128 0x1
 621 01e0 50       		.byte	0x50
 622 01e1 03       		.uleb128 0x3
 623 01e2 F3       		.byte	0xf3
 624 01e3 01       		.uleb128 0x1
 625 01e4 50       		.byte	0x50
 626 01e5 00       		.byte	0
 627 01e6 00       		.byte	0
 628 01e7 0C       		.uleb128 0xc
 629 01e8 28000000 		.4byte	.LASF29
 630 01ec 01       		.byte	0x1
 631 01ed B9       		.byte	0xb9
 632 01ee 00000000 		.4byte	.LFB4
 633 01f2 74000000 		.4byte	.LFE4-.LFB4
 634 01f6 01       		.uleb128 0x1
 635 01f7 9C       		.byte	0x9c
 636 01f8 32020000 		.4byte	0x232
 637 01fc 15       		.uleb128 0x15
 638 01fd 14000000 		.4byte	.LVL14
 639 0201 73030000 		.4byte	0x373
 640 0205 0F020000 		.4byte	0x20f
 641 0209 14       		.uleb128 0x14
 642 020a 01       		.uleb128 0x1
 643 020b 50       		.byte	0x50
 644 020c 01       		.uleb128 0x1
 645 020d 48       		.byte	0x48
 646 020e 00       		.byte	0
 647 020f 15       		.uleb128 0x15
 648 0210 3E000000 		.4byte	.LVL15
 649 0214 84030000 		.4byte	0x384
 650 0218 22020000 		.4byte	0x222
 651 021c 14       		.uleb128 0x14
 652 021d 01       		.uleb128 0x1
 653 021e 50       		.byte	0x50
 654 021f 01       		.uleb128 0x1
 655 0220 39       		.byte	0x39
 656 0221 00       		.byte	0
 657 0222 13       		.uleb128 0x13
 658 0223 44000000 		.4byte	.LVL16
 659 0227 9E030000 		.4byte	0x39e
 660 022b 14       		.uleb128 0x14
 661 022c 01       		.uleb128 0x1
 662 022d 50       		.byte	0x50
 663 022e 01       		.uleb128 0x1
 664 022f 39       		.byte	0x39
 665 0230 00       		.byte	0
 666 0231 00       		.byte	0
 667 0232 16       		.uleb128 0x16
 668 0233 04010000 		.4byte	.LASF41
 669 0237 01       		.byte	0x1
 670 0238 0101     		.2byte	0x101
 671 023a 74000000 		.4byte	.LFB6
 672 023e B4000000 		.4byte	.LFE6-.LFB6
 673 0242 01       		.uleb128 0x1
 674 0243 9C       		.byte	0x9c
 675 0244 2C030000 		.4byte	0x32c
 676 0248 17       		.uleb128 0x17
ARM GAS  C:\Users\egh35\AppData\Local\Temp\ccIPwqVr.s 			page 19


 677 0249 78000000 		.4byte	.LBB4
 678 024d 6C000000 		.4byte	.LBE4-.LBB4
 679 0251 22030000 		.4byte	0x322
 680 0255 18       		.uleb128 0x18
 681 0256 33000000 		.4byte	.LASF30
 682 025a 01       		.byte	0x1
 683 025b 0701     		.2byte	0x107
 684 025d 3C030000 		.4byte	0x33c
 685 0261 05       		.uleb128 0x5
 686 0262 03       		.byte	0x3
 687 0263 0C000000 		.4byte	cy_cfg_addr_table.4734
 688 0267 18       		.uleb128 0x18
 689 0268 45000000 		.4byte	.LASF31
 690 026c 01       		.byte	0x1
 691 026d 0E01     		.2byte	0x10e
 692 026f 51030000 		.4byte	0x351
 693 0273 05       		.uleb128 0x5
 694 0274 03       		.byte	0x3
 695 0275 1C000000 		.4byte	cy_cfg_data_table.4735
 696 0279 19       		.uleb128 0x19
 697 027a 06       		.byte	0x6
 698 027b 01       		.byte	0x1
 699 027c 1C01     		.2byte	0x11c
 700 027e 9D020000 		.4byte	0x29d
 701 0282 1A       		.uleb128 0x1a
 702 0283 11010000 		.4byte	.LASF32
 703 0287 01       		.byte	0x1
 704 0288 1D01     		.2byte	0x11d
 705 028a 7D000000 		.4byte	0x7d
 706 028e 00       		.byte	0
 707 028f 1A       		.uleb128 0x1a
 708 0290 6D000000 		.4byte	.LASF33
 709 0294 01       		.byte	0x1
 710 0295 1E01     		.2byte	0x11e
 711 0297 98000000 		.4byte	0x98
 712 029b 04       		.byte	0x4
 713 029c 00       		.byte	0
 714 029d 08       		.uleb128 0x8
 715 029e DB010000 		.4byte	.LASF34
 716 02a2 01       		.byte	0x1
 717 02a3 1F01     		.2byte	0x11f
 718 02a5 79020000 		.4byte	0x279
 719 02a9 1B       		.uleb128 0x1b
 720 02aa 9D020000 		.4byte	0x29d
 721 02ae B9020000 		.4byte	0x2b9
 722 02b2 1C       		.uleb128 0x1c
 723 02b3 76000000 		.4byte	0x76
 724 02b7 01       		.byte	0x1
 725 02b8 00       		.byte	0
 726 02b9 18       		.uleb128 0x18
 727 02ba 5D000000 		.4byte	.LASF35
 728 02be 01       		.byte	0x1
 729 02bf 2101     		.2byte	0x121
 730 02c1 CB020000 		.4byte	0x2cb
 731 02c5 05       		.uleb128 0x5
 732 02c6 03       		.byte	0x3
 733 02c7 00000000 		.4byte	cfg_memset_list.4740
ARM GAS  C:\Users\egh35\AppData\Local\Temp\ccIPwqVr.s 			page 20


 734 02cb 11       		.uleb128 0x11
 735 02cc A9020000 		.4byte	0x2a9
 736 02d0 1D       		.uleb128 0x1d
 737 02d1 6900     		.ascii	"i\000"
 738 02d3 01       		.byte	0x1
 739 02d4 2701     		.2byte	0x127
 740 02d6 8D000000 		.4byte	0x8d
 741 02da D4000000 		.4byte	.LLST6
 742 02de 1E       		.uleb128 0x1e
 743 02df 18000000 		.4byte	.Ldebug_ranges0+0x18
 744 02e3 0B030000 		.4byte	0x30b
 745 02e7 1D       		.uleb128 0x1d
 746 02e8 6D7300   		.ascii	"ms\000"
 747 02eb 01       		.byte	0x1
 748 02ec 2C01     		.2byte	0x12c
 749 02ee F6020000 		.4byte	0x2f6
 750 02f2 0B010000 		.4byte	.LLST7
 751 02f6 06       		.uleb128 0x6
 752 02f7 04       		.byte	0x4
 753 02f8 FC020000 		.4byte	0x2fc
 754 02fc 11       		.uleb128 0x11
 755 02fd 9D020000 		.4byte	0x29d
 756 0301 1F       		.uleb128 0x1f
 757 0302 94000000 		.4byte	.LVL20
 758 0306 9A010000 		.4byte	0x19a
 759 030a 00       		.byte	0
 760 030b 13       		.uleb128 0x13
 761 030c A8000000 		.4byte	.LVL23
 762 0310 16010000 		.4byte	0x116
 763 0314 14       		.uleb128 0x14
 764 0315 01       		.uleb128 0x1
 765 0316 51       		.byte	0x51
 766 0317 02       		.uleb128 0x2
 767 0318 75       		.byte	0x75
 768 0319 1C       		.sleb128 28
 769 031a 14       		.uleb128 0x14
 770 031b 01       		.uleb128 0x1
 771 031c 50       		.byte	0x50
 772 031d 02       		.uleb128 0x2
 773 031e 75       		.byte	0x75
 774 031f 0C       		.sleb128 12
 775 0320 00       		.byte	0
 776 0321 00       		.byte	0
 777 0322 1F       		.uleb128 0x1f
 778 0323 FE000000 		.4byte	.LVL24
 779 0327 E7010000 		.4byte	0x1e7
 780 032b 00       		.byte	0
 781 032c 1B       		.uleb128 0x1b
 782 032d A3000000 		.4byte	0xa3
 783 0331 3C030000 		.4byte	0x33c
 784 0335 1C       		.uleb128 0x1c
 785 0336 76000000 		.4byte	0x76
 786 033a 03       		.byte	0x3
 787 033b 00       		.byte	0
 788 033c 11       		.uleb128 0x11
 789 033d 2C030000 		.4byte	0x32c
 790 0341 1B       		.uleb128 0x1b
ARM GAS  C:\Users\egh35\AppData\Local\Temp\ccIPwqVr.s 			page 21


 791 0342 0B010000 		.4byte	0x10b
 792 0346 51030000 		.4byte	0x351
 793 034a 1C       		.uleb128 0x1c
 794 034b 76000000 		.4byte	0x76
 795 034f 08       		.byte	0x8
 796 0350 00       		.byte	0
 797 0351 11       		.uleb128 0x11
 798 0352 41030000 		.4byte	0x341
 799 0356 20       		.uleb128 0x20
 800 0357 A7000000 		.4byte	.LASF36
 801 035b 7D000000 		.4byte	0x7d
 802 035f 73030000 		.4byte	0x373
 803 0363 21       		.uleb128 0x21
 804 0364 7D000000 		.4byte	0x7d
 805 0368 21       		.uleb128 0x21
 806 0369 25000000 		.4byte	0x25
 807 036d 21       		.uleb128 0x21
 808 036e 76000000 		.4byte	0x76
 809 0372 00       		.byte	0
 810 0373 22       		.uleb128 0x22
 811 0374 59020000 		.4byte	.LASF37
 812 0378 04       		.byte	0x4
 813 0379 31       		.byte	0x31
 814 037a 84030000 		.4byte	0x384
 815 037e 21       		.uleb128 0x21
 816 037f A3000000 		.4byte	0xa3
 817 0383 00       		.byte	0
 818 0384 23       		.uleb128 0x23
 819 0385 0D000000 		.4byte	.LASF42
 820 0389 04       		.byte	0x4
 821 038a 46       		.byte	0x46
 822 038b DE000000 		.4byte	0xde
 823 038f 9E030000 		.4byte	0x39e
 824 0393 21       		.uleb128 0x21
 825 0394 8D000000 		.4byte	0x8d
 826 0398 21       		.uleb128 0x21
 827 0399 DE000000 		.4byte	0xde
 828 039d 00       		.byte	0
 829 039e 24       		.uleb128 0x24
 830 039f C7000000 		.4byte	.LASF43
 831 03a3 04       		.byte	0x4
 832 03a4 4C       		.byte	0x4c
 833 03a5 21       		.uleb128 0x21
 834 03a6 8D000000 		.4byte	0x8d
 835 03aa 00       		.byte	0
 836 03ab 00       		.byte	0
 837              		.section	.debug_abbrev,"",%progbits
 838              	.Ldebug_abbrev0:
 839 0000 01       		.uleb128 0x1
 840 0001 11       		.uleb128 0x11
 841 0002 01       		.byte	0x1
 842 0003 25       		.uleb128 0x25
 843 0004 0E       		.uleb128 0xe
 844 0005 13       		.uleb128 0x13
 845 0006 0B       		.uleb128 0xb
 846 0007 03       		.uleb128 0x3
 847 0008 0E       		.uleb128 0xe
ARM GAS  C:\Users\egh35\AppData\Local\Temp\ccIPwqVr.s 			page 22


 848 0009 1B       		.uleb128 0x1b
 849 000a 0E       		.uleb128 0xe
 850 000b 55       		.uleb128 0x55
 851 000c 17       		.uleb128 0x17
 852 000d 11       		.uleb128 0x11
 853 000e 01       		.uleb128 0x1
 854 000f 10       		.uleb128 0x10
 855 0010 17       		.uleb128 0x17
 856 0011 00       		.byte	0
 857 0012 00       		.byte	0
 858 0013 02       		.uleb128 0x2
 859 0014 24       		.uleb128 0x24
 860 0015 00       		.byte	0
 861 0016 0B       		.uleb128 0xb
 862 0017 0B       		.uleb128 0xb
 863 0018 3E       		.uleb128 0x3e
 864 0019 0B       		.uleb128 0xb
 865 001a 03       		.uleb128 0x3
 866 001b 08       		.uleb128 0x8
 867 001c 00       		.byte	0
 868 001d 00       		.byte	0
 869 001e 03       		.uleb128 0x3
 870 001f 16       		.uleb128 0x16
 871 0020 00       		.byte	0
 872 0021 03       		.uleb128 0x3
 873 0022 0E       		.uleb128 0xe
 874 0023 3A       		.uleb128 0x3a
 875 0024 0B       		.uleb128 0xb
 876 0025 3B       		.uleb128 0x3b
 877 0026 0B       		.uleb128 0xb
 878 0027 49       		.uleb128 0x49
 879 0028 13       		.uleb128 0x13
 880 0029 00       		.byte	0
 881 002a 00       		.byte	0
 882 002b 04       		.uleb128 0x4
 883 002c 24       		.uleb128 0x24
 884 002d 00       		.byte	0
 885 002e 0B       		.uleb128 0xb
 886 002f 0B       		.uleb128 0xb
 887 0030 3E       		.uleb128 0x3e
 888 0031 0B       		.uleb128 0xb
 889 0032 03       		.uleb128 0x3
 890 0033 0E       		.uleb128 0xe
 891 0034 00       		.byte	0
 892 0035 00       		.byte	0
 893 0036 05       		.uleb128 0x5
 894 0037 0F       		.uleb128 0xf
 895 0038 00       		.byte	0
 896 0039 0B       		.uleb128 0xb
 897 003a 0B       		.uleb128 0xb
 898 003b 00       		.byte	0
 899 003c 00       		.byte	0
 900 003d 06       		.uleb128 0x6
 901 003e 0F       		.uleb128 0xf
 902 003f 00       		.byte	0
 903 0040 0B       		.uleb128 0xb
 904 0041 0B       		.uleb128 0xb
ARM GAS  C:\Users\egh35\AppData\Local\Temp\ccIPwqVr.s 			page 23


 905 0042 49       		.uleb128 0x49
 906 0043 13       		.uleb128 0x13
 907 0044 00       		.byte	0
 908 0045 00       		.byte	0
 909 0046 07       		.uleb128 0x7
 910 0047 15       		.uleb128 0x15
 911 0048 00       		.byte	0
 912 0049 27       		.uleb128 0x27
 913 004a 19       		.uleb128 0x19
 914 004b 00       		.byte	0
 915 004c 00       		.byte	0
 916 004d 08       		.uleb128 0x8
 917 004e 16       		.uleb128 0x16
 918 004f 00       		.byte	0
 919 0050 03       		.uleb128 0x3
 920 0051 0E       		.uleb128 0xe
 921 0052 3A       		.uleb128 0x3a
 922 0053 0B       		.uleb128 0xb
 923 0054 3B       		.uleb128 0x3b
 924 0055 05       		.uleb128 0x5
 925 0056 49       		.uleb128 0x49
 926 0057 13       		.uleb128 0x13
 927 0058 00       		.byte	0
 928 0059 00       		.byte	0
 929 005a 09       		.uleb128 0x9
 930 005b 35       		.uleb128 0x35
 931 005c 00       		.byte	0
 932 005d 49       		.uleb128 0x49
 933 005e 13       		.uleb128 0x13
 934 005f 00       		.byte	0
 935 0060 00       		.byte	0
 936 0061 0A       		.uleb128 0xa
 937 0062 13       		.uleb128 0x13
 938 0063 01       		.byte	0x1
 939 0064 0B       		.uleb128 0xb
 940 0065 0B       		.uleb128 0xb
 941 0066 3A       		.uleb128 0x3a
 942 0067 0B       		.uleb128 0xb
 943 0068 3B       		.uleb128 0x3b
 944 0069 0B       		.uleb128 0xb
 945 006a 01       		.uleb128 0x1
 946 006b 13       		.uleb128 0x13
 947 006c 00       		.byte	0
 948 006d 00       		.byte	0
 949 006e 0B       		.uleb128 0xb
 950 006f 0D       		.uleb128 0xd
 951 0070 00       		.byte	0
 952 0071 03       		.uleb128 0x3
 953 0072 0E       		.uleb128 0xe
 954 0073 3A       		.uleb128 0x3a
 955 0074 0B       		.uleb128 0xb
 956 0075 3B       		.uleb128 0x3b
 957 0076 0B       		.uleb128 0xb
 958 0077 49       		.uleb128 0x49
 959 0078 13       		.uleb128 0x13
 960 0079 38       		.uleb128 0x38
 961 007a 0B       		.uleb128 0xb
ARM GAS  C:\Users\egh35\AppData\Local\Temp\ccIPwqVr.s 			page 24


 962 007b 00       		.byte	0
 963 007c 00       		.byte	0
 964 007d 0C       		.uleb128 0xc
 965 007e 2E       		.uleb128 0x2e
 966 007f 01       		.byte	0x1
 967 0080 03       		.uleb128 0x3
 968 0081 0E       		.uleb128 0xe
 969 0082 3A       		.uleb128 0x3a
 970 0083 0B       		.uleb128 0xb
 971 0084 3B       		.uleb128 0x3b
 972 0085 0B       		.uleb128 0xb
 973 0086 27       		.uleb128 0x27
 974 0087 19       		.uleb128 0x19
 975 0088 11       		.uleb128 0x11
 976 0089 01       		.uleb128 0x1
 977 008a 12       		.uleb128 0x12
 978 008b 06       		.uleb128 0x6
 979 008c 40       		.uleb128 0x40
 980 008d 18       		.uleb128 0x18
 981 008e 9742     		.uleb128 0x2117
 982 0090 19       		.uleb128 0x19
 983 0091 01       		.uleb128 0x1
 984 0092 13       		.uleb128 0x13
 985 0093 00       		.byte	0
 986 0094 00       		.byte	0
 987 0095 0D       		.uleb128 0xd
 988 0096 05       		.uleb128 0x5
 989 0097 00       		.byte	0
 990 0098 03       		.uleb128 0x3
 991 0099 0E       		.uleb128 0xe
 992 009a 3A       		.uleb128 0x3a
 993 009b 0B       		.uleb128 0xb
 994 009c 3B       		.uleb128 0x3b
 995 009d 0B       		.uleb128 0xb
 996 009e 49       		.uleb128 0x49
 997 009f 13       		.uleb128 0x13
 998 00a0 02       		.uleb128 0x2
 999 00a1 18       		.uleb128 0x18
 1000 00a2 00       		.byte	0
 1001 00a3 00       		.byte	0
 1002 00a4 0E       		.uleb128 0xe
 1003 00a5 34       		.uleb128 0x34
 1004 00a6 00       		.byte	0
 1005 00a7 03       		.uleb128 0x3
 1006 00a8 08       		.uleb128 0x8
 1007 00a9 3A       		.uleb128 0x3a
 1008 00aa 0B       		.uleb128 0xb
 1009 00ab 3B       		.uleb128 0x3b
 1010 00ac 0B       		.uleb128 0xb
 1011 00ad 49       		.uleb128 0x49
 1012 00ae 13       		.uleb128 0x13
 1013 00af 02       		.uleb128 0x2
 1014 00b0 17       		.uleb128 0x17
 1015 00b1 00       		.byte	0
 1016 00b2 00       		.byte	0
 1017 00b3 0F       		.uleb128 0xf
 1018 00b4 0B       		.uleb128 0xb
ARM GAS  C:\Users\egh35\AppData\Local\Temp\ccIPwqVr.s 			page 25


 1019 00b5 01       		.byte	0x1
 1020 00b6 55       		.uleb128 0x55
 1021 00b7 17       		.uleb128 0x17
 1022 00b8 00       		.byte	0
 1023 00b9 00       		.byte	0
 1024 00ba 10       		.uleb128 0x10
 1025 00bb 34       		.uleb128 0x34
 1026 00bc 00       		.byte	0
 1027 00bd 03       		.uleb128 0x3
 1028 00be 0E       		.uleb128 0xe
 1029 00bf 3A       		.uleb128 0x3a
 1030 00c0 0B       		.uleb128 0xb
 1031 00c1 3B       		.uleb128 0x3b
 1032 00c2 0B       		.uleb128 0xb
 1033 00c3 49       		.uleb128 0x49
 1034 00c4 13       		.uleb128 0x13
 1035 00c5 02       		.uleb128 0x2
 1036 00c6 17       		.uleb128 0x17
 1037 00c7 00       		.byte	0
 1038 00c8 00       		.byte	0
 1039 00c9 11       		.uleb128 0x11
 1040 00ca 26       		.uleb128 0x26
 1041 00cb 00       		.byte	0
 1042 00cc 49       		.uleb128 0x49
 1043 00cd 13       		.uleb128 0x13
 1044 00ce 00       		.byte	0
 1045 00cf 00       		.byte	0
 1046 00d0 12       		.uleb128 0x12
 1047 00d1 05       		.uleb128 0x5
 1048 00d2 00       		.byte	0
 1049 00d3 03       		.uleb128 0x3
 1050 00d4 08       		.uleb128 0x8
 1051 00d5 3A       		.uleb128 0x3a
 1052 00d6 0B       		.uleb128 0xb
 1053 00d7 3B       		.uleb128 0x3b
 1054 00d8 0B       		.uleb128 0xb
 1055 00d9 49       		.uleb128 0x49
 1056 00da 13       		.uleb128 0x13
 1057 00db 02       		.uleb128 0x2
 1058 00dc 17       		.uleb128 0x17
 1059 00dd 00       		.byte	0
 1060 00de 00       		.byte	0
 1061 00df 13       		.uleb128 0x13
 1062 00e0 898201   		.uleb128 0x4109
 1063 00e3 01       		.byte	0x1
 1064 00e4 11       		.uleb128 0x11
 1065 00e5 01       		.uleb128 0x1
 1066 00e6 31       		.uleb128 0x31
 1067 00e7 13       		.uleb128 0x13
 1068 00e8 00       		.byte	0
 1069 00e9 00       		.byte	0
 1070 00ea 14       		.uleb128 0x14
 1071 00eb 8A8201   		.uleb128 0x410a
 1072 00ee 00       		.byte	0
 1073 00ef 02       		.uleb128 0x2
 1074 00f0 18       		.uleb128 0x18
 1075 00f1 9142     		.uleb128 0x2111
ARM GAS  C:\Users\egh35\AppData\Local\Temp\ccIPwqVr.s 			page 26


 1076 00f3 18       		.uleb128 0x18
 1077 00f4 00       		.byte	0
 1078 00f5 00       		.byte	0
 1079 00f6 15       		.uleb128 0x15
 1080 00f7 898201   		.uleb128 0x4109
 1081 00fa 01       		.byte	0x1
 1082 00fb 11       		.uleb128 0x11
 1083 00fc 01       		.uleb128 0x1
 1084 00fd 31       		.uleb128 0x31
 1085 00fe 13       		.uleb128 0x13
 1086 00ff 01       		.uleb128 0x1
 1087 0100 13       		.uleb128 0x13
 1088 0101 00       		.byte	0
 1089 0102 00       		.byte	0
 1090 0103 16       		.uleb128 0x16
 1091 0104 2E       		.uleb128 0x2e
 1092 0105 01       		.byte	0x1
 1093 0106 3F       		.uleb128 0x3f
 1094 0107 19       		.uleb128 0x19
 1095 0108 03       		.uleb128 0x3
 1096 0109 0E       		.uleb128 0xe
 1097 010a 3A       		.uleb128 0x3a
 1098 010b 0B       		.uleb128 0xb
 1099 010c 3B       		.uleb128 0x3b
 1100 010d 05       		.uleb128 0x5
 1101 010e 27       		.uleb128 0x27
 1102 010f 19       		.uleb128 0x19
 1103 0110 11       		.uleb128 0x11
 1104 0111 01       		.uleb128 0x1
 1105 0112 12       		.uleb128 0x12
 1106 0113 06       		.uleb128 0x6
 1107 0114 40       		.uleb128 0x40
 1108 0115 18       		.uleb128 0x18
 1109 0116 9742     		.uleb128 0x2117
 1110 0118 19       		.uleb128 0x19
 1111 0119 01       		.uleb128 0x1
 1112 011a 13       		.uleb128 0x13
 1113 011b 00       		.byte	0
 1114 011c 00       		.byte	0
 1115 011d 17       		.uleb128 0x17
 1116 011e 0B       		.uleb128 0xb
 1117 011f 01       		.byte	0x1
 1118 0120 11       		.uleb128 0x11
 1119 0121 01       		.uleb128 0x1
 1120 0122 12       		.uleb128 0x12
 1121 0123 06       		.uleb128 0x6
 1122 0124 01       		.uleb128 0x1
 1123 0125 13       		.uleb128 0x13
 1124 0126 00       		.byte	0
 1125 0127 00       		.byte	0
 1126 0128 18       		.uleb128 0x18
 1127 0129 34       		.uleb128 0x34
 1128 012a 00       		.byte	0
 1129 012b 03       		.uleb128 0x3
 1130 012c 0E       		.uleb128 0xe
 1131 012d 3A       		.uleb128 0x3a
 1132 012e 0B       		.uleb128 0xb
ARM GAS  C:\Users\egh35\AppData\Local\Temp\ccIPwqVr.s 			page 27


 1133 012f 3B       		.uleb128 0x3b
 1134 0130 05       		.uleb128 0x5
 1135 0131 49       		.uleb128 0x49
 1136 0132 13       		.uleb128 0x13
 1137 0133 02       		.uleb128 0x2
 1138 0134 18       		.uleb128 0x18
 1139 0135 00       		.byte	0
 1140 0136 00       		.byte	0
 1141 0137 19       		.uleb128 0x19
 1142 0138 13       		.uleb128 0x13
 1143 0139 01       		.byte	0x1
 1144 013a 0B       		.uleb128 0xb
 1145 013b 0B       		.uleb128 0xb
 1146 013c 3A       		.uleb128 0x3a
 1147 013d 0B       		.uleb128 0xb
 1148 013e 3B       		.uleb128 0x3b
 1149 013f 05       		.uleb128 0x5
 1150 0140 01       		.uleb128 0x1
 1151 0141 13       		.uleb128 0x13
 1152 0142 00       		.byte	0
 1153 0143 00       		.byte	0
 1154 0144 1A       		.uleb128 0x1a
 1155 0145 0D       		.uleb128 0xd
 1156 0146 00       		.byte	0
 1157 0147 03       		.uleb128 0x3
 1158 0148 0E       		.uleb128 0xe
 1159 0149 3A       		.uleb128 0x3a
 1160 014a 0B       		.uleb128 0xb
 1161 014b 3B       		.uleb128 0x3b
 1162 014c 05       		.uleb128 0x5
 1163 014d 49       		.uleb128 0x49
 1164 014e 13       		.uleb128 0x13
 1165 014f 38       		.uleb128 0x38
 1166 0150 0B       		.uleb128 0xb
 1167 0151 00       		.byte	0
 1168 0152 00       		.byte	0
 1169 0153 1B       		.uleb128 0x1b
 1170 0154 01       		.uleb128 0x1
 1171 0155 01       		.byte	0x1
 1172 0156 49       		.uleb128 0x49
 1173 0157 13       		.uleb128 0x13
 1174 0158 01       		.uleb128 0x1
 1175 0159 13       		.uleb128 0x13
 1176 015a 00       		.byte	0
 1177 015b 00       		.byte	0
 1178 015c 1C       		.uleb128 0x1c
 1179 015d 21       		.uleb128 0x21
 1180 015e 00       		.byte	0
 1181 015f 49       		.uleb128 0x49
 1182 0160 13       		.uleb128 0x13
 1183 0161 2F       		.uleb128 0x2f
 1184 0162 0B       		.uleb128 0xb
 1185 0163 00       		.byte	0
 1186 0164 00       		.byte	0
 1187 0165 1D       		.uleb128 0x1d
 1188 0166 34       		.uleb128 0x34
 1189 0167 00       		.byte	0
ARM GAS  C:\Users\egh35\AppData\Local\Temp\ccIPwqVr.s 			page 28


 1190 0168 03       		.uleb128 0x3
 1191 0169 08       		.uleb128 0x8
 1192 016a 3A       		.uleb128 0x3a
 1193 016b 0B       		.uleb128 0xb
 1194 016c 3B       		.uleb128 0x3b
 1195 016d 05       		.uleb128 0x5
 1196 016e 49       		.uleb128 0x49
 1197 016f 13       		.uleb128 0x13
 1198 0170 02       		.uleb128 0x2
 1199 0171 17       		.uleb128 0x17
 1200 0172 00       		.byte	0
 1201 0173 00       		.byte	0
 1202 0174 1E       		.uleb128 0x1e
 1203 0175 0B       		.uleb128 0xb
 1204 0176 01       		.byte	0x1
 1205 0177 55       		.uleb128 0x55
 1206 0178 17       		.uleb128 0x17
 1207 0179 01       		.uleb128 0x1
 1208 017a 13       		.uleb128 0x13
 1209 017b 00       		.byte	0
 1210 017c 00       		.byte	0
 1211 017d 1F       		.uleb128 0x1f
 1212 017e 898201   		.uleb128 0x4109
 1213 0181 00       		.byte	0
 1214 0182 11       		.uleb128 0x11
 1215 0183 01       		.uleb128 0x1
 1216 0184 31       		.uleb128 0x31
 1217 0185 13       		.uleb128 0x13
 1218 0186 00       		.byte	0
 1219 0187 00       		.byte	0
 1220 0188 20       		.uleb128 0x20
 1221 0189 2E       		.uleb128 0x2e
 1222 018a 01       		.byte	0x1
 1223 018b 3F       		.uleb128 0x3f
 1224 018c 19       		.uleb128 0x19
 1225 018d 03       		.uleb128 0x3
 1226 018e 0E       		.uleb128 0xe
 1227 018f 27       		.uleb128 0x27
 1228 0190 19       		.uleb128 0x19
 1229 0191 49       		.uleb128 0x49
 1230 0192 13       		.uleb128 0x13
 1231 0193 34       		.uleb128 0x34
 1232 0194 19       		.uleb128 0x19
 1233 0195 3C       		.uleb128 0x3c
 1234 0196 19       		.uleb128 0x19
 1235 0197 01       		.uleb128 0x1
 1236 0198 13       		.uleb128 0x13
 1237 0199 00       		.byte	0
 1238 019a 00       		.byte	0
 1239 019b 21       		.uleb128 0x21
 1240 019c 05       		.uleb128 0x5
 1241 019d 00       		.byte	0
 1242 019e 49       		.uleb128 0x49
 1243 019f 13       		.uleb128 0x13
 1244 01a0 00       		.byte	0
 1245 01a1 00       		.byte	0
 1246 01a2 22       		.uleb128 0x22
ARM GAS  C:\Users\egh35\AppData\Local\Temp\ccIPwqVr.s 			page 29


 1247 01a3 2E       		.uleb128 0x2e
 1248 01a4 01       		.byte	0x1
 1249 01a5 3F       		.uleb128 0x3f
 1250 01a6 19       		.uleb128 0x19
 1251 01a7 03       		.uleb128 0x3
 1252 01a8 0E       		.uleb128 0xe
 1253 01a9 3A       		.uleb128 0x3a
 1254 01aa 0B       		.uleb128 0xb
 1255 01ab 3B       		.uleb128 0x3b
 1256 01ac 0B       		.uleb128 0xb
 1257 01ad 27       		.uleb128 0x27
 1258 01ae 19       		.uleb128 0x19
 1259 01af 3C       		.uleb128 0x3c
 1260 01b0 19       		.uleb128 0x19
 1261 01b1 01       		.uleb128 0x1
 1262 01b2 13       		.uleb128 0x13
 1263 01b3 00       		.byte	0
 1264 01b4 00       		.byte	0
 1265 01b5 23       		.uleb128 0x23
 1266 01b6 2E       		.uleb128 0x2e
 1267 01b7 01       		.byte	0x1
 1268 01b8 3F       		.uleb128 0x3f
 1269 01b9 19       		.uleb128 0x19
 1270 01ba 03       		.uleb128 0x3
 1271 01bb 0E       		.uleb128 0xe
 1272 01bc 3A       		.uleb128 0x3a
 1273 01bd 0B       		.uleb128 0xb
 1274 01be 3B       		.uleb128 0x3b
 1275 01bf 0B       		.uleb128 0xb
 1276 01c0 27       		.uleb128 0x27
 1277 01c1 19       		.uleb128 0x19
 1278 01c2 49       		.uleb128 0x49
 1279 01c3 13       		.uleb128 0x13
 1280 01c4 3C       		.uleb128 0x3c
 1281 01c5 19       		.uleb128 0x19
 1282 01c6 01       		.uleb128 0x1
 1283 01c7 13       		.uleb128 0x13
 1284 01c8 00       		.byte	0
 1285 01c9 00       		.byte	0
 1286 01ca 24       		.uleb128 0x24
 1287 01cb 2E       		.uleb128 0x2e
 1288 01cc 01       		.byte	0x1
 1289 01cd 3F       		.uleb128 0x3f
 1290 01ce 19       		.uleb128 0x19
 1291 01cf 03       		.uleb128 0x3
 1292 01d0 0E       		.uleb128 0xe
 1293 01d1 3A       		.uleb128 0x3a
 1294 01d2 0B       		.uleb128 0xb
 1295 01d3 3B       		.uleb128 0x3b
 1296 01d4 0B       		.uleb128 0xb
 1297 01d5 27       		.uleb128 0x27
 1298 01d6 19       		.uleb128 0x19
 1299 01d7 3C       		.uleb128 0x3c
 1300 01d8 19       		.uleb128 0x19
 1301 01d9 00       		.byte	0
 1302 01da 00       		.byte	0
 1303 01db 00       		.byte	0
ARM GAS  C:\Users\egh35\AppData\Local\Temp\ccIPwqVr.s 			page 30


 1304              		.section	.debug_loc,"",%progbits
 1305              	.Ldebug_loc0:
 1306              	.LLST0:
 1307 0000 02000000 		.4byte	.LVL1
 1308 0004 0C000000 		.4byte	.LVL2
 1309 0008 0200     		.2byte	0x2
 1310 000a 30       		.byte	0x30
 1311 000b 9F       		.byte	0x9f
 1312 000c 0C000000 		.4byte	.LVL2
 1313 0010 34000000 		.4byte	.LVL10
 1314 0014 0100     		.2byte	0x1
 1315 0016 57       		.byte	0x57
 1316 0017 00000000 		.4byte	0
 1317 001b 00000000 		.4byte	0
 1318              	.LLST1:
 1319 001f 02000000 		.4byte	.LVL1
 1320 0023 0C000000 		.4byte	.LVL2
 1321 0027 0200     		.2byte	0x2
 1322 0029 30       		.byte	0x30
 1323 002a 9F       		.byte	0x9f
 1324 002b 0C000000 		.4byte	.LVL2
 1325 002f 36000000 		.4byte	.LFE3
 1326 0033 0100     		.2byte	0x1
 1327 0035 52       		.byte	0x52
 1328 0036 00000000 		.4byte	0
 1329 003a 00000000 		.4byte	0
 1330              	.LLST2:
 1331 003e 10000000 		.4byte	.LVL3
 1332 0042 30000000 		.4byte	.LVL9
 1333 0046 0100     		.2byte	0x1
 1334 0048 56       		.byte	0x56
 1335 0049 00000000 		.4byte	0
 1336 004d 00000000 		.4byte	0
 1337              	.LLST3:
 1338 0051 12000000 		.4byte	.LVL4
 1339 0055 16000000 		.4byte	.LVL5
 1340 0059 0100     		.2byte	0x1
 1341 005b 56       		.byte	0x56
 1342 005c 16000000 		.4byte	.LVL5
 1343 0060 28000000 		.4byte	.LVL7
 1344 0064 0100     		.2byte	0x1
 1345 0066 53       		.byte	0x53
 1346 0067 28000000 		.4byte	.LVL7
 1347 006b 2A000000 		.4byte	.LVL8
 1348 006f 0300     		.2byte	0x3
 1349 0071 73       		.byte	0x73
 1350 0072 01       		.sleb128 1
 1351 0073 9F       		.byte	0x9f
 1352 0074 2A000000 		.4byte	.LVL8
 1353 0078 30000000 		.4byte	.LVL9
 1354 007c 0100     		.2byte	0x1
 1355 007e 53       		.byte	0x53
 1356 007f 00000000 		.4byte	0
 1357 0083 00000000 		.4byte	0
 1358              	.LLST4:
 1359 0087 00000000 		.4byte	.LVL11
 1360 008b 09000000 		.4byte	.LVL13-1
ARM GAS  C:\Users\egh35\AppData\Local\Temp\ccIPwqVr.s 			page 31


 1361 008f 0100     		.2byte	0x1
 1362 0091 50       		.byte	0x50
 1363 0092 09000000 		.4byte	.LVL13-1
 1364 0096 0C000000 		.4byte	.LFE0
 1365 009a 0400     		.2byte	0x4
 1366 009c F3       		.byte	0xf3
 1367 009d 01       		.uleb128 0x1
 1368 009e 50       		.byte	0x50
 1369 009f 9F       		.byte	0x9f
 1370 00a0 00000000 		.4byte	0
 1371 00a4 00000000 		.4byte	0
 1372              	.LLST5:
 1373 00a8 00000000 		.4byte	.LVL11
 1374 00ac 06000000 		.4byte	.LVL12
 1375 00b0 0100     		.2byte	0x1
 1376 00b2 51       		.byte	0x51
 1377 00b3 06000000 		.4byte	.LVL12
 1378 00b7 09000000 		.4byte	.LVL13-1
 1379 00bb 0100     		.2byte	0x1
 1380 00bd 52       		.byte	0x52
 1381 00be 09000000 		.4byte	.LVL13-1
 1382 00c2 0C000000 		.4byte	.LFE0
 1383 00c6 0400     		.2byte	0x4
 1384 00c8 F3       		.byte	0xf3
 1385 00c9 01       		.uleb128 0x1
 1386 00ca 51       		.byte	0x51
 1387 00cb 9F       		.byte	0x9f
 1388 00cc 00000000 		.4byte	0
 1389 00d0 00000000 		.4byte	0
 1390              	.LLST6:
 1391 00d4 78000000 		.4byte	.LVL17
 1392 00d8 7E000000 		.4byte	.LVL18
 1393 00dc 0200     		.2byte	0x2
 1394 00de 30       		.byte	0x30
 1395 00df 9F       		.byte	0x9f
 1396 00e0 7E000000 		.4byte	.LVL18
 1397 00e4 96000000 		.4byte	.LVL21
 1398 00e8 0100     		.2byte	0x1
 1399 00ea 54       		.byte	0x54
 1400 00eb 96000000 		.4byte	.LVL21
 1401 00ef 98000000 		.4byte	.LVL22
 1402 00f3 0300     		.2byte	0x3
 1403 00f5 74       		.byte	0x74
 1404 00f6 7F       		.sleb128 -1
 1405 00f7 9F       		.byte	0x9f
 1406 00f8 98000000 		.4byte	.LVL22
 1407 00fc FE000000 		.4byte	.LVL25
 1408 0100 0100     		.2byte	0x1
 1409 0102 54       		.byte	0x54
 1410 0103 00000000 		.4byte	0
 1411 0107 00000000 		.4byte	0
 1412              	.LLST7:
 1413 010b 86000000 		.4byte	.LVL19
 1414 010f 93000000 		.4byte	.LVL20-1
 1415 0113 0100     		.2byte	0x1
 1416 0115 53       		.byte	0x53
 1417 0116 93000000 		.4byte	.LVL20-1
ARM GAS  C:\Users\egh35\AppData\Local\Temp\ccIPwqVr.s 			page 32


 1418 011a 96000000 		.4byte	.LVL21
 1419 011e 0D00     		.2byte	0xd
 1420 0120 74       		.byte	0x74
 1421 0121 00       		.sleb128 0
 1422 0122 31       		.byte	0x31
 1423 0123 24       		.byte	0x24
 1424 0124 74       		.byte	0x74
 1425 0125 00       		.sleb128 0
 1426 0126 22       		.byte	0x22
 1427 0127 31       		.byte	0x31
 1428 0128 24       		.byte	0x24
 1429 0129 75       		.byte	0x75
 1430 012a 00       		.sleb128 0
 1431 012b 22       		.byte	0x22
 1432 012c 9F       		.byte	0x9f
 1433 012d 96000000 		.4byte	.LVL21
 1434 0131 98000000 		.4byte	.LVL22
 1435 0135 0D00     		.2byte	0xd
 1436 0137 74       		.byte	0x74
 1437 0138 7F       		.sleb128 -1
 1438 0139 74       		.byte	0x74
 1439 013a 7F       		.sleb128 -1
 1440 013b 31       		.byte	0x31
 1441 013c 24       		.byte	0x24
 1442 013d 22       		.byte	0x22
 1443 013e 31       		.byte	0x31
 1444 013f 24       		.byte	0x24
 1445 0140 75       		.byte	0x75
 1446 0141 00       		.sleb128 0
 1447 0142 22       		.byte	0x22
 1448 0143 9F       		.byte	0x9f
 1449 0144 00000000 		.4byte	0
 1450 0148 00000000 		.4byte	0
 1451              		.section	.debug_aranges,"",%progbits
 1452 0000 34000000 		.4byte	0x34
 1453 0004 0200     		.2byte	0x2
 1454 0006 00000000 		.4byte	.Ldebug_info0
 1455 000a 04       		.byte	0x4
 1456 000b 00       		.byte	0
 1457 000c 0000     		.2byte	0
 1458 000e 0000     		.2byte	0
 1459 0010 00000000 		.4byte	.LFB3
 1460 0014 36000000 		.4byte	.LFE3-.LFB3
 1461 0018 00000000 		.4byte	.LFB0
 1462 001c 0C000000 		.4byte	.LFE0-.LFB0
 1463 0020 00000000 		.4byte	.LFB4
 1464 0024 74000000 		.4byte	.LFE4-.LFB4
 1465 0028 74000000 		.4byte	.LFB6
 1466 002c B4000000 		.4byte	.LFE6-.LFB6
 1467 0030 00000000 		.4byte	0
 1468 0034 00000000 		.4byte	0
 1469              		.section	.debug_ranges,"",%progbits
 1470              	.Ldebug_ranges0:
 1471 0000 06000000 		.4byte	.LBB2
 1472 0004 0A000000 		.4byte	.LBE2
 1473 0008 0C000000 		.4byte	.LBB3
 1474 000c 2E000000 		.4byte	.LBE3
ARM GAS  C:\Users\egh35\AppData\Local\Temp\ccIPwqVr.s 			page 33


 1475 0010 00000000 		.4byte	0
 1476 0014 00000000 		.4byte	0
 1477 0018 7A000000 		.4byte	.LBB5
 1478 001c 7C000000 		.4byte	.LBE5
 1479 0020 7E000000 		.4byte	.LBB6
 1480 0024 94000000 		.4byte	.LBE6
 1481 0028 00000000 		.4byte	0
 1482 002c 00000000 		.4byte	0
 1483 0030 00000000 		.4byte	.LFB3
 1484 0034 36000000 		.4byte	.LFE3
 1485 0038 00000000 		.4byte	.LFB0
 1486 003c 0C000000 		.4byte	.LFE0
 1487 0040 00000000 		.4byte	.LFB4
 1488 0044 74000000 		.4byte	.LFE4
 1489 0048 74000000 		.4byte	.LFB6
 1490 004c 28010000 		.4byte	.LFE6
 1491 0050 00000000 		.4byte	0
 1492 0054 00000000 		.4byte	0
 1493              		.section	.debug_line,"",%progbits
 1494              	.Ldebug_line0:
 1495 0000 62010000 		.section	.debug_str,"MS",%progbits,1
 1495      0200D800 
 1495      00000201 
 1495      FB0E0D00 
 1495      01010101 
 1496              	.LASF18:
 1497 0000 72656733 		.ascii	"reg32\000"
 1497      3200
 1498              	.LASF11:
 1499 0006 73697A65 		.ascii	"size_t\000"
 1499      5F7400
 1500              	.LASF42:
 1501 000d 4379496E 		.ascii	"CyIntSetVector\000"
 1501      74536574 
 1501      56656374 
 1501      6F7200
 1502              	.LASF21:
 1503 001c 76616C75 		.ascii	"value\000"
 1503      6500
 1504              	.LASF26:
 1505 0022 636F756E 		.ascii	"count\000"
 1505      7400
 1506              	.LASF29:
 1507 0028 436C6F63 		.ascii	"ClockSetup\000"
 1507      6B536574 
 1507      757000
 1508              	.LASF30:
 1509 0033 63795F63 		.ascii	"cy_cfg_addr_table\000"
 1509      66675F61 
 1509      6464725F 
 1509      7461626C 
 1509      6500
 1510              	.LASF31:
 1511 0045 63795F63 		.ascii	"cy_cfg_data_table\000"
 1511      66675F64 
 1511      6174615F 
 1511      7461626C 
ARM GAS  C:\Users\egh35\AppData\Local\Temp\ccIPwqVr.s 			page 34


 1511      6500
 1512              	.LASF15:
 1513 0057 666C6F61 		.ascii	"float\000"
 1513      7400
 1514              	.LASF35:
 1515 005d 6366675F 		.ascii	"cfg_memset_list\000"
 1515      6D656D73 
 1515      65745F6C 
 1515      69737400 
 1516              	.LASF33:
 1517 006d 73697A65 		.ascii	"size\000"
 1517      00
 1518              	.LASF17:
 1519 0072 72656738 		.ascii	"reg8\000"
 1519      00
 1520              	.LASF6:
 1521 0077 6C6F6E67 		.ascii	"long unsigned int\000"
 1521      20756E73 
 1521      69676E65 
 1521      6420696E 
 1521      7400
 1522              	.LASF12:
 1523 0089 75696E74 		.ascii	"uint8\000"
 1523      3800
 1524              	.LASF28:
 1525 008f 43594D45 		.ascii	"CYMEMZERO\000"
 1525      4D5A4552 
 1525      4F00
 1526              	.LASF2:
 1527 0099 756E7369 		.ascii	"unsigned char\000"
 1527      676E6564 
 1527      20636861 
 1527      7200
 1528              	.LASF36:
 1529 00a7 6D656D73 		.ascii	"memset\000"
 1529      657400
 1530              	.LASF16:
 1531 00ae 646F7562 		.ascii	"double\000"
 1531      6C6500
 1532              	.LASF27:
 1533 00b5 6366675F 		.ascii	"cfg_write_bytes32\000"
 1533      77726974 
 1533      655F6279 
 1533      74657333 
 1533      3200
 1534              	.LASF43:
 1535 00c7 4379496E 		.ascii	"CyIntEnable\000"
 1535      74456E61 
 1535      626C6500 
 1536              	.LASF23:
 1537 00d3 61646472 		.ascii	"addr_table\000"
 1537      5F746162 
 1537      6C6500
 1538              	.LASF13:
 1539 00de 75696E74 		.ascii	"uint16\000"
 1539      313600
 1540              	.LASF24:
ARM GAS  C:\Users\egh35\AppData\Local\Temp\ccIPwqVr.s 			page 35


 1541 00e5 64617461 		.ascii	"data_table\000"
 1541      5F746162 
 1541      6C6500
 1542              	.LASF14:
 1543 00f0 75696E74 		.ascii	"uint32\000"
 1543      333200
 1544              	.LASF0:
 1545 00f7 756E7369 		.ascii	"unsigned int\000"
 1545      676E6564 
 1545      20696E74 
 1545      00
 1546              	.LASF41:
 1547 0104 63796669 		.ascii	"cyfitter_cfg\000"
 1547      74746572 
 1547      5F636667 
 1547      00
 1548              	.LASF32:
 1549 0111 61646472 		.ascii	"address\000"
 1549      65737300 
 1550              	.LASF8:
 1551 0119 6C6F6E67 		.ascii	"long long unsigned int\000"
 1551      206C6F6E 
 1551      6720756E 
 1551      7369676E 
 1551      65642069 
 1552              	.LASF38:
 1553 0130 474E5520 		.ascii	"GNU C 4.8.4 20140526 (release) [ARM/embedded-4_8-br"
 1553      4320342E 
 1553      382E3420 
 1553      32303134 
 1553      30353236 
 1554 0163 616E6368 		.ascii	"anch revision 211358] -mcpu=cortex-m0 -mthumb -g -O"
 1554      20726576 
 1554      6973696F 
 1554      6E203231 
 1554      31333538 
 1555 0196 67202D66 		.ascii	"g -ffunction-sections\000"
 1555      66756E63 
 1555      74696F6E 
 1555      2D736563 
 1555      74696F6E 
 1556              	.LASF19:
 1557 01ac 63796973 		.ascii	"cyisraddress\000"
 1557      72616464 
 1557      72657373 
 1557      00
 1558              	.LASF40:
 1559 01b9 453A5C73 		.ascii	"E:\\school\\ECEC304\\Lab55\\PWM.cydsn\000"
 1559      63686F6F 
 1559      6C5C4543 
 1559      45433330 
 1559      345C4C61 
 1560              	.LASF34:
 1561 01db 6366675F 		.ascii	"cfg_memset_t\000"
 1561      6D656D73 
 1561      65745F74 
 1561      00
ARM GAS  C:\Users\egh35\AppData\Local\Temp\ccIPwqVr.s 			page 36


 1562              	.LASF25:
 1563 01e8 62617365 		.ascii	"baseAddr\000"
 1563      41646472 
 1563      00
 1564              	.LASF9:
 1565 01f1 73697A65 		.ascii	"sizetype\000"
 1565      74797065 
 1565      00
 1566              	.LASF39:
 1567 01fa 2E5C4765 		.ascii	".\\Generated_Source\\PSoC4\\cyfitter_cfg.c\000"
 1567      6E657261 
 1567      7465645F 
 1567      536F7572 
 1567      63655C50 
 1568              	.LASF7:
 1569 0222 6C6F6E67 		.ascii	"long long int\000"
 1569      206C6F6E 
 1569      6720696E 
 1569      7400
 1570              	.LASF10:
 1571 0230 63686172 		.ascii	"char\000"
 1571      00
 1572              	.LASF22:
 1573 0235 63795F63 		.ascii	"cy_cfg_addrvalue_t\000"
 1573      66675F61 
 1573      64647276 
 1573      616C7565 
 1573      5F7400
 1574              	.LASF20:
 1575 0248 6F666673 		.ascii	"offset\000"
 1575      657400
 1576              	.LASF3:
 1577 024f 73686F72 		.ascii	"short int\000"
 1577      7420696E 
 1577      7400
 1578              	.LASF37:
 1579 0259 43795379 		.ascii	"CySysClkWriteImoFreq\000"
 1579      73436C6B 
 1579      57726974 
 1579      65496D6F 
 1579      46726571 
 1580              	.LASF5:
 1581 026e 6C6F6E67 		.ascii	"long int\000"
 1581      20696E74 
 1581      00
 1582              	.LASF1:
 1583 0277 7369676E 		.ascii	"signed char\000"
 1583      65642063 
 1583      68617200 
 1584              	.LASF4:
 1585 0283 73686F72 		.ascii	"short unsigned int\000"
 1585      7420756E 
 1585      7369676E 
 1585      65642069 
 1585      6E7400
 1586              		.ident	"GCC: (GNU Tools for ARM Embedded Processors) 4.8.4 20140526 (release) [ARM/embedded-4_8-br
