ARM GAS  C:\Users\egh35\AppData\Local\Temp\ccThPPZ6.s 			page 1


   1              		.cpu cortex-m0
   2              		.fpu softvfp
   3              		.eabi_attribute 20, 1
   4              		.eabi_attribute 21, 1
   5              		.eabi_attribute 23, 3
   6              		.eabi_attribute 24, 1
   7              		.eabi_attribute 25, 1
   8              		.eabi_attribute 26, 1
   9              		.eabi_attribute 30, 1
  10              		.eabi_attribute 34, 0
  11              		.eabi_attribute 18, 4
  12              		.code	16
  13              		.file	"main.c"
  14              		.text
  15              	.Ltext0:
  16              		.cfi_sections	.debug_frame
  17              		.section	.text.main,"ax",%progbits
  18              		.align	2
  19              		.global	main
  20              		.code	16
  21              		.thumb_func
  22              		.type	main, %function
  23              	main:
  24              	.LFB33:
  25              		.file 1 ".\\main.c"
   1:.\main.c      **** /* ========================================
   2:.\main.c      ****  *
   3:.\main.c      ****  * Copyright YOUR COMPANY, THE YEAR
   4:.\main.c      ****  * All Rights Reserved
   5:.\main.c      ****  * UNPUBLISHED, LICENSED SOFTWARE.
   6:.\main.c      ****  *
   7:.\main.c      ****  * CONFIDENTIAL AND PROPRIETARY INFORMATION
   8:.\main.c      ****  * WHICH IS THE PROPERTY OF your company.
   9:.\main.c      ****  *
  10:.\main.c      ****  * ========================================
  11:.\main.c      **** */
  12:.\main.c      **** #include <project.h>
  13:.\main.c      **** 
  14:.\main.c      **** int main()
  15:.\main.c      **** {
  26              		.loc 1 15 0
  27              		.cfi_startproc
  28 0000 70B5     		push	{r4, r5, r6, lr}
  29              		.cfi_def_cfa_offset 16
  30              		.cfi_offset 4, -16
  31              		.cfi_offset 5, -12
  32              		.cfi_offset 6, -8
  33              		.cfi_offset 14, -4
  16:.\main.c      ****     CyGlobalIntEnable; /* Enable global interrupts. */
  34              		.loc 1 16 0
  35              	@ 16 ".\main.c" 1
  36 0002 62B6     		CPSIE   i
  37              	@ 0 "" 2
  17:.\main.c      **** uint16 PWMCompare; 
  18:.\main.c      **** PWM_1_Start(); 
  38              		.loc 1 18 0
  39              		.code	16
ARM GAS  C:\Users\egh35\AppData\Local\Temp\ccThPPZ6.s 			page 2


  40 0004 FFF7FEFF 		bl	PWM_1_Start
  41              	.LVL0:
  19:.\main.c      ****     /* Place your initialization/startup code here (e.g. MyInst_Start()) */
  20:.\main.c      **** 
  21:.\main.c      ****     for(;;)
  22:.\main.c      ****     {
  23:.\main.c      ****         PWMCompare = PWMCompare + 1; 
  24:.\main.c      ****         if(PWMCompare >= 1000){
  42              		.loc 1 24 0
  43 0008 064D     		ldr	r5, .L5
  25:.\main.c      ****             PWMCompare = 0;
  44              		.loc 1 25 0
  45 000a 0026     		mov	r6, #0
  46              	.L3:
  47              	.LVL1:
  23:.\main.c      ****         PWMCompare = PWMCompare + 1; 
  48              		.loc 1 23 0
  49 000c 0134     		add	r4, r4, #1
  50              	.LVL2:
  51 000e A4B2     		uxth	r4, r4
  52              	.LVL3:
  24:.\main.c      ****         if(PWMCompare >= 1000){
  53              		.loc 1 24 0
  54 0010 AC42     		cmp	r4, r5
  55 0012 00D9     		bls	.L2
  56              		.loc 1 25 0
  57 0014 341C     		mov	r4, r6
  58              	.LVL4:
  59              	.L2:
  26:.\main.c      ****             
  27:.\main.c      ****         }
  28:.\main.c      ****         PWM_1_WriteCompare(PWMCompare);
  60              		.loc 1 28 0
  61 0016 201C     		mov	r0, r4
  62 0018 FFF7FEFF 		bl	PWM_1_WriteCompare
  63              	.LVL5:
  29:.\main.c      ****         CyDelay(1);
  64              		.loc 1 29 0
  65 001c 0120     		mov	r0, #1
  66 001e FFF7FEFF 		bl	CyDelay
  67              	.LVL6:
  30:.\main.c      ****         
  31:.\main.c      ****         /* Place your application code here. */
  32:.\main.c      ****     }
  68              		.loc 1 32 0
  69 0022 F3E7     		b	.L3
  70              	.L6:
  71              		.align	2
  72              	.L5:
  73 0024 E7030000 		.word	999
  74              		.cfi_endproc
  75              	.LFE33:
  76              		.size	main, .-main
  77              		.text
  78              	.Letext0:
  79              		.file 2 "Generated_Source\\PSoC4/cytypes.h"
  80              		.file 3 "Generated_Source\\PSoC4/PWM_1.h"
ARM GAS  C:\Users\egh35\AppData\Local\Temp\ccThPPZ6.s 			page 3


  81              		.file 4 "Generated_Source\\PSoC4/CyLib.h"
  82              		.section	.debug_info,"",%progbits
  83              	.Ldebug_info0:
  84 0000 16010000 		.4byte	0x116
  85 0004 0400     		.2byte	0x4
  86 0006 00000000 		.4byte	.Ldebug_abbrev0
  87 000a 04       		.byte	0x4
  88 000b 01       		.uleb128 0x1
  89 000c 06010000 		.4byte	.LASF15
  90 0010 01       		.byte	0x1
  91 0011 F6000000 		.4byte	.LASF16
  92 0015 27000000 		.4byte	.LASF17
  93 0019 00000000 		.4byte	.Ldebug_ranges0+0
  94 001d 00000000 		.4byte	0
  95 0021 00000000 		.4byte	.Ldebug_line0
  96 0025 02       		.uleb128 0x2
  97 0026 01       		.byte	0x1
  98 0027 06       		.byte	0x6
  99 0028 C5000000 		.4byte	.LASF0
 100 002c 02       		.uleb128 0x2
 101 002d 01       		.byte	0x1
 102 002e 08       		.byte	0x8
 103 002f 85000000 		.4byte	.LASF1
 104 0033 02       		.uleb128 0x2
 105 0034 02       		.byte	0x2
 106 0035 05       		.byte	0x5
 107 0036 A1000000 		.4byte	.LASF2
 108 003a 02       		.uleb128 0x2
 109 003b 02       		.byte	0x2
 110 003c 07       		.byte	0x7
 111 003d B2000000 		.4byte	.LASF3
 112 0041 02       		.uleb128 0x2
 113 0042 04       		.byte	0x4
 114 0043 05       		.byte	0x5
 115 0044 98000000 		.4byte	.LASF4
 116 0048 02       		.uleb128 0x2
 117 0049 04       		.byte	0x4
 118 004a 07       		.byte	0x7
 119 004b 51000000 		.4byte	.LASF5
 120 004f 02       		.uleb128 0x2
 121 0050 08       		.byte	0x8
 122 0051 05       		.byte	0x5
 123 0052 00000000 		.4byte	.LASF6
 124 0056 02       		.uleb128 0x2
 125 0057 08       		.byte	0x8
 126 0058 07       		.byte	0x7
 127 0059 6E000000 		.4byte	.LASF7
 128 005d 03       		.uleb128 0x3
 129 005e 04       		.byte	0x4
 130 005f 05       		.byte	0x5
 131 0060 696E7400 		.ascii	"int\000"
 132 0064 02       		.uleb128 0x2
 133 0065 04       		.byte	0x4
 134 0066 07       		.byte	0x7
 135 0067 15000000 		.4byte	.LASF8
 136 006b 04       		.uleb128 0x4
 137 006c FF000000 		.4byte	.LASF9
ARM GAS  C:\Users\egh35\AppData\Local\Temp\ccThPPZ6.s 			page 4


 138 0070 02       		.byte	0x2
 139 0071 C2       		.byte	0xc2
 140 0072 3A000000 		.4byte	0x3a
 141 0076 04       		.uleb128 0x4
 142 0077 0E000000 		.4byte	.LASF10
 143 007b 02       		.byte	0x2
 144 007c C3       		.byte	0xc3
 145 007d 48000000 		.4byte	0x48
 146 0081 02       		.uleb128 0x2
 147 0082 04       		.byte	0x4
 148 0083 04       		.byte	0x4
 149 0084 F0000000 		.4byte	.LASF11
 150 0088 02       		.uleb128 0x2
 151 0089 08       		.byte	0x8
 152 008a 04       		.byte	0x4
 153 008b AB000000 		.4byte	.LASF12
 154 008f 02       		.uleb128 0x2
 155 0090 01       		.byte	0x1
 156 0091 08       		.byte	0x8
 157 0092 93000000 		.4byte	.LASF13
 158 0096 02       		.uleb128 0x2
 159 0097 04       		.byte	0x4
 160 0098 07       		.byte	0x7
 161 0099 82010000 		.4byte	.LASF14
 162 009d 05       		.uleb128 0x5
 163 009e 22000000 		.4byte	.LASF18
 164 00a2 01       		.byte	0x1
 165 00a3 0E       		.byte	0xe
 166 00a4 5D000000 		.4byte	0x5d
 167 00a8 00000000 		.4byte	.LFB33
 168 00ac 28000000 		.4byte	.LFE33-.LFB33
 169 00b0 01       		.uleb128 0x1
 170 00b1 9C       		.byte	0x9c
 171 00b2 F2000000 		.4byte	0xf2
 172 00b6 06       		.uleb128 0x6
 173 00b7 63000000 		.4byte	.LASF19
 174 00bb 01       		.byte	0x1
 175 00bc 11       		.byte	0x11
 176 00bd 6B000000 		.4byte	0x6b
 177 00c1 00000000 		.4byte	.LLST0
 178 00c5 07       		.uleb128 0x7
 179 00c6 08000000 		.4byte	.LVL0
 180 00ca F2000000 		.4byte	0xf2
 181 00ce 08       		.uleb128 0x8
 182 00cf 1C000000 		.4byte	.LVL5
 183 00d3 FA000000 		.4byte	0xfa
 184 00d7 E2000000 		.4byte	0xe2
 185 00db 09       		.uleb128 0x9
 186 00dc 01       		.uleb128 0x1
 187 00dd 50       		.byte	0x50
 188 00de 02       		.uleb128 0x2
 189 00df 74       		.byte	0x74
 190 00e0 00       		.sleb128 0
 191 00e1 00       		.byte	0
 192 00e2 0A       		.uleb128 0xa
 193 00e3 22000000 		.4byte	.LVL6
 194 00e7 0C010000 		.4byte	0x10c
ARM GAS  C:\Users\egh35\AppData\Local\Temp\ccThPPZ6.s 			page 5


 195 00eb 09       		.uleb128 0x9
 196 00ec 01       		.uleb128 0x1
 197 00ed 50       		.byte	0x50
 198 00ee 01       		.uleb128 0x1
 199 00ef 31       		.byte	0x31
 200 00f0 00       		.byte	0
 201 00f1 00       		.byte	0
 202 00f2 0B       		.uleb128 0xb
 203 00f3 D1000000 		.4byte	.LASF20
 204 00f7 03       		.byte	0x3
 205 00f8 3101     		.2byte	0x131
 206 00fa 0C       		.uleb128 0xc
 207 00fb DD000000 		.4byte	.LASF21
 208 00ff 03       		.byte	0x3
 209 0100 5401     		.2byte	0x154
 210 0102 0C010000 		.4byte	0x10c
 211 0106 0D       		.uleb128 0xd
 212 0107 76000000 		.4byte	0x76
 213 010b 00       		.byte	0
 214 010c 0E       		.uleb128 0xe
 215 010d 49000000 		.4byte	.LASF22
 216 0111 04       		.byte	0x4
 217 0112 57       		.byte	0x57
 218 0113 0D       		.uleb128 0xd
 219 0114 76000000 		.4byte	0x76
 220 0118 00       		.byte	0
 221 0119 00       		.byte	0
 222              		.section	.debug_abbrev,"",%progbits
 223              	.Ldebug_abbrev0:
 224 0000 01       		.uleb128 0x1
 225 0001 11       		.uleb128 0x11
 226 0002 01       		.byte	0x1
 227 0003 25       		.uleb128 0x25
 228 0004 0E       		.uleb128 0xe
 229 0005 13       		.uleb128 0x13
 230 0006 0B       		.uleb128 0xb
 231 0007 03       		.uleb128 0x3
 232 0008 0E       		.uleb128 0xe
 233 0009 1B       		.uleb128 0x1b
 234 000a 0E       		.uleb128 0xe
 235 000b 55       		.uleb128 0x55
 236 000c 17       		.uleb128 0x17
 237 000d 11       		.uleb128 0x11
 238 000e 01       		.uleb128 0x1
 239 000f 10       		.uleb128 0x10
 240 0010 17       		.uleb128 0x17
 241 0011 00       		.byte	0
 242 0012 00       		.byte	0
 243 0013 02       		.uleb128 0x2
 244 0014 24       		.uleb128 0x24
 245 0015 00       		.byte	0
 246 0016 0B       		.uleb128 0xb
 247 0017 0B       		.uleb128 0xb
 248 0018 3E       		.uleb128 0x3e
 249 0019 0B       		.uleb128 0xb
 250 001a 03       		.uleb128 0x3
 251 001b 0E       		.uleb128 0xe
ARM GAS  C:\Users\egh35\AppData\Local\Temp\ccThPPZ6.s 			page 6


 252 001c 00       		.byte	0
 253 001d 00       		.byte	0
 254 001e 03       		.uleb128 0x3
 255 001f 24       		.uleb128 0x24
 256 0020 00       		.byte	0
 257 0021 0B       		.uleb128 0xb
 258 0022 0B       		.uleb128 0xb
 259 0023 3E       		.uleb128 0x3e
 260 0024 0B       		.uleb128 0xb
 261 0025 03       		.uleb128 0x3
 262 0026 08       		.uleb128 0x8
 263 0027 00       		.byte	0
 264 0028 00       		.byte	0
 265 0029 04       		.uleb128 0x4
 266 002a 16       		.uleb128 0x16
 267 002b 00       		.byte	0
 268 002c 03       		.uleb128 0x3
 269 002d 0E       		.uleb128 0xe
 270 002e 3A       		.uleb128 0x3a
 271 002f 0B       		.uleb128 0xb
 272 0030 3B       		.uleb128 0x3b
 273 0031 0B       		.uleb128 0xb
 274 0032 49       		.uleb128 0x49
 275 0033 13       		.uleb128 0x13
 276 0034 00       		.byte	0
 277 0035 00       		.byte	0
 278 0036 05       		.uleb128 0x5
 279 0037 2E       		.uleb128 0x2e
 280 0038 01       		.byte	0x1
 281 0039 3F       		.uleb128 0x3f
 282 003a 19       		.uleb128 0x19
 283 003b 03       		.uleb128 0x3
 284 003c 0E       		.uleb128 0xe
 285 003d 3A       		.uleb128 0x3a
 286 003e 0B       		.uleb128 0xb
 287 003f 3B       		.uleb128 0x3b
 288 0040 0B       		.uleb128 0xb
 289 0041 49       		.uleb128 0x49
 290 0042 13       		.uleb128 0x13
 291 0043 11       		.uleb128 0x11
 292 0044 01       		.uleb128 0x1
 293 0045 12       		.uleb128 0x12
 294 0046 06       		.uleb128 0x6
 295 0047 40       		.uleb128 0x40
 296 0048 18       		.uleb128 0x18
 297 0049 9742     		.uleb128 0x2117
 298 004b 19       		.uleb128 0x19
 299 004c 01       		.uleb128 0x1
 300 004d 13       		.uleb128 0x13
 301 004e 00       		.byte	0
 302 004f 00       		.byte	0
 303 0050 06       		.uleb128 0x6
 304 0051 34       		.uleb128 0x34
 305 0052 00       		.byte	0
 306 0053 03       		.uleb128 0x3
 307 0054 0E       		.uleb128 0xe
 308 0055 3A       		.uleb128 0x3a
ARM GAS  C:\Users\egh35\AppData\Local\Temp\ccThPPZ6.s 			page 7


 309 0056 0B       		.uleb128 0xb
 310 0057 3B       		.uleb128 0x3b
 311 0058 0B       		.uleb128 0xb
 312 0059 49       		.uleb128 0x49
 313 005a 13       		.uleb128 0x13
 314 005b 02       		.uleb128 0x2
 315 005c 17       		.uleb128 0x17
 316 005d 00       		.byte	0
 317 005e 00       		.byte	0
 318 005f 07       		.uleb128 0x7
 319 0060 898201   		.uleb128 0x4109
 320 0063 00       		.byte	0
 321 0064 11       		.uleb128 0x11
 322 0065 01       		.uleb128 0x1
 323 0066 31       		.uleb128 0x31
 324 0067 13       		.uleb128 0x13
 325 0068 00       		.byte	0
 326 0069 00       		.byte	0
 327 006a 08       		.uleb128 0x8
 328 006b 898201   		.uleb128 0x4109
 329 006e 01       		.byte	0x1
 330 006f 11       		.uleb128 0x11
 331 0070 01       		.uleb128 0x1
 332 0071 31       		.uleb128 0x31
 333 0072 13       		.uleb128 0x13
 334 0073 01       		.uleb128 0x1
 335 0074 13       		.uleb128 0x13
 336 0075 00       		.byte	0
 337 0076 00       		.byte	0
 338 0077 09       		.uleb128 0x9
 339 0078 8A8201   		.uleb128 0x410a
 340 007b 00       		.byte	0
 341 007c 02       		.uleb128 0x2
 342 007d 18       		.uleb128 0x18
 343 007e 9142     		.uleb128 0x2111
 344 0080 18       		.uleb128 0x18
 345 0081 00       		.byte	0
 346 0082 00       		.byte	0
 347 0083 0A       		.uleb128 0xa
 348 0084 898201   		.uleb128 0x4109
 349 0087 01       		.byte	0x1
 350 0088 11       		.uleb128 0x11
 351 0089 01       		.uleb128 0x1
 352 008a 31       		.uleb128 0x31
 353 008b 13       		.uleb128 0x13
 354 008c 00       		.byte	0
 355 008d 00       		.byte	0
 356 008e 0B       		.uleb128 0xb
 357 008f 2E       		.uleb128 0x2e
 358 0090 00       		.byte	0
 359 0091 3F       		.uleb128 0x3f
 360 0092 19       		.uleb128 0x19
 361 0093 03       		.uleb128 0x3
 362 0094 0E       		.uleb128 0xe
 363 0095 3A       		.uleb128 0x3a
 364 0096 0B       		.uleb128 0xb
 365 0097 3B       		.uleb128 0x3b
ARM GAS  C:\Users\egh35\AppData\Local\Temp\ccThPPZ6.s 			page 8


 366 0098 05       		.uleb128 0x5
 367 0099 27       		.uleb128 0x27
 368 009a 19       		.uleb128 0x19
 369 009b 3C       		.uleb128 0x3c
 370 009c 19       		.uleb128 0x19
 371 009d 00       		.byte	0
 372 009e 00       		.byte	0
 373 009f 0C       		.uleb128 0xc
 374 00a0 2E       		.uleb128 0x2e
 375 00a1 01       		.byte	0x1
 376 00a2 3F       		.uleb128 0x3f
 377 00a3 19       		.uleb128 0x19
 378 00a4 03       		.uleb128 0x3
 379 00a5 0E       		.uleb128 0xe
 380 00a6 3A       		.uleb128 0x3a
 381 00a7 0B       		.uleb128 0xb
 382 00a8 3B       		.uleb128 0x3b
 383 00a9 05       		.uleb128 0x5
 384 00aa 27       		.uleb128 0x27
 385 00ab 19       		.uleb128 0x19
 386 00ac 3C       		.uleb128 0x3c
 387 00ad 19       		.uleb128 0x19
 388 00ae 01       		.uleb128 0x1
 389 00af 13       		.uleb128 0x13
 390 00b0 00       		.byte	0
 391 00b1 00       		.byte	0
 392 00b2 0D       		.uleb128 0xd
 393 00b3 05       		.uleb128 0x5
 394 00b4 00       		.byte	0
 395 00b5 49       		.uleb128 0x49
 396 00b6 13       		.uleb128 0x13
 397 00b7 00       		.byte	0
 398 00b8 00       		.byte	0
 399 00b9 0E       		.uleb128 0xe
 400 00ba 2E       		.uleb128 0x2e
 401 00bb 01       		.byte	0x1
 402 00bc 3F       		.uleb128 0x3f
 403 00bd 19       		.uleb128 0x19
 404 00be 03       		.uleb128 0x3
 405 00bf 0E       		.uleb128 0xe
 406 00c0 3A       		.uleb128 0x3a
 407 00c1 0B       		.uleb128 0xb
 408 00c2 3B       		.uleb128 0x3b
 409 00c3 0B       		.uleb128 0xb
 410 00c4 27       		.uleb128 0x27
 411 00c5 19       		.uleb128 0x19
 412 00c6 3C       		.uleb128 0x3c
 413 00c7 19       		.uleb128 0x19
 414 00c8 00       		.byte	0
 415 00c9 00       		.byte	0
 416 00ca 00       		.byte	0
 417              		.section	.debug_loc,"",%progbits
 418              	.Ldebug_loc0:
 419              	.LLST0:
 420 0000 0C000000 		.4byte	.LVL1
 421 0004 0E000000 		.4byte	.LVL2
 422 0008 0100     		.2byte	0x1
ARM GAS  C:\Users\egh35\AppData\Local\Temp\ccThPPZ6.s 			page 9


 423 000a 54       		.byte	0x54
 424 000b 0E000000 		.4byte	.LVL2
 425 000f 10000000 		.4byte	.LVL3
 426 0013 0300     		.2byte	0x3
 427 0015 74       		.byte	0x74
 428 0016 7F       		.sleb128 -1
 429 0017 9F       		.byte	0x9f
 430 0018 10000000 		.4byte	.LVL3
 431 001c 28000000 		.4byte	.LFE33
 432 0020 0100     		.2byte	0x1
 433 0022 54       		.byte	0x54
 434 0023 00000000 		.4byte	0
 435 0027 00000000 		.4byte	0
 436              		.section	.debug_aranges,"",%progbits
 437 0000 1C000000 		.4byte	0x1c
 438 0004 0200     		.2byte	0x2
 439 0006 00000000 		.4byte	.Ldebug_info0
 440 000a 04       		.byte	0x4
 441 000b 00       		.byte	0
 442 000c 0000     		.2byte	0
 443 000e 0000     		.2byte	0
 444 0010 00000000 		.4byte	.LFB33
 445 0014 28000000 		.4byte	.LFE33-.LFB33
 446 0018 00000000 		.4byte	0
 447 001c 00000000 		.4byte	0
 448              		.section	.debug_ranges,"",%progbits
 449              	.Ldebug_ranges0:
 450 0000 00000000 		.4byte	.LFB33
 451 0004 28000000 		.4byte	.LFE33
 452 0008 00000000 		.4byte	0
 453 000c 00000000 		.4byte	0
 454              		.section	.debug_line,"",%progbits
 455              	.Ldebug_line0:
 456 0000 78000000 		.section	.debug_str,"MS",%progbits,1
 456      02005900 
 456      00000201 
 456      FB0E0D00 
 456      01010101 
 457              	.LASF6:
 458 0000 6C6F6E67 		.ascii	"long long int\000"
 458      206C6F6E 
 458      6720696E 
 458      7400
 459              	.LASF10:
 460 000e 75696E74 		.ascii	"uint32\000"
 460      333200
 461              	.LASF8:
 462 0015 756E7369 		.ascii	"unsigned int\000"
 462      676E6564 
 462      20696E74 
 462      00
 463              	.LASF18:
 464 0022 6D61696E 		.ascii	"main\000"
 464      00
 465              	.LASF17:
 466 0027 453A5C73 		.ascii	"E:\\school\\ECEC304\\Lab55\\PWM.cydsn\000"
 466      63686F6F 
ARM GAS  C:\Users\egh35\AppData\Local\Temp\ccThPPZ6.s 			page 10


 466      6C5C4543 
 466      45433330 
 466      345C4C61 
 467              	.LASF22:
 468 0049 43794465 		.ascii	"CyDelay\000"
 468      6C617900 
 469              	.LASF5:
 470 0051 6C6F6E67 		.ascii	"long unsigned int\000"
 470      20756E73 
 470      69676E65 
 470      6420696E 
 470      7400
 471              	.LASF19:
 472 0063 50574D43 		.ascii	"PWMCompare\000"
 472      6F6D7061 
 472      726500
 473              	.LASF7:
 474 006e 6C6F6E67 		.ascii	"long long unsigned int\000"
 474      206C6F6E 
 474      6720756E 
 474      7369676E 
 474      65642069 
 475              	.LASF1:
 476 0085 756E7369 		.ascii	"unsigned char\000"
 476      676E6564 
 476      20636861 
 476      7200
 477              	.LASF13:
 478 0093 63686172 		.ascii	"char\000"
 478      00
 479              	.LASF4:
 480 0098 6C6F6E67 		.ascii	"long int\000"
 480      20696E74 
 480      00
 481              	.LASF2:
 482 00a1 73686F72 		.ascii	"short int\000"
 482      7420696E 
 482      7400
 483              	.LASF12:
 484 00ab 646F7562 		.ascii	"double\000"
 484      6C6500
 485              	.LASF3:
 486 00b2 73686F72 		.ascii	"short unsigned int\000"
 486      7420756E 
 486      7369676E 
 486      65642069 
 486      6E7400
 487              	.LASF0:
 488 00c5 7369676E 		.ascii	"signed char\000"
 488      65642063 
 488      68617200 
 489              	.LASF20:
 490 00d1 50574D5F 		.ascii	"PWM_1_Start\000"
 490      315F5374 
 490      61727400 
 491              	.LASF21:
 492 00dd 50574D5F 		.ascii	"PWM_1_WriteCompare\000"
ARM GAS  C:\Users\egh35\AppData\Local\Temp\ccThPPZ6.s 			page 11


 492      315F5772 
 492      69746543 
 492      6F6D7061 
 492      726500
 493              	.LASF11:
 494 00f0 666C6F61 		.ascii	"float\000"
 494      7400
 495              	.LASF16:
 496 00f6 2E5C6D61 		.ascii	".\\main.c\000"
 496      696E2E63 
 496      00
 497              	.LASF9:
 498 00ff 75696E74 		.ascii	"uint16\000"
 498      313600
 499              	.LASF15:
 500 0106 474E5520 		.ascii	"GNU C 4.8.4 20140526 (release) [ARM/embedded-4_8-br"
 500      4320342E 
 500      382E3420 
 500      32303134 
 500      30353236 
 501 0139 616E6368 		.ascii	"anch revision 211358] -mcpu=cortex-m0 -mthumb -g -O"
 501      20726576 
 501      6973696F 
 501      6E203231 
 501      31333538 
 502 016c 67202D66 		.ascii	"g -ffunction-sections\000"
 502      66756E63 
 502      74696F6E 
 502      2D736563 
 502      74696F6E 
 503              	.LASF14:
 504 0182 73697A65 		.ascii	"sizetype\000"
 504      74797065 
 504      00
 505              		.ident	"GCC: (GNU Tools for ARM Embedded Processors) 4.8.4 20140526 (release) [ARM/embedded-4_8-br
