--------------- Build Started: 03/01/2016 15:06:54 Project: DebounceA, Configuration: ARM GCC 4.8.4 Debug ---------------
cydsfit.exe -.appdatapath "C:\Users\egh35\AppData\Local\Cypress Semiconductor\PSoC Creator\3.2" -.fdsnotice -.fdswarpdepfile=warp_dependencies.txt -.fdselabdepfile=elab_dependencies.txt -.fdsbldfile=generated_files.txt -p E:\school\ECEC304\Lab6\DebounceA.cydsn\DebounceA.cyprj -d CY8C4245AXI-483 -s E:\school\ECEC304\Lab6\DebounceA.cydsn\Generated_Source\PSoC4 -- -yv2 -q10 -ygs -o2 -v3 -.fftcfgtype=LE
Elaborating Design...
HDL Generation ...
Synthesis ...
Place and Route ...
Tech mapping ...
Analog Placement ...
Analog Routing ...
Analog Code Generation ...
Digital Placement ...
Digital Routing ...
Bitstream Generation ...
Static timing analysis ...
API Generation ...
Dependency Generation ...
Clean Temporary Files ...
The compile step is up to date, no work needs to be done.
The link step is up to date, no work needs to be done.
cyelftool.exe -C E:\school\ECEC304\Lab6\DebounceA.cydsn\CortexM0\ARM_GCC_484\Debug\DebounceA.elf --flash_row_size 128 --flash_size 32768
cyelftool.exe -S E:\school\ECEC304\Lab6\DebounceA.cydsn\CortexM0\ARM_GCC_484\Debug\DebounceA.elf
Flash used: 5632 of 32768 bytes (17.2 %).
SRAM used: 1548 of 4096 bytes (37.8 %). Stack: 1024 bytes. Heap: 128 bytes.
--------------- Build Succeeded: 03/01/2016 15:07:18 ---------------
