ARM GAS  C:\Users\egh35\AppData\Local\Temp\ccBrt3N4.s 			page 1


   1              		.cpu cortex-m0
   2              		.fpu softvfp
   3              		.eabi_attribute 20, 1
   4              		.eabi_attribute 21, 1
   5              		.eabi_attribute 23, 3
   6              		.eabi_attribute 24, 1
   7              		.eabi_attribute 25, 1
   8              		.eabi_attribute 26, 1
   9              		.eabi_attribute 30, 1
  10              		.eabi_attribute 34, 0
  11              		.eabi_attribute 18, 4
  12              		.code	16
  13              		.file	"cyfitter_cfg.c"
  14              		.text
  15              	.Ltext0:
  16              		.cfi_sections	.debug_frame
  17              		.section	.text.cfg_write_bytes32,"ax",%progbits
  18              		.align	2
  19              		.code	16
  20              		.thumb_func
  21              		.type	cfg_write_bytes32, %function
  22              	cfg_write_bytes32:
  23              	.LFB3:
  24              		.file 1 ".\\Generated_Source\\PSoC4\\cyfitter_cfg.c"
   1:.\Generated_Source\PSoC4/cyfitter_cfg.c **** /*******************************************************************************
   2:.\Generated_Source\PSoC4/cyfitter_cfg.c **** * FILENAME: cyfitter_cfg.c
   3:.\Generated_Source\PSoC4/cyfitter_cfg.c **** * 
   4:.\Generated_Source\PSoC4/cyfitter_cfg.c **** * PSoC Creator  3.2 SP1
   5:.\Generated_Source\PSoC4/cyfitter_cfg.c **** *
   6:.\Generated_Source\PSoC4/cyfitter_cfg.c **** * DESCRIPTION:
   7:.\Generated_Source\PSoC4/cyfitter_cfg.c **** * This file contains device initialization code.
   8:.\Generated_Source\PSoC4/cyfitter_cfg.c **** * Except for the user defined sections in CyClockStartupError(), this file should not be modified.
   9:.\Generated_Source\PSoC4/cyfitter_cfg.c **** * This file is automatically generated by PSoC Creator.
  10:.\Generated_Source\PSoC4/cyfitter_cfg.c **** *
  11:.\Generated_Source\PSoC4/cyfitter_cfg.c **** ********************************************************************************
  12:.\Generated_Source\PSoC4/cyfitter_cfg.c **** * Copyright (c) 2007-2015 Cypress Semiconductor.  All rights reserved.
  13:.\Generated_Source\PSoC4/cyfitter_cfg.c **** * You may use this file only in accordance with the license, terms, conditions, 
  14:.\Generated_Source\PSoC4/cyfitter_cfg.c **** * disclaimers, and limitations in the end user license agreement accompanying 
  15:.\Generated_Source\PSoC4/cyfitter_cfg.c **** * the software package with which this file was provided.
  16:.\Generated_Source\PSoC4/cyfitter_cfg.c **** ********************************************************************************/
  17:.\Generated_Source\PSoC4/cyfitter_cfg.c **** 
  18:.\Generated_Source\PSoC4/cyfitter_cfg.c **** #include <string.h>
  19:.\Generated_Source\PSoC4/cyfitter_cfg.c **** #include "cytypes.h"
  20:.\Generated_Source\PSoC4/cyfitter_cfg.c **** #include "cydevice_trm.h"
  21:.\Generated_Source\PSoC4/cyfitter_cfg.c **** #include "cyfitter.h"
  22:.\Generated_Source\PSoC4/cyfitter_cfg.c **** #include "CyLib.h"
  23:.\Generated_Source\PSoC4/cyfitter_cfg.c **** #include "CyLFClk.h"
  24:.\Generated_Source\PSoC4/cyfitter_cfg.c **** #include "cyfitter_cfg.h"
  25:.\Generated_Source\PSoC4/cyfitter_cfg.c **** 
  26:.\Generated_Source\PSoC4/cyfitter_cfg.c **** 
  27:.\Generated_Source\PSoC4/cyfitter_cfg.c **** #if defined(__GNUC__) || defined(__ARMCC_VERSION)
  28:.\Generated_Source\PSoC4/cyfitter_cfg.c ****     #define CYPACKED 
  29:.\Generated_Source\PSoC4/cyfitter_cfg.c ****     #define CYPACKED_ATTR __attribute__ ((packed))
  30:.\Generated_Source\PSoC4/cyfitter_cfg.c ****     #define CYALIGNED __attribute__ ((aligned))
  31:.\Generated_Source\PSoC4/cyfitter_cfg.c ****     #define CY_CFG_UNUSED __attribute__ ((unused))
  32:.\Generated_Source\PSoC4/cyfitter_cfg.c ****     #define CY_CFG_SECTION __attribute__ ((section(".psocinit")))
  33:.\Generated_Source\PSoC4/cyfitter_cfg.c ****     
ARM GAS  C:\Users\egh35\AppData\Local\Temp\ccBrt3N4.s 			page 2


  34:.\Generated_Source\PSoC4/cyfitter_cfg.c ****     #if defined(__ARMCC_VERSION)
  35:.\Generated_Source\PSoC4/cyfitter_cfg.c ****         #define CY_CFG_MEMORY_BARRIER() __memory_changed()
  36:.\Generated_Source\PSoC4/cyfitter_cfg.c ****     #else
  37:.\Generated_Source\PSoC4/cyfitter_cfg.c ****         #define CY_CFG_MEMORY_BARRIER() __sync_synchronize()
  38:.\Generated_Source\PSoC4/cyfitter_cfg.c ****     #endif
  39:.\Generated_Source\PSoC4/cyfitter_cfg.c ****     
  40:.\Generated_Source\PSoC4/cyfitter_cfg.c **** #elif defined(__ICCARM__)
  41:.\Generated_Source\PSoC4/cyfitter_cfg.c ****     #include <intrinsics.h>
  42:.\Generated_Source\PSoC4/cyfitter_cfg.c **** 
  43:.\Generated_Source\PSoC4/cyfitter_cfg.c ****     #define CYPACKED __packed
  44:.\Generated_Source\PSoC4/cyfitter_cfg.c ****     #define CYPACKED_ATTR 
  45:.\Generated_Source\PSoC4/cyfitter_cfg.c ****     #define CYALIGNED _Pragma("data_alignment=4")
  46:.\Generated_Source\PSoC4/cyfitter_cfg.c ****     #define CY_CFG_UNUSED _Pragma("diag_suppress=Pe177")
  47:.\Generated_Source\PSoC4/cyfitter_cfg.c ****     #define CY_CFG_SECTION _Pragma("location=\".psocinit\"")
  48:.\Generated_Source\PSoC4/cyfitter_cfg.c ****     
  49:.\Generated_Source\PSoC4/cyfitter_cfg.c ****     #define CY_CFG_MEMORY_BARRIER() __DMB()
  50:.\Generated_Source\PSoC4/cyfitter_cfg.c ****     
  51:.\Generated_Source\PSoC4/cyfitter_cfg.c **** #else
  52:.\Generated_Source\PSoC4/cyfitter_cfg.c ****     #error Unsupported toolchain
  53:.\Generated_Source\PSoC4/cyfitter_cfg.c **** #endif
  54:.\Generated_Source\PSoC4/cyfitter_cfg.c **** 
  55:.\Generated_Source\PSoC4/cyfitter_cfg.c **** 
  56:.\Generated_Source\PSoC4/cyfitter_cfg.c **** CY_CFG_UNUSED
  57:.\Generated_Source\PSoC4/cyfitter_cfg.c **** static void CYMEMZERO(void *s, size_t n);
  58:.\Generated_Source\PSoC4/cyfitter_cfg.c **** CY_CFG_UNUSED
  59:.\Generated_Source\PSoC4/cyfitter_cfg.c **** static void CYMEMZERO(void *s, size_t n)
  60:.\Generated_Source\PSoC4/cyfitter_cfg.c **** {
  61:.\Generated_Source\PSoC4/cyfitter_cfg.c **** 	(void)memset(s, 0, n);
  62:.\Generated_Source\PSoC4/cyfitter_cfg.c **** }
  63:.\Generated_Source\PSoC4/cyfitter_cfg.c **** CY_CFG_UNUSED
  64:.\Generated_Source\PSoC4/cyfitter_cfg.c **** static void CYCONFIGCPY(void *dest, const void *src, size_t n);
  65:.\Generated_Source\PSoC4/cyfitter_cfg.c **** CY_CFG_UNUSED
  66:.\Generated_Source\PSoC4/cyfitter_cfg.c **** static void CYCONFIGCPY(void *dest, const void *src, size_t n)
  67:.\Generated_Source\PSoC4/cyfitter_cfg.c **** {
  68:.\Generated_Source\PSoC4/cyfitter_cfg.c **** 	(void)memcpy(dest, src, n);
  69:.\Generated_Source\PSoC4/cyfitter_cfg.c **** }
  70:.\Generated_Source\PSoC4/cyfitter_cfg.c **** CY_CFG_UNUSED
  71:.\Generated_Source\PSoC4/cyfitter_cfg.c **** static void CYCONFIGCPYCODE(void *dest, const void *src, size_t n);
  72:.\Generated_Source\PSoC4/cyfitter_cfg.c **** CY_CFG_UNUSED
  73:.\Generated_Source\PSoC4/cyfitter_cfg.c **** static void CYCONFIGCPYCODE(void *dest, const void *src, size_t n)
  74:.\Generated_Source\PSoC4/cyfitter_cfg.c **** {
  75:.\Generated_Source\PSoC4/cyfitter_cfg.c **** 	(void)memcpy(dest, src, n);
  76:.\Generated_Source\PSoC4/cyfitter_cfg.c **** }
  77:.\Generated_Source\PSoC4/cyfitter_cfg.c **** 
  78:.\Generated_Source\PSoC4/cyfitter_cfg.c **** 
  79:.\Generated_Source\PSoC4/cyfitter_cfg.c **** 
  80:.\Generated_Source\PSoC4/cyfitter_cfg.c **** /* Clock startup error codes                                                   */
  81:.\Generated_Source\PSoC4/cyfitter_cfg.c **** #define CYCLOCKSTART_NO_ERROR    0u
  82:.\Generated_Source\PSoC4/cyfitter_cfg.c **** #define CYCLOCKSTART_XTAL_ERROR  1u
  83:.\Generated_Source\PSoC4/cyfitter_cfg.c **** #define CYCLOCKSTART_32KHZ_ERROR 2u
  84:.\Generated_Source\PSoC4/cyfitter_cfg.c **** #define CYCLOCKSTART_PLL_ERROR   3u
  85:.\Generated_Source\PSoC4/cyfitter_cfg.c **** 
  86:.\Generated_Source\PSoC4/cyfitter_cfg.c **** #ifdef CY_NEED_CYCLOCKSTARTUPERROR
  87:.\Generated_Source\PSoC4/cyfitter_cfg.c **** /*******************************************************************************
  88:.\Generated_Source\PSoC4/cyfitter_cfg.c **** * Function Name: CyClockStartupError
  89:.\Generated_Source\PSoC4/cyfitter_cfg.c **** ********************************************************************************
  90:.\Generated_Source\PSoC4/cyfitter_cfg.c **** * Summary:
ARM GAS  C:\Users\egh35\AppData\Local\Temp\ccBrt3N4.s 			page 3


  91:.\Generated_Source\PSoC4/cyfitter_cfg.c **** *  If an error is encountered during clock configuration (crystal startup error,
  92:.\Generated_Source\PSoC4/cyfitter_cfg.c **** *  PLL lock error, etc.), the system will end up here.  Unless reimplemented by
  93:.\Generated_Source\PSoC4/cyfitter_cfg.c **** *  the customer, this function will stop in an infinite loop.
  94:.\Generated_Source\PSoC4/cyfitter_cfg.c **** *
  95:.\Generated_Source\PSoC4/cyfitter_cfg.c **** * Parameters:
  96:.\Generated_Source\PSoC4/cyfitter_cfg.c **** *   void
  97:.\Generated_Source\PSoC4/cyfitter_cfg.c **** *
  98:.\Generated_Source\PSoC4/cyfitter_cfg.c **** * Return:
  99:.\Generated_Source\PSoC4/cyfitter_cfg.c **** *   void
 100:.\Generated_Source\PSoC4/cyfitter_cfg.c **** *
 101:.\Generated_Source\PSoC4/cyfitter_cfg.c **** *******************************************************************************/
 102:.\Generated_Source\PSoC4/cyfitter_cfg.c **** CY_CFG_UNUSED
 103:.\Generated_Source\PSoC4/cyfitter_cfg.c **** static void CyClockStartupError(uint8 errorCode);
 104:.\Generated_Source\PSoC4/cyfitter_cfg.c **** CY_CFG_UNUSED
 105:.\Generated_Source\PSoC4/cyfitter_cfg.c **** static void CyClockStartupError(uint8 errorCode)
 106:.\Generated_Source\PSoC4/cyfitter_cfg.c **** {
 107:.\Generated_Source\PSoC4/cyfitter_cfg.c ****     /* To remove the compiler warning if errorCode not used.                */
 108:.\Generated_Source\PSoC4/cyfitter_cfg.c ****     errorCode = errorCode;
 109:.\Generated_Source\PSoC4/cyfitter_cfg.c **** 
 110:.\Generated_Source\PSoC4/cyfitter_cfg.c ****     /* `#START CyClockStartupError` */
 111:.\Generated_Source\PSoC4/cyfitter_cfg.c **** 
 112:.\Generated_Source\PSoC4/cyfitter_cfg.c ****     /* If we have a clock startup error (bad MHz crystal, PLL lock, etc.),  */
 113:.\Generated_Source\PSoC4/cyfitter_cfg.c ****     /* we will end up here to allow the customer to implement something to  */
 114:.\Generated_Source\PSoC4/cyfitter_cfg.c ****     /* deal with the clock condition.                                       */
 115:.\Generated_Source\PSoC4/cyfitter_cfg.c **** 
 116:.\Generated_Source\PSoC4/cyfitter_cfg.c ****     /* `#END` */
 117:.\Generated_Source\PSoC4/cyfitter_cfg.c **** 
 118:.\Generated_Source\PSoC4/cyfitter_cfg.c ****     /* If nothing else, stop here since the clocks have not started         */
 119:.\Generated_Source\PSoC4/cyfitter_cfg.c ****     /* correctly.                                                           */
 120:.\Generated_Source\PSoC4/cyfitter_cfg.c ****     while(1) {}
 121:.\Generated_Source\PSoC4/cyfitter_cfg.c **** }
 122:.\Generated_Source\PSoC4/cyfitter_cfg.c **** #endif
 123:.\Generated_Source\PSoC4/cyfitter_cfg.c **** 
 124:.\Generated_Source\PSoC4/cyfitter_cfg.c **** #define CY_CFG_BASE_ADDR_COUNT 4u
 125:.\Generated_Source\PSoC4/cyfitter_cfg.c **** CYPACKED typedef struct
 126:.\Generated_Source\PSoC4/cyfitter_cfg.c **** {
 127:.\Generated_Source\PSoC4/cyfitter_cfg.c **** 	uint8 offset;
 128:.\Generated_Source\PSoC4/cyfitter_cfg.c **** 	uint8 value;
 129:.\Generated_Source\PSoC4/cyfitter_cfg.c **** } CYPACKED_ATTR cy_cfg_addrvalue_t;
 130:.\Generated_Source\PSoC4/cyfitter_cfg.c **** 
 131:.\Generated_Source\PSoC4/cyfitter_cfg.c **** 
 132:.\Generated_Source\PSoC4/cyfitter_cfg.c **** 
 133:.\Generated_Source\PSoC4/cyfitter_cfg.c **** /*******************************************************************************
 134:.\Generated_Source\PSoC4/cyfitter_cfg.c **** * Function Name: cfg_write_bytes32
 135:.\Generated_Source\PSoC4/cyfitter_cfg.c **** ********************************************************************************
 136:.\Generated_Source\PSoC4/cyfitter_cfg.c **** * Summary:
 137:.\Generated_Source\PSoC4/cyfitter_cfg.c **** *  This function is used for setting up the chip configuration areas that
 138:.\Generated_Source\PSoC4/cyfitter_cfg.c **** *  contain relatively sparse data.
 139:.\Generated_Source\PSoC4/cyfitter_cfg.c **** *
 140:.\Generated_Source\PSoC4/cyfitter_cfg.c **** * Parameters:
 141:.\Generated_Source\PSoC4/cyfitter_cfg.c **** *   void
 142:.\Generated_Source\PSoC4/cyfitter_cfg.c **** *
 143:.\Generated_Source\PSoC4/cyfitter_cfg.c **** * Return:
 144:.\Generated_Source\PSoC4/cyfitter_cfg.c **** *   void
 145:.\Generated_Source\PSoC4/cyfitter_cfg.c **** *
 146:.\Generated_Source\PSoC4/cyfitter_cfg.c **** *******************************************************************************/
 147:.\Generated_Source\PSoC4/cyfitter_cfg.c **** static void cfg_write_bytes32(const uint32 addr_table[], const cy_cfg_addrvalue_t data_table[]);
ARM GAS  C:\Users\egh35\AppData\Local\Temp\ccBrt3N4.s 			page 4


 148:.\Generated_Source\PSoC4/cyfitter_cfg.c **** static void cfg_write_bytes32(const uint32 addr_table[], const cy_cfg_addrvalue_t data_table[])
 149:.\Generated_Source\PSoC4/cyfitter_cfg.c **** {
  25              		.loc 1 149 0
  26              		.cfi_startproc
  27              	.LVL0:
  28 0000 F0B5     		push	{r4, r5, r6, r7, lr}
  29              		.cfi_def_cfa_offset 20
  30              		.cfi_offset 4, -20
  31              		.cfi_offset 5, -16
  32              		.cfi_offset 6, -12
  33              		.cfi_offset 7, -8
  34              		.cfi_offset 14, -4
  35              	.LVL1:
 150:.\Generated_Source\PSoC4/cyfitter_cfg.c **** 	/* For 32-bit little-endian architectures */
 151:.\Generated_Source\PSoC4/cyfitter_cfg.c **** 	uint32 i, j = 0u;
  36              		.loc 1 151 0
  37 0002 0022     		mov	r2, #0
 152:.\Generated_Source\PSoC4/cyfitter_cfg.c **** 	for (i = 0u; i < CY_CFG_BASE_ADDR_COUNT; i++)
  38              		.loc 1 152 0
  39 0004 0027     		mov	r7, #0
  40              	.LBB2:
 153:.\Generated_Source\PSoC4/cyfitter_cfg.c **** 	{
 154:.\Generated_Source\PSoC4/cyfitter_cfg.c **** 		uint32 baseAddr = addr_table[i];
 155:.\Generated_Source\PSoC4/cyfitter_cfg.c **** 		uint8 count = (uint8)baseAddr;
 156:.\Generated_Source\PSoC4/cyfitter_cfg.c **** 		baseAddr &= 0xFFFFFF00u;
  41              		.loc 1 156 0
  42 0006 FF23     		mov	r3, #255
  43 0008 9C46     		mov	ip, r3
  44              	.LBE2:
 152:.\Generated_Source\PSoC4/cyfitter_cfg.c **** 	for (i = 0u; i < CY_CFG_BASE_ADDR_COUNT; i++)
  45              		.loc 1 152 0
  46 000a 11E0     		b	.L2
  47              	.LVL2:
  48              	.L5:
  49              	.LBB3:
 154:.\Generated_Source\PSoC4/cyfitter_cfg.c **** 		uint32 baseAddr = addr_table[i];
  50              		.loc 1 154 0
  51 000c BB00     		lsl	r3, r7, #2
  52 000e C658     		ldr	r6, [r0, r3]
  53              	.LVL3:
 155:.\Generated_Source\PSoC4/cyfitter_cfg.c **** 		uint8 count = (uint8)baseAddr;
  54              		.loc 1 155 0
  55 0010 F3B2     		uxtb	r3, r6
  56              	.LVL4:
  57              		.loc 1 156 0
  58 0012 6446     		mov	r4, ip
  59 0014 A643     		bic	r6, r4
  60              	.LVL5:
 157:.\Generated_Source\PSoC4/cyfitter_cfg.c **** 		while (count != 0u)
  61              		.loc 1 157 0
  62 0016 08E0     		b	.L3
  63              	.L4:
 158:.\Generated_Source\PSoC4/cyfitter_cfg.c **** 		{
 159:.\Generated_Source\PSoC4/cyfitter_cfg.c **** 			CY_SET_XTND_REG8((void CYFAR *)(baseAddr + data_table[j].offset), data_table[j].value);
  64              		.loc 1 159 0
  65 0018 5400     		lsl	r4, r2, #1
  66 001a 0C19     		add	r4, r1, r4
ARM GAS  C:\Users\egh35\AppData\Local\Temp\ccBrt3N4.s 			page 5


  67 001c 2578     		ldrb	r5, [r4]
  68 001e AD19     		add	r5, r5, r6
  69 0020 6478     		ldrb	r4, [r4, #1]
  70 0022 2C70     		strb	r4, [r5]
 160:.\Generated_Source\PSoC4/cyfitter_cfg.c **** 			j++;
  71              		.loc 1 160 0
  72 0024 0132     		add	r2, r2, #1
  73              	.LVL6:
 161:.\Generated_Source\PSoC4/cyfitter_cfg.c **** 			count--;
  74              		.loc 1 161 0
  75 0026 013B     		sub	r3, r3, #1
  76              	.LVL7:
  77 0028 DBB2     		uxtb	r3, r3
  78              	.LVL8:
  79              	.L3:
 157:.\Generated_Source\PSoC4/cyfitter_cfg.c **** 		while (count != 0u)
  80              		.loc 1 157 0 discriminator 1
  81 002a 002B     		cmp	r3, #0
  82 002c F4D1     		bne	.L4
  83              	.LBE3:
 152:.\Generated_Source\PSoC4/cyfitter_cfg.c **** 	for (i = 0u; i < CY_CFG_BASE_ADDR_COUNT; i++)
  84              		.loc 1 152 0
  85 002e 0137     		add	r7, r7, #1
  86              	.LVL9:
  87              	.L2:
 152:.\Generated_Source\PSoC4/cyfitter_cfg.c **** 	for (i = 0u; i < CY_CFG_BASE_ADDR_COUNT; i++)
  88              		.loc 1 152 0 is_stmt 0 discriminator 1
  89 0030 032F     		cmp	r7, #3
  90 0032 EBD9     		bls	.L5
 162:.\Generated_Source\PSoC4/cyfitter_cfg.c **** 		}
 163:.\Generated_Source\PSoC4/cyfitter_cfg.c **** 	}
 164:.\Generated_Source\PSoC4/cyfitter_cfg.c **** }
  91              		.loc 1 164 0 is_stmt 1
  92              		@ sp needed
  93              	.LVL10:
  94 0034 F0BD     		pop	{r4, r5, r6, r7, pc}
  95              		.cfi_endproc
  96              	.LFE3:
  97              		.size	cfg_write_bytes32, .-cfg_write_bytes32
  98 0036 C046     		.section	.text.CYMEMZERO,"ax",%progbits
  99              		.align	2
 100              		.code	16
 101              		.thumb_func
 102              		.type	CYMEMZERO, %function
 103              	CYMEMZERO:
 104              	.LFB0:
  60:.\Generated_Source\PSoC4/cyfitter_cfg.c **** {
 105              		.loc 1 60 0
 106              		.cfi_startproc
 107              	.LVL11:
 108 0000 08B5     		push	{r3, lr}
 109              		.cfi_def_cfa_offset 8
 110              		.cfi_offset 3, -8
 111              		.cfi_offset 14, -4
 112 0002 0A1C     		mov	r2, r1
  61:.\Generated_Source\PSoC4/cyfitter_cfg.c **** 	(void)memset(s, 0, n);
 113              		.loc 1 61 0
ARM GAS  C:\Users\egh35\AppData\Local\Temp\ccBrt3N4.s 			page 6


 114 0004 0021     		mov	r1, #0
 115              	.LVL12:
 116 0006 FFF7FEFF 		bl	memset
 117              	.LVL13:
  62:.\Generated_Source\PSoC4/cyfitter_cfg.c **** }
 118              		.loc 1 62 0
 119              		@ sp needed
 120 000a 08BD     		pop	{r3, pc}
 121              		.cfi_endproc
 122              	.LFE0:
 123              		.size	CYMEMZERO, .-CYMEMZERO
 124              		.section	.psocinit,"ax",%progbits
 125              		.align	2
 126              		.code	16
 127              		.thumb_func
 128              		.type	ClockSetup, %function
 129              	ClockSetup:
 130              	.LFB4:
 165:.\Generated_Source\PSoC4/cyfitter_cfg.c **** 
 166:.\Generated_Source\PSoC4/cyfitter_cfg.c **** 
 167:.\Generated_Source\PSoC4/cyfitter_cfg.c **** /*******************************************************************************
 168:.\Generated_Source\PSoC4/cyfitter_cfg.c **** * Function Name: ClockSetup
 169:.\Generated_Source\PSoC4/cyfitter_cfg.c **** ********************************************************************************
 170:.\Generated_Source\PSoC4/cyfitter_cfg.c **** *
 171:.\Generated_Source\PSoC4/cyfitter_cfg.c **** * Summary:
 172:.\Generated_Source\PSoC4/cyfitter_cfg.c **** *   Performs the initialization of all of the clocks in the device based on the
 173:.\Generated_Source\PSoC4/cyfitter_cfg.c **** *   settings in the Clock tab of the DWR.  This includes enabling the requested
 174:.\Generated_Source\PSoC4/cyfitter_cfg.c **** *   clocks and setting the necessary dividers to produce the desired frequency. 
 175:.\Generated_Source\PSoC4/cyfitter_cfg.c **** *
 176:.\Generated_Source\PSoC4/cyfitter_cfg.c **** * Parameters:
 177:.\Generated_Source\PSoC4/cyfitter_cfg.c **** *   void
 178:.\Generated_Source\PSoC4/cyfitter_cfg.c **** *
 179:.\Generated_Source\PSoC4/cyfitter_cfg.c **** * Return:
 180:.\Generated_Source\PSoC4/cyfitter_cfg.c **** *   void
 181:.\Generated_Source\PSoC4/cyfitter_cfg.c **** *
 182:.\Generated_Source\PSoC4/cyfitter_cfg.c **** *******************************************************************************/
 183:.\Generated_Source\PSoC4/cyfitter_cfg.c **** static void ClockSetup(void);
 184:.\Generated_Source\PSoC4/cyfitter_cfg.c **** CY_CFG_SECTION
 185:.\Generated_Source\PSoC4/cyfitter_cfg.c **** static void ClockSetup(void)
 186:.\Generated_Source\PSoC4/cyfitter_cfg.c **** {
 131              		.loc 1 186 0
 132              		.cfi_startproc
 133 0000 10B5     		push	{r4, lr}
 134              		.cfi_def_cfa_offset 8
 135              		.cfi_offset 4, -8
 136              		.cfi_offset 14, -4
 187:.\Generated_Source\PSoC4/cyfitter_cfg.c **** 	/* Enable HALF_EN before trimming for the flash accelerator. */
 188:.\Generated_Source\PSoC4/cyfitter_cfg.c **** 	CY_SET_REG32((void CYXDATA *)(CYREG_CLK_SELECT), (CY_GET_REG32((void *)CYREG_CLK_SELECT) | 0x00040
 137              		.loc 1 188 0
 138 0002 154C     		ldr	r4, .L8
 139 0004 2268     		ldr	r2, [r4]
 140 0006 8023     		mov	r3, #128
 141 0008 DB02     		lsl	r3, r3, #11
 142 000a 1343     		orr	r3, r2
 143 000c 2360     		str	r3, [r4]
 189:.\Generated_Source\PSoC4/cyfitter_cfg.c **** 
 190:.\Generated_Source\PSoC4/cyfitter_cfg.c **** 	/* Setup and trim IMO based on desired frequency. */
ARM GAS  C:\Users\egh35\AppData\Local\Temp\ccBrt3N4.s 			page 7


 191:.\Generated_Source\PSoC4/cyfitter_cfg.c **** 	CySysClkWriteImoFreq(24u);
 144              		.loc 1 191 0
 145 000e 1820     		mov	r0, #24
 146 0010 FFF7FEFF 		bl	CySysClkWriteImoFreq
 147              	.LVL14:
 192:.\Generated_Source\PSoC4/cyfitter_cfg.c **** 
 193:.\Generated_Source\PSoC4/cyfitter_cfg.c **** 	/* Disable HALF_EN since it is not required at this IMO frequency. */
 194:.\Generated_Source\PSoC4/cyfitter_cfg.c **** 	CY_SET_REG32((void CYXDATA *)(CYREG_CLK_SELECT), (CY_GET_REG32((void *)CYREG_CLK_SELECT) & 0xFFFBF
 148              		.loc 1 194 0
 149 0014 2268     		ldr	r2, [r4]
 150 0016 114B     		ldr	r3, .L8+4
 151 0018 1340     		and	r3, r2
 152 001a 2360     		str	r3, [r4]
 195:.\Generated_Source\PSoC4/cyfitter_cfg.c **** 	/* CYDEV_CLK_ILO_CONFIG Starting address: CYDEV_CLK_ILO_CONFIG */
 196:.\Generated_Source\PSoC4/cyfitter_cfg.c **** 	CY_SET_XTND_REG32((void CYFAR *)(CYREG_CLK_ILO_CONFIG), 0x80000006u);
 153              		.loc 1 196 0
 154 001c 104A     		ldr	r2, .L8+8
 155 001e 114B     		ldr	r3, .L8+12
 156 0020 1A60     		str	r2, [r3]
 197:.\Generated_Source\PSoC4/cyfitter_cfg.c **** 
 198:.\Generated_Source\PSoC4/cyfitter_cfg.c **** 
 199:.\Generated_Source\PSoC4/cyfitter_cfg.c **** 	/* CYDEV_CLK_SELECT00 Starting address: CYDEV_CLK_SELECT00 */
 200:.\Generated_Source\PSoC4/cyfitter_cfg.c **** 	CY_SET_XTND_REG32((void CYFAR *)(CYREG_CLK_SELECT03), 0x00000010u);
 157              		.loc 1 200 0
 158 0022 1022     		mov	r2, #16
 159 0024 104B     		ldr	r3, .L8+16
 160 0026 1A60     		str	r2, [r3]
 201:.\Generated_Source\PSoC4/cyfitter_cfg.c **** 	CY_SET_XTND_REG32((void CYFAR *)(CYREG_CLK_SELECT12), 0x00000020u);
 161              		.loc 1 201 0
 162 0028 2022     		mov	r2, #32
 163 002a 104B     		ldr	r3, .L8+20
 164 002c 1A60     		str	r2, [r3]
 202:.\Generated_Source\PSoC4/cyfitter_cfg.c **** 
 203:.\Generated_Source\PSoC4/cyfitter_cfg.c **** 	/* CYDEV_CLK_IMO_CONFIG Starting address: CYDEV_CLK_IMO_CONFIG */
 204:.\Generated_Source\PSoC4/cyfitter_cfg.c **** 	CY_SET_XTND_REG32((void CYFAR *)(CYREG_CLK_IMO_CONFIG), 0x80000000u);
 165              		.loc 1 204 0
 166 002e 8022     		mov	r2, #128
 167 0030 1206     		lsl	r2, r2, #24
 168 0032 0F4B     		ldr	r3, .L8+24
 169 0034 1A60     		str	r2, [r3]
 205:.\Generated_Source\PSoC4/cyfitter_cfg.c **** 
 206:.\Generated_Source\PSoC4/cyfitter_cfg.c **** 	/* CYDEV_CLK_DIVIDER_A00 Starting address: CYDEV_CLK_DIVIDER_A00 */
 207:.\Generated_Source\PSoC4/cyfitter_cfg.c **** 	CY_SET_XTND_REG32((void CYFAR *)(CYREG_CLK_DIVIDER_A00), 0x800000CFu);
 170              		.loc 1 207 0
 171 0036 0F4A     		ldr	r2, .L8+28
 172 0038 0F4B     		ldr	r3, .L8+32
 173 003a 1A60     		str	r2, [r3]
 208:.\Generated_Source\PSoC4/cyfitter_cfg.c **** 
 209:.\Generated_Source\PSoC4/cyfitter_cfg.c **** 	/* CYDEV_CLK_DIVIDER_B00 Starting address: CYDEV_CLK_DIVIDER_B00 */
 210:.\Generated_Source\PSoC4/cyfitter_cfg.c **** 	CY_SET_XTND_REG32((void CYFAR *)(CYREG_CLK_DIVIDER_B00), 0x8000095Fu);
 174              		.loc 1 210 0
 175 003c 0F4A     		ldr	r2, .L8+36
 176 003e 104B     		ldr	r3, .L8+40
 177 0040 1A60     		str	r2, [r3]
 211:.\Generated_Source\PSoC4/cyfitter_cfg.c **** 
 212:.\Generated_Source\PSoC4/cyfitter_cfg.c **** 	(void)CyIntSetVector(9u, &CySysWdtIsr);
 178              		.loc 1 212 0
ARM GAS  C:\Users\egh35\AppData\Local\Temp\ccBrt3N4.s 			page 8


 179 0042 0920     		mov	r0, #9
 180 0044 0F49     		ldr	r1, .L8+44
 181 0046 FFF7FEFF 		bl	CyIntSetVector
 182              	.LVL15:
 213:.\Generated_Source\PSoC4/cyfitter_cfg.c **** 	CyIntEnable(9u);
 183              		.loc 1 213 0
 184 004a 0920     		mov	r0, #9
 185 004c FFF7FEFF 		bl	CyIntEnable
 186              	.LVL16:
 214:.\Generated_Source\PSoC4/cyfitter_cfg.c **** 	CY_SET_XTND_REG32((void CYFAR *)(CYREG_WDT_CONFIG), 0x00000000u);
 187              		.loc 1 214 0
 188 0050 0022     		mov	r2, #0
 189 0052 0D4B     		ldr	r3, .L8+48
 190 0054 1A60     		str	r2, [r3]
 215:.\Generated_Source\PSoC4/cyfitter_cfg.c **** }
 191              		.loc 1 215 0
 192              		@ sp needed
 193 0056 10BD     		pop	{r4, pc}
 194              	.L9:
 195              		.align	2
 196              	.L8:
 197 0058 00010B40 		.word	1074462976
 198 005c FFFFFBFF 		.word	-262145
 199 0060 06000080 		.word	-2147483642
 200 0064 04010B40 		.word	1074462980
 201 0068 0C020240 		.word	1073873420
 202 006c 30020240 		.word	1073873456
 203 0070 08010B40 		.word	1074462984
 204 0074 CF000080 		.word	-2147483441
 205 0078 00000240 		.word	1073872896
 206 007c 5F090080 		.word	-2147481249
 207 0080 40000240 		.word	1073872960
 208 0084 00000000 		.word	CySysWdtIsr
 209 0088 0C020B40 		.word	1074463244
 210              		.cfi_endproc
 211              	.LFE4:
 212              		.size	ClockSetup, .-ClockSetup
 213              		.align	2
 214              		.global	cyfitter_cfg
 215              		.code	16
 216              		.thumb_func
 217              		.type	cyfitter_cfg, %function
 218              	cyfitter_cfg:
 219              	.LFB6:
 216:.\Generated_Source\PSoC4/cyfitter_cfg.c **** 
 217:.\Generated_Source\PSoC4/cyfitter_cfg.c **** 
 218:.\Generated_Source\PSoC4/cyfitter_cfg.c **** /* Analog API Functions */
 219:.\Generated_Source\PSoC4/cyfitter_cfg.c **** 
 220:.\Generated_Source\PSoC4/cyfitter_cfg.c **** 
 221:.\Generated_Source\PSoC4/cyfitter_cfg.c **** /*******************************************************************************
 222:.\Generated_Source\PSoC4/cyfitter_cfg.c **** * Function Name: AnalogSetDefault
 223:.\Generated_Source\PSoC4/cyfitter_cfg.c **** ********************************************************************************
 224:.\Generated_Source\PSoC4/cyfitter_cfg.c **** *
 225:.\Generated_Source\PSoC4/cyfitter_cfg.c **** * Summary:
 226:.\Generated_Source\PSoC4/cyfitter_cfg.c **** *  Sets up the analog portions of the chip to default values based on chip
 227:.\Generated_Source\PSoC4/cyfitter_cfg.c **** *  configuration options from the project.
 228:.\Generated_Source\PSoC4/cyfitter_cfg.c **** *
ARM GAS  C:\Users\egh35\AppData\Local\Temp\ccBrt3N4.s 			page 9


 229:.\Generated_Source\PSoC4/cyfitter_cfg.c **** * Parameters:
 230:.\Generated_Source\PSoC4/cyfitter_cfg.c **** *  void
 231:.\Generated_Source\PSoC4/cyfitter_cfg.c **** *
 232:.\Generated_Source\PSoC4/cyfitter_cfg.c **** * Return:
 233:.\Generated_Source\PSoC4/cyfitter_cfg.c **** *  void
 234:.\Generated_Source\PSoC4/cyfitter_cfg.c **** *
 235:.\Generated_Source\PSoC4/cyfitter_cfg.c **** *******************************************************************************/
 236:.\Generated_Source\PSoC4/cyfitter_cfg.c **** static void AnalogSetDefault(void);
 237:.\Generated_Source\PSoC4/cyfitter_cfg.c **** static void AnalogSetDefault(void)
 238:.\Generated_Source\PSoC4/cyfitter_cfg.c **** {
 239:.\Generated_Source\PSoC4/cyfitter_cfg.c **** }
 240:.\Generated_Source\PSoC4/cyfitter_cfg.c **** 
 241:.\Generated_Source\PSoC4/cyfitter_cfg.c **** #define CY_AMUX_UNUSED CYREG_CM0_ROM_DWT
 242:.\Generated_Source\PSoC4/cyfitter_cfg.c **** 
 243:.\Generated_Source\PSoC4/cyfitter_cfg.c **** 
 244:.\Generated_Source\PSoC4/cyfitter_cfg.c **** /*******************************************************************************
 245:.\Generated_Source\PSoC4/cyfitter_cfg.c **** * Function Name: cyfitter_cfg
 246:.\Generated_Source\PSoC4/cyfitter_cfg.c **** ********************************************************************************
 247:.\Generated_Source\PSoC4/cyfitter_cfg.c **** * Summary:
 248:.\Generated_Source\PSoC4/cyfitter_cfg.c **** *  This function is called by the start-up code for the selected device. It
 249:.\Generated_Source\PSoC4/cyfitter_cfg.c **** *  performs all of the necessary device configuration based on the design
 250:.\Generated_Source\PSoC4/cyfitter_cfg.c **** *  settings.  This includes settings from the Design Wide Resources (DWR) such
 251:.\Generated_Source\PSoC4/cyfitter_cfg.c **** *  as Clocks and Pins as well as any component configuration that is necessary.
 252:.\Generated_Source\PSoC4/cyfitter_cfg.c **** *
 253:.\Generated_Source\PSoC4/cyfitter_cfg.c **** * Parameters:  
 254:.\Generated_Source\PSoC4/cyfitter_cfg.c **** *   void
 255:.\Generated_Source\PSoC4/cyfitter_cfg.c **** *
 256:.\Generated_Source\PSoC4/cyfitter_cfg.c **** * Return:
 257:.\Generated_Source\PSoC4/cyfitter_cfg.c **** *   void
 258:.\Generated_Source\PSoC4/cyfitter_cfg.c **** *
 259:.\Generated_Source\PSoC4/cyfitter_cfg.c **** *******************************************************************************/
 260:.\Generated_Source\PSoC4/cyfitter_cfg.c **** CY_CFG_SECTION
 261:.\Generated_Source\PSoC4/cyfitter_cfg.c **** void cyfitter_cfg(void)
 262:.\Generated_Source\PSoC4/cyfitter_cfg.c **** {
 220              		.loc 1 262 0
 221              		.cfi_startproc
 222 008c 38B5     		push	{r3, r4, r5, lr}
 223              		.cfi_def_cfa_offset 16
 224              		.cfi_offset 3, -16
 225              		.cfi_offset 4, -12
 226              		.cfi_offset 5, -8
 227              		.cfi_offset 14, -4
 263:.\Generated_Source\PSoC4/cyfitter_cfg.c **** 	/* Disable interrupts by default. Let user enable if/when they want. */
 264:.\Generated_Source\PSoC4/cyfitter_cfg.c **** 	CyGlobalIntDisable;
 228              		.loc 1 264 0
 229              	@ 264 ".\Generated_Source\PSoC4\cyfitter_cfg.c" 1
 230 008e 72B6     		CPSID   i
 231              	@ 0 "" 2
 232              	.LVL17:
 233              		.code	16
 234              	.LBB4:
 265:.\Generated_Source\PSoC4/cyfitter_cfg.c **** 
 266:.\Generated_Source\PSoC4/cyfitter_cfg.c **** 	{
 267:.\Generated_Source\PSoC4/cyfitter_cfg.c **** 		static const uint32 CYCODE cy_cfg_addr_table[] = {
 268:.\Generated_Source\PSoC4/cyfitter_cfg.c **** 			0x400F0001u, /* Base address: 0x400F0000 Count: 1 */
 269:.\Generated_Source\PSoC4/cyfitter_cfg.c **** 			0x400F322Fu, /* Base address: 0x400F3200 Count: 47 */
 270:.\Generated_Source\PSoC4/cyfitter_cfg.c **** 			0x400F3312u, /* Base address: 0x400F3300 Count: 18 */
ARM GAS  C:\Users\egh35\AppData\Local\Temp\ccBrt3N4.s 			page 10


 271:.\Generated_Source\PSoC4/cyfitter_cfg.c **** 			0x400F6002u, /* Base address: 0x400F6000 Count: 2 */
 272:.\Generated_Source\PSoC4/cyfitter_cfg.c **** 		};
 273:.\Generated_Source\PSoC4/cyfitter_cfg.c **** 
 274:.\Generated_Source\PSoC4/cyfitter_cfg.c **** 		static const cy_cfg_addrvalue_t CYCODE cy_cfg_data_table[] = {
 275:.\Generated_Source\PSoC4/cyfitter_cfg.c **** 			{0x83u, 0x0Du},
 276:.\Generated_Source\PSoC4/cyfitter_cfg.c **** 			{0x40u, 0x45u},
 277:.\Generated_Source\PSoC4/cyfitter_cfg.c **** 			{0x49u, 0xFFu},
 278:.\Generated_Source\PSoC4/cyfitter_cfg.c **** 			{0x4Au, 0xFFu},
 279:.\Generated_Source\PSoC4/cyfitter_cfg.c **** 			{0x4Bu, 0xFFu},
 280:.\Generated_Source\PSoC4/cyfitter_cfg.c **** 			{0x4Fu, 0x01u},
 281:.\Generated_Source\PSoC4/cyfitter_cfg.c **** 			{0x50u, 0x18u},
 282:.\Generated_Source\PSoC4/cyfitter_cfg.c **** 			{0x5Au, 0x04u},
 283:.\Generated_Source\PSoC4/cyfitter_cfg.c **** 			{0x5Fu, 0x01u},
 284:.\Generated_Source\PSoC4/cyfitter_cfg.c **** 			{0x60u, 0x40u},
 285:.\Generated_Source\PSoC4/cyfitter_cfg.c **** 			{0x62u, 0x40u},
 286:.\Generated_Source\PSoC4/cyfitter_cfg.c **** 			{0x64u, 0x40u},
 287:.\Generated_Source\PSoC4/cyfitter_cfg.c **** 			{0x65u, 0x40u},
 288:.\Generated_Source\PSoC4/cyfitter_cfg.c **** 			{0x66u, 0x80u},
 289:.\Generated_Source\PSoC4/cyfitter_cfg.c **** 			{0x68u, 0x80u},
 290:.\Generated_Source\PSoC4/cyfitter_cfg.c **** 			{0x6Au, 0x80u},
 291:.\Generated_Source\PSoC4/cyfitter_cfg.c **** 			{0x6Cu, 0x80u},
 292:.\Generated_Source\PSoC4/cyfitter_cfg.c **** 			{0x6Eu, 0x80u},
 293:.\Generated_Source\PSoC4/cyfitter_cfg.c **** 			{0x8Eu, 0x01u},
 294:.\Generated_Source\PSoC4/cyfitter_cfg.c **** 			{0x92u, 0x01u},
 295:.\Generated_Source\PSoC4/cyfitter_cfg.c **** 			{0xB6u, 0x01u},
 296:.\Generated_Source\PSoC4/cyfitter_cfg.c **** 			{0xBEu, 0x40u},
 297:.\Generated_Source\PSoC4/cyfitter_cfg.c **** 			{0xC0u, 0x54u},
 298:.\Generated_Source\PSoC4/cyfitter_cfg.c **** 			{0xC5u, 0xECu},
 299:.\Generated_Source\PSoC4/cyfitter_cfg.c **** 			{0xC7u, 0x20u},
 300:.\Generated_Source\PSoC4/cyfitter_cfg.c **** 			{0xC8u, 0x23u},
 301:.\Generated_Source\PSoC4/cyfitter_cfg.c **** 			{0xC9u, 0xFFu},
 302:.\Generated_Source\PSoC4/cyfitter_cfg.c **** 			{0xCAu, 0xFFu},
 303:.\Generated_Source\PSoC4/cyfitter_cfg.c **** 			{0xCBu, 0xFFu},
 304:.\Generated_Source\PSoC4/cyfitter_cfg.c **** 			{0xCDu, 0x83u},
 305:.\Generated_Source\PSoC4/cyfitter_cfg.c **** 			{0xCEu, 0x03u},
 306:.\Generated_Source\PSoC4/cyfitter_cfg.c **** 			{0xCFu, 0x01u},
 307:.\Generated_Source\PSoC4/cyfitter_cfg.c **** 			{0xD0u, 0x18u},
 308:.\Generated_Source\PSoC4/cyfitter_cfg.c **** 			{0xD2u, 0x80u},
 309:.\Generated_Source\PSoC4/cyfitter_cfg.c **** 			{0xD4u, 0x01u},
 310:.\Generated_Source\PSoC4/cyfitter_cfg.c **** 			{0xD8u, 0x04u},
 311:.\Generated_Source\PSoC4/cyfitter_cfg.c **** 			{0xDAu, 0x04u},
 312:.\Generated_Source\PSoC4/cyfitter_cfg.c **** 			{0xDBu, 0x04u},
 313:.\Generated_Source\PSoC4/cyfitter_cfg.c **** 			{0xDFu, 0x01u},
 314:.\Generated_Source\PSoC4/cyfitter_cfg.c **** 			{0xE0u, 0x40u},
 315:.\Generated_Source\PSoC4/cyfitter_cfg.c **** 			{0xE2u, 0x40u},
 316:.\Generated_Source\PSoC4/cyfitter_cfg.c **** 			{0xE4u, 0x40u},
 317:.\Generated_Source\PSoC4/cyfitter_cfg.c **** 			{0xE5u, 0x40u},
 318:.\Generated_Source\PSoC4/cyfitter_cfg.c **** 			{0xE6u, 0x80u},
 319:.\Generated_Source\PSoC4/cyfitter_cfg.c **** 			{0xE8u, 0x80u},
 320:.\Generated_Source\PSoC4/cyfitter_cfg.c **** 			{0xEAu, 0x80u},
 321:.\Generated_Source\PSoC4/cyfitter_cfg.c **** 			{0xECu, 0x80u},
 322:.\Generated_Source\PSoC4/cyfitter_cfg.c **** 			{0xEEu, 0x80u},
 323:.\Generated_Source\PSoC4/cyfitter_cfg.c **** 			{0x02u, 0x02u},
 324:.\Generated_Source\PSoC4/cyfitter_cfg.c **** 			{0x0Bu, 0x40u},
 325:.\Generated_Source\PSoC4/cyfitter_cfg.c **** 			{0x19u, 0x40u},
 326:.\Generated_Source\PSoC4/cyfitter_cfg.c **** 			{0x41u, 0x01u},
 327:.\Generated_Source\PSoC4/cyfitter_cfg.c **** 			{0x46u, 0x80u},
ARM GAS  C:\Users\egh35\AppData\Local\Temp\ccBrt3N4.s 			page 11


 328:.\Generated_Source\PSoC4/cyfitter_cfg.c **** 			{0x49u, 0x05u},
 329:.\Generated_Source\PSoC4/cyfitter_cfg.c **** 			{0x4Bu, 0x40u},
 330:.\Generated_Source\PSoC4/cyfitter_cfg.c **** 			{0x4Eu, 0x02u},
 331:.\Generated_Source\PSoC4/cyfitter_cfg.c **** 			{0x51u, 0x01u},
 332:.\Generated_Source\PSoC4/cyfitter_cfg.c **** 			{0x52u, 0x02u},
 333:.\Generated_Source\PSoC4/cyfitter_cfg.c **** 			{0x59u, 0x45u},
 334:.\Generated_Source\PSoC4/cyfitter_cfg.c **** 			{0x72u, 0x80u},
 335:.\Generated_Source\PSoC4/cyfitter_cfg.c **** 			{0x73u, 0x40u},
 336:.\Generated_Source\PSoC4/cyfitter_cfg.c **** 			{0xC0u, 0x01u},
 337:.\Generated_Source\PSoC4/cyfitter_cfg.c **** 			{0xC2u, 0x08u},
 338:.\Generated_Source\PSoC4/cyfitter_cfg.c **** 			{0xD0u, 0x81u},
 339:.\Generated_Source\PSoC4/cyfitter_cfg.c **** 			{0xD2u, 0x18u},
 340:.\Generated_Source\PSoC4/cyfitter_cfg.c **** 			{0xD6u, 0x0Bu},
 341:.\Generated_Source\PSoC4/cyfitter_cfg.c **** 			{0x10u, 0x01u},
 342:.\Generated_Source\PSoC4/cyfitter_cfg.c **** 			{0x11u, 0x01u},
 343:.\Generated_Source\PSoC4/cyfitter_cfg.c **** 		};
 344:.\Generated_Source\PSoC4/cyfitter_cfg.c **** 
 345:.\Generated_Source\PSoC4/cyfitter_cfg.c **** 
 346:.\Generated_Source\PSoC4/cyfitter_cfg.c **** 
 347:.\Generated_Source\PSoC4/cyfitter_cfg.c **** 		CYPACKED typedef struct {
 348:.\Generated_Source\PSoC4/cyfitter_cfg.c **** 			void CYFAR *address;
 349:.\Generated_Source\PSoC4/cyfitter_cfg.c **** 			uint16 size;
 350:.\Generated_Source\PSoC4/cyfitter_cfg.c **** 		} CYPACKED_ATTR cfg_memset_t;
 351:.\Generated_Source\PSoC4/cyfitter_cfg.c **** 
 352:.\Generated_Source\PSoC4/cyfitter_cfg.c **** 		static const cfg_memset_t CYCODE cfg_memset_list [] = {
 353:.\Generated_Source\PSoC4/cyfitter_cfg.c **** 			/* address, size */
 354:.\Generated_Source\PSoC4/cyfitter_cfg.c **** 			{(void CYFAR *)(CYDEV_UDB_P0_U0_BASE), 1024u},
 355:.\Generated_Source\PSoC4/cyfitter_cfg.c **** 			{(void CYFAR *)(CYDEV_UDB_DSI0_BASE), 1024u},
 356:.\Generated_Source\PSoC4/cyfitter_cfg.c **** 		};
 357:.\Generated_Source\PSoC4/cyfitter_cfg.c **** 
 358:.\Generated_Source\PSoC4/cyfitter_cfg.c **** 		uint8 CYDATA i;
 359:.\Generated_Source\PSoC4/cyfitter_cfg.c **** 
 360:.\Generated_Source\PSoC4/cyfitter_cfg.c **** 		/* Zero out critical memory blocks before beginning configuration */
 361:.\Generated_Source\PSoC4/cyfitter_cfg.c **** 		for (i = 0u; i < (sizeof(cfg_memset_list)/sizeof(cfg_memset_list[0])); i++)
 235              		.loc 1 361 0
 236 0090 0024     		mov	r4, #0
 237              	.LBB5:
 362:.\Generated_Source\PSoC4/cyfitter_cfg.c **** 		{
 363:.\Generated_Source\PSoC4/cyfitter_cfg.c **** 			const cfg_memset_t CYCODE * CYDATA ms = &cfg_memset_list[i];
 238              		.loc 1 363 0
 239 0092 274D     		ldr	r5, .L13
 240              	.LBE5:
 361:.\Generated_Source\PSoC4/cyfitter_cfg.c **** 		for (i = 0u; i < (sizeof(cfg_memset_list)/sizeof(cfg_memset_list[0])); i++)
 241              		.loc 1 361 0
 242 0094 0CE0     		b	.L11
 243              	.LVL18:
 244              	.L12:
 245              	.LBB6:
 246              		.loc 1 363 0 discriminator 2
 247 0096 6300     		lsl	r3, r4, #1
 248 0098 1B19     		add	r3, r3, r4
 249 009a 5B00     		lsl	r3, r3, #1
 250 009c EB18     		add	r3, r5, r3
 251              	.LVL19:
 364:.\Generated_Source\PSoC4/cyfitter_cfg.c **** 			CYMEMZERO(ms->address, (size_t)(uint32)(ms->size));
 252              		.loc 1 364 0 discriminator 2
 253 009e 9988     		ldrh	r1, [r3, #4]
ARM GAS  C:\Users\egh35\AppData\Local\Temp\ccBrt3N4.s 			page 12


 254 00a0 1A88     		ldrh	r2, [r3]
 255 00a2 5888     		ldrh	r0, [r3, #2]
 256 00a4 0004     		lsl	r0, r0, #16
 257 00a6 1043     		orr	r0, r2
 258 00a8 FFF7FEFF 		bl	CYMEMZERO
 259              	.LVL20:
 260              	.LBE6:
 361:.\Generated_Source\PSoC4/cyfitter_cfg.c **** 		for (i = 0u; i < (sizeof(cfg_memset_list)/sizeof(cfg_memset_list[0])); i++)
 261              		.loc 1 361 0 discriminator 2
 262 00ac 0134     		add	r4, r4, #1
 263              	.LVL21:
 264 00ae E4B2     		uxtb	r4, r4
 265              	.LVL22:
 266              	.L11:
 361:.\Generated_Source\PSoC4/cyfitter_cfg.c **** 		for (i = 0u; i < (sizeof(cfg_memset_list)/sizeof(cfg_memset_list[0])); i++)
 267              		.loc 1 361 0 is_stmt 0 discriminator 1
 268 00b0 012C     		cmp	r4, #1
 269 00b2 F0D9     		bls	.L12
 365:.\Generated_Source\PSoC4/cyfitter_cfg.c **** 		}
 366:.\Generated_Source\PSoC4/cyfitter_cfg.c **** 
 367:.\Generated_Source\PSoC4/cyfitter_cfg.c **** 		cfg_write_bytes32(cy_cfg_addr_table, cy_cfg_data_table);
 270              		.loc 1 367 0 is_stmt 1
 271 00b4 1E49     		ldr	r1, .L13
 272 00b6 081C     		mov	r0, r1
 273 00b8 0C30     		add	r0, r0, #12
 274 00ba 1C31     		add	r1, r1, #28
 275 00bc FFF7FEFF 		bl	cfg_write_bytes32
 276              	.LVL23:
 368:.\Generated_Source\PSoC4/cyfitter_cfg.c **** 
 369:.\Generated_Source\PSoC4/cyfitter_cfg.c **** 		/* Perform normal device configuration. Order is not critical for these items. */
 370:.\Generated_Source\PSoC4/cyfitter_cfg.c **** 		CY_SET_XTND_REG16((void CYFAR *)(CYREG_UDB_BCTL0_DRV), 0x0100u);
 277              		.loc 1 370 0
 278 00c0 8022     		mov	r2, #128
 279 00c2 5200     		lsl	r2, r2, #1
 280 00c4 1B4B     		ldr	r3, .L13+4
 281 00c6 1A80     		strh	r2, [r3]
 371:.\Generated_Source\PSoC4/cyfitter_cfg.c **** 		CY_SET_XTND_REG8((void CYFAR *)(CYREG_UDB_BCTL0_DRV + 0x2u), 0x01u);
 282              		.loc 1 371 0
 283 00c8 0122     		mov	r2, #1
 284 00ca 1B4B     		ldr	r3, .L13+8
 285 00cc 1A70     		strb	r2, [r3]
 372:.\Generated_Source\PSoC4/cyfitter_cfg.c **** 
 373:.\Generated_Source\PSoC4/cyfitter_cfg.c **** 		/* HSIOM Starting address: CYDEV_HSIOM_BASE */
 374:.\Generated_Source\PSoC4/cyfitter_cfg.c **** 		CY_SET_XTND_REG32((void CYFAR *)(CYDEV_HSIOM_BASE), 0x00990000u);
 286              		.loc 1 374 0
 287 00ce 9923     		mov	r3, #153
 288 00d0 1B04     		lsl	r3, r3, #16
 289 00d2 1A4A     		ldr	r2, .L13+12
 290 00d4 1360     		str	r3, [r2]
 375:.\Generated_Source\PSoC4/cyfitter_cfg.c **** 		CY_SET_XTND_REG32((void CYFAR *)(CYREG_HSIOM_PORT_SEL3), 0x0000EE00u);
 291              		.loc 1 375 0
 292 00d6 EE21     		mov	r1, #238
 293 00d8 0902     		lsl	r1, r1, #8
 294 00da 194A     		ldr	r2, .L13+16
 295 00dc 1160     		str	r1, [r2]
 376:.\Generated_Source\PSoC4/cyfitter_cfg.c **** 
 377:.\Generated_Source\PSoC4/cyfitter_cfg.c **** 		/* UDB_PA_0 Starting address: CYDEV_UDB_PA0_BASE */
ARM GAS  C:\Users\egh35\AppData\Local\Temp\ccBrt3N4.s 			page 13


 378:.\Generated_Source\PSoC4/cyfitter_cfg.c **** 		CY_SET_XTND_REG32((void CYFAR *)(CYDEV_UDB_PA0_BASE), 0x00990000u);
 296              		.loc 1 378 0
 297 00de 194A     		ldr	r2, .L13+20
 298 00e0 1360     		str	r3, [r2]
 379:.\Generated_Source\PSoC4/cyfitter_cfg.c **** 		CY_SET_XTND_REG32((void CYFAR *)(CYREG_UDB_PA0_CFG4), 0x80000000u);
 299              		.loc 1 379 0
 300 00e2 8021     		mov	r1, #128
 301 00e4 0906     		lsl	r1, r1, #24
 302 00e6 184A     		ldr	r2, .L13+24
 303 00e8 1160     		str	r1, [r2]
 380:.\Generated_Source\PSoC4/cyfitter_cfg.c **** 
 381:.\Generated_Source\PSoC4/cyfitter_cfg.c **** 		/* UDB_PA_3 Starting address: CYDEV_UDB_PA3_BASE */
 382:.\Generated_Source\PSoC4/cyfitter_cfg.c **** 		CY_SET_XTND_REG32((void CYFAR *)(CYDEV_UDB_PA3_BASE), 0x00990000u);
 304              		.loc 1 382 0
 305 00ea 184A     		ldr	r2, .L13+28
 306 00ec 1360     		str	r3, [r2]
 383:.\Generated_Source\PSoC4/cyfitter_cfg.c **** 
 384:.\Generated_Source\PSoC4/cyfitter_cfg.c **** 		/* Enable digital routing */
 385:.\Generated_Source\PSoC4/cyfitter_cfg.c **** 		CY_SET_XTND_REG8((void *)CYREG_UDB_UDBIF_BANK_CTL, CY_GET_XTND_REG8((void *)CYREG_UDB_UDBIF_BANK_
 307              		.loc 1 385 0
 308 00ee 184B     		ldr	r3, .L13+32
 309 00f0 1978     		ldrb	r1, [r3]
 310 00f2 0222     		mov	r2, #2
 311 00f4 0A43     		orr	r2, r1
 312 00f6 1A70     		strb	r2, [r3]
 386:.\Generated_Source\PSoC4/cyfitter_cfg.c **** 
 387:.\Generated_Source\PSoC4/cyfitter_cfg.c **** 		/* Enable UDB array */
 388:.\Generated_Source\PSoC4/cyfitter_cfg.c **** 		CY_SET_XTND_REG8((void *)CYREG_UDB_UDBIF_WAIT_CFG, (uint8)((CY_GET_XTND_REG8((void *)CYREG_UDB_UD
 313              		.loc 1 388 0
 314 00f8 164A     		ldr	r2, .L13+36
 315 00fa 1178     		ldrb	r1, [r2]
 316 00fc 3C20     		mov	r0, #60
 317 00fe 8143     		bic	r1, r0
 318 0100 1420     		mov	r0, #20
 319 0102 0143     		orr	r1, r0
 320 0104 1170     		strb	r1, [r2]
 389:.\Generated_Source\PSoC4/cyfitter_cfg.c **** 		CY_SET_XTND_REG8((void *)CYREG_UDB_UDBIF_BANK_CTL, (uint8)(CY_GET_XTND_REG8((void *)CYREG_UDB_UDB
 321              		.loc 1 389 0
 322 0106 1978     		ldrb	r1, [r3]
 323 0108 1622     		mov	r2, #22
 324 010a 0A43     		orr	r2, r1
 325 010c 1A70     		strb	r2, [r3]
 326              	.LBE4:
 390:.\Generated_Source\PSoC4/cyfitter_cfg.c **** 	}
 391:.\Generated_Source\PSoC4/cyfitter_cfg.c **** 
 392:.\Generated_Source\PSoC4/cyfitter_cfg.c **** 	/* Perform second pass device configuration. These items must be configured in specific order afte
 393:.\Generated_Source\PSoC4/cyfitter_cfg.c **** 	/* IOPINS0_0 Starting address: CYDEV_PRT0_DR */
 394:.\Generated_Source\PSoC4/cyfitter_cfg.c **** 	CY_SET_XTND_REG32((void CYFAR *)(CYREG_PRT0_DR), 0x000000A0u);
 327              		.loc 1 394 0
 328 010e A022     		mov	r2, #160
 329 0110 114B     		ldr	r3, .L13+40
 330 0112 1A60     		str	r2, [r3]
 395:.\Generated_Source\PSoC4/cyfitter_cfg.c **** 	CY_SET_XTND_REG32((void CYFAR *)(CYREG_PRT0_PC), 0x00431000u);
 331              		.loc 1 395 0
 332 0114 114A     		ldr	r2, .L13+44
 333 0116 124B     		ldr	r3, .L13+48
 334 0118 1A60     		str	r2, [r3]
ARM GAS  C:\Users\egh35\AppData\Local\Temp\ccBrt3N4.s 			page 14


 396:.\Generated_Source\PSoC4/cyfitter_cfg.c **** 	CY_SET_XTND_REG32((void CYFAR *)(CYREG_PRT0_PC2), 0x00000020u);
 335              		.loc 1 396 0
 336 011a 2022     		mov	r2, #32
 337 011c 114B     		ldr	r3, .L13+52
 338 011e 1A60     		str	r2, [r3]
 397:.\Generated_Source\PSoC4/cyfitter_cfg.c **** 
 398:.\Generated_Source\PSoC4/cyfitter_cfg.c **** 	/* IOPINS0_3 Starting address: CYDEV_PRT3_DR */
 399:.\Generated_Source\PSoC4/cyfitter_cfg.c **** 	CY_SET_XTND_REG32((void CYFAR *)(CYREG_PRT3_PC), 0x00000D80u);
 339              		.loc 1 399 0
 340 0120 D822     		mov	r2, #216
 341 0122 1201     		lsl	r2, r2, #4
 342 0124 104B     		ldr	r3, .L13+56
 343 0126 1A60     		str	r2, [r3]
 400:.\Generated_Source\PSoC4/cyfitter_cfg.c **** 
 401:.\Generated_Source\PSoC4/cyfitter_cfg.c **** 	/* Setup clocks based on selections from Clock DWR */
 402:.\Generated_Source\PSoC4/cyfitter_cfg.c **** 	ClockSetup();
 344              		.loc 1 402 0
 345 0128 FFF76AFF 		bl	ClockSetup
 346              	.LVL24:
 403:.\Generated_Source\PSoC4/cyfitter_cfg.c **** 
 404:.\Generated_Source\PSoC4/cyfitter_cfg.c **** 	/* Perform basic analog initialization to defaults */
 405:.\Generated_Source\PSoC4/cyfitter_cfg.c **** 	AnalogSetDefault();
 406:.\Generated_Source\PSoC4/cyfitter_cfg.c **** 
 407:.\Generated_Source\PSoC4/cyfitter_cfg.c **** }
 347              		.loc 1 407 0
 348              		@ sp needed
 349              	.LVL25:
 350 012c 38BD     		pop	{r3, r4, r5, pc}
 351              	.L14:
 352 012e C046     		.align	2
 353              	.L13:
 354 0130 00000000 		.word	.LANCHOR0
 355 0134 00600F40 		.word	1074749440
 356 0138 02600F40 		.word	1074749442
 357 013c 00000140 		.word	1073807360
 358 0140 0C000140 		.word	1073807372
 359 0144 00500F40 		.word	1074745344
 360 0148 04500F40 		.word	1074745348
 361 014c 30500F40 		.word	1074745392
 362 0150 00700F40 		.word	1074753536
 363 0154 01700F40 		.word	1074753537
 364 0158 00000440 		.word	1074003968
 365 015c 00104300 		.word	4395008
 366 0160 08000440 		.word	1074003976
 367 0164 18000440 		.word	1074003992
 368 0168 08030440 		.word	1074004744
 369              		.cfi_endproc
 370              	.LFE6:
 371              		.size	cyfitter_cfg, .-cyfitter_cfg
 372              		.section	.rodata
 373              		.align	2
 374              		.set	.LANCHOR0,. + 0
 375              		.type	cfg_memset_list.4740, %object
 376              		.size	cfg_memset_list.4740, 12
 377              	cfg_memset_list.4740:
 378 0000 00300F40 		.word	1074737152
 379 0004 0004     		.short	1024
ARM GAS  C:\Users\egh35\AppData\Local\Temp\ccBrt3N4.s 			page 15


 380 0006 00400F40 		.4byte	1074741248
 381 000a 0004     		.short	1024
 382              		.type	cy_cfg_addr_table.4734, %object
 383              		.size	cy_cfg_addr_table.4734, 16
 384              	cy_cfg_addr_table.4734:
 385 000c 01000F40 		.word	1074724865
 386 0010 2F320F40 		.word	1074737711
 387 0014 12330F40 		.word	1074737938
 388 0018 02600F40 		.word	1074749442
 389              		.type	cy_cfg_data_table.4735, %object
 390              		.size	cy_cfg_data_table.4735, 136
 391              	cy_cfg_data_table.4735:
 392 001c 83       		.byte	-125
 393 001d 0D       		.byte	13
 394 001e 40       		.byte	64
 395 001f 45       		.byte	69
 396 0020 49       		.byte	73
 397 0021 FF       		.byte	-1
 398 0022 4A       		.byte	74
 399 0023 FF       		.byte	-1
 400 0024 4B       		.byte	75
 401 0025 FF       		.byte	-1
 402 0026 4F       		.byte	79
 403 0027 01       		.byte	1
 404 0028 50       		.byte	80
 405 0029 18       		.byte	24
 406 002a 5A       		.byte	90
 407 002b 04       		.byte	4
 408 002c 5F       		.byte	95
 409 002d 01       		.byte	1
 410 002e 60       		.byte	96
 411 002f 40       		.byte	64
 412 0030 62       		.byte	98
 413 0031 40       		.byte	64
 414 0032 64       		.byte	100
 415 0033 40       		.byte	64
 416 0034 65       		.byte	101
 417 0035 40       		.byte	64
 418 0036 66       		.byte	102
 419 0037 80       		.byte	-128
 420 0038 68       		.byte	104
 421 0039 80       		.byte	-128
 422 003a 6A       		.byte	106
 423 003b 80       		.byte	-128
 424 003c 6C       		.byte	108
 425 003d 80       		.byte	-128
 426 003e 6E       		.byte	110
 427 003f 80       		.byte	-128
 428 0040 8E       		.byte	-114
 429 0041 01       		.byte	1
 430 0042 92       		.byte	-110
 431 0043 01       		.byte	1
 432 0044 B6       		.byte	-74
 433 0045 01       		.byte	1
 434 0046 BE       		.byte	-66
 435 0047 40       		.byte	64
 436 0048 C0       		.byte	-64
ARM GAS  C:\Users\egh35\AppData\Local\Temp\ccBrt3N4.s 			page 16


 437 0049 54       		.byte	84
 438 004a C5       		.byte	-59
 439 004b EC       		.byte	-20
 440 004c C7       		.byte	-57
 441 004d 20       		.byte	32
 442 004e C8       		.byte	-56
 443 004f 23       		.byte	35
 444 0050 C9       		.byte	-55
 445 0051 FF       		.byte	-1
 446 0052 CA       		.byte	-54
 447 0053 FF       		.byte	-1
 448 0054 CB       		.byte	-53
 449 0055 FF       		.byte	-1
 450 0056 CD       		.byte	-51
 451 0057 83       		.byte	-125
 452 0058 CE       		.byte	-50
 453 0059 03       		.byte	3
 454 005a CF       		.byte	-49
 455 005b 01       		.byte	1
 456 005c D0       		.byte	-48
 457 005d 18       		.byte	24
 458 005e D2       		.byte	-46
 459 005f 80       		.byte	-128
 460 0060 D4       		.byte	-44
 461 0061 01       		.byte	1
 462 0062 D8       		.byte	-40
 463 0063 04       		.byte	4
 464 0064 DA       		.byte	-38
 465 0065 04       		.byte	4
 466 0066 DB       		.byte	-37
 467 0067 04       		.byte	4
 468 0068 DF       		.byte	-33
 469 0069 01       		.byte	1
 470 006a E0       		.byte	-32
 471 006b 40       		.byte	64
 472 006c E2       		.byte	-30
 473 006d 40       		.byte	64
 474 006e E4       		.byte	-28
 475 006f 40       		.byte	64
 476 0070 E5       		.byte	-27
 477 0071 40       		.byte	64
 478 0072 E6       		.byte	-26
 479 0073 80       		.byte	-128
 480 0074 E8       		.byte	-24
 481 0075 80       		.byte	-128
 482 0076 EA       		.byte	-22
 483 0077 80       		.byte	-128
 484 0078 EC       		.byte	-20
 485 0079 80       		.byte	-128
 486 007a EE       		.byte	-18
 487 007b 80       		.byte	-128
 488 007c 02       		.byte	2
 489 007d 02       		.byte	2
 490 007e 0B       		.byte	11
 491 007f 40       		.byte	64
 492 0080 19       		.byte	25
 493 0081 40       		.byte	64
ARM GAS  C:\Users\egh35\AppData\Local\Temp\ccBrt3N4.s 			page 17


 494 0082 41       		.byte	65
 495 0083 01       		.byte	1
 496 0084 46       		.byte	70
 497 0085 80       		.byte	-128
 498 0086 49       		.byte	73
 499 0087 05       		.byte	5
 500 0088 4B       		.byte	75
 501 0089 40       		.byte	64
 502 008a 4E       		.byte	78
 503 008b 02       		.byte	2
 504 008c 51       		.byte	81
 505 008d 01       		.byte	1
 506 008e 52       		.byte	82
 507 008f 02       		.byte	2
 508 0090 59       		.byte	89
 509 0091 45       		.byte	69
 510 0092 72       		.byte	114
 511 0093 80       		.byte	-128
 512 0094 73       		.byte	115
 513 0095 40       		.byte	64
 514 0096 C0       		.byte	-64
 515 0097 01       		.byte	1
 516 0098 C2       		.byte	-62
 517 0099 08       		.byte	8
 518 009a D0       		.byte	-48
 519 009b 81       		.byte	-127
 520 009c D2       		.byte	-46
 521 009d 18       		.byte	24
 522 009e D6       		.byte	-42
 523 009f 0B       		.byte	11
 524 00a0 10       		.byte	16
 525 00a1 01       		.byte	1
 526 00a2 11       		.byte	17
 527 00a3 01       		.byte	1
 528              		.text
 529              	.Letext0:
 530              		.file 2 "c:\\program files (x86)\\cypress\\psoc creator\\3.2\\psoc creator\\import\\gnu\\arm\\4.8.
 531              		.file 3 ".\\Generated_Source\\PSoC4\\cytypes.h"
 532              		.file 4 ".\\Generated_Source\\PSoC4\\CyLib.h"
 533              		.section	.debug_info,"",%progbits
 534              	.Ldebug_info0:
 535 0000 B9030000 		.4byte	0x3b9
 536 0004 0400     		.2byte	0x4
 537 0006 00000000 		.4byte	.Ldebug_abbrev0
 538 000a 04       		.byte	0x4
 539 000b 01       		.uleb128 0x1
 540 000c 36010000 		.4byte	.LASF39
 541 0010 01       		.byte	0x1
 542 0011 DE010000 		.4byte	.LASF40
 543 0015 52020000 		.4byte	.LASF41
 544 0019 30000000 		.4byte	.Ldebug_ranges0+0x30
 545 001d 00000000 		.4byte	0
 546 0021 00000000 		.4byte	.Ldebug_line0
 547 0025 02       		.uleb128 0x2
 548 0026 04       		.byte	0x4
 549 0027 05       		.byte	0x5
 550 0028 696E7400 		.ascii	"int\000"
ARM GAS  C:\Users\egh35\AppData\Local\Temp\ccBrt3N4.s 			page 18


 551 002c 03       		.uleb128 0x3
 552 002d 0C000000 		.4byte	.LASF11
 553 0031 02       		.byte	0x2
 554 0032 D4       		.byte	0xd4
 555 0033 37000000 		.4byte	0x37
 556 0037 04       		.uleb128 0x4
 557 0038 04       		.byte	0x4
 558 0039 07       		.byte	0x7
 559 003a FD000000 		.4byte	.LASF0
 560 003e 04       		.uleb128 0x4
 561 003f 01       		.byte	0x1
 562 0040 06       		.byte	0x6
 563 0041 82020000 		.4byte	.LASF1
 564 0045 04       		.uleb128 0x4
 565 0046 01       		.byte	0x1
 566 0047 08       		.byte	0x8
 567 0048 9F000000 		.4byte	.LASF2
 568 004c 04       		.uleb128 0x4
 569 004d 02       		.byte	0x2
 570 004e 05       		.byte	0x5
 571 004f 33020000 		.4byte	.LASF3
 572 0053 04       		.uleb128 0x4
 573 0054 02       		.byte	0x2
 574 0055 07       		.byte	0x7
 575 0056 8E020000 		.4byte	.LASF4
 576 005a 04       		.uleb128 0x4
 577 005b 04       		.byte	0x4
 578 005c 05       		.byte	0x5
 579 005d 79020000 		.4byte	.LASF5
 580 0061 04       		.uleb128 0x4
 581 0062 04       		.byte	0x4
 582 0063 07       		.byte	0x7
 583 0064 7D000000 		.4byte	.LASF6
 584 0068 04       		.uleb128 0x4
 585 0069 08       		.byte	0x8
 586 006a 05       		.byte	0x5
 587 006b 06020000 		.4byte	.LASF7
 588 006f 04       		.uleb128 0x4
 589 0070 08       		.byte	0x8
 590 0071 07       		.byte	0x7
 591 0072 1F010000 		.4byte	.LASF8
 592 0076 04       		.uleb128 0x4
 593 0077 04       		.byte	0x4
 594 0078 07       		.byte	0x7
 595 0079 D5010000 		.4byte	.LASF9
 596 007d 05       		.uleb128 0x5
 597 007e 04       		.byte	0x4
 598 007f 06       		.uleb128 0x6
 599 0080 04       		.byte	0x4
 600 0081 85000000 		.4byte	0x85
 601 0085 07       		.uleb128 0x7
 602 0086 04       		.uleb128 0x4
 603 0087 01       		.byte	0x1
 604 0088 08       		.byte	0x8
 605 0089 14020000 		.4byte	.LASF10
 606 008d 03       		.uleb128 0x3
 607 008e 8F000000 		.4byte	.LASF12
ARM GAS  C:\Users\egh35\AppData\Local\Temp\ccBrt3N4.s 			page 19


 608 0092 03       		.byte	0x3
 609 0093 C1       		.byte	0xc1
 610 0094 45000000 		.4byte	0x45
 611 0098 03       		.uleb128 0x3
 612 0099 E4000000 		.4byte	.LASF13
 613 009d 03       		.byte	0x3
 614 009e C2       		.byte	0xc2
 615 009f 53000000 		.4byte	0x53
 616 00a3 03       		.uleb128 0x3
 617 00a4 F6000000 		.4byte	.LASF14
 618 00a8 03       		.byte	0x3
 619 00a9 C3       		.byte	0xc3
 620 00aa 61000000 		.4byte	0x61
 621 00ae 04       		.uleb128 0x4
 622 00af 04       		.byte	0x4
 623 00b0 04       		.byte	0x4
 624 00b1 5D000000 		.4byte	.LASF15
 625 00b5 04       		.uleb128 0x4
 626 00b6 08       		.byte	0x8
 627 00b7 04       		.byte	0x4
 628 00b8 B4000000 		.4byte	.LASF16
 629 00bc 08       		.uleb128 0x8
 630 00bd 78000000 		.4byte	.LASF17
 631 00c1 03       		.byte	0x3
 632 00c2 6B01     		.2byte	0x16b
 633 00c4 C8000000 		.4byte	0xc8
 634 00c8 09       		.uleb128 0x9
 635 00c9 8D000000 		.4byte	0x8d
 636 00cd 08       		.uleb128 0x8
 637 00ce 00000000 		.4byte	.LASF18
 638 00d2 03       		.byte	0x3
 639 00d3 6C01     		.2byte	0x16c
 640 00d5 D9000000 		.4byte	0xd9
 641 00d9 09       		.uleb128 0x9
 642 00da 98000000 		.4byte	0x98
 643 00de 08       		.uleb128 0x8
 644 00df 06000000 		.4byte	.LASF19
 645 00e3 03       		.byte	0x3
 646 00e4 6D01     		.2byte	0x16d
 647 00e6 EA000000 		.4byte	0xea
 648 00ea 09       		.uleb128 0x9
 649 00eb A3000000 		.4byte	0xa3
 650 00ef 08       		.uleb128 0x8
 651 00f0 B2010000 		.4byte	.LASF20
 652 00f4 03       		.byte	0x3
 653 00f5 7D01     		.2byte	0x17d
 654 00f7 7F000000 		.4byte	0x7f
 655 00fb 0A       		.uleb128 0xa
 656 00fc 02       		.byte	0x2
 657 00fd 01       		.byte	0x1
 658 00fe 7D       		.byte	0x7d
 659 00ff 1C010000 		.4byte	0x11c
 660 0103 0B       		.uleb128 0xb
 661 0104 2C020000 		.4byte	.LASF21
 662 0108 01       		.byte	0x1
 663 0109 7F       		.byte	0x7f
 664 010a 8D000000 		.4byte	0x8d
ARM GAS  C:\Users\egh35\AppData\Local\Temp\ccBrt3N4.s 			page 20


 665 010e 00       		.byte	0
 666 010f 0B       		.uleb128 0xb
 667 0110 22000000 		.4byte	.LASF22
 668 0114 01       		.byte	0x1
 669 0115 80       		.byte	0x80
 670 0116 8D000000 		.4byte	0x8d
 671 011a 01       		.byte	0x1
 672 011b 00       		.byte	0
 673 011c 03       		.uleb128 0x3
 674 011d 19020000 		.4byte	.LASF23
 675 0121 01       		.byte	0x1
 676 0122 81       		.byte	0x81
 677 0123 FB000000 		.4byte	0xfb
 678 0127 0C       		.uleb128 0xc
 679 0128 BB000000 		.4byte	.LASF28
 680 012c 01       		.byte	0x1
 681 012d 94       		.byte	0x94
 682 012e 00000000 		.4byte	.LFB3
 683 0132 36000000 		.4byte	.LFE3-.LFB3
 684 0136 01       		.uleb128 0x1
 685 0137 9C       		.byte	0x9c
 686 0138 95010000 		.4byte	0x195
 687 013c 0D       		.uleb128 0xd
 688 013d D9000000 		.4byte	.LASF24
 689 0141 01       		.byte	0x1
 690 0142 94       		.byte	0x94
 691 0143 95010000 		.4byte	0x195
 692 0147 01       		.uleb128 0x1
 693 0148 50       		.byte	0x50
 694 0149 0D       		.uleb128 0xd
 695 014a EB000000 		.4byte	.LASF25
 696 014e 01       		.byte	0x1
 697 014f 94       		.byte	0x94
 698 0150 A0010000 		.4byte	0x1a0
 699 0154 01       		.uleb128 0x1
 700 0155 51       		.byte	0x51
 701 0156 0E       		.uleb128 0xe
 702 0157 6900     		.ascii	"i\000"
 703 0159 01       		.byte	0x1
 704 015a 97       		.byte	0x97
 705 015b A3000000 		.4byte	0xa3
 706 015f 00000000 		.4byte	.LLST0
 707 0163 0E       		.uleb128 0xe
 708 0164 6A00     		.ascii	"j\000"
 709 0166 01       		.byte	0x1
 710 0167 97       		.byte	0x97
 711 0168 A3000000 		.4byte	0xa3
 712 016c 1F000000 		.4byte	.LLST1
 713 0170 0F       		.uleb128 0xf
 714 0171 00000000 		.4byte	.Ldebug_ranges0+0
 715 0175 10       		.uleb128 0x10
 716 0176 CC010000 		.4byte	.LASF26
 717 017a 01       		.byte	0x1
 718 017b 9A       		.byte	0x9a
 719 017c A3000000 		.4byte	0xa3
 720 0180 3E000000 		.4byte	.LLST2
 721 0184 10       		.uleb128 0x10
ARM GAS  C:\Users\egh35\AppData\Local\Temp\ccBrt3N4.s 			page 21


 722 0185 28000000 		.4byte	.LASF27
 723 0189 01       		.byte	0x1
 724 018a 9B       		.byte	0x9b
 725 018b 8D000000 		.4byte	0x8d
 726 018f 51000000 		.4byte	.LLST3
 727 0193 00       		.byte	0
 728 0194 00       		.byte	0
 729 0195 06       		.uleb128 0x6
 730 0196 04       		.byte	0x4
 731 0197 9B010000 		.4byte	0x19b
 732 019b 11       		.uleb128 0x11
 733 019c A3000000 		.4byte	0xa3
 734 01a0 06       		.uleb128 0x6
 735 01a1 04       		.byte	0x4
 736 01a2 A6010000 		.4byte	0x1a6
 737 01a6 11       		.uleb128 0x11
 738 01a7 1C010000 		.4byte	0x11c
 739 01ab 0C       		.uleb128 0xc
 740 01ac 95000000 		.4byte	.LASF29
 741 01b0 01       		.byte	0x1
 742 01b1 3B       		.byte	0x3b
 743 01b2 00000000 		.4byte	.LFB0
 744 01b6 0C000000 		.4byte	.LFE0-.LFB0
 745 01ba 01       		.uleb128 0x1
 746 01bb 9C       		.byte	0x9c
 747 01bc F8010000 		.4byte	0x1f8
 748 01c0 12       		.uleb128 0x12
 749 01c1 7300     		.ascii	"s\000"
 750 01c3 01       		.byte	0x1
 751 01c4 3B       		.byte	0x3b
 752 01c5 7D000000 		.4byte	0x7d
 753 01c9 87000000 		.4byte	.LLST4
 754 01cd 12       		.uleb128 0x12
 755 01ce 6E00     		.ascii	"n\000"
 756 01d0 01       		.byte	0x1
 757 01d1 3B       		.byte	0x3b
 758 01d2 2C000000 		.4byte	0x2c
 759 01d6 A8000000 		.4byte	.LLST5
 760 01da 13       		.uleb128 0x13
 761 01db 0A000000 		.4byte	.LVL13
 762 01df 67030000 		.4byte	0x367
 763 01e3 14       		.uleb128 0x14
 764 01e4 01       		.uleb128 0x1
 765 01e5 52       		.byte	0x52
 766 01e6 03       		.uleb128 0x3
 767 01e7 F3       		.byte	0xf3
 768 01e8 01       		.uleb128 0x1
 769 01e9 51       		.byte	0x51
 770 01ea 14       		.uleb128 0x14
 771 01eb 01       		.uleb128 0x1
 772 01ec 51       		.byte	0x51
 773 01ed 01       		.uleb128 0x1
 774 01ee 30       		.byte	0x30
 775 01ef 14       		.uleb128 0x14
 776 01f0 01       		.uleb128 0x1
 777 01f1 50       		.byte	0x50
 778 01f2 03       		.uleb128 0x3
ARM GAS  C:\Users\egh35\AppData\Local\Temp\ccBrt3N4.s 			page 22


 779 01f3 F3       		.byte	0xf3
 780 01f4 01       		.uleb128 0x1
 781 01f5 50       		.byte	0x50
 782 01f6 00       		.byte	0
 783 01f7 00       		.byte	0
 784 01f8 0C       		.uleb128 0xc
 785 01f9 2E000000 		.4byte	.LASF30
 786 01fd 01       		.byte	0x1
 787 01fe B9       		.byte	0xb9
 788 01ff 00000000 		.4byte	.LFB4
 789 0203 8C000000 		.4byte	.LFE4-.LFB4
 790 0207 01       		.uleb128 0x1
 791 0208 9C       		.byte	0x9c
 792 0209 43020000 		.4byte	0x243
 793 020d 15       		.uleb128 0x15
 794 020e 14000000 		.4byte	.LVL14
 795 0212 84030000 		.4byte	0x384
 796 0216 20020000 		.4byte	0x220
 797 021a 14       		.uleb128 0x14
 798 021b 01       		.uleb128 0x1
 799 021c 50       		.byte	0x50
 800 021d 01       		.uleb128 0x1
 801 021e 48       		.byte	0x48
 802 021f 00       		.byte	0
 803 0220 15       		.uleb128 0x15
 804 0221 4A000000 		.4byte	.LVL15
 805 0225 95030000 		.4byte	0x395
 806 0229 33020000 		.4byte	0x233
 807 022d 14       		.uleb128 0x14
 808 022e 01       		.uleb128 0x1
 809 022f 50       		.byte	0x50
 810 0230 01       		.uleb128 0x1
 811 0231 39       		.byte	0x39
 812 0232 00       		.byte	0
 813 0233 13       		.uleb128 0x13
 814 0234 50000000 		.4byte	.LVL16
 815 0238 AF030000 		.4byte	0x3af
 816 023c 14       		.uleb128 0x14
 817 023d 01       		.uleb128 0x1
 818 023e 50       		.byte	0x50
 819 023f 01       		.uleb128 0x1
 820 0240 39       		.byte	0x39
 821 0241 00       		.byte	0
 822 0242 00       		.byte	0
 823 0243 16       		.uleb128 0x16
 824 0244 0A010000 		.4byte	.LASF42
 825 0248 01       		.byte	0x1
 826 0249 0501     		.2byte	0x105
 827 024b 8C000000 		.4byte	.LFB6
 828 024f E0000000 		.4byte	.LFE6-.LFB6
 829 0253 01       		.uleb128 0x1
 830 0254 9C       		.byte	0x9c
 831 0255 3D030000 		.4byte	0x33d
 832 0259 17       		.uleb128 0x17
 833 025a 90000000 		.4byte	.LBB4
 834 025e 7E000000 		.4byte	.LBE4-.LBB4
 835 0262 33030000 		.4byte	0x333
ARM GAS  C:\Users\egh35\AppData\Local\Temp\ccBrt3N4.s 			page 23


 836 0266 18       		.uleb128 0x18
 837 0267 39000000 		.4byte	.LASF31
 838 026b 01       		.byte	0x1
 839 026c 0B01     		.2byte	0x10b
 840 026e 4D030000 		.4byte	0x34d
 841 0272 05       		.uleb128 0x5
 842 0273 03       		.byte	0x3
 843 0274 0C000000 		.4byte	cy_cfg_addr_table.4734
 844 0278 18       		.uleb128 0x18
 845 0279 4B000000 		.4byte	.LASF32
 846 027d 01       		.byte	0x1
 847 027e 1201     		.2byte	0x112
 848 0280 62030000 		.4byte	0x362
 849 0284 05       		.uleb128 0x5
 850 0285 03       		.byte	0x3
 851 0286 1C000000 		.4byte	cy_cfg_data_table.4735
 852 028a 19       		.uleb128 0x19
 853 028b 06       		.byte	0x6
 854 028c 01       		.byte	0x1
 855 028d 5B01     		.2byte	0x15b
 856 028f AE020000 		.4byte	0x2ae
 857 0293 1A       		.uleb128 0x1a
 858 0294 17010000 		.4byte	.LASF33
 859 0298 01       		.byte	0x1
 860 0299 5C01     		.2byte	0x15c
 861 029b 7D000000 		.4byte	0x7d
 862 029f 00       		.byte	0
 863 02a0 1A       		.uleb128 0x1a
 864 02a1 73000000 		.4byte	.LASF34
 865 02a5 01       		.byte	0x1
 866 02a6 5D01     		.2byte	0x15d
 867 02a8 98000000 		.4byte	0x98
 868 02ac 04       		.byte	0x4
 869 02ad 00       		.byte	0
 870 02ae 08       		.uleb128 0x8
 871 02af BF010000 		.4byte	.LASF35
 872 02b3 01       		.byte	0x1
 873 02b4 5E01     		.2byte	0x15e
 874 02b6 8A020000 		.4byte	0x28a
 875 02ba 1B       		.uleb128 0x1b
 876 02bb AE020000 		.4byte	0x2ae
 877 02bf CA020000 		.4byte	0x2ca
 878 02c3 1C       		.uleb128 0x1c
 879 02c4 76000000 		.4byte	0x76
 880 02c8 01       		.byte	0x1
 881 02c9 00       		.byte	0
 882 02ca 18       		.uleb128 0x18
 883 02cb 63000000 		.4byte	.LASF36
 884 02cf 01       		.byte	0x1
 885 02d0 6001     		.2byte	0x160
 886 02d2 DC020000 		.4byte	0x2dc
 887 02d6 05       		.uleb128 0x5
 888 02d7 03       		.byte	0x3
 889 02d8 00000000 		.4byte	cfg_memset_list.4740
 890 02dc 11       		.uleb128 0x11
 891 02dd BA020000 		.4byte	0x2ba
 892 02e1 1D       		.uleb128 0x1d
ARM GAS  C:\Users\egh35\AppData\Local\Temp\ccBrt3N4.s 			page 24


 893 02e2 6900     		.ascii	"i\000"
 894 02e4 01       		.byte	0x1
 895 02e5 6601     		.2byte	0x166
 896 02e7 8D000000 		.4byte	0x8d
 897 02eb D4000000 		.4byte	.LLST6
 898 02ef 1E       		.uleb128 0x1e
 899 02f0 18000000 		.4byte	.Ldebug_ranges0+0x18
 900 02f4 1C030000 		.4byte	0x31c
 901 02f8 1D       		.uleb128 0x1d
 902 02f9 6D7300   		.ascii	"ms\000"
 903 02fc 01       		.byte	0x1
 904 02fd 6B01     		.2byte	0x16b
 905 02ff 07030000 		.4byte	0x307
 906 0303 0B010000 		.4byte	.LLST7
 907 0307 06       		.uleb128 0x6
 908 0308 04       		.byte	0x4
 909 0309 0D030000 		.4byte	0x30d
 910 030d 11       		.uleb128 0x11
 911 030e AE020000 		.4byte	0x2ae
 912 0312 1F       		.uleb128 0x1f
 913 0313 AC000000 		.4byte	.LVL20
 914 0317 AB010000 		.4byte	0x1ab
 915 031b 00       		.byte	0
 916 031c 13       		.uleb128 0x13
 917 031d C0000000 		.4byte	.LVL23
 918 0321 27010000 		.4byte	0x127
 919 0325 14       		.uleb128 0x14
 920 0326 01       		.uleb128 0x1
 921 0327 51       		.byte	0x51
 922 0328 02       		.uleb128 0x2
 923 0329 75       		.byte	0x75
 924 032a 1C       		.sleb128 28
 925 032b 14       		.uleb128 0x14
 926 032c 01       		.uleb128 0x1
 927 032d 50       		.byte	0x50
 928 032e 02       		.uleb128 0x2
 929 032f 75       		.byte	0x75
 930 0330 0C       		.sleb128 12
 931 0331 00       		.byte	0
 932 0332 00       		.byte	0
 933 0333 1F       		.uleb128 0x1f
 934 0334 2C010000 		.4byte	.LVL24
 935 0338 F8010000 		.4byte	0x1f8
 936 033c 00       		.byte	0
 937 033d 1B       		.uleb128 0x1b
 938 033e A3000000 		.4byte	0xa3
 939 0342 4D030000 		.4byte	0x34d
 940 0346 1C       		.uleb128 0x1c
 941 0347 76000000 		.4byte	0x76
 942 034b 03       		.byte	0x3
 943 034c 00       		.byte	0
 944 034d 11       		.uleb128 0x11
 945 034e 3D030000 		.4byte	0x33d
 946 0352 1B       		.uleb128 0x1b
 947 0353 1C010000 		.4byte	0x11c
 948 0357 62030000 		.4byte	0x362
 949 035b 1C       		.uleb128 0x1c
ARM GAS  C:\Users\egh35\AppData\Local\Temp\ccBrt3N4.s 			page 25


 950 035c 76000000 		.4byte	0x76
 951 0360 43       		.byte	0x43
 952 0361 00       		.byte	0
 953 0362 11       		.uleb128 0x11
 954 0363 52030000 		.4byte	0x352
 955 0367 20       		.uleb128 0x20
 956 0368 AD000000 		.4byte	.LASF37
 957 036c 7D000000 		.4byte	0x7d
 958 0370 84030000 		.4byte	0x384
 959 0374 21       		.uleb128 0x21
 960 0375 7D000000 		.4byte	0x7d
 961 0379 21       		.uleb128 0x21
 962 037a 25000000 		.4byte	0x25
 963 037e 21       		.uleb128 0x21
 964 037f 76000000 		.4byte	0x76
 965 0383 00       		.byte	0
 966 0384 22       		.uleb128 0x22
 967 0385 3D020000 		.4byte	.LASF38
 968 0389 04       		.byte	0x4
 969 038a 31       		.byte	0x31
 970 038b 95030000 		.4byte	0x395
 971 038f 21       		.uleb128 0x21
 972 0390 A3000000 		.4byte	0xa3
 973 0394 00       		.byte	0
 974 0395 23       		.uleb128 0x23
 975 0396 13000000 		.4byte	.LASF43
 976 039a 04       		.byte	0x4
 977 039b 46       		.byte	0x46
 978 039c EF000000 		.4byte	0xef
 979 03a0 AF030000 		.4byte	0x3af
 980 03a4 21       		.uleb128 0x21
 981 03a5 8D000000 		.4byte	0x8d
 982 03a9 21       		.uleb128 0x21
 983 03aa EF000000 		.4byte	0xef
 984 03ae 00       		.byte	0
 985 03af 24       		.uleb128 0x24
 986 03b0 CD000000 		.4byte	.LASF44
 987 03b4 04       		.byte	0x4
 988 03b5 4C       		.byte	0x4c
 989 03b6 21       		.uleb128 0x21
 990 03b7 8D000000 		.4byte	0x8d
 991 03bb 00       		.byte	0
 992 03bc 00       		.byte	0
 993              		.section	.debug_abbrev,"",%progbits
 994              	.Ldebug_abbrev0:
 995 0000 01       		.uleb128 0x1
 996 0001 11       		.uleb128 0x11
 997 0002 01       		.byte	0x1
 998 0003 25       		.uleb128 0x25
 999 0004 0E       		.uleb128 0xe
 1000 0005 13       		.uleb128 0x13
 1001 0006 0B       		.uleb128 0xb
 1002 0007 03       		.uleb128 0x3
 1003 0008 0E       		.uleb128 0xe
 1004 0009 1B       		.uleb128 0x1b
 1005 000a 0E       		.uleb128 0xe
 1006 000b 55       		.uleb128 0x55
ARM GAS  C:\Users\egh35\AppData\Local\Temp\ccBrt3N4.s 			page 26


 1007 000c 17       		.uleb128 0x17
 1008 000d 11       		.uleb128 0x11
 1009 000e 01       		.uleb128 0x1
 1010 000f 10       		.uleb128 0x10
 1011 0010 17       		.uleb128 0x17
 1012 0011 00       		.byte	0
 1013 0012 00       		.byte	0
 1014 0013 02       		.uleb128 0x2
 1015 0014 24       		.uleb128 0x24
 1016 0015 00       		.byte	0
 1017 0016 0B       		.uleb128 0xb
 1018 0017 0B       		.uleb128 0xb
 1019 0018 3E       		.uleb128 0x3e
 1020 0019 0B       		.uleb128 0xb
 1021 001a 03       		.uleb128 0x3
 1022 001b 08       		.uleb128 0x8
 1023 001c 00       		.byte	0
 1024 001d 00       		.byte	0
 1025 001e 03       		.uleb128 0x3
 1026 001f 16       		.uleb128 0x16
 1027 0020 00       		.byte	0
 1028 0021 03       		.uleb128 0x3
 1029 0022 0E       		.uleb128 0xe
 1030 0023 3A       		.uleb128 0x3a
 1031 0024 0B       		.uleb128 0xb
 1032 0025 3B       		.uleb128 0x3b
 1033 0026 0B       		.uleb128 0xb
 1034 0027 49       		.uleb128 0x49
 1035 0028 13       		.uleb128 0x13
 1036 0029 00       		.byte	0
 1037 002a 00       		.byte	0
 1038 002b 04       		.uleb128 0x4
 1039 002c 24       		.uleb128 0x24
 1040 002d 00       		.byte	0
 1041 002e 0B       		.uleb128 0xb
 1042 002f 0B       		.uleb128 0xb
 1043 0030 3E       		.uleb128 0x3e
 1044 0031 0B       		.uleb128 0xb
 1045 0032 03       		.uleb128 0x3
 1046 0033 0E       		.uleb128 0xe
 1047 0034 00       		.byte	0
 1048 0035 00       		.byte	0
 1049 0036 05       		.uleb128 0x5
 1050 0037 0F       		.uleb128 0xf
 1051 0038 00       		.byte	0
 1052 0039 0B       		.uleb128 0xb
 1053 003a 0B       		.uleb128 0xb
 1054 003b 00       		.byte	0
 1055 003c 00       		.byte	0
 1056 003d 06       		.uleb128 0x6
 1057 003e 0F       		.uleb128 0xf
 1058 003f 00       		.byte	0
 1059 0040 0B       		.uleb128 0xb
 1060 0041 0B       		.uleb128 0xb
 1061 0042 49       		.uleb128 0x49
 1062 0043 13       		.uleb128 0x13
 1063 0044 00       		.byte	0
ARM GAS  C:\Users\egh35\AppData\Local\Temp\ccBrt3N4.s 			page 27


 1064 0045 00       		.byte	0
 1065 0046 07       		.uleb128 0x7
 1066 0047 15       		.uleb128 0x15
 1067 0048 00       		.byte	0
 1068 0049 27       		.uleb128 0x27
 1069 004a 19       		.uleb128 0x19
 1070 004b 00       		.byte	0
 1071 004c 00       		.byte	0
 1072 004d 08       		.uleb128 0x8
 1073 004e 16       		.uleb128 0x16
 1074 004f 00       		.byte	0
 1075 0050 03       		.uleb128 0x3
 1076 0051 0E       		.uleb128 0xe
 1077 0052 3A       		.uleb128 0x3a
 1078 0053 0B       		.uleb128 0xb
 1079 0054 3B       		.uleb128 0x3b
 1080 0055 05       		.uleb128 0x5
 1081 0056 49       		.uleb128 0x49
 1082 0057 13       		.uleb128 0x13
 1083 0058 00       		.byte	0
 1084 0059 00       		.byte	0
 1085 005a 09       		.uleb128 0x9
 1086 005b 35       		.uleb128 0x35
 1087 005c 00       		.byte	0
 1088 005d 49       		.uleb128 0x49
 1089 005e 13       		.uleb128 0x13
 1090 005f 00       		.byte	0
 1091 0060 00       		.byte	0
 1092 0061 0A       		.uleb128 0xa
 1093 0062 13       		.uleb128 0x13
 1094 0063 01       		.byte	0x1
 1095 0064 0B       		.uleb128 0xb
 1096 0065 0B       		.uleb128 0xb
 1097 0066 3A       		.uleb128 0x3a
 1098 0067 0B       		.uleb128 0xb
 1099 0068 3B       		.uleb128 0x3b
 1100 0069 0B       		.uleb128 0xb
 1101 006a 01       		.uleb128 0x1
 1102 006b 13       		.uleb128 0x13
 1103 006c 00       		.byte	0
 1104 006d 00       		.byte	0
 1105 006e 0B       		.uleb128 0xb
 1106 006f 0D       		.uleb128 0xd
 1107 0070 00       		.byte	0
 1108 0071 03       		.uleb128 0x3
 1109 0072 0E       		.uleb128 0xe
 1110 0073 3A       		.uleb128 0x3a
 1111 0074 0B       		.uleb128 0xb
 1112 0075 3B       		.uleb128 0x3b
 1113 0076 0B       		.uleb128 0xb
 1114 0077 49       		.uleb128 0x49
 1115 0078 13       		.uleb128 0x13
 1116 0079 38       		.uleb128 0x38
 1117 007a 0B       		.uleb128 0xb
 1118 007b 00       		.byte	0
 1119 007c 00       		.byte	0
 1120 007d 0C       		.uleb128 0xc
ARM GAS  C:\Users\egh35\AppData\Local\Temp\ccBrt3N4.s 			page 28


 1121 007e 2E       		.uleb128 0x2e
 1122 007f 01       		.byte	0x1
 1123 0080 03       		.uleb128 0x3
 1124 0081 0E       		.uleb128 0xe
 1125 0082 3A       		.uleb128 0x3a
 1126 0083 0B       		.uleb128 0xb
 1127 0084 3B       		.uleb128 0x3b
 1128 0085 0B       		.uleb128 0xb
 1129 0086 27       		.uleb128 0x27
 1130 0087 19       		.uleb128 0x19
 1131 0088 11       		.uleb128 0x11
 1132 0089 01       		.uleb128 0x1
 1133 008a 12       		.uleb128 0x12
 1134 008b 06       		.uleb128 0x6
 1135 008c 40       		.uleb128 0x40
 1136 008d 18       		.uleb128 0x18
 1137 008e 9742     		.uleb128 0x2117
 1138 0090 19       		.uleb128 0x19
 1139 0091 01       		.uleb128 0x1
 1140 0092 13       		.uleb128 0x13
 1141 0093 00       		.byte	0
 1142 0094 00       		.byte	0
 1143 0095 0D       		.uleb128 0xd
 1144 0096 05       		.uleb128 0x5
 1145 0097 00       		.byte	0
 1146 0098 03       		.uleb128 0x3
 1147 0099 0E       		.uleb128 0xe
 1148 009a 3A       		.uleb128 0x3a
 1149 009b 0B       		.uleb128 0xb
 1150 009c 3B       		.uleb128 0x3b
 1151 009d 0B       		.uleb128 0xb
 1152 009e 49       		.uleb128 0x49
 1153 009f 13       		.uleb128 0x13
 1154 00a0 02       		.uleb128 0x2
 1155 00a1 18       		.uleb128 0x18
 1156 00a2 00       		.byte	0
 1157 00a3 00       		.byte	0
 1158 00a4 0E       		.uleb128 0xe
 1159 00a5 34       		.uleb128 0x34
 1160 00a6 00       		.byte	0
 1161 00a7 03       		.uleb128 0x3
 1162 00a8 08       		.uleb128 0x8
 1163 00a9 3A       		.uleb128 0x3a
 1164 00aa 0B       		.uleb128 0xb
 1165 00ab 3B       		.uleb128 0x3b
 1166 00ac 0B       		.uleb128 0xb
 1167 00ad 49       		.uleb128 0x49
 1168 00ae 13       		.uleb128 0x13
 1169 00af 02       		.uleb128 0x2
 1170 00b0 17       		.uleb128 0x17
 1171 00b1 00       		.byte	0
 1172 00b2 00       		.byte	0
 1173 00b3 0F       		.uleb128 0xf
 1174 00b4 0B       		.uleb128 0xb
 1175 00b5 01       		.byte	0x1
 1176 00b6 55       		.uleb128 0x55
 1177 00b7 17       		.uleb128 0x17
ARM GAS  C:\Users\egh35\AppData\Local\Temp\ccBrt3N4.s 			page 29


 1178 00b8 00       		.byte	0
 1179 00b9 00       		.byte	0
 1180 00ba 10       		.uleb128 0x10
 1181 00bb 34       		.uleb128 0x34
 1182 00bc 00       		.byte	0
 1183 00bd 03       		.uleb128 0x3
 1184 00be 0E       		.uleb128 0xe
 1185 00bf 3A       		.uleb128 0x3a
 1186 00c0 0B       		.uleb128 0xb
 1187 00c1 3B       		.uleb128 0x3b
 1188 00c2 0B       		.uleb128 0xb
 1189 00c3 49       		.uleb128 0x49
 1190 00c4 13       		.uleb128 0x13
 1191 00c5 02       		.uleb128 0x2
 1192 00c6 17       		.uleb128 0x17
 1193 00c7 00       		.byte	0
 1194 00c8 00       		.byte	0
 1195 00c9 11       		.uleb128 0x11
 1196 00ca 26       		.uleb128 0x26
 1197 00cb 00       		.byte	0
 1198 00cc 49       		.uleb128 0x49
 1199 00cd 13       		.uleb128 0x13
 1200 00ce 00       		.byte	0
 1201 00cf 00       		.byte	0
 1202 00d0 12       		.uleb128 0x12
 1203 00d1 05       		.uleb128 0x5
 1204 00d2 00       		.byte	0
 1205 00d3 03       		.uleb128 0x3
 1206 00d4 08       		.uleb128 0x8
 1207 00d5 3A       		.uleb128 0x3a
 1208 00d6 0B       		.uleb128 0xb
 1209 00d7 3B       		.uleb128 0x3b
 1210 00d8 0B       		.uleb128 0xb
 1211 00d9 49       		.uleb128 0x49
 1212 00da 13       		.uleb128 0x13
 1213 00db 02       		.uleb128 0x2
 1214 00dc 17       		.uleb128 0x17
 1215 00dd 00       		.byte	0
 1216 00de 00       		.byte	0
 1217 00df 13       		.uleb128 0x13
 1218 00e0 898201   		.uleb128 0x4109
 1219 00e3 01       		.byte	0x1
 1220 00e4 11       		.uleb128 0x11
 1221 00e5 01       		.uleb128 0x1
 1222 00e6 31       		.uleb128 0x31
 1223 00e7 13       		.uleb128 0x13
 1224 00e8 00       		.byte	0
 1225 00e9 00       		.byte	0
 1226 00ea 14       		.uleb128 0x14
 1227 00eb 8A8201   		.uleb128 0x410a
 1228 00ee 00       		.byte	0
 1229 00ef 02       		.uleb128 0x2
 1230 00f0 18       		.uleb128 0x18
 1231 00f1 9142     		.uleb128 0x2111
 1232 00f3 18       		.uleb128 0x18
 1233 00f4 00       		.byte	0
 1234 00f5 00       		.byte	0
ARM GAS  C:\Users\egh35\AppData\Local\Temp\ccBrt3N4.s 			page 30


 1235 00f6 15       		.uleb128 0x15
 1236 00f7 898201   		.uleb128 0x4109
 1237 00fa 01       		.byte	0x1
 1238 00fb 11       		.uleb128 0x11
 1239 00fc 01       		.uleb128 0x1
 1240 00fd 31       		.uleb128 0x31
 1241 00fe 13       		.uleb128 0x13
 1242 00ff 01       		.uleb128 0x1
 1243 0100 13       		.uleb128 0x13
 1244 0101 00       		.byte	0
 1245 0102 00       		.byte	0
 1246 0103 16       		.uleb128 0x16
 1247 0104 2E       		.uleb128 0x2e
 1248 0105 01       		.byte	0x1
 1249 0106 3F       		.uleb128 0x3f
 1250 0107 19       		.uleb128 0x19
 1251 0108 03       		.uleb128 0x3
 1252 0109 0E       		.uleb128 0xe
 1253 010a 3A       		.uleb128 0x3a
 1254 010b 0B       		.uleb128 0xb
 1255 010c 3B       		.uleb128 0x3b
 1256 010d 05       		.uleb128 0x5
 1257 010e 27       		.uleb128 0x27
 1258 010f 19       		.uleb128 0x19
 1259 0110 11       		.uleb128 0x11
 1260 0111 01       		.uleb128 0x1
 1261 0112 12       		.uleb128 0x12
 1262 0113 06       		.uleb128 0x6
 1263 0114 40       		.uleb128 0x40
 1264 0115 18       		.uleb128 0x18
 1265 0116 9742     		.uleb128 0x2117
 1266 0118 19       		.uleb128 0x19
 1267 0119 01       		.uleb128 0x1
 1268 011a 13       		.uleb128 0x13
 1269 011b 00       		.byte	0
 1270 011c 00       		.byte	0
 1271 011d 17       		.uleb128 0x17
 1272 011e 0B       		.uleb128 0xb
 1273 011f 01       		.byte	0x1
 1274 0120 11       		.uleb128 0x11
 1275 0121 01       		.uleb128 0x1
 1276 0122 12       		.uleb128 0x12
 1277 0123 06       		.uleb128 0x6
 1278 0124 01       		.uleb128 0x1
 1279 0125 13       		.uleb128 0x13
 1280 0126 00       		.byte	0
 1281 0127 00       		.byte	0
 1282 0128 18       		.uleb128 0x18
 1283 0129 34       		.uleb128 0x34
 1284 012a 00       		.byte	0
 1285 012b 03       		.uleb128 0x3
 1286 012c 0E       		.uleb128 0xe
 1287 012d 3A       		.uleb128 0x3a
 1288 012e 0B       		.uleb128 0xb
 1289 012f 3B       		.uleb128 0x3b
 1290 0130 05       		.uleb128 0x5
 1291 0131 49       		.uleb128 0x49
ARM GAS  C:\Users\egh35\AppData\Local\Temp\ccBrt3N4.s 			page 31


 1292 0132 13       		.uleb128 0x13
 1293 0133 02       		.uleb128 0x2
 1294 0134 18       		.uleb128 0x18
 1295 0135 00       		.byte	0
 1296 0136 00       		.byte	0
 1297 0137 19       		.uleb128 0x19
 1298 0138 13       		.uleb128 0x13
 1299 0139 01       		.byte	0x1
 1300 013a 0B       		.uleb128 0xb
 1301 013b 0B       		.uleb128 0xb
 1302 013c 3A       		.uleb128 0x3a
 1303 013d 0B       		.uleb128 0xb
 1304 013e 3B       		.uleb128 0x3b
 1305 013f 05       		.uleb128 0x5
 1306 0140 01       		.uleb128 0x1
 1307 0141 13       		.uleb128 0x13
 1308 0142 00       		.byte	0
 1309 0143 00       		.byte	0
 1310 0144 1A       		.uleb128 0x1a
 1311 0145 0D       		.uleb128 0xd
 1312 0146 00       		.byte	0
 1313 0147 03       		.uleb128 0x3
 1314 0148 0E       		.uleb128 0xe
 1315 0149 3A       		.uleb128 0x3a
 1316 014a 0B       		.uleb128 0xb
 1317 014b 3B       		.uleb128 0x3b
 1318 014c 05       		.uleb128 0x5
 1319 014d 49       		.uleb128 0x49
 1320 014e 13       		.uleb128 0x13
 1321 014f 38       		.uleb128 0x38
 1322 0150 0B       		.uleb128 0xb
 1323 0151 00       		.byte	0
 1324 0152 00       		.byte	0
 1325 0153 1B       		.uleb128 0x1b
 1326 0154 01       		.uleb128 0x1
 1327 0155 01       		.byte	0x1
 1328 0156 49       		.uleb128 0x49
 1329 0157 13       		.uleb128 0x13
 1330 0158 01       		.uleb128 0x1
 1331 0159 13       		.uleb128 0x13
 1332 015a 00       		.byte	0
 1333 015b 00       		.byte	0
 1334 015c 1C       		.uleb128 0x1c
 1335 015d 21       		.uleb128 0x21
 1336 015e 00       		.byte	0
 1337 015f 49       		.uleb128 0x49
 1338 0160 13       		.uleb128 0x13
 1339 0161 2F       		.uleb128 0x2f
 1340 0162 0B       		.uleb128 0xb
 1341 0163 00       		.byte	0
 1342 0164 00       		.byte	0
 1343 0165 1D       		.uleb128 0x1d
 1344 0166 34       		.uleb128 0x34
 1345 0167 00       		.byte	0
 1346 0168 03       		.uleb128 0x3
 1347 0169 08       		.uleb128 0x8
 1348 016a 3A       		.uleb128 0x3a
ARM GAS  C:\Users\egh35\AppData\Local\Temp\ccBrt3N4.s 			page 32


 1349 016b 0B       		.uleb128 0xb
 1350 016c 3B       		.uleb128 0x3b
 1351 016d 05       		.uleb128 0x5
 1352 016e 49       		.uleb128 0x49
 1353 016f 13       		.uleb128 0x13
 1354 0170 02       		.uleb128 0x2
 1355 0171 17       		.uleb128 0x17
 1356 0172 00       		.byte	0
 1357 0173 00       		.byte	0
 1358 0174 1E       		.uleb128 0x1e
 1359 0175 0B       		.uleb128 0xb
 1360 0176 01       		.byte	0x1
 1361 0177 55       		.uleb128 0x55
 1362 0178 17       		.uleb128 0x17
 1363 0179 01       		.uleb128 0x1
 1364 017a 13       		.uleb128 0x13
 1365 017b 00       		.byte	0
 1366 017c 00       		.byte	0
 1367 017d 1F       		.uleb128 0x1f
 1368 017e 898201   		.uleb128 0x4109
 1369 0181 00       		.byte	0
 1370 0182 11       		.uleb128 0x11
 1371 0183 01       		.uleb128 0x1
 1372 0184 31       		.uleb128 0x31
 1373 0185 13       		.uleb128 0x13
 1374 0186 00       		.byte	0
 1375 0187 00       		.byte	0
 1376 0188 20       		.uleb128 0x20
 1377 0189 2E       		.uleb128 0x2e
 1378 018a 01       		.byte	0x1
 1379 018b 3F       		.uleb128 0x3f
 1380 018c 19       		.uleb128 0x19
 1381 018d 03       		.uleb128 0x3
 1382 018e 0E       		.uleb128 0xe
 1383 018f 27       		.uleb128 0x27
 1384 0190 19       		.uleb128 0x19
 1385 0191 49       		.uleb128 0x49
 1386 0192 13       		.uleb128 0x13
 1387 0193 34       		.uleb128 0x34
 1388 0194 19       		.uleb128 0x19
 1389 0195 3C       		.uleb128 0x3c
 1390 0196 19       		.uleb128 0x19
 1391 0197 01       		.uleb128 0x1
 1392 0198 13       		.uleb128 0x13
 1393 0199 00       		.byte	0
 1394 019a 00       		.byte	0
 1395 019b 21       		.uleb128 0x21
 1396 019c 05       		.uleb128 0x5
 1397 019d 00       		.byte	0
 1398 019e 49       		.uleb128 0x49
 1399 019f 13       		.uleb128 0x13
 1400 01a0 00       		.byte	0
 1401 01a1 00       		.byte	0
 1402 01a2 22       		.uleb128 0x22
 1403 01a3 2E       		.uleb128 0x2e
 1404 01a4 01       		.byte	0x1
 1405 01a5 3F       		.uleb128 0x3f
ARM GAS  C:\Users\egh35\AppData\Local\Temp\ccBrt3N4.s 			page 33


 1406 01a6 19       		.uleb128 0x19
 1407 01a7 03       		.uleb128 0x3
 1408 01a8 0E       		.uleb128 0xe
 1409 01a9 3A       		.uleb128 0x3a
 1410 01aa 0B       		.uleb128 0xb
 1411 01ab 3B       		.uleb128 0x3b
 1412 01ac 0B       		.uleb128 0xb
 1413 01ad 27       		.uleb128 0x27
 1414 01ae 19       		.uleb128 0x19
 1415 01af 3C       		.uleb128 0x3c
 1416 01b0 19       		.uleb128 0x19
 1417 01b1 01       		.uleb128 0x1
 1418 01b2 13       		.uleb128 0x13
 1419 01b3 00       		.byte	0
 1420 01b4 00       		.byte	0
 1421 01b5 23       		.uleb128 0x23
 1422 01b6 2E       		.uleb128 0x2e
 1423 01b7 01       		.byte	0x1
 1424 01b8 3F       		.uleb128 0x3f
 1425 01b9 19       		.uleb128 0x19
 1426 01ba 03       		.uleb128 0x3
 1427 01bb 0E       		.uleb128 0xe
 1428 01bc 3A       		.uleb128 0x3a
 1429 01bd 0B       		.uleb128 0xb
 1430 01be 3B       		.uleb128 0x3b
 1431 01bf 0B       		.uleb128 0xb
 1432 01c0 27       		.uleb128 0x27
 1433 01c1 19       		.uleb128 0x19
 1434 01c2 49       		.uleb128 0x49
 1435 01c3 13       		.uleb128 0x13
 1436 01c4 3C       		.uleb128 0x3c
 1437 01c5 19       		.uleb128 0x19
 1438 01c6 01       		.uleb128 0x1
 1439 01c7 13       		.uleb128 0x13
 1440 01c8 00       		.byte	0
 1441 01c9 00       		.byte	0
 1442 01ca 24       		.uleb128 0x24
 1443 01cb 2E       		.uleb128 0x2e
 1444 01cc 01       		.byte	0x1
 1445 01cd 3F       		.uleb128 0x3f
 1446 01ce 19       		.uleb128 0x19
 1447 01cf 03       		.uleb128 0x3
 1448 01d0 0E       		.uleb128 0xe
 1449 01d1 3A       		.uleb128 0x3a
 1450 01d2 0B       		.uleb128 0xb
 1451 01d3 3B       		.uleb128 0x3b
 1452 01d4 0B       		.uleb128 0xb
 1453 01d5 27       		.uleb128 0x27
 1454 01d6 19       		.uleb128 0x19
 1455 01d7 3C       		.uleb128 0x3c
 1456 01d8 19       		.uleb128 0x19
 1457 01d9 00       		.byte	0
 1458 01da 00       		.byte	0
 1459 01db 00       		.byte	0
 1460              		.section	.debug_loc,"",%progbits
 1461              	.Ldebug_loc0:
 1462              	.LLST0:
ARM GAS  C:\Users\egh35\AppData\Local\Temp\ccBrt3N4.s 			page 34


 1463 0000 02000000 		.4byte	.LVL1
 1464 0004 0C000000 		.4byte	.LVL2
 1465 0008 0200     		.2byte	0x2
 1466 000a 30       		.byte	0x30
 1467 000b 9F       		.byte	0x9f
 1468 000c 0C000000 		.4byte	.LVL2
 1469 0010 34000000 		.4byte	.LVL10
 1470 0014 0100     		.2byte	0x1
 1471 0016 57       		.byte	0x57
 1472 0017 00000000 		.4byte	0
 1473 001b 00000000 		.4byte	0
 1474              	.LLST1:
 1475 001f 02000000 		.4byte	.LVL1
 1476 0023 0C000000 		.4byte	.LVL2
 1477 0027 0200     		.2byte	0x2
 1478 0029 30       		.byte	0x30
 1479 002a 9F       		.byte	0x9f
 1480 002b 0C000000 		.4byte	.LVL2
 1481 002f 36000000 		.4byte	.LFE3
 1482 0033 0100     		.2byte	0x1
 1483 0035 52       		.byte	0x52
 1484 0036 00000000 		.4byte	0
 1485 003a 00000000 		.4byte	0
 1486              	.LLST2:
 1487 003e 10000000 		.4byte	.LVL3
 1488 0042 30000000 		.4byte	.LVL9
 1489 0046 0100     		.2byte	0x1
 1490 0048 56       		.byte	0x56
 1491 0049 00000000 		.4byte	0
 1492 004d 00000000 		.4byte	0
 1493              	.LLST3:
 1494 0051 12000000 		.4byte	.LVL4
 1495 0055 16000000 		.4byte	.LVL5
 1496 0059 0100     		.2byte	0x1
 1497 005b 56       		.byte	0x56
 1498 005c 16000000 		.4byte	.LVL5
 1499 0060 28000000 		.4byte	.LVL7
 1500 0064 0100     		.2byte	0x1
 1501 0066 53       		.byte	0x53
 1502 0067 28000000 		.4byte	.LVL7
 1503 006b 2A000000 		.4byte	.LVL8
 1504 006f 0300     		.2byte	0x3
 1505 0071 73       		.byte	0x73
 1506 0072 01       		.sleb128 1
 1507 0073 9F       		.byte	0x9f
 1508 0074 2A000000 		.4byte	.LVL8
 1509 0078 30000000 		.4byte	.LVL9
 1510 007c 0100     		.2byte	0x1
 1511 007e 53       		.byte	0x53
 1512 007f 00000000 		.4byte	0
 1513 0083 00000000 		.4byte	0
 1514              	.LLST4:
 1515 0087 00000000 		.4byte	.LVL11
 1516 008b 09000000 		.4byte	.LVL13-1
 1517 008f 0100     		.2byte	0x1
 1518 0091 50       		.byte	0x50
 1519 0092 09000000 		.4byte	.LVL13-1
ARM GAS  C:\Users\egh35\AppData\Local\Temp\ccBrt3N4.s 			page 35


 1520 0096 0C000000 		.4byte	.LFE0
 1521 009a 0400     		.2byte	0x4
 1522 009c F3       		.byte	0xf3
 1523 009d 01       		.uleb128 0x1
 1524 009e 50       		.byte	0x50
 1525 009f 9F       		.byte	0x9f
 1526 00a0 00000000 		.4byte	0
 1527 00a4 00000000 		.4byte	0
 1528              	.LLST5:
 1529 00a8 00000000 		.4byte	.LVL11
 1530 00ac 06000000 		.4byte	.LVL12
 1531 00b0 0100     		.2byte	0x1
 1532 00b2 51       		.byte	0x51
 1533 00b3 06000000 		.4byte	.LVL12
 1534 00b7 09000000 		.4byte	.LVL13-1
 1535 00bb 0100     		.2byte	0x1
 1536 00bd 52       		.byte	0x52
 1537 00be 09000000 		.4byte	.LVL13-1
 1538 00c2 0C000000 		.4byte	.LFE0
 1539 00c6 0400     		.2byte	0x4
 1540 00c8 F3       		.byte	0xf3
 1541 00c9 01       		.uleb128 0x1
 1542 00ca 51       		.byte	0x51
 1543 00cb 9F       		.byte	0x9f
 1544 00cc 00000000 		.4byte	0
 1545 00d0 00000000 		.4byte	0
 1546              	.LLST6:
 1547 00d4 90000000 		.4byte	.LVL17
 1548 00d8 96000000 		.4byte	.LVL18
 1549 00dc 0200     		.2byte	0x2
 1550 00de 30       		.byte	0x30
 1551 00df 9F       		.byte	0x9f
 1552 00e0 96000000 		.4byte	.LVL18
 1553 00e4 AE000000 		.4byte	.LVL21
 1554 00e8 0100     		.2byte	0x1
 1555 00ea 54       		.byte	0x54
 1556 00eb AE000000 		.4byte	.LVL21
 1557 00ef B0000000 		.4byte	.LVL22
 1558 00f3 0300     		.2byte	0x3
 1559 00f5 74       		.byte	0x74
 1560 00f6 7F       		.sleb128 -1
 1561 00f7 9F       		.byte	0x9f
 1562 00f8 B0000000 		.4byte	.LVL22
 1563 00fc 2C010000 		.4byte	.LVL25
 1564 0100 0100     		.2byte	0x1
 1565 0102 54       		.byte	0x54
 1566 0103 00000000 		.4byte	0
 1567 0107 00000000 		.4byte	0
 1568              	.LLST7:
 1569 010b 9E000000 		.4byte	.LVL19
 1570 010f AB000000 		.4byte	.LVL20-1
 1571 0113 0100     		.2byte	0x1
 1572 0115 53       		.byte	0x53
 1573 0116 AB000000 		.4byte	.LVL20-1
 1574 011a AE000000 		.4byte	.LVL21
 1575 011e 0D00     		.2byte	0xd
 1576 0120 74       		.byte	0x74
ARM GAS  C:\Users\egh35\AppData\Local\Temp\ccBrt3N4.s 			page 36


 1577 0121 00       		.sleb128 0
 1578 0122 31       		.byte	0x31
 1579 0123 24       		.byte	0x24
 1580 0124 74       		.byte	0x74
 1581 0125 00       		.sleb128 0
 1582 0126 22       		.byte	0x22
 1583 0127 31       		.byte	0x31
 1584 0128 24       		.byte	0x24
 1585 0129 75       		.byte	0x75
 1586 012a 00       		.sleb128 0
 1587 012b 22       		.byte	0x22
 1588 012c 9F       		.byte	0x9f
 1589 012d AE000000 		.4byte	.LVL21
 1590 0131 B0000000 		.4byte	.LVL22
 1591 0135 0D00     		.2byte	0xd
 1592 0137 74       		.byte	0x74
 1593 0138 7F       		.sleb128 -1
 1594 0139 74       		.byte	0x74
 1595 013a 7F       		.sleb128 -1
 1596 013b 31       		.byte	0x31
 1597 013c 24       		.byte	0x24
 1598 013d 22       		.byte	0x22
 1599 013e 31       		.byte	0x31
 1600 013f 24       		.byte	0x24
 1601 0140 75       		.byte	0x75
 1602 0141 00       		.sleb128 0
 1603 0142 22       		.byte	0x22
 1604 0143 9F       		.byte	0x9f
 1605 0144 00000000 		.4byte	0
 1606 0148 00000000 		.4byte	0
 1607              		.section	.debug_aranges,"",%progbits
 1608 0000 34000000 		.4byte	0x34
 1609 0004 0200     		.2byte	0x2
 1610 0006 00000000 		.4byte	.Ldebug_info0
 1611 000a 04       		.byte	0x4
 1612 000b 00       		.byte	0
 1613 000c 0000     		.2byte	0
 1614 000e 0000     		.2byte	0
 1615 0010 00000000 		.4byte	.LFB3
 1616 0014 36000000 		.4byte	.LFE3-.LFB3
 1617 0018 00000000 		.4byte	.LFB0
 1618 001c 0C000000 		.4byte	.LFE0-.LFB0
 1619 0020 00000000 		.4byte	.LFB4
 1620 0024 8C000000 		.4byte	.LFE4-.LFB4
 1621 0028 8C000000 		.4byte	.LFB6
 1622 002c E0000000 		.4byte	.LFE6-.LFB6
 1623 0030 00000000 		.4byte	0
 1624 0034 00000000 		.4byte	0
 1625              		.section	.debug_ranges,"",%progbits
 1626              	.Ldebug_ranges0:
 1627 0000 06000000 		.4byte	.LBB2
 1628 0004 0A000000 		.4byte	.LBE2
 1629 0008 0C000000 		.4byte	.LBB3
 1630 000c 2E000000 		.4byte	.LBE3
 1631 0010 00000000 		.4byte	0
 1632 0014 00000000 		.4byte	0
 1633 0018 92000000 		.4byte	.LBB5
ARM GAS  C:\Users\egh35\AppData\Local\Temp\ccBrt3N4.s 			page 37


 1634 001c 94000000 		.4byte	.LBE5
 1635 0020 96000000 		.4byte	.LBB6
 1636 0024 AC000000 		.4byte	.LBE6
 1637 0028 00000000 		.4byte	0
 1638 002c 00000000 		.4byte	0
 1639 0030 00000000 		.4byte	.LFB3
 1640 0034 36000000 		.4byte	.LFE3
 1641 0038 00000000 		.4byte	.LFB0
 1642 003c 0C000000 		.4byte	.LFE0
 1643 0040 00000000 		.4byte	.LFB4
 1644 0044 8C000000 		.4byte	.LFE4
 1645 0048 8C000000 		.4byte	.LFB6
 1646 004c 6C010000 		.4byte	.LFE6
 1647 0050 00000000 		.4byte	0
 1648 0054 00000000 		.4byte	0
 1649              		.section	.debug_line,"",%progbits
 1650              	.Ldebug_line0:
 1651 0000 69010000 		.section	.debug_str,"MS",%progbits,1
 1651      0200D800 
 1651      00000201 
 1651      FB0E0D00 
 1651      01010101 
 1652              	.LASF18:
 1653 0000 72656731 		.ascii	"reg16\000"
 1653      3600
 1654              	.LASF19:
 1655 0006 72656733 		.ascii	"reg32\000"
 1655      3200
 1656              	.LASF11:
 1657 000c 73697A65 		.ascii	"size_t\000"
 1657      5F7400
 1658              	.LASF43:
 1659 0013 4379496E 		.ascii	"CyIntSetVector\000"
 1659      74536574 
 1659      56656374 
 1659      6F7200
 1660              	.LASF22:
 1661 0022 76616C75 		.ascii	"value\000"
 1661      6500
 1662              	.LASF27:
 1663 0028 636F756E 		.ascii	"count\000"
 1663      7400
 1664              	.LASF30:
 1665 002e 436C6F63 		.ascii	"ClockSetup\000"
 1665      6B536574 
 1665      757000
 1666              	.LASF31:
 1667 0039 63795F63 		.ascii	"cy_cfg_addr_table\000"
 1667      66675F61 
 1667      6464725F 
 1667      7461626C 
 1667      6500
 1668              	.LASF32:
 1669 004b 63795F63 		.ascii	"cy_cfg_data_table\000"
 1669      66675F64 
 1669      6174615F 
 1669      7461626C 
ARM GAS  C:\Users\egh35\AppData\Local\Temp\ccBrt3N4.s 			page 38


 1669      6500
 1670              	.LASF15:
 1671 005d 666C6F61 		.ascii	"float\000"
 1671      7400
 1672              	.LASF36:
 1673 0063 6366675F 		.ascii	"cfg_memset_list\000"
 1673      6D656D73 
 1673      65745F6C 
 1673      69737400 
 1674              	.LASF34:
 1675 0073 73697A65 		.ascii	"size\000"
 1675      00
 1676              	.LASF17:
 1677 0078 72656738 		.ascii	"reg8\000"
 1677      00
 1678              	.LASF6:
 1679 007d 6C6F6E67 		.ascii	"long unsigned int\000"
 1679      20756E73 
 1679      69676E65 
 1679      6420696E 
 1679      7400
 1680              	.LASF12:
 1681 008f 75696E74 		.ascii	"uint8\000"
 1681      3800
 1682              	.LASF29:
 1683 0095 43594D45 		.ascii	"CYMEMZERO\000"
 1683      4D5A4552 
 1683      4F00
 1684              	.LASF2:
 1685 009f 756E7369 		.ascii	"unsigned char\000"
 1685      676E6564 
 1685      20636861 
 1685      7200
 1686              	.LASF37:
 1687 00ad 6D656D73 		.ascii	"memset\000"
 1687      657400
 1688              	.LASF16:
 1689 00b4 646F7562 		.ascii	"double\000"
 1689      6C6500
 1690              	.LASF28:
 1691 00bb 6366675F 		.ascii	"cfg_write_bytes32\000"
 1691      77726974 
 1691      655F6279 
 1691      74657333 
 1691      3200
 1692              	.LASF44:
 1693 00cd 4379496E 		.ascii	"CyIntEnable\000"
 1693      74456E61 
 1693      626C6500 
 1694              	.LASF24:
 1695 00d9 61646472 		.ascii	"addr_table\000"
 1695      5F746162 
 1695      6C6500
 1696              	.LASF13:
 1697 00e4 75696E74 		.ascii	"uint16\000"
 1697      313600
 1698              	.LASF25:
ARM GAS  C:\Users\egh35\AppData\Local\Temp\ccBrt3N4.s 			page 39


 1699 00eb 64617461 		.ascii	"data_table\000"
 1699      5F746162 
 1699      6C6500
 1700              	.LASF14:
 1701 00f6 75696E74 		.ascii	"uint32\000"
 1701      333200
 1702              	.LASF0:
 1703 00fd 756E7369 		.ascii	"unsigned int\000"
 1703      676E6564 
 1703      20696E74 
 1703      00
 1704              	.LASF42:
 1705 010a 63796669 		.ascii	"cyfitter_cfg\000"
 1705      74746572 
 1705      5F636667 
 1705      00
 1706              	.LASF33:
 1707 0117 61646472 		.ascii	"address\000"
 1707      65737300 
 1708              	.LASF8:
 1709 011f 6C6F6E67 		.ascii	"long long unsigned int\000"
 1709      206C6F6E 
 1709      6720756E 
 1709      7369676E 
 1709      65642069 
 1710              	.LASF39:
 1711 0136 474E5520 		.ascii	"GNU C 4.8.4 20140526 (release) [ARM/embedded-4_8-br"
 1711      4320342E 
 1711      382E3420 
 1711      32303134 
 1711      30353236 
 1712 0169 616E6368 		.ascii	"anch revision 211358] -mcpu=cortex-m0 -mthumb -g -O"
 1712      20726576 
 1712      6973696F 
 1712      6E203231 
 1712      31333538 
 1713 019c 67202D66 		.ascii	"g -ffunction-sections\000"
 1713      66756E63 
 1713      74696F6E 
 1713      2D736563 
 1713      74696F6E 
 1714              	.LASF20:
 1715 01b2 63796973 		.ascii	"cyisraddress\000"
 1715      72616464 
 1715      72657373 
 1715      00
 1716              	.LASF35:
 1717 01bf 6366675F 		.ascii	"cfg_memset_t\000"
 1717      6D656D73 
 1717      65745F74 
 1717      00
 1718              	.LASF26:
 1719 01cc 62617365 		.ascii	"baseAddr\000"
 1719      41646472 
 1719      00
 1720              	.LASF9:
 1721 01d5 73697A65 		.ascii	"sizetype\000"
ARM GAS  C:\Users\egh35\AppData\Local\Temp\ccBrt3N4.s 			page 40


 1721      74797065 
 1721      00
 1722              	.LASF40:
 1723 01de 2E5C4765 		.ascii	".\\Generated_Source\\PSoC4\\cyfitter_cfg.c\000"
 1723      6E657261 
 1723      7465645F 
 1723      536F7572 
 1723      63655C50 
 1724              	.LASF7:
 1725 0206 6C6F6E67 		.ascii	"long long int\000"
 1725      206C6F6E 
 1725      6720696E 
 1725      7400
 1726              	.LASF10:
 1727 0214 63686172 		.ascii	"char\000"
 1727      00
 1728              	.LASF23:
 1729 0219 63795F63 		.ascii	"cy_cfg_addrvalue_t\000"
 1729      66675F61 
 1729      64647276 
 1729      616C7565 
 1729      5F7400
 1730              	.LASF21:
 1731 022c 6F666673 		.ascii	"offset\000"
 1731      657400
 1732              	.LASF3:
 1733 0233 73686F72 		.ascii	"short int\000"
 1733      7420696E 
 1733      7400
 1734              	.LASF38:
 1735 023d 43795379 		.ascii	"CySysClkWriteImoFreq\000"
 1735      73436C6B 
 1735      57726974 
 1735      65496D6F 
 1735      46726571 
 1736              	.LASF41:
 1737 0252 453A5C73 		.ascii	"E:\\school\\ECEC304\\Lab6\\DebounceA.cydsn\000"
 1737      63686F6F 
 1737      6C5C4543 
 1737      45433330 
 1737      345C4C61 
 1738              	.LASF5:
 1739 0279 6C6F6E67 		.ascii	"long int\000"
 1739      20696E74 
 1739      00
 1740              	.LASF1:
 1741 0282 7369676E 		.ascii	"signed char\000"
 1741      65642063 
 1741      68617200 
 1742              	.LASF4:
 1743 028e 73686F72 		.ascii	"short unsigned int\000"
 1743      7420756E 
 1743      7369676E 
 1743      65642069 
 1743      6E7400
 1744              		.ident	"GCC: (GNU Tools for ARM Embedded Processors) 4.8.4 20140526 (release) [ARM/embedded-4_8-br
