ARM GAS  C:\Users\EGH35~1.DRE\AppData\Local\Temp\cc9on1qW.s 			page 1


   1              		.cpu cortex-m0
   2              		.fpu softvfp
   3              		.eabi_attribute 20, 1
   4              		.eabi_attribute 21, 1
   5              		.eabi_attribute 23, 3
   6              		.eabi_attribute 24, 1
   7              		.eabi_attribute 25, 1
   8              		.eabi_attribute 26, 1
   9              		.eabi_attribute 30, 1
  10              		.eabi_attribute 34, 0
  11              		.eabi_attribute 18, 4
  12              		.code	16
  13              		.file	"main.c"
  14              		.text
  15              	.Ltext0:
  16              		.cfi_sections	.debug_frame
  17              		.section	.text.PrintInt,"ax",%progbits
  18              		.align	2
  19              		.global	PrintInt
  20              		.code	16
  21              		.thumb_func
  22              		.type	PrintInt, %function
  23              	PrintInt:
  24              	.LFB33:
  25              		.file 1 ".\\main.c"
   1:.\main.c      **** /* ========================================
   2:.\main.c      ****  *
   3:.\main.c      ****  * Copyright YOUR COMPANY, THE YEAR
   4:.\main.c      ****  * All Rights Reserved
   5:.\main.c      ****  * UNPUBLISHED, LICENSED SOFTWARE.
   6:.\main.c      ****  *
   7:.\main.c      ****  * CONFIDENTIAL AND PROPRIETARY INFORMATION
   8:.\main.c      ****  * WHICH IS THE PROPERTY OF your company.
   9:.\main.c      ****  *
  10:.\main.c      ****  * ========================================
  11:.\main.c      **** */
  12:.\main.c      **** #include <project.h>
  13:.\main.c      **** #include <stdbool.h>
  14:.\main.c      **** 
  15:.\main.c      **** 
  16:.\main.c      **** void PrintInt(int b){
  26              		.loc 1 16 0
  27              		.cfi_startproc
  28              	.LVL0:
  29 0000 00B5     		push	{lr}
  30              		.cfi_def_cfa_offset 4
  31              		.cfi_offset 14, -4
  32 0002 85B0     		sub	sp, sp, #20
  33              		.cfi_def_cfa_offset 24
  34 0004 021C     		mov	r2, r0
  17:.\main.c      ****     char buf[10];
  18:.\main.c      ****     sprintf(buf, "%d", b); 
  35              		.loc 1 18 0
  36 0006 01A8     		add	r0, sp, #4
  37              	.LVL1:
  38 0008 0349     		ldr	r1, .L2
  39 000a FFF7FEFF 		bl	sprintf
ARM GAS  C:\Users\EGH35~1.DRE\AppData\Local\Temp\cc9on1qW.s 			page 2


  40              	.LVL2:
  19:.\main.c      ****     UART_1_UartPutString(buf);
  41              		.loc 1 19 0
  42 000e 01A8     		add	r0, sp, #4
  43 0010 FFF7FEFF 		bl	UART_1_UartPutString
  44              	.LVL3:
  20:.\main.c      **** 
  21:.\main.c      **** }
  45              		.loc 1 21 0
  46 0014 05B0     		add	sp, sp, #20
  47              		@ sp needed
  48 0016 00BD     		pop	{pc}
  49              	.L3:
  50              		.align	2
  51              	.L2:
  52 0018 00000000 		.word	.LC0
  53              		.cfi_endproc
  54              	.LFE33:
  55              		.size	PrintInt, .-PrintInt
  56              		.global	__aeabi_idiv
  57              		.global	__aeabi_i2f
  58              		.global	__aeabi_f2iz
  59              		.section	.text.main,"ax",%progbits
  60              		.align	2
  61              		.global	main
  62              		.code	16
  63              		.thumb_func
  64              		.type	main, %function
  65              	main:
  66              	.LFB34:
  22:.\main.c      **** 
  23:.\main.c      **** int main()
  24:.\main.c      **** {
  67              		.loc 1 24 0
  68              		.cfi_startproc
  69 0000 F8B5     		push	{r3, r4, r5, r6, r7, lr}
  70              		.cfi_def_cfa_offset 24
  71              		.cfi_offset 3, -24
  72              		.cfi_offset 4, -20
  73              		.cfi_offset 5, -16
  74              		.cfi_offset 6, -12
  75              		.cfi_offset 7, -8
  76              		.cfi_offset 14, -4
  77 0002 4F46     		mov	r7, r9
  78 0004 4646     		mov	r6, r8
  79 0006 C0B4     		push	{r6, r7}
  80              		.cfi_def_cfa_offset 32
  81              		.cfi_offset 8, -32
  82              		.cfi_offset 9, -28
  83              	.LVL4:
  25:.\main.c      ****     int press = 0;
  26:.\main.c      ****     int tc_1, tc_2; 
  27:.\main.c      ****     float time = 0; 
  28:.\main.c      ****     int tc_new, tc_old;
  29:.\main.c      ****     UART_1_Start();
  84              		.loc 1 29 0
  85 0008 FFF7FEFF 		bl	UART_1_Start
ARM GAS  C:\Users\EGH35~1.DRE\AppData\Local\Temp\cc9on1qW.s 			page 3


  86              	.LVL5:
  30:.\main.c      ****     Timer_1_Start();
  87              		.loc 1 30 0
  88 000c FFF7FEFF 		bl	Timer_1_Start
  89              	.LVL6:
  31:.\main.c      ****     
  32:.\main.c      ****     CyGlobalIntEnable; /* Enable global interrupts. */
  90              		.loc 1 32 0
  91              	@ 32 ".\main.c" 1
  92 0010 62B6     		CPSIE   i
  93              	@ 0 "" 2
  25:.\main.c      ****     int press = 0;
  94              		.loc 1 25 0
  95              		.code	16
  96 0012 0026     		mov	r6, #0
  97              	.LBB2:
  33:.\main.c      **** 
  34:.\main.c      ****     /* Place your initialization/startup code here (e.g. MyInst_Start()) */
  35:.\main.c      **** for(;;){
  36:.\main.c      ****     
  37:.\main.c      **** //PrintInt(SW_Read());
  38:.\main.c      **** 
  39:.\main.c      **** if(SW_Read() == 0){
  40:.\main.c      ****     CyDelay(90);
  41:.\main.c      ****     if(SW_Read() == 0){
  42:.\main.c      ****         tc_1 = Timer_1_ReadCounter(); 
  43:.\main.c      ****         press++;
  44:.\main.c      ****     }
  45:.\main.c      **** }
  46:.\main.c      **** 
  47:.\main.c      **** time = abs(tc_2 - tc_1)/10;
  48:.\main.c      **** tc_2 = tc_1;
  49:.\main.c      **** 
  50:.\main.c      **** if(press == 2){
  51:.\main.c      ****     
  52:.\main.c      ****     UART_1_UartPutString("\n \r Time Between Presses: ");
  98              		.loc 1 52 0
  99 0014 174B     		ldr	r3, .L8
 100 0016 9946     		mov	r9, r3
  53:.\main.c      ****     PrintInt(time);
  54:.\main.c      ****     UART_1_UartPutString(" ms  ");
 101              		.loc 1 54 0
 102 0018 174B     		ldr	r3, .L8+4
 103 001a 9846     		mov	r8, r3
  55:.\main.c      ****     press = 0; 
 104              		.loc 1 55 0
 105 001c 0027     		mov	r7, #0
 106 001e 00E0     		b	.L5
 107              	.LVL7:
 108              	.L7:
 109 0020 251C     		mov	r5, r4
 110              	.LVL8:
 111              	.L5:
  39:.\main.c      **** if(SW_Read() == 0){
 112              		.loc 1 39 0
 113 0022 FFF7FEFF 		bl	SW_Read
 114              	.LVL9:
ARM GAS  C:\Users\EGH35~1.DRE\AppData\Local\Temp\cc9on1qW.s 			page 4


 115 0026 0028     		cmp	r0, #0
 116 0028 0AD1     		bne	.L6
  40:.\main.c      ****     CyDelay(90);
 117              		.loc 1 40 0
 118 002a 5A20     		mov	r0, #90
 119 002c FFF7FEFF 		bl	CyDelay
 120              	.LVL10:
  41:.\main.c      ****     if(SW_Read() == 0){
 121              		.loc 1 41 0
 122 0030 FFF7FEFF 		bl	SW_Read
 123              	.LVL11:
 124 0034 0028     		cmp	r0, #0
 125 0036 03D1     		bne	.L6
  42:.\main.c      ****         tc_1 = Timer_1_ReadCounter(); 
 126              		.loc 1 42 0
 127 0038 FFF7FEFF 		bl	Timer_1_ReadCounter
 128              	.LVL12:
 129 003c 041C     		mov	r4, r0
 130              	.LVL13:
  43:.\main.c      ****         press++;
 131              		.loc 1 43 0
 132 003e 0136     		add	r6, r6, #1
 133              	.LVL14:
 134              	.L6:
  47:.\main.c      **** time = abs(tc_2 - tc_1)/10;
 135              		.loc 1 47 0
 136 0040 2D1B     		sub	r5, r5, r4
 137              	.LVL15:
 138 0042 EB17     		asr	r3, r5, #31
 139 0044 E818     		add	r0, r5, r3
 140 0046 5840     		eor	r0, r3
 141 0048 0A21     		mov	r1, #10
 142 004a FFF7FEFF 		bl	__aeabi_idiv
 143              	.LVL16:
 144 004e FFF7FEFF 		bl	__aeabi_i2f
 145              	.LVL17:
 146 0052 051C     		add	r5, r0, #0
 147              	.LVL18:
  50:.\main.c      **** if(press == 2){
 148              		.loc 1 50 0
 149 0054 022E     		cmp	r6, #2
 150 0056 E3D1     		bne	.L7
  52:.\main.c      ****     UART_1_UartPutString("\n \r Time Between Presses: ");
 151              		.loc 1 52 0
 152 0058 4846     		mov	r0, r9
 153              	.LVL19:
 154 005a FFF7FEFF 		bl	UART_1_UartPutString
 155              	.LVL20:
  53:.\main.c      ****     PrintInt(time);
 156              		.loc 1 53 0
 157 005e 281C     		add	r0, r5, #0
 158 0060 FFF7FEFF 		bl	__aeabi_f2iz
 159              	.LVL21:
 160 0064 FFF7FEFF 		bl	PrintInt
 161              	.LVL22:
  54:.\main.c      ****     UART_1_UartPutString(" ms  ");
 162              		.loc 1 54 0
ARM GAS  C:\Users\EGH35~1.DRE\AppData\Local\Temp\cc9on1qW.s 			page 5


 163 0068 4046     		mov	r0, r8
 164 006a FFF7FEFF 		bl	UART_1_UartPutString
 165              	.LVL23:
 166              		.loc 1 55 0
 167 006e 3E1C     		mov	r6, r7
 168 0070 D6E7     		b	.L7
 169              	.L9:
 170 0072 C046     		.align	2
 171              	.L8:
 172 0074 04000000 		.word	.LC2
 173 0078 20000000 		.word	.LC4
 174              	.LBE2:
 175              		.cfi_endproc
 176              	.LFE34:
 177              		.size	main, .-main
 178              		.section	.rodata.str1.4,"aMS",%progbits,1
 179              		.align	2
 180              	.LC0:
 181 0000 256400   		.ascii	"%d\000"
 182 0003 00       		.space	1
 183              	.LC2:
 184 0004 0A200D20 		.ascii	"\012 \015 Time Between Presses: \000"
 184      54696D65 
 184      20426574 
 184      7765656E 
 184      20507265 
 185 001f 00       		.space	1
 186              	.LC4:
 187 0020 206D7320 		.ascii	" ms  \000"
 187      2000
 188 0026 0000     		.text
 189              	.Letext0:
 190              		.file 2 "Generated_Source\\PSoC4/cytypes.h"
 191              		.file 3 "<built-in>"
 192              		.file 4 "Generated_Source\\PSoC4/UART_1_SPI_UART.h"
 193              		.file 5 "Generated_Source\\PSoC4/CyLib.h"
 194              		.file 6 "Generated_Source\\PSoC4/SW.h"
 195              		.file 7 "Generated_Source\\PSoC4/Timer_1.h"
 196              		.file 8 "Generated_Source\\PSoC4/UART_1.h"
 197              		.section	.debug_info,"",%progbits
 198              	.Ldebug_info0:
 199 0000 B7020000 		.4byte	0x2b7
 200 0004 0400     		.2byte	0x4
 201 0006 00000000 		.4byte	.Ldebug_abbrev0
 202 000a 04       		.byte	0x4
 203 000b 01       		.uleb128 0x1
 204 000c D9000000 		.4byte	.LASF32
 205 0010 01       		.byte	0x1
 206 0011 91000000 		.4byte	.LASF33
 207 0015 A6010000 		.4byte	.LASF34
 208 0019 00000000 		.4byte	.Ldebug_ranges0+0
 209 001d 00000000 		.4byte	0
 210 0021 00000000 		.4byte	.Ldebug_line0
 211 0025 02       		.uleb128 0x2
 212 0026 01       		.byte	0x1
 213 0027 06       		.byte	0x6
 214 0028 D6010000 		.4byte	.LASF0
ARM GAS  C:\Users\EGH35~1.DRE\AppData\Local\Temp\cc9on1qW.s 			page 6


 215 002c 02       		.uleb128 0x2
 216 002d 01       		.byte	0x1
 217 002e 08       		.byte	0x8
 218 002f 4E000000 		.4byte	.LASF1
 219 0033 02       		.uleb128 0x2
 220 0034 02       		.byte	0x2
 221 0035 05       		.byte	0x5
 222 0036 9C010000 		.4byte	.LASF2
 223 003a 02       		.uleb128 0x2
 224 003b 02       		.byte	0x2
 225 003c 07       		.byte	0x7
 226 003d 28000000 		.4byte	.LASF3
 227 0041 02       		.uleb128 0x2
 228 0042 04       		.byte	0x4
 229 0043 05       		.byte	0x5
 230 0044 CD010000 		.4byte	.LASF4
 231 0048 02       		.uleb128 0x2
 232 0049 04       		.byte	0x4
 233 004a 07       		.byte	0x7
 234 004b 6B000000 		.4byte	.LASF5
 235 004f 02       		.uleb128 0x2
 236 0050 08       		.byte	0x8
 237 0051 05       		.byte	0x5
 238 0052 6B010000 		.4byte	.LASF6
 239 0056 02       		.uleb128 0x2
 240 0057 08       		.byte	0x8
 241 0058 07       		.byte	0x7
 242 0059 C2000000 		.4byte	.LASF7
 243 005d 03       		.uleb128 0x3
 244 005e 04       		.byte	0x4
 245 005f 05       		.byte	0x5
 246 0060 696E7400 		.ascii	"int\000"
 247 0064 02       		.uleb128 0x2
 248 0065 04       		.byte	0x4
 249 0066 07       		.byte	0x7
 250 0067 3B000000 		.4byte	.LASF8
 251 006b 04       		.uleb128 0x4
 252 006c 7D000000 		.4byte	.LASF9
 253 0070 02       		.byte	0x2
 254 0071 C1       		.byte	0xc1
 255 0072 2C000000 		.4byte	0x2c
 256 0076 04       		.uleb128 0x4
 257 0077 A1000000 		.4byte	.LASF10
 258 007b 02       		.byte	0x2
 259 007c C2       		.byte	0xc2
 260 007d 3A000000 		.4byte	0x3a
 261 0081 04       		.uleb128 0x4
 262 0082 A8000000 		.4byte	.LASF11
 263 0086 02       		.byte	0x2
 264 0087 C3       		.byte	0xc3
 265 0088 48000000 		.4byte	0x48
 266 008c 02       		.uleb128 0x2
 267 008d 04       		.byte	0x4
 268 008e 04       		.byte	0x4
 269 008f 48000000 		.4byte	.LASF12
 270 0093 02       		.uleb128 0x2
 271 0094 08       		.byte	0x8
ARM GAS  C:\Users\EGH35~1.DRE\AppData\Local\Temp\cc9on1qW.s 			page 7


 272 0095 04       		.byte	0x4
 273 0096 8A000000 		.4byte	.LASF13
 274 009a 04       		.uleb128 0x4
 275 009b 5C000000 		.4byte	.LASF14
 276 009f 02       		.byte	0x2
 277 00a0 D2       		.byte	0xd2
 278 00a1 A5000000 		.4byte	0xa5
 279 00a5 02       		.uleb128 0x2
 280 00a6 01       		.byte	0x1
 281 00a7 08       		.byte	0x8
 282 00a8 79010000 		.4byte	.LASF15
 283 00ac 02       		.uleb128 0x2
 284 00ad 04       		.byte	0x4
 285 00ae 07       		.byte	0x7
 286 00af 62010000 		.4byte	.LASF16
 287 00b3 05       		.uleb128 0x5
 288 00b4 04       		.byte	0x4
 289 00b5 A5000000 		.4byte	0xa5
 290 00b9 05       		.uleb128 0x5
 291 00ba 04       		.byte	0x4
 292 00bb BF000000 		.4byte	0xbf
 293 00bf 06       		.uleb128 0x6
 294 00c0 A5000000 		.4byte	0xa5
 295 00c4 07       		.uleb128 0x7
 296 00c5 62000000 		.4byte	.LASF17
 297 00c9 01       		.byte	0x1
 298 00ca 10       		.byte	0x10
 299 00cb 00000000 		.4byte	.LFB33
 300 00cf 1C000000 		.4byte	.LFE33-.LFB33
 301 00d3 01       		.uleb128 0x1
 302 00d4 9C       		.byte	0x9c
 303 00d5 44010000 		.4byte	0x144
 304 00d9 08       		.uleb128 0x8
 305 00da 6200     		.ascii	"b\000"
 306 00dc 01       		.byte	0x1
 307 00dd 10       		.byte	0x10
 308 00de 5D000000 		.4byte	0x5d
 309 00e2 00000000 		.4byte	.LLST0
 310 00e6 09       		.uleb128 0x9
 311 00e7 62756600 		.ascii	"buf\000"
 312 00eb 01       		.byte	0x1
 313 00ec 11       		.byte	0x11
 314 00ed 44010000 		.4byte	0x144
 315 00f1 02       		.uleb128 0x2
 316 00f2 91       		.byte	0x91
 317 00f3 6C       		.sleb128 -20
 318 00f4 0A       		.uleb128 0xa
 319 00f5 E2010000 		.4byte	.LASF25
 320 00f9 03       		.byte	0x3
 321 00fa 00       		.byte	0
 322 00fb 5D000000 		.4byte	0x5d
 323 00ff 0F010000 		.4byte	0x10f
 324 0103 0B       		.uleb128 0xb
 325 0104 B3000000 		.4byte	0xb3
 326 0108 0B       		.uleb128 0xb
 327 0109 B9000000 		.4byte	0xb9
 328 010d 0C       		.uleb128 0xc
ARM GAS  C:\Users\EGH35~1.DRE\AppData\Local\Temp\cc9on1qW.s 			page 8


 329 010e 00       		.byte	0
 330 010f 0D       		.uleb128 0xd
 331 0110 0E000000 		.4byte	.LVL2
 332 0114 4D020000 		.4byte	0x24d
 333 0118 33010000 		.4byte	0x133
 334 011c 0E       		.uleb128 0xe
 335 011d 01       		.uleb128 0x1
 336 011e 52       		.byte	0x52
 337 011f 03       		.uleb128 0x3
 338 0120 F3       		.byte	0xf3
 339 0121 01       		.uleb128 0x1
 340 0122 50       		.byte	0x50
 341 0123 0E       		.uleb128 0xe
 342 0124 01       		.uleb128 0x1
 343 0125 51       		.byte	0x51
 344 0126 05       		.uleb128 0x5
 345 0127 03       		.byte	0x3
 346 0128 00000000 		.4byte	.LC0
 347 012c 0E       		.uleb128 0xe
 348 012d 01       		.uleb128 0x1
 349 012e 50       		.byte	0x50
 350 012f 02       		.uleb128 0x2
 351 0130 91       		.byte	0x91
 352 0131 6C       		.sleb128 -20
 353 0132 00       		.byte	0
 354 0133 0F       		.uleb128 0xf
 355 0134 14000000 		.4byte	.LVL3
 356 0138 68020000 		.4byte	0x268
 357 013c 0E       		.uleb128 0xe
 358 013d 01       		.uleb128 0x1
 359 013e 50       		.byte	0x50
 360 013f 02       		.uleb128 0x2
 361 0140 91       		.byte	0x91
 362 0141 6C       		.sleb128 -20
 363 0142 00       		.byte	0
 364 0143 00       		.byte	0
 365 0144 10       		.uleb128 0x10
 366 0145 A5000000 		.4byte	0xa5
 367 0149 54010000 		.4byte	0x154
 368 014d 11       		.uleb128 0x11
 369 014e AC000000 		.4byte	0xac
 370 0152 09       		.byte	0x9
 371 0153 00       		.byte	0
 372 0154 12       		.uleb128 0x12
 373 0155 AF000000 		.4byte	.LASF18
 374 0159 01       		.byte	0x1
 375 015a 17       		.byte	0x17
 376 015b 5D000000 		.4byte	0x5d
 377 015f 00000000 		.4byte	.LFB34
 378 0163 7C000000 		.4byte	.LFE34-.LFB34
 379 0167 01       		.uleb128 0x1
 380 0168 9C       		.byte	0x9c
 381 0169 4D020000 		.4byte	0x24d
 382 016d 13       		.uleb128 0x13
 383 016e 00000000 		.4byte	.LASF19
 384 0172 01       		.byte	0x1
 385 0173 19       		.byte	0x19
ARM GAS  C:\Users\EGH35~1.DRE\AppData\Local\Temp\cc9on1qW.s 			page 9


 386 0174 5D000000 		.4byte	0x5d
 387 0178 2C000000 		.4byte	.LLST1
 388 017c 13       		.uleb128 0x13
 389 017d 92010000 		.4byte	.LASF20
 390 0181 01       		.byte	0x1
 391 0182 1A       		.byte	0x1a
 392 0183 5D000000 		.4byte	0x5d
 393 0187 57000000 		.4byte	.LLST2
 394 018b 13       		.uleb128 0x13
 395 018c 97010000 		.4byte	.LASF21
 396 0190 01       		.byte	0x1
 397 0191 1A       		.byte	0x1a
 398 0192 5D000000 		.4byte	0x5d
 399 0196 80000000 		.4byte	.LLST3
 400 019a 13       		.uleb128 0x13
 401 019b 5D010000 		.4byte	.LASF22
 402 019f 01       		.byte	0x1
 403 01a0 1B       		.byte	0x1b
 404 01a1 8C000000 		.4byte	0x8c
 405 01a5 A9000000 		.4byte	.LLST4
 406 01a9 14       		.uleb128 0x14
 407 01aa 9A000000 		.4byte	.LASF23
 408 01ae 01       		.byte	0x1
 409 01af 1C       		.byte	0x1c
 410 01b0 5D000000 		.4byte	0x5d
 411 01b4 14       		.uleb128 0x14
 412 01b5 83000000 		.4byte	.LASF24
 413 01b9 01       		.byte	0x1
 414 01ba 1C       		.byte	0x1c
 415 01bb 5D000000 		.4byte	0x5d
 416 01bf 15       		.uleb128 0x15
 417 01c0 14000000 		.4byte	.LBB2
 418 01c4 68000000 		.4byte	.LBE2-.LBB2
 419 01c8 3A020000 		.4byte	0x23a
 420 01cc 16       		.uleb128 0x16
 421 01cd 61627300 		.ascii	"abs\000"
 422 01d1 03       		.byte	0x3
 423 01d2 00       		.byte	0
 424 01d3 5D000000 		.4byte	0x5d
 425 01d7 DD010000 		.4byte	0x1dd
 426 01db 0C       		.uleb128 0xc
 427 01dc 00       		.byte	0
 428 01dd 17       		.uleb128 0x17
 429 01de 26000000 		.4byte	.LVL9
 430 01e2 85020000 		.4byte	0x285
 431 01e6 0D       		.uleb128 0xd
 432 01e7 30000000 		.4byte	.LVL10
 433 01eb 90020000 		.4byte	0x290
 434 01ef FA010000 		.4byte	0x1fa
 435 01f3 0E       		.uleb128 0xe
 436 01f4 01       		.uleb128 0x1
 437 01f5 50       		.byte	0x50
 438 01f6 02       		.uleb128 0x2
 439 01f7 08       		.byte	0x8
 440 01f8 5A       		.byte	0x5a
 441 01f9 00       		.byte	0
 442 01fa 17       		.uleb128 0x17
ARM GAS  C:\Users\EGH35~1.DRE\AppData\Local\Temp\cc9on1qW.s 			page 10


 443 01fb 34000000 		.4byte	.LVL11
 444 01ff 85020000 		.4byte	0x285
 445 0203 17       		.uleb128 0x17
 446 0204 3C000000 		.4byte	.LVL12
 447 0208 A1020000 		.4byte	0x2a1
 448 020c 0D       		.uleb128 0xd
 449 020d 5E000000 		.4byte	.LVL20
 450 0211 68020000 		.4byte	0x268
 451 0215 20020000 		.4byte	0x220
 452 0219 0E       		.uleb128 0xe
 453 021a 01       		.uleb128 0x1
 454 021b 50       		.byte	0x50
 455 021c 02       		.uleb128 0x2
 456 021d 79       		.byte	0x79
 457 021e 00       		.sleb128 0
 458 021f 00       		.byte	0
 459 0220 17       		.uleb128 0x17
 460 0221 68000000 		.4byte	.LVL22
 461 0225 C4000000 		.4byte	0xc4
 462 0229 0F       		.uleb128 0xf
 463 022a 6E000000 		.4byte	.LVL23
 464 022e 68020000 		.4byte	0x268
 465 0232 0E       		.uleb128 0xe
 466 0233 01       		.uleb128 0x1
 467 0234 50       		.byte	0x50
 468 0235 02       		.uleb128 0x2
 469 0236 78       		.byte	0x78
 470 0237 00       		.sleb128 0
 471 0238 00       		.byte	0
 472 0239 00       		.byte	0
 473 023a 17       		.uleb128 0x17
 474 023b 0C000000 		.4byte	.LVL5
 475 023f AC020000 		.4byte	0x2ac
 476 0243 17       		.uleb128 0x17
 477 0244 10000000 		.4byte	.LVL6
 478 0248 B3020000 		.4byte	0x2b3
 479 024c 00       		.byte	0
 480 024d 0A       		.uleb128 0xa
 481 024e E2010000 		.4byte	.LASF25
 482 0252 03       		.byte	0x3
 483 0253 00       		.byte	0
 484 0254 5D000000 		.4byte	0x5d
 485 0258 68020000 		.4byte	0x268
 486 025c 0B       		.uleb128 0xb
 487 025d B3000000 		.4byte	0xb3
 488 0261 0B       		.uleb128 0xb
 489 0262 B9000000 		.4byte	0xb9
 490 0266 0C       		.uleb128 0xc
 491 0267 00       		.byte	0
 492 0268 18       		.uleb128 0x18
 493 0269 13000000 		.4byte	.LASF26
 494 026d 04       		.byte	0x4
 495 026e 7701     		.2byte	0x177
 496 0270 7A020000 		.4byte	0x27a
 497 0274 0B       		.uleb128 0xb
 498 0275 7A020000 		.4byte	0x27a
 499 0279 00       		.byte	0
ARM GAS  C:\Users\EGH35~1.DRE\AppData\Local\Temp\cc9on1qW.s 			page 11


 500 027a 05       		.uleb128 0x5
 501 027b 04       		.byte	0x4
 502 027c 80020000 		.4byte	0x280
 503 0280 06       		.uleb128 0x6
 504 0281 9A000000 		.4byte	0x9a
 505 0285 19       		.uleb128 0x19
 506 0286 55010000 		.4byte	.LASF28
 507 028a 06       		.byte	0x6
 508 028b 20       		.byte	0x20
 509 028c 6B000000 		.4byte	0x6b
 510 0290 1A       		.uleb128 0x1a
 511 0291 EA010000 		.4byte	.LASF27
 512 0295 05       		.byte	0x5
 513 0296 57       		.byte	0x57
 514 0297 A1020000 		.4byte	0x2a1
 515 029b 0B       		.uleb128 0xb
 516 029c 81000000 		.4byte	0x81
 517 02a0 00       		.byte	0
 518 02a1 19       		.uleb128 0x19
 519 02a2 7E010000 		.4byte	.LASF29
 520 02a6 07       		.byte	0x7
 521 02a7 69       		.byte	0x69
 522 02a8 76000000 		.4byte	0x76
 523 02ac 1B       		.uleb128 0x1b
 524 02ad 06000000 		.4byte	.LASF30
 525 02b1 08       		.byte	0x8
 526 02b2 68       		.byte	0x68
 527 02b3 1B       		.uleb128 0x1b
 528 02b4 B4000000 		.4byte	.LASF31
 529 02b8 07       		.byte	0x7
 530 02b9 5A       		.byte	0x5a
 531 02ba 00       		.byte	0
 532              		.section	.debug_abbrev,"",%progbits
 533              	.Ldebug_abbrev0:
 534 0000 01       		.uleb128 0x1
 535 0001 11       		.uleb128 0x11
 536 0002 01       		.byte	0x1
 537 0003 25       		.uleb128 0x25
 538 0004 0E       		.uleb128 0xe
 539 0005 13       		.uleb128 0x13
 540 0006 0B       		.uleb128 0xb
 541 0007 03       		.uleb128 0x3
 542 0008 0E       		.uleb128 0xe
 543 0009 1B       		.uleb128 0x1b
 544 000a 0E       		.uleb128 0xe
 545 000b 55       		.uleb128 0x55
 546 000c 17       		.uleb128 0x17
 547 000d 11       		.uleb128 0x11
 548 000e 01       		.uleb128 0x1
 549 000f 10       		.uleb128 0x10
 550 0010 17       		.uleb128 0x17
 551 0011 00       		.byte	0
 552 0012 00       		.byte	0
 553 0013 02       		.uleb128 0x2
 554 0014 24       		.uleb128 0x24
 555 0015 00       		.byte	0
 556 0016 0B       		.uleb128 0xb
ARM GAS  C:\Users\EGH35~1.DRE\AppData\Local\Temp\cc9on1qW.s 			page 12


 557 0017 0B       		.uleb128 0xb
 558 0018 3E       		.uleb128 0x3e
 559 0019 0B       		.uleb128 0xb
 560 001a 03       		.uleb128 0x3
 561 001b 0E       		.uleb128 0xe
 562 001c 00       		.byte	0
 563 001d 00       		.byte	0
 564 001e 03       		.uleb128 0x3
 565 001f 24       		.uleb128 0x24
 566 0020 00       		.byte	0
 567 0021 0B       		.uleb128 0xb
 568 0022 0B       		.uleb128 0xb
 569 0023 3E       		.uleb128 0x3e
 570 0024 0B       		.uleb128 0xb
 571 0025 03       		.uleb128 0x3
 572 0026 08       		.uleb128 0x8
 573 0027 00       		.byte	0
 574 0028 00       		.byte	0
 575 0029 04       		.uleb128 0x4
 576 002a 16       		.uleb128 0x16
 577 002b 00       		.byte	0
 578 002c 03       		.uleb128 0x3
 579 002d 0E       		.uleb128 0xe
 580 002e 3A       		.uleb128 0x3a
 581 002f 0B       		.uleb128 0xb
 582 0030 3B       		.uleb128 0x3b
 583 0031 0B       		.uleb128 0xb
 584 0032 49       		.uleb128 0x49
 585 0033 13       		.uleb128 0x13
 586 0034 00       		.byte	0
 587 0035 00       		.byte	0
 588 0036 05       		.uleb128 0x5
 589 0037 0F       		.uleb128 0xf
 590 0038 00       		.byte	0
 591 0039 0B       		.uleb128 0xb
 592 003a 0B       		.uleb128 0xb
 593 003b 49       		.uleb128 0x49
 594 003c 13       		.uleb128 0x13
 595 003d 00       		.byte	0
 596 003e 00       		.byte	0
 597 003f 06       		.uleb128 0x6
 598 0040 26       		.uleb128 0x26
 599 0041 00       		.byte	0
 600 0042 49       		.uleb128 0x49
 601 0043 13       		.uleb128 0x13
 602 0044 00       		.byte	0
 603 0045 00       		.byte	0
 604 0046 07       		.uleb128 0x7
 605 0047 2E       		.uleb128 0x2e
 606 0048 01       		.byte	0x1
 607 0049 3F       		.uleb128 0x3f
 608 004a 19       		.uleb128 0x19
 609 004b 03       		.uleb128 0x3
 610 004c 0E       		.uleb128 0xe
 611 004d 3A       		.uleb128 0x3a
 612 004e 0B       		.uleb128 0xb
 613 004f 3B       		.uleb128 0x3b
ARM GAS  C:\Users\EGH35~1.DRE\AppData\Local\Temp\cc9on1qW.s 			page 13


 614 0050 0B       		.uleb128 0xb
 615 0051 27       		.uleb128 0x27
 616 0052 19       		.uleb128 0x19
 617 0053 11       		.uleb128 0x11
 618 0054 01       		.uleb128 0x1
 619 0055 12       		.uleb128 0x12
 620 0056 06       		.uleb128 0x6
 621 0057 40       		.uleb128 0x40
 622 0058 18       		.uleb128 0x18
 623 0059 9742     		.uleb128 0x2117
 624 005b 19       		.uleb128 0x19
 625 005c 01       		.uleb128 0x1
 626 005d 13       		.uleb128 0x13
 627 005e 00       		.byte	0
 628 005f 00       		.byte	0
 629 0060 08       		.uleb128 0x8
 630 0061 05       		.uleb128 0x5
 631 0062 00       		.byte	0
 632 0063 03       		.uleb128 0x3
 633 0064 08       		.uleb128 0x8
 634 0065 3A       		.uleb128 0x3a
 635 0066 0B       		.uleb128 0xb
 636 0067 3B       		.uleb128 0x3b
 637 0068 0B       		.uleb128 0xb
 638 0069 49       		.uleb128 0x49
 639 006a 13       		.uleb128 0x13
 640 006b 02       		.uleb128 0x2
 641 006c 17       		.uleb128 0x17
 642 006d 00       		.byte	0
 643 006e 00       		.byte	0
 644 006f 09       		.uleb128 0x9
 645 0070 34       		.uleb128 0x34
 646 0071 00       		.byte	0
 647 0072 03       		.uleb128 0x3
 648 0073 08       		.uleb128 0x8
 649 0074 3A       		.uleb128 0x3a
 650 0075 0B       		.uleb128 0xb
 651 0076 3B       		.uleb128 0x3b
 652 0077 0B       		.uleb128 0xb
 653 0078 49       		.uleb128 0x49
 654 0079 13       		.uleb128 0x13
 655 007a 02       		.uleb128 0x2
 656 007b 18       		.uleb128 0x18
 657 007c 00       		.byte	0
 658 007d 00       		.byte	0
 659 007e 0A       		.uleb128 0xa
 660 007f 2E       		.uleb128 0x2e
 661 0080 01       		.byte	0x1
 662 0081 3F       		.uleb128 0x3f
 663 0082 19       		.uleb128 0x19
 664 0083 03       		.uleb128 0x3
 665 0084 0E       		.uleb128 0xe
 666 0085 3A       		.uleb128 0x3a
 667 0086 0B       		.uleb128 0xb
 668 0087 3B       		.uleb128 0x3b
 669 0088 0B       		.uleb128 0xb
 670 0089 27       		.uleb128 0x27
ARM GAS  C:\Users\EGH35~1.DRE\AppData\Local\Temp\cc9on1qW.s 			page 14


 671 008a 19       		.uleb128 0x19
 672 008b 49       		.uleb128 0x49
 673 008c 13       		.uleb128 0x13
 674 008d 3C       		.uleb128 0x3c
 675 008e 19       		.uleb128 0x19
 676 008f 01       		.uleb128 0x1
 677 0090 13       		.uleb128 0x13
 678 0091 00       		.byte	0
 679 0092 00       		.byte	0
 680 0093 0B       		.uleb128 0xb
 681 0094 05       		.uleb128 0x5
 682 0095 00       		.byte	0
 683 0096 49       		.uleb128 0x49
 684 0097 13       		.uleb128 0x13
 685 0098 00       		.byte	0
 686 0099 00       		.byte	0
 687 009a 0C       		.uleb128 0xc
 688 009b 18       		.uleb128 0x18
 689 009c 00       		.byte	0
 690 009d 00       		.byte	0
 691 009e 00       		.byte	0
 692 009f 0D       		.uleb128 0xd
 693 00a0 898201   		.uleb128 0x4109
 694 00a3 01       		.byte	0x1
 695 00a4 11       		.uleb128 0x11
 696 00a5 01       		.uleb128 0x1
 697 00a6 31       		.uleb128 0x31
 698 00a7 13       		.uleb128 0x13
 699 00a8 01       		.uleb128 0x1
 700 00a9 13       		.uleb128 0x13
 701 00aa 00       		.byte	0
 702 00ab 00       		.byte	0
 703 00ac 0E       		.uleb128 0xe
 704 00ad 8A8201   		.uleb128 0x410a
 705 00b0 00       		.byte	0
 706 00b1 02       		.uleb128 0x2
 707 00b2 18       		.uleb128 0x18
 708 00b3 9142     		.uleb128 0x2111
 709 00b5 18       		.uleb128 0x18
 710 00b6 00       		.byte	0
 711 00b7 00       		.byte	0
 712 00b8 0F       		.uleb128 0xf
 713 00b9 898201   		.uleb128 0x4109
 714 00bc 01       		.byte	0x1
 715 00bd 11       		.uleb128 0x11
 716 00be 01       		.uleb128 0x1
 717 00bf 31       		.uleb128 0x31
 718 00c0 13       		.uleb128 0x13
 719 00c1 00       		.byte	0
 720 00c2 00       		.byte	0
 721 00c3 10       		.uleb128 0x10
 722 00c4 01       		.uleb128 0x1
 723 00c5 01       		.byte	0x1
 724 00c6 49       		.uleb128 0x49
 725 00c7 13       		.uleb128 0x13
 726 00c8 01       		.uleb128 0x1
 727 00c9 13       		.uleb128 0x13
ARM GAS  C:\Users\EGH35~1.DRE\AppData\Local\Temp\cc9on1qW.s 			page 15


 728 00ca 00       		.byte	0
 729 00cb 00       		.byte	0
 730 00cc 11       		.uleb128 0x11
 731 00cd 21       		.uleb128 0x21
 732 00ce 00       		.byte	0
 733 00cf 49       		.uleb128 0x49
 734 00d0 13       		.uleb128 0x13
 735 00d1 2F       		.uleb128 0x2f
 736 00d2 0B       		.uleb128 0xb
 737 00d3 00       		.byte	0
 738 00d4 00       		.byte	0
 739 00d5 12       		.uleb128 0x12
 740 00d6 2E       		.uleb128 0x2e
 741 00d7 01       		.byte	0x1
 742 00d8 3F       		.uleb128 0x3f
 743 00d9 19       		.uleb128 0x19
 744 00da 03       		.uleb128 0x3
 745 00db 0E       		.uleb128 0xe
 746 00dc 3A       		.uleb128 0x3a
 747 00dd 0B       		.uleb128 0xb
 748 00de 3B       		.uleb128 0x3b
 749 00df 0B       		.uleb128 0xb
 750 00e0 49       		.uleb128 0x49
 751 00e1 13       		.uleb128 0x13
 752 00e2 11       		.uleb128 0x11
 753 00e3 01       		.uleb128 0x1
 754 00e4 12       		.uleb128 0x12
 755 00e5 06       		.uleb128 0x6
 756 00e6 40       		.uleb128 0x40
 757 00e7 18       		.uleb128 0x18
 758 00e8 9642     		.uleb128 0x2116
 759 00ea 19       		.uleb128 0x19
 760 00eb 01       		.uleb128 0x1
 761 00ec 13       		.uleb128 0x13
 762 00ed 00       		.byte	0
 763 00ee 00       		.byte	0
 764 00ef 13       		.uleb128 0x13
 765 00f0 34       		.uleb128 0x34
 766 00f1 00       		.byte	0
 767 00f2 03       		.uleb128 0x3
 768 00f3 0E       		.uleb128 0xe
 769 00f4 3A       		.uleb128 0x3a
 770 00f5 0B       		.uleb128 0xb
 771 00f6 3B       		.uleb128 0x3b
 772 00f7 0B       		.uleb128 0xb
 773 00f8 49       		.uleb128 0x49
 774 00f9 13       		.uleb128 0x13
 775 00fa 02       		.uleb128 0x2
 776 00fb 17       		.uleb128 0x17
 777 00fc 00       		.byte	0
 778 00fd 00       		.byte	0
 779 00fe 14       		.uleb128 0x14
 780 00ff 34       		.uleb128 0x34
 781 0100 00       		.byte	0
 782 0101 03       		.uleb128 0x3
 783 0102 0E       		.uleb128 0xe
 784 0103 3A       		.uleb128 0x3a
ARM GAS  C:\Users\EGH35~1.DRE\AppData\Local\Temp\cc9on1qW.s 			page 16


 785 0104 0B       		.uleb128 0xb
 786 0105 3B       		.uleb128 0x3b
 787 0106 0B       		.uleb128 0xb
 788 0107 49       		.uleb128 0x49
 789 0108 13       		.uleb128 0x13
 790 0109 00       		.byte	0
 791 010a 00       		.byte	0
 792 010b 15       		.uleb128 0x15
 793 010c 0B       		.uleb128 0xb
 794 010d 01       		.byte	0x1
 795 010e 11       		.uleb128 0x11
 796 010f 01       		.uleb128 0x1
 797 0110 12       		.uleb128 0x12
 798 0111 06       		.uleb128 0x6
 799 0112 01       		.uleb128 0x1
 800 0113 13       		.uleb128 0x13
 801 0114 00       		.byte	0
 802 0115 00       		.byte	0
 803 0116 16       		.uleb128 0x16
 804 0117 2E       		.uleb128 0x2e
 805 0118 01       		.byte	0x1
 806 0119 3F       		.uleb128 0x3f
 807 011a 19       		.uleb128 0x19
 808 011b 03       		.uleb128 0x3
 809 011c 08       		.uleb128 0x8
 810 011d 3A       		.uleb128 0x3a
 811 011e 0B       		.uleb128 0xb
 812 011f 3B       		.uleb128 0x3b
 813 0120 0B       		.uleb128 0xb
 814 0121 49       		.uleb128 0x49
 815 0122 13       		.uleb128 0x13
 816 0123 3C       		.uleb128 0x3c
 817 0124 19       		.uleb128 0x19
 818 0125 01       		.uleb128 0x1
 819 0126 13       		.uleb128 0x13
 820 0127 00       		.byte	0
 821 0128 00       		.byte	0
 822 0129 17       		.uleb128 0x17
 823 012a 898201   		.uleb128 0x4109
 824 012d 00       		.byte	0
 825 012e 11       		.uleb128 0x11
 826 012f 01       		.uleb128 0x1
 827 0130 31       		.uleb128 0x31
 828 0131 13       		.uleb128 0x13
 829 0132 00       		.byte	0
 830 0133 00       		.byte	0
 831 0134 18       		.uleb128 0x18
 832 0135 2E       		.uleb128 0x2e
 833 0136 01       		.byte	0x1
 834 0137 3F       		.uleb128 0x3f
 835 0138 19       		.uleb128 0x19
 836 0139 03       		.uleb128 0x3
 837 013a 0E       		.uleb128 0xe
 838 013b 3A       		.uleb128 0x3a
 839 013c 0B       		.uleb128 0xb
 840 013d 3B       		.uleb128 0x3b
 841 013e 05       		.uleb128 0x5
ARM GAS  C:\Users\EGH35~1.DRE\AppData\Local\Temp\cc9on1qW.s 			page 17


 842 013f 27       		.uleb128 0x27
 843 0140 19       		.uleb128 0x19
 844 0141 3C       		.uleb128 0x3c
 845 0142 19       		.uleb128 0x19
 846 0143 01       		.uleb128 0x1
 847 0144 13       		.uleb128 0x13
 848 0145 00       		.byte	0
 849 0146 00       		.byte	0
 850 0147 19       		.uleb128 0x19
 851 0148 2E       		.uleb128 0x2e
 852 0149 00       		.byte	0
 853 014a 3F       		.uleb128 0x3f
 854 014b 19       		.uleb128 0x19
 855 014c 03       		.uleb128 0x3
 856 014d 0E       		.uleb128 0xe
 857 014e 3A       		.uleb128 0x3a
 858 014f 0B       		.uleb128 0xb
 859 0150 3B       		.uleb128 0x3b
 860 0151 0B       		.uleb128 0xb
 861 0152 27       		.uleb128 0x27
 862 0153 19       		.uleb128 0x19
 863 0154 49       		.uleb128 0x49
 864 0155 13       		.uleb128 0x13
 865 0156 3C       		.uleb128 0x3c
 866 0157 19       		.uleb128 0x19
 867 0158 00       		.byte	0
 868 0159 00       		.byte	0
 869 015a 1A       		.uleb128 0x1a
 870 015b 2E       		.uleb128 0x2e
 871 015c 01       		.byte	0x1
 872 015d 3F       		.uleb128 0x3f
 873 015e 19       		.uleb128 0x19
 874 015f 03       		.uleb128 0x3
 875 0160 0E       		.uleb128 0xe
 876 0161 3A       		.uleb128 0x3a
 877 0162 0B       		.uleb128 0xb
 878 0163 3B       		.uleb128 0x3b
 879 0164 0B       		.uleb128 0xb
 880 0165 27       		.uleb128 0x27
 881 0166 19       		.uleb128 0x19
 882 0167 3C       		.uleb128 0x3c
 883 0168 19       		.uleb128 0x19
 884 0169 01       		.uleb128 0x1
 885 016a 13       		.uleb128 0x13
 886 016b 00       		.byte	0
 887 016c 00       		.byte	0
 888 016d 1B       		.uleb128 0x1b
 889 016e 2E       		.uleb128 0x2e
 890 016f 00       		.byte	0
 891 0170 3F       		.uleb128 0x3f
 892 0171 19       		.uleb128 0x19
 893 0172 03       		.uleb128 0x3
 894 0173 0E       		.uleb128 0xe
 895 0174 3A       		.uleb128 0x3a
 896 0175 0B       		.uleb128 0xb
 897 0176 3B       		.uleb128 0x3b
 898 0177 0B       		.uleb128 0xb
ARM GAS  C:\Users\EGH35~1.DRE\AppData\Local\Temp\cc9on1qW.s 			page 18


 899 0178 27       		.uleb128 0x27
 900 0179 19       		.uleb128 0x19
 901 017a 3C       		.uleb128 0x3c
 902 017b 19       		.uleb128 0x19
 903 017c 00       		.byte	0
 904 017d 00       		.byte	0
 905 017e 00       		.byte	0
 906              		.section	.debug_loc,"",%progbits
 907              	.Ldebug_loc0:
 908              	.LLST0:
 909 0000 00000000 		.4byte	.LVL0
 910 0004 08000000 		.4byte	.LVL1
 911 0008 0100     		.2byte	0x1
 912 000a 50       		.byte	0x50
 913 000b 08000000 		.4byte	.LVL1
 914 000f 0D000000 		.4byte	.LVL2-1
 915 0013 0100     		.2byte	0x1
 916 0015 52       		.byte	0x52
 917 0016 0D000000 		.4byte	.LVL2-1
 918 001a 1C000000 		.4byte	.LFE33
 919 001e 0400     		.2byte	0x4
 920 0020 F3       		.byte	0xf3
 921 0021 01       		.uleb128 0x1
 922 0022 50       		.byte	0x50
 923 0023 9F       		.byte	0x9f
 924 0024 00000000 		.4byte	0
 925 0028 00000000 		.4byte	0
 926              	.LLST1:
 927 002c 08000000 		.4byte	.LVL4
 928 0030 20000000 		.4byte	.LVL7
 929 0034 0200     		.2byte	0x2
 930 0036 30       		.byte	0x30
 931 0037 9F       		.byte	0x9f
 932 0038 22000000 		.4byte	.LVL8
 933 003c 6E000000 		.4byte	.LVL23
 934 0040 0100     		.2byte	0x1
 935 0042 56       		.byte	0x56
 936 0043 6E000000 		.4byte	.LVL23
 937 0047 7C000000 		.4byte	.LFE34
 938 004b 0200     		.2byte	0x2
 939 004d 30       		.byte	0x30
 940 004e 9F       		.byte	0x9f
 941 004f 00000000 		.4byte	0
 942 0053 00000000 		.4byte	0
 943              	.LLST2:
 944 0057 20000000 		.4byte	.LVL7
 945 005b 3E000000 		.4byte	.LVL13
 946 005f 0100     		.2byte	0x1
 947 0061 54       		.byte	0x54
 948 0062 3E000000 		.4byte	.LVL13
 949 0066 40000000 		.4byte	.LVL14
 950 006a 0100     		.2byte	0x1
 951 006c 50       		.byte	0x50
 952 006d 40000000 		.4byte	.LVL14
 953 0071 7C000000 		.4byte	.LFE34
 954 0075 0100     		.2byte	0x1
 955 0077 54       		.byte	0x54
ARM GAS  C:\Users\EGH35~1.DRE\AppData\Local\Temp\cc9on1qW.s 			page 19


 956 0078 00000000 		.4byte	0
 957 007c 00000000 		.4byte	0
 958              	.LLST3:
 959 0080 20000000 		.4byte	.LVL7
 960 0084 22000000 		.4byte	.LVL8
 961 0088 0100     		.2byte	0x1
 962 008a 54       		.byte	0x54
 963 008b 22000000 		.4byte	.LVL8
 964 008f 42000000 		.4byte	.LVL15
 965 0093 0100     		.2byte	0x1
 966 0095 55       		.byte	0x55
 967 0096 54000000 		.4byte	.LVL18
 968 009a 7C000000 		.4byte	.LFE34
 969 009e 0100     		.2byte	0x1
 970 00a0 54       		.byte	0x54
 971 00a1 00000000 		.4byte	0
 972 00a5 00000000 		.4byte	0
 973              	.LLST4:
 974 00a9 08000000 		.4byte	.LVL4
 975 00ad 20000000 		.4byte	.LVL7
 976 00b1 0600     		.2byte	0x6
 977 00b3 9E       		.byte	0x9e
 978 00b4 04       		.uleb128 0x4
 979 00b5 00000000 		.4byte	0
 980 00b9 20000000 		.4byte	.LVL7
 981 00bd 22000000 		.4byte	.LVL8
 982 00c1 0100     		.2byte	0x1
 983 00c3 55       		.byte	0x55
 984 00c4 54000000 		.4byte	.LVL18
 985 00c8 5A000000 		.4byte	.LVL19
 986 00cc 0100     		.2byte	0x1
 987 00ce 50       		.byte	0x50
 988 00cf 5A000000 		.4byte	.LVL19
 989 00d3 7C000000 		.4byte	.LFE34
 990 00d7 0100     		.2byte	0x1
 991 00d9 55       		.byte	0x55
 992 00da 00000000 		.4byte	0
 993 00de 00000000 		.4byte	0
 994              		.section	.debug_aranges,"",%progbits
 995 0000 24000000 		.4byte	0x24
 996 0004 0200     		.2byte	0x2
 997 0006 00000000 		.4byte	.Ldebug_info0
 998 000a 04       		.byte	0x4
 999 000b 00       		.byte	0
 1000 000c 0000     		.2byte	0
 1001 000e 0000     		.2byte	0
 1002 0010 00000000 		.4byte	.LFB33
 1003 0014 1C000000 		.4byte	.LFE33-.LFB33
 1004 0018 00000000 		.4byte	.LFB34
 1005 001c 7C000000 		.4byte	.LFE34-.LFB34
 1006 0020 00000000 		.4byte	0
 1007 0024 00000000 		.4byte	0
 1008              		.section	.debug_ranges,"",%progbits
 1009              	.Ldebug_ranges0:
 1010 0000 00000000 		.4byte	.LFB33
 1011 0004 1C000000 		.4byte	.LFE33
 1012 0008 00000000 		.4byte	.LFB34
ARM GAS  C:\Users\EGH35~1.DRE\AppData\Local\Temp\cc9on1qW.s 			page 20


 1013 000c 7C000000 		.4byte	.LFE34
 1014 0010 00000000 		.4byte	0
 1015 0014 00000000 		.4byte	0
 1016              		.section	.debug_line,"",%progbits
 1017              	.Ldebug_line0:
 1018 0000 D1000000 		.section	.debug_str,"MS",%progbits,1
 1018      02009200 
 1018      00000201 
 1018      FB0E0D00 
 1018      01010101 
 1019              	.LASF19:
 1020 0000 70726573 		.ascii	"press\000"
 1020      7300
 1021              	.LASF30:
 1022 0006 55415254 		.ascii	"UART_1_Start\000"
 1022      5F315F53 
 1022      74617274 
 1022      00
 1023              	.LASF26:
 1024 0013 55415254 		.ascii	"UART_1_UartPutString\000"
 1024      5F315F55 
 1024      61727450 
 1024      75745374 
 1024      72696E67 
 1025              	.LASF3:
 1026 0028 73686F72 		.ascii	"short unsigned int\000"
 1026      7420756E 
 1026      7369676E 
 1026      65642069 
 1026      6E7400
 1027              	.LASF8:
 1028 003b 756E7369 		.ascii	"unsigned int\000"
 1028      676E6564 
 1028      20696E74 
 1028      00
 1029              	.LASF12:
 1030 0048 666C6F61 		.ascii	"float\000"
 1030      7400
 1031              	.LASF1:
 1032 004e 756E7369 		.ascii	"unsigned char\000"
 1032      676E6564 
 1032      20636861 
 1032      7200
 1033              	.LASF14:
 1034 005c 63686172 		.ascii	"char8\000"
 1034      3800
 1035              	.LASF17:
 1036 0062 5072696E 		.ascii	"PrintInt\000"
 1036      74496E74 
 1036      00
 1037              	.LASF5:
 1038 006b 6C6F6E67 		.ascii	"long unsigned int\000"
 1038      20756E73 
 1038      69676E65 
 1038      6420696E 
 1038      7400
 1039              	.LASF9:
ARM GAS  C:\Users\EGH35~1.DRE\AppData\Local\Temp\cc9on1qW.s 			page 21


 1040 007d 75696E74 		.ascii	"uint8\000"
 1040      3800
 1041              	.LASF24:
 1042 0083 74635F6F 		.ascii	"tc_old\000"
 1042      6C6400
 1043              	.LASF13:
 1044 008a 646F7562 		.ascii	"double\000"
 1044      6C6500
 1045              	.LASF33:
 1046 0091 2E5C6D61 		.ascii	".\\main.c\000"
 1046      696E2E63 
 1046      00
 1047              	.LASF23:
 1048 009a 74635F6E 		.ascii	"tc_new\000"
 1048      657700
 1049              	.LASF10:
 1050 00a1 75696E74 		.ascii	"uint16\000"
 1050      313600
 1051              	.LASF11:
 1052 00a8 75696E74 		.ascii	"uint32\000"
 1052      333200
 1053              	.LASF18:
 1054 00af 6D61696E 		.ascii	"main\000"
 1054      00
 1055              	.LASF31:
 1056 00b4 54696D65 		.ascii	"Timer_1_Start\000"
 1056      725F315F 
 1056      53746172 
 1056      7400
 1057              	.LASF7:
 1058 00c2 6C6F6E67 		.ascii	"long long unsigned int\000"
 1058      206C6F6E 
 1058      6720756E 
 1058      7369676E 
 1058      65642069 
 1059              	.LASF32:
 1060 00d9 474E5520 		.ascii	"GNU C 4.8.4 20140526 (release) [ARM/embedded-4_8-br"
 1060      4320342E 
 1060      382E3420 
 1060      32303134 
 1060      30353236 
 1061 010c 616E6368 		.ascii	"anch revision 211358] -mcpu=cortex-m0 -mthumb -g -O"
 1061      20726576 
 1061      6973696F 
 1061      6E203231 
 1061      31333538 
 1062 013f 67202D66 		.ascii	"g -ffunction-sections\000"
 1062      66756E63 
 1062      74696F6E 
 1062      2D736563 
 1062      74696F6E 
 1063              	.LASF28:
 1064 0155 53575F52 		.ascii	"SW_Read\000"
 1064      65616400 
 1065              	.LASF22:
 1066 015d 74696D65 		.ascii	"time\000"
 1066      00
ARM GAS  C:\Users\EGH35~1.DRE\AppData\Local\Temp\cc9on1qW.s 			page 22


 1067              	.LASF16:
 1068 0162 73697A65 		.ascii	"sizetype\000"
 1068      74797065 
 1068      00
 1069              	.LASF6:
 1070 016b 6C6F6E67 		.ascii	"long long int\000"
 1070      206C6F6E 
 1070      6720696E 
 1070      7400
 1071              	.LASF15:
 1072 0179 63686172 		.ascii	"char\000"
 1072      00
 1073              	.LASF29:
 1074 017e 54696D65 		.ascii	"Timer_1_ReadCounter\000"
 1074      725F315F 
 1074      52656164 
 1074      436F756E 
 1074      74657200 
 1075              	.LASF20:
 1076 0192 74635F31 		.ascii	"tc_1\000"
 1076      00
 1077              	.LASF21:
 1078 0197 74635F32 		.ascii	"tc_2\000"
 1078      00
 1079              	.LASF2:
 1080 019c 73686F72 		.ascii	"short int\000"
 1080      7420696E 
 1080      7400
 1081              	.LASF34:
 1082 01a6 453A5C73 		.ascii	"E:\\school\\ECEC304\\Lab6\\DebounceA.cydsn\000"
 1082      63686F6F 
 1082      6C5C4543 
 1082      45433330 
 1082      345C4C61 
 1083              	.LASF4:
 1084 01cd 6C6F6E67 		.ascii	"long int\000"
 1084      20696E74 
 1084      00
 1085              	.LASF0:
 1086 01d6 7369676E 		.ascii	"signed char\000"
 1086      65642063 
 1086      68617200 
 1087              	.LASF25:
 1088 01e2 73707269 		.ascii	"sprintf\000"
 1088      6E746600 
 1089              	.LASF27:
 1090 01ea 43794465 		.ascii	"CyDelay\000"
 1090      6C617900 
 1091              		.ident	"GCC: (GNU Tools for ARM Embedded Processors) 4.8.4 20140526 (release) [ARM/embedded-4_8-br
