ARM GAS  C:\Users\EGH35~1.DRE\AppData\Local\Temp\cc0uk6pk.s 			page 1


   1              		.cpu cortex-m0
   2              		.fpu softvfp
   3              		.eabi_attribute 20, 1
   4              		.eabi_attribute 21, 1
   5              		.eabi_attribute 23, 3
   6              		.eabi_attribute 24, 1
   7              		.eabi_attribute 25, 1
   8              		.eabi_attribute 26, 1
   9              		.eabi_attribute 30, 1
  10              		.eabi_attribute 34, 0
  11              		.eabi_attribute 18, 4
  12              		.code	16
  13              		.file	"cyfitter_cfg.c"
  14              		.text
  15              	.Ltext0:
  16              		.cfi_sections	.debug_frame
  17              		.section	.text.CYMEMZERO,"ax",%progbits
  18              		.align	2
  19              		.code	16
  20              		.thumb_func
  21              		.type	CYMEMZERO, %function
  22              	CYMEMZERO:
  23              	.LFB0:
  24              		.file 1 ".\\Generated_Source\\PSoC4\\cyfitter_cfg.c"
   1:.\Generated_Source\PSoC4/cyfitter_cfg.c **** /*******************************************************************************
   2:.\Generated_Source\PSoC4/cyfitter_cfg.c **** * FILENAME: cyfitter_cfg.c
   3:.\Generated_Source\PSoC4/cyfitter_cfg.c **** * 
   4:.\Generated_Source\PSoC4/cyfitter_cfg.c **** * PSoC Creator  3.2 SP1
   5:.\Generated_Source\PSoC4/cyfitter_cfg.c **** *
   6:.\Generated_Source\PSoC4/cyfitter_cfg.c **** * DESCRIPTION:
   7:.\Generated_Source\PSoC4/cyfitter_cfg.c **** * This file contains device initialization code.
   8:.\Generated_Source\PSoC4/cyfitter_cfg.c **** * Except for the user defined sections in CyClockStartupError(), this file should not be modified.
   9:.\Generated_Source\PSoC4/cyfitter_cfg.c **** * This file is automatically generated by PSoC Creator.
  10:.\Generated_Source\PSoC4/cyfitter_cfg.c **** *
  11:.\Generated_Source\PSoC4/cyfitter_cfg.c **** ********************************************************************************
  12:.\Generated_Source\PSoC4/cyfitter_cfg.c **** * Copyright (c) 2007-2015 Cypress Semiconductor.  All rights reserved.
  13:.\Generated_Source\PSoC4/cyfitter_cfg.c **** * You may use this file only in accordance with the license, terms, conditions, 
  14:.\Generated_Source\PSoC4/cyfitter_cfg.c **** * disclaimers, and limitations in the end user license agreement accompanying 
  15:.\Generated_Source\PSoC4/cyfitter_cfg.c **** * the software package with which this file was provided.
  16:.\Generated_Source\PSoC4/cyfitter_cfg.c **** ********************************************************************************/
  17:.\Generated_Source\PSoC4/cyfitter_cfg.c **** 
  18:.\Generated_Source\PSoC4/cyfitter_cfg.c **** #include <string.h>
  19:.\Generated_Source\PSoC4/cyfitter_cfg.c **** #include "cytypes.h"
  20:.\Generated_Source\PSoC4/cyfitter_cfg.c **** #include "cydevice_trm.h"
  21:.\Generated_Source\PSoC4/cyfitter_cfg.c **** #include "cyfitter.h"
  22:.\Generated_Source\PSoC4/cyfitter_cfg.c **** #include "CyLib.h"
  23:.\Generated_Source\PSoC4/cyfitter_cfg.c **** #include "CyLFClk.h"
  24:.\Generated_Source\PSoC4/cyfitter_cfg.c **** #include "cyfitter_cfg.h"
  25:.\Generated_Source\PSoC4/cyfitter_cfg.c **** 
  26:.\Generated_Source\PSoC4/cyfitter_cfg.c **** 
  27:.\Generated_Source\PSoC4/cyfitter_cfg.c **** #if defined(__GNUC__) || defined(__ARMCC_VERSION)
  28:.\Generated_Source\PSoC4/cyfitter_cfg.c ****     #define CYPACKED 
  29:.\Generated_Source\PSoC4/cyfitter_cfg.c ****     #define CYPACKED_ATTR __attribute__ ((packed))
  30:.\Generated_Source\PSoC4/cyfitter_cfg.c ****     #define CYALIGNED __attribute__ ((aligned))
  31:.\Generated_Source\PSoC4/cyfitter_cfg.c ****     #define CY_CFG_UNUSED __attribute__ ((unused))
  32:.\Generated_Source\PSoC4/cyfitter_cfg.c ****     #define CY_CFG_SECTION __attribute__ ((section(".psocinit")))
  33:.\Generated_Source\PSoC4/cyfitter_cfg.c ****     
ARM GAS  C:\Users\EGH35~1.DRE\AppData\Local\Temp\cc0uk6pk.s 			page 2


  34:.\Generated_Source\PSoC4/cyfitter_cfg.c ****     #if defined(__ARMCC_VERSION)
  35:.\Generated_Source\PSoC4/cyfitter_cfg.c ****         #define CY_CFG_MEMORY_BARRIER() __memory_changed()
  36:.\Generated_Source\PSoC4/cyfitter_cfg.c ****     #else
  37:.\Generated_Source\PSoC4/cyfitter_cfg.c ****         #define CY_CFG_MEMORY_BARRIER() __sync_synchronize()
  38:.\Generated_Source\PSoC4/cyfitter_cfg.c ****     #endif
  39:.\Generated_Source\PSoC4/cyfitter_cfg.c ****     
  40:.\Generated_Source\PSoC4/cyfitter_cfg.c **** #elif defined(__ICCARM__)
  41:.\Generated_Source\PSoC4/cyfitter_cfg.c ****     #include <intrinsics.h>
  42:.\Generated_Source\PSoC4/cyfitter_cfg.c **** 
  43:.\Generated_Source\PSoC4/cyfitter_cfg.c ****     #define CYPACKED __packed
  44:.\Generated_Source\PSoC4/cyfitter_cfg.c ****     #define CYPACKED_ATTR 
  45:.\Generated_Source\PSoC4/cyfitter_cfg.c ****     #define CYALIGNED _Pragma("data_alignment=4")
  46:.\Generated_Source\PSoC4/cyfitter_cfg.c ****     #define CY_CFG_UNUSED _Pragma("diag_suppress=Pe177")
  47:.\Generated_Source\PSoC4/cyfitter_cfg.c ****     #define CY_CFG_SECTION _Pragma("location=\".psocinit\"")
  48:.\Generated_Source\PSoC4/cyfitter_cfg.c ****     
  49:.\Generated_Source\PSoC4/cyfitter_cfg.c ****     #define CY_CFG_MEMORY_BARRIER() __DMB()
  50:.\Generated_Source\PSoC4/cyfitter_cfg.c ****     
  51:.\Generated_Source\PSoC4/cyfitter_cfg.c **** #else
  52:.\Generated_Source\PSoC4/cyfitter_cfg.c ****     #error Unsupported toolchain
  53:.\Generated_Source\PSoC4/cyfitter_cfg.c **** #endif
  54:.\Generated_Source\PSoC4/cyfitter_cfg.c **** 
  55:.\Generated_Source\PSoC4/cyfitter_cfg.c **** 
  56:.\Generated_Source\PSoC4/cyfitter_cfg.c **** CY_CFG_UNUSED
  57:.\Generated_Source\PSoC4/cyfitter_cfg.c **** static void CYMEMZERO(void *s, size_t n);
  58:.\Generated_Source\PSoC4/cyfitter_cfg.c **** CY_CFG_UNUSED
  59:.\Generated_Source\PSoC4/cyfitter_cfg.c **** static void CYMEMZERO(void *s, size_t n)
  60:.\Generated_Source\PSoC4/cyfitter_cfg.c **** {
  25              		.loc 1 60 0
  26              		.cfi_startproc
  27              	.LVL0:
  28 0000 08B5     		push	{r3, lr}
  29              		.cfi_def_cfa_offset 8
  30              		.cfi_offset 3, -8
  31              		.cfi_offset 14, -4
  32 0002 0A1C     		mov	r2, r1
  61:.\Generated_Source\PSoC4/cyfitter_cfg.c **** 	(void)memset(s, 0, n);
  33              		.loc 1 61 0
  34 0004 0021     		mov	r1, #0
  35              	.LVL1:
  36 0006 FFF7FEFF 		bl	memset
  37              	.LVL2:
  62:.\Generated_Source\PSoC4/cyfitter_cfg.c **** }
  38              		.loc 1 62 0
  39              		@ sp needed
  40 000a 08BD     		pop	{r3, pc}
  41              		.cfi_endproc
  42              	.LFE0:
  43              		.size	CYMEMZERO, .-CYMEMZERO
  44              		.section	.psocinit,"ax",%progbits
  45              		.align	2
  46              		.code	16
  47              		.thumb_func
  48              		.type	ClockSetup, %function
  49              	ClockSetup:
  50              	.LFB3:
  63:.\Generated_Source\PSoC4/cyfitter_cfg.c **** CY_CFG_UNUSED
  64:.\Generated_Source\PSoC4/cyfitter_cfg.c **** static void CYCONFIGCPY(void *dest, const void *src, size_t n);
ARM GAS  C:\Users\EGH35~1.DRE\AppData\Local\Temp\cc0uk6pk.s 			page 3


  65:.\Generated_Source\PSoC4/cyfitter_cfg.c **** CY_CFG_UNUSED
  66:.\Generated_Source\PSoC4/cyfitter_cfg.c **** static void CYCONFIGCPY(void *dest, const void *src, size_t n)
  67:.\Generated_Source\PSoC4/cyfitter_cfg.c **** {
  68:.\Generated_Source\PSoC4/cyfitter_cfg.c **** 	(void)memcpy(dest, src, n);
  69:.\Generated_Source\PSoC4/cyfitter_cfg.c **** }
  70:.\Generated_Source\PSoC4/cyfitter_cfg.c **** CY_CFG_UNUSED
  71:.\Generated_Source\PSoC4/cyfitter_cfg.c **** static void CYCONFIGCPYCODE(void *dest, const void *src, size_t n);
  72:.\Generated_Source\PSoC4/cyfitter_cfg.c **** CY_CFG_UNUSED
  73:.\Generated_Source\PSoC4/cyfitter_cfg.c **** static void CYCONFIGCPYCODE(void *dest, const void *src, size_t n)
  74:.\Generated_Source\PSoC4/cyfitter_cfg.c **** {
  75:.\Generated_Source\PSoC4/cyfitter_cfg.c **** 	(void)memcpy(dest, src, n);
  76:.\Generated_Source\PSoC4/cyfitter_cfg.c **** }
  77:.\Generated_Source\PSoC4/cyfitter_cfg.c **** 
  78:.\Generated_Source\PSoC4/cyfitter_cfg.c **** 
  79:.\Generated_Source\PSoC4/cyfitter_cfg.c **** 
  80:.\Generated_Source\PSoC4/cyfitter_cfg.c **** /* Clock startup error codes                                                   */
  81:.\Generated_Source\PSoC4/cyfitter_cfg.c **** #define CYCLOCKSTART_NO_ERROR    0u
  82:.\Generated_Source\PSoC4/cyfitter_cfg.c **** #define CYCLOCKSTART_XTAL_ERROR  1u
  83:.\Generated_Source\PSoC4/cyfitter_cfg.c **** #define CYCLOCKSTART_32KHZ_ERROR 2u
  84:.\Generated_Source\PSoC4/cyfitter_cfg.c **** #define CYCLOCKSTART_PLL_ERROR   3u
  85:.\Generated_Source\PSoC4/cyfitter_cfg.c **** 
  86:.\Generated_Source\PSoC4/cyfitter_cfg.c **** #ifdef CY_NEED_CYCLOCKSTARTUPERROR
  87:.\Generated_Source\PSoC4/cyfitter_cfg.c **** /*******************************************************************************
  88:.\Generated_Source\PSoC4/cyfitter_cfg.c **** * Function Name: CyClockStartupError
  89:.\Generated_Source\PSoC4/cyfitter_cfg.c **** ********************************************************************************
  90:.\Generated_Source\PSoC4/cyfitter_cfg.c **** * Summary:
  91:.\Generated_Source\PSoC4/cyfitter_cfg.c **** *  If an error is encountered during clock configuration (crystal startup error,
  92:.\Generated_Source\PSoC4/cyfitter_cfg.c **** *  PLL lock error, etc.), the system will end up here.  Unless reimplemented by
  93:.\Generated_Source\PSoC4/cyfitter_cfg.c **** *  the customer, this function will stop in an infinite loop.
  94:.\Generated_Source\PSoC4/cyfitter_cfg.c **** *
  95:.\Generated_Source\PSoC4/cyfitter_cfg.c **** * Parameters:
  96:.\Generated_Source\PSoC4/cyfitter_cfg.c **** *   void
  97:.\Generated_Source\PSoC4/cyfitter_cfg.c **** *
  98:.\Generated_Source\PSoC4/cyfitter_cfg.c **** * Return:
  99:.\Generated_Source\PSoC4/cyfitter_cfg.c **** *   void
 100:.\Generated_Source\PSoC4/cyfitter_cfg.c **** *
 101:.\Generated_Source\PSoC4/cyfitter_cfg.c **** *******************************************************************************/
 102:.\Generated_Source\PSoC4/cyfitter_cfg.c **** CY_CFG_UNUSED
 103:.\Generated_Source\PSoC4/cyfitter_cfg.c **** static void CyClockStartupError(uint8 errorCode);
 104:.\Generated_Source\PSoC4/cyfitter_cfg.c **** CY_CFG_UNUSED
 105:.\Generated_Source\PSoC4/cyfitter_cfg.c **** static void CyClockStartupError(uint8 errorCode)
 106:.\Generated_Source\PSoC4/cyfitter_cfg.c **** {
 107:.\Generated_Source\PSoC4/cyfitter_cfg.c ****     /* To remove the compiler warning if errorCode not used.                */
 108:.\Generated_Source\PSoC4/cyfitter_cfg.c ****     errorCode = errorCode;
 109:.\Generated_Source\PSoC4/cyfitter_cfg.c **** 
 110:.\Generated_Source\PSoC4/cyfitter_cfg.c ****     /* `#START CyClockStartupError` */
 111:.\Generated_Source\PSoC4/cyfitter_cfg.c **** 
 112:.\Generated_Source\PSoC4/cyfitter_cfg.c ****     /* If we have a clock startup error (bad MHz crystal, PLL lock, etc.),  */
 113:.\Generated_Source\PSoC4/cyfitter_cfg.c ****     /* we will end up here to allow the customer to implement something to  */
 114:.\Generated_Source\PSoC4/cyfitter_cfg.c ****     /* deal with the clock condition.                                       */
 115:.\Generated_Source\PSoC4/cyfitter_cfg.c **** 
 116:.\Generated_Source\PSoC4/cyfitter_cfg.c ****     /* `#END` */
 117:.\Generated_Source\PSoC4/cyfitter_cfg.c **** 
 118:.\Generated_Source\PSoC4/cyfitter_cfg.c ****     /* If nothing else, stop here since the clocks have not started         */
 119:.\Generated_Source\PSoC4/cyfitter_cfg.c ****     /* correctly.                                                           */
 120:.\Generated_Source\PSoC4/cyfitter_cfg.c ****     while(1) {}
 121:.\Generated_Source\PSoC4/cyfitter_cfg.c **** }
ARM GAS  C:\Users\EGH35~1.DRE\AppData\Local\Temp\cc0uk6pk.s 			page 4


 122:.\Generated_Source\PSoC4/cyfitter_cfg.c **** #endif
 123:.\Generated_Source\PSoC4/cyfitter_cfg.c **** 
 124:.\Generated_Source\PSoC4/cyfitter_cfg.c **** 
 125:.\Generated_Source\PSoC4/cyfitter_cfg.c **** 
 126:.\Generated_Source\PSoC4/cyfitter_cfg.c **** /*******************************************************************************
 127:.\Generated_Source\PSoC4/cyfitter_cfg.c **** * Function Name: ClockSetup
 128:.\Generated_Source\PSoC4/cyfitter_cfg.c **** ********************************************************************************
 129:.\Generated_Source\PSoC4/cyfitter_cfg.c **** *
 130:.\Generated_Source\PSoC4/cyfitter_cfg.c **** * Summary:
 131:.\Generated_Source\PSoC4/cyfitter_cfg.c **** *   Performs the initialization of all of the clocks in the device based on the
 132:.\Generated_Source\PSoC4/cyfitter_cfg.c **** *   settings in the Clock tab of the DWR.  This includes enabling the requested
 133:.\Generated_Source\PSoC4/cyfitter_cfg.c **** *   clocks and setting the necessary dividers to produce the desired frequency. 
 134:.\Generated_Source\PSoC4/cyfitter_cfg.c **** *
 135:.\Generated_Source\PSoC4/cyfitter_cfg.c **** * Parameters:
 136:.\Generated_Source\PSoC4/cyfitter_cfg.c **** *   void
 137:.\Generated_Source\PSoC4/cyfitter_cfg.c **** *
 138:.\Generated_Source\PSoC4/cyfitter_cfg.c **** * Return:
 139:.\Generated_Source\PSoC4/cyfitter_cfg.c **** *   void
 140:.\Generated_Source\PSoC4/cyfitter_cfg.c **** *
 141:.\Generated_Source\PSoC4/cyfitter_cfg.c **** *******************************************************************************/
 142:.\Generated_Source\PSoC4/cyfitter_cfg.c **** static void ClockSetup(void);
 143:.\Generated_Source\PSoC4/cyfitter_cfg.c **** CY_CFG_SECTION
 144:.\Generated_Source\PSoC4/cyfitter_cfg.c **** static void ClockSetup(void)
 145:.\Generated_Source\PSoC4/cyfitter_cfg.c **** {
  51              		.loc 1 145 0
  52              		.cfi_startproc
  53 0000 10B5     		push	{r4, lr}
  54              		.cfi_def_cfa_offset 8
  55              		.cfi_offset 4, -8
  56              		.cfi_offset 14, -4
 146:.\Generated_Source\PSoC4/cyfitter_cfg.c **** 	/* Enable HALF_EN before trimming for the flash accelerator. */
 147:.\Generated_Source\PSoC4/cyfitter_cfg.c **** 	CY_SET_REG32((void CYXDATA *)(CYREG_CLK_SELECT), (CY_GET_REG32((void *)CYREG_CLK_SELECT) | 0x00040
  57              		.loc 1 147 0
  58 0002 124C     		ldr	r4, .L3
  59 0004 2268     		ldr	r2, [r4]
  60 0006 8023     		mov	r3, #128
  61 0008 DB02     		lsl	r3, r3, #11
  62 000a 1343     		orr	r3, r2
  63 000c 2360     		str	r3, [r4]
 148:.\Generated_Source\PSoC4/cyfitter_cfg.c **** 
 149:.\Generated_Source\PSoC4/cyfitter_cfg.c **** 	/* Setup and trim IMO based on desired frequency. */
 150:.\Generated_Source\PSoC4/cyfitter_cfg.c **** 	CySysClkWriteImoFreq(24u);
  64              		.loc 1 150 0
  65 000e 1820     		mov	r0, #24
  66 0010 FFF7FEFF 		bl	CySysClkWriteImoFreq
  67              	.LVL3:
 151:.\Generated_Source\PSoC4/cyfitter_cfg.c **** 
 152:.\Generated_Source\PSoC4/cyfitter_cfg.c **** 	/* Disable HALF_EN since it is not required at this IMO frequency. */
 153:.\Generated_Source\PSoC4/cyfitter_cfg.c **** 	CY_SET_REG32((void CYXDATA *)(CYREG_CLK_SELECT), (CY_GET_REG32((void *)CYREG_CLK_SELECT) & 0xFFFBF
  68              		.loc 1 153 0
  69 0014 2268     		ldr	r2, [r4]
  70 0016 0E4B     		ldr	r3, .L3+4
  71 0018 1340     		and	r3, r2
  72 001a 2360     		str	r3, [r4]
 154:.\Generated_Source\PSoC4/cyfitter_cfg.c **** 	/* CYDEV_CLK_ILO_CONFIG Starting address: CYDEV_CLK_ILO_CONFIG */
 155:.\Generated_Source\PSoC4/cyfitter_cfg.c **** 	CY_SET_XTND_REG32((void CYFAR *)(CYREG_CLK_ILO_CONFIG), 0x80000006u);
  73              		.loc 1 155 0
ARM GAS  C:\Users\EGH35~1.DRE\AppData\Local\Temp\cc0uk6pk.s 			page 5


  74 001c 0D4A     		ldr	r2, .L3+8
  75 001e 0E4B     		ldr	r3, .L3+12
  76 0020 1A60     		str	r2, [r3]
 156:.\Generated_Source\PSoC4/cyfitter_cfg.c **** 
 157:.\Generated_Source\PSoC4/cyfitter_cfg.c **** 
 158:.\Generated_Source\PSoC4/cyfitter_cfg.c **** 	/* CYDEV_CLK_SELECT00 Starting address: CYDEV_CLK_SELECT00 */
 159:.\Generated_Source\PSoC4/cyfitter_cfg.c **** 	CY_SET_XTND_REG32((void CYFAR *)(CYREG_CLK_SELECT03), 0x00000010u);
  77              		.loc 1 159 0
  78 0022 1022     		mov	r2, #16
  79 0024 0D4B     		ldr	r3, .L3+16
  80 0026 1A60     		str	r2, [r3]
 160:.\Generated_Source\PSoC4/cyfitter_cfg.c **** 
 161:.\Generated_Source\PSoC4/cyfitter_cfg.c **** 	/* CYDEV_CLK_IMO_CONFIG Starting address: CYDEV_CLK_IMO_CONFIG */
 162:.\Generated_Source\PSoC4/cyfitter_cfg.c **** 	CY_SET_XTND_REG32((void CYFAR *)(CYREG_CLK_IMO_CONFIG), 0x80000000u);
  81              		.loc 1 162 0
  82 0028 8022     		mov	r2, #128
  83 002a 1206     		lsl	r2, r2, #24
  84 002c 0C4B     		ldr	r3, .L3+20
  85 002e 1A60     		str	r2, [r3]
 163:.\Generated_Source\PSoC4/cyfitter_cfg.c **** 
 164:.\Generated_Source\PSoC4/cyfitter_cfg.c **** 	/* CYDEV_CLK_DIVIDER_A00 Starting address: CYDEV_CLK_DIVIDER_A00 */
 165:.\Generated_Source\PSoC4/cyfitter_cfg.c **** 	CY_SET_XTND_REG32((void CYFAR *)(CYREG_CLK_DIVIDER_A00), 0x800000CFu);
  86              		.loc 1 165 0
  87 0030 0C4A     		ldr	r2, .L3+24
  88 0032 0D4B     		ldr	r3, .L3+28
  89 0034 1A60     		str	r2, [r3]
 166:.\Generated_Source\PSoC4/cyfitter_cfg.c **** 
 167:.\Generated_Source\PSoC4/cyfitter_cfg.c **** 	(void)CyIntSetVector(9u, &CySysWdtIsr);
  90              		.loc 1 167 0
  91 0036 0920     		mov	r0, #9
  92 0038 0C49     		ldr	r1, .L3+32
  93 003a FFF7FEFF 		bl	CyIntSetVector
  94              	.LVL4:
 168:.\Generated_Source\PSoC4/cyfitter_cfg.c **** 	CyIntEnable(9u);
  95              		.loc 1 168 0
  96 003e 0920     		mov	r0, #9
  97 0040 FFF7FEFF 		bl	CyIntEnable
  98              	.LVL5:
 169:.\Generated_Source\PSoC4/cyfitter_cfg.c **** 	CY_SET_XTND_REG32((void CYFAR *)(CYREG_WDT_CONFIG), 0x00000000u);
  99              		.loc 1 169 0
 100 0044 0022     		mov	r2, #0
 101 0046 0A4B     		ldr	r3, .L3+36
 102 0048 1A60     		str	r2, [r3]
 170:.\Generated_Source\PSoC4/cyfitter_cfg.c **** }
 103              		.loc 1 170 0
 104              		@ sp needed
 105 004a 10BD     		pop	{r4, pc}
 106              	.L4:
 107              		.align	2
 108              	.L3:
 109 004c 00010B40 		.word	1074462976
 110 0050 FFFFFBFF 		.word	-262145
 111 0054 06000080 		.word	-2147483642
 112 0058 04010B40 		.word	1074462980
 113 005c 0C020240 		.word	1073873420
 114 0060 08010B40 		.word	1074462984
 115 0064 CF000080 		.word	-2147483441
ARM GAS  C:\Users\EGH35~1.DRE\AppData\Local\Temp\cc0uk6pk.s 			page 6


 116 0068 00000240 		.word	1073872896
 117 006c 00000000 		.word	CySysWdtIsr
 118 0070 0C020B40 		.word	1074463244
 119              		.cfi_endproc
 120              	.LFE3:
 121              		.size	ClockSetup, .-ClockSetup
 122              		.align	2
 123              		.global	cyfitter_cfg
 124              		.code	16
 125              		.thumb_func
 126              		.type	cyfitter_cfg, %function
 127              	cyfitter_cfg:
 128              	.LFB5:
 171:.\Generated_Source\PSoC4/cyfitter_cfg.c **** 
 172:.\Generated_Source\PSoC4/cyfitter_cfg.c **** 
 173:.\Generated_Source\PSoC4/cyfitter_cfg.c **** /* Analog API Functions */
 174:.\Generated_Source\PSoC4/cyfitter_cfg.c **** 
 175:.\Generated_Source\PSoC4/cyfitter_cfg.c **** 
 176:.\Generated_Source\PSoC4/cyfitter_cfg.c **** /*******************************************************************************
 177:.\Generated_Source\PSoC4/cyfitter_cfg.c **** * Function Name: AnalogSetDefault
 178:.\Generated_Source\PSoC4/cyfitter_cfg.c **** ********************************************************************************
 179:.\Generated_Source\PSoC4/cyfitter_cfg.c **** *
 180:.\Generated_Source\PSoC4/cyfitter_cfg.c **** * Summary:
 181:.\Generated_Source\PSoC4/cyfitter_cfg.c **** *  Sets up the analog portions of the chip to default values based on chip
 182:.\Generated_Source\PSoC4/cyfitter_cfg.c **** *  configuration options from the project.
 183:.\Generated_Source\PSoC4/cyfitter_cfg.c **** *
 184:.\Generated_Source\PSoC4/cyfitter_cfg.c **** * Parameters:
 185:.\Generated_Source\PSoC4/cyfitter_cfg.c **** *  void
 186:.\Generated_Source\PSoC4/cyfitter_cfg.c **** *
 187:.\Generated_Source\PSoC4/cyfitter_cfg.c **** * Return:
 188:.\Generated_Source\PSoC4/cyfitter_cfg.c **** *  void
 189:.\Generated_Source\PSoC4/cyfitter_cfg.c **** *
 190:.\Generated_Source\PSoC4/cyfitter_cfg.c **** *******************************************************************************/
 191:.\Generated_Source\PSoC4/cyfitter_cfg.c **** static void AnalogSetDefault(void);
 192:.\Generated_Source\PSoC4/cyfitter_cfg.c **** static void AnalogSetDefault(void)
 193:.\Generated_Source\PSoC4/cyfitter_cfg.c **** {
 194:.\Generated_Source\PSoC4/cyfitter_cfg.c **** }
 195:.\Generated_Source\PSoC4/cyfitter_cfg.c **** 
 196:.\Generated_Source\PSoC4/cyfitter_cfg.c **** #define CY_AMUX_UNUSED CYREG_CM0_ROM_DWT
 197:.\Generated_Source\PSoC4/cyfitter_cfg.c **** 
 198:.\Generated_Source\PSoC4/cyfitter_cfg.c **** 
 199:.\Generated_Source\PSoC4/cyfitter_cfg.c **** /*******************************************************************************
 200:.\Generated_Source\PSoC4/cyfitter_cfg.c **** * Function Name: cyfitter_cfg
 201:.\Generated_Source\PSoC4/cyfitter_cfg.c **** ********************************************************************************
 202:.\Generated_Source\PSoC4/cyfitter_cfg.c **** * Summary:
 203:.\Generated_Source\PSoC4/cyfitter_cfg.c **** *  This function is called by the start-up code for the selected device. It
 204:.\Generated_Source\PSoC4/cyfitter_cfg.c **** *  performs all of the necessary device configuration based on the design
 205:.\Generated_Source\PSoC4/cyfitter_cfg.c **** *  settings.  This includes settings from the Design Wide Resources (DWR) such
 206:.\Generated_Source\PSoC4/cyfitter_cfg.c **** *  as Clocks and Pins as well as any component configuration that is necessary.
 207:.\Generated_Source\PSoC4/cyfitter_cfg.c **** *
 208:.\Generated_Source\PSoC4/cyfitter_cfg.c **** * Parameters:  
 209:.\Generated_Source\PSoC4/cyfitter_cfg.c **** *   void
 210:.\Generated_Source\PSoC4/cyfitter_cfg.c **** *
 211:.\Generated_Source\PSoC4/cyfitter_cfg.c **** * Return:
 212:.\Generated_Source\PSoC4/cyfitter_cfg.c **** *   void
 213:.\Generated_Source\PSoC4/cyfitter_cfg.c **** *
 214:.\Generated_Source\PSoC4/cyfitter_cfg.c **** *******************************************************************************/
ARM GAS  C:\Users\EGH35~1.DRE\AppData\Local\Temp\cc0uk6pk.s 			page 7


 215:.\Generated_Source\PSoC4/cyfitter_cfg.c **** CY_CFG_SECTION
 216:.\Generated_Source\PSoC4/cyfitter_cfg.c **** void cyfitter_cfg(void)
 217:.\Generated_Source\PSoC4/cyfitter_cfg.c **** {
 129              		.loc 1 217 0
 130              		.cfi_startproc
 131 0074 38B5     		push	{r3, r4, r5, lr}
 132              		.cfi_def_cfa_offset 16
 133              		.cfi_offset 3, -16
 134              		.cfi_offset 4, -12
 135              		.cfi_offset 5, -8
 136              		.cfi_offset 14, -4
 218:.\Generated_Source\PSoC4/cyfitter_cfg.c **** 	/* Disable interrupts by default. Let user enable if/when they want. */
 219:.\Generated_Source\PSoC4/cyfitter_cfg.c **** 	CyGlobalIntDisable;
 137              		.loc 1 219 0
 138              	@ 219 ".\Generated_Source\PSoC4\cyfitter_cfg.c" 1
 139 0076 72B6     		CPSID   i
 140              	@ 0 "" 2
 141              	.LVL6:
 142              		.code	16
 143              	.LBB2:
 220:.\Generated_Source\PSoC4/cyfitter_cfg.c **** 
 221:.\Generated_Source\PSoC4/cyfitter_cfg.c **** 	{
 222:.\Generated_Source\PSoC4/cyfitter_cfg.c **** 
 223:.\Generated_Source\PSoC4/cyfitter_cfg.c **** 		CYPACKED typedef struct {
 224:.\Generated_Source\PSoC4/cyfitter_cfg.c **** 			void CYFAR *address;
 225:.\Generated_Source\PSoC4/cyfitter_cfg.c **** 			uint16 size;
 226:.\Generated_Source\PSoC4/cyfitter_cfg.c **** 		} CYPACKED_ATTR cfg_memset_t;
 227:.\Generated_Source\PSoC4/cyfitter_cfg.c **** 
 228:.\Generated_Source\PSoC4/cyfitter_cfg.c **** 		static const cfg_memset_t CYCODE cfg_memset_list [] = {
 229:.\Generated_Source\PSoC4/cyfitter_cfg.c **** 			/* address, size */
 230:.\Generated_Source\PSoC4/cyfitter_cfg.c **** 			{(void CYFAR *)(CYDEV_UDB_P0_U0_BASE), 1024u},
 231:.\Generated_Source\PSoC4/cyfitter_cfg.c **** 			{(void CYFAR *)(CYDEV_UDB_DSI0_BASE), 1024u},
 232:.\Generated_Source\PSoC4/cyfitter_cfg.c **** 		};
 233:.\Generated_Source\PSoC4/cyfitter_cfg.c **** 
 234:.\Generated_Source\PSoC4/cyfitter_cfg.c **** 		uint8 CYDATA i;
 235:.\Generated_Source\PSoC4/cyfitter_cfg.c **** 
 236:.\Generated_Source\PSoC4/cyfitter_cfg.c **** 		/* Zero out critical memory blocks before beginning configuration */
 237:.\Generated_Source\PSoC4/cyfitter_cfg.c **** 		for (i = 0u; i < (sizeof(cfg_memset_list)/sizeof(cfg_memset_list[0])); i++)
 144              		.loc 1 237 0
 145 0078 0024     		mov	r4, #0
 146              	.LBB3:
 238:.\Generated_Source\PSoC4/cyfitter_cfg.c **** 		{
 239:.\Generated_Source\PSoC4/cyfitter_cfg.c **** 			const cfg_memset_t CYCODE * CYDATA ms = &cfg_memset_list[i];
 147              		.loc 1 239 0
 148 007a 1E4D     		ldr	r5, .L8
 149              	.LBE3:
 237:.\Generated_Source\PSoC4/cyfitter_cfg.c **** 		for (i = 0u; i < (sizeof(cfg_memset_list)/sizeof(cfg_memset_list[0])); i++)
 150              		.loc 1 237 0
 151 007c 0CE0     		b	.L6
 152              	.LVL7:
 153              	.L7:
 154              	.LBB4:
 155              		.loc 1 239 0 discriminator 2
 156 007e 6300     		lsl	r3, r4, #1
 157 0080 1B19     		add	r3, r3, r4
 158 0082 5B00     		lsl	r3, r3, #1
 159 0084 EB18     		add	r3, r5, r3
ARM GAS  C:\Users\EGH35~1.DRE\AppData\Local\Temp\cc0uk6pk.s 			page 8


 160              	.LVL8:
 240:.\Generated_Source\PSoC4/cyfitter_cfg.c **** 			CYMEMZERO(ms->address, (size_t)(uint32)(ms->size));
 161              		.loc 1 240 0 discriminator 2
 162 0086 9988     		ldrh	r1, [r3, #4]
 163 0088 1A88     		ldrh	r2, [r3]
 164 008a 5888     		ldrh	r0, [r3, #2]
 165 008c 0004     		lsl	r0, r0, #16
 166 008e 1043     		orr	r0, r2
 167 0090 FFF7FEFF 		bl	CYMEMZERO
 168              	.LVL9:
 169              	.LBE4:
 237:.\Generated_Source\PSoC4/cyfitter_cfg.c **** 		for (i = 0u; i < (sizeof(cfg_memset_list)/sizeof(cfg_memset_list[0])); i++)
 170              		.loc 1 237 0 discriminator 2
 171 0094 0134     		add	r4, r4, #1
 172              	.LVL10:
 173 0096 E4B2     		uxtb	r4, r4
 174              	.LVL11:
 175              	.L6:
 237:.\Generated_Source\PSoC4/cyfitter_cfg.c **** 		for (i = 0u; i < (sizeof(cfg_memset_list)/sizeof(cfg_memset_list[0])); i++)
 176              		.loc 1 237 0 is_stmt 0 discriminator 1
 177 0098 012C     		cmp	r4, #1
 178 009a F0D9     		bls	.L7
 241:.\Generated_Source\PSoC4/cyfitter_cfg.c **** 		}
 242:.\Generated_Source\PSoC4/cyfitter_cfg.c **** 
 243:.\Generated_Source\PSoC4/cyfitter_cfg.c **** 		/* HSIOM Starting address: CYDEV_HSIOM_BASE */
 244:.\Generated_Source\PSoC4/cyfitter_cfg.c **** 		CY_SET_XTND_REG32((void CYFAR *)(CYDEV_HSIOM_BASE), 0x00990000u);
 179              		.loc 1 244 0 is_stmt 1
 180 009c 9923     		mov	r3, #153
 181 009e 1B04     		lsl	r3, r3, #16
 182 00a0 154A     		ldr	r2, .L8+4
 183 00a2 1360     		str	r3, [r2]
 245:.\Generated_Source\PSoC4/cyfitter_cfg.c **** 		CY_SET_XTND_REG32((void CYFAR *)(CYREG_HSIOM_PORT_SEL3), 0x0000EE00u);
 184              		.loc 1 245 0
 185 00a4 EE21     		mov	r1, #238
 186 00a6 0902     		lsl	r1, r1, #8
 187 00a8 144A     		ldr	r2, .L8+8
 188 00aa 1160     		str	r1, [r2]
 246:.\Generated_Source\PSoC4/cyfitter_cfg.c **** 
 247:.\Generated_Source\PSoC4/cyfitter_cfg.c **** 		/* UDB_PA_0 Starting address: CYDEV_UDB_PA0_BASE */
 248:.\Generated_Source\PSoC4/cyfitter_cfg.c **** 		CY_SET_XTND_REG32((void CYFAR *)(CYDEV_UDB_PA0_BASE), 0x00990000u);
 189              		.loc 1 248 0
 190 00ac 144A     		ldr	r2, .L8+12
 191 00ae 1360     		str	r3, [r2]
 249:.\Generated_Source\PSoC4/cyfitter_cfg.c **** 
 250:.\Generated_Source\PSoC4/cyfitter_cfg.c **** 		/* UDB_PA_3 Starting address: CYDEV_UDB_PA3_BASE */
 251:.\Generated_Source\PSoC4/cyfitter_cfg.c **** 		CY_SET_XTND_REG32((void CYFAR *)(CYDEV_UDB_PA3_BASE), 0x00990000u);
 192              		.loc 1 251 0
 193 00b0 144A     		ldr	r2, .L8+16
 194 00b2 1360     		str	r3, [r2]
 252:.\Generated_Source\PSoC4/cyfitter_cfg.c **** 
 253:.\Generated_Source\PSoC4/cyfitter_cfg.c **** 		/* Enable digital routing */
 254:.\Generated_Source\PSoC4/cyfitter_cfg.c **** 		CY_SET_XTND_REG8((void *)CYREG_UDB_UDBIF_BANK_CTL, CY_GET_XTND_REG8((void *)CYREG_UDB_UDBIF_BANK_
 195              		.loc 1 254 0
 196 00b4 144B     		ldr	r3, .L8+20
 197 00b6 1978     		ldrb	r1, [r3]
 198 00b8 0222     		mov	r2, #2
 199 00ba 0A43     		orr	r2, r1
ARM GAS  C:\Users\EGH35~1.DRE\AppData\Local\Temp\cc0uk6pk.s 			page 9


 200 00bc 1A70     		strb	r2, [r3]
 255:.\Generated_Source\PSoC4/cyfitter_cfg.c **** 
 256:.\Generated_Source\PSoC4/cyfitter_cfg.c **** 		/* Enable UDB array */
 257:.\Generated_Source\PSoC4/cyfitter_cfg.c **** 		CY_SET_XTND_REG8((void *)CYREG_UDB_UDBIF_WAIT_CFG, (uint8)((CY_GET_XTND_REG8((void *)CYREG_UDB_UD
 201              		.loc 1 257 0
 202 00be 134A     		ldr	r2, .L8+24
 203 00c0 1178     		ldrb	r1, [r2]
 204 00c2 3C20     		mov	r0, #60
 205 00c4 8143     		bic	r1, r0
 206 00c6 1420     		mov	r0, #20
 207 00c8 0143     		orr	r1, r0
 208 00ca 1170     		strb	r1, [r2]
 258:.\Generated_Source\PSoC4/cyfitter_cfg.c **** 		CY_SET_XTND_REG8((void *)CYREG_UDB_UDBIF_BANK_CTL, (uint8)(CY_GET_XTND_REG8((void *)CYREG_UDB_UDB
 209              		.loc 1 258 0
 210 00cc 1978     		ldrb	r1, [r3]
 211 00ce 1622     		mov	r2, #22
 212 00d0 0A43     		orr	r2, r1
 213 00d2 1A70     		strb	r2, [r3]
 214              	.LBE2:
 259:.\Generated_Source\PSoC4/cyfitter_cfg.c **** 	}
 260:.\Generated_Source\PSoC4/cyfitter_cfg.c **** 
 261:.\Generated_Source\PSoC4/cyfitter_cfg.c **** 	/* Perform second pass device configuration. These items must be configured in specific order afte
 262:.\Generated_Source\PSoC4/cyfitter_cfg.c **** 	/* IOPINS0_0 Starting address: CYDEV_PRT0_DR */
 263:.\Generated_Source\PSoC4/cyfitter_cfg.c **** 	CY_SET_XTND_REG32((void CYFAR *)(CYREG_PRT0_DR), 0x00000020u);
 215              		.loc 1 263 0
 216 00d4 2023     		mov	r3, #32
 217 00d6 0E4A     		ldr	r2, .L8+28
 218 00d8 1360     		str	r3, [r2]
 264:.\Generated_Source\PSoC4/cyfitter_cfg.c **** 	CY_SET_XTND_REG32((void CYFAR *)(CYREG_PRT0_PC), 0x00031000u);
 219              		.loc 1 264 0
 220 00da C421     		mov	r1, #196
 221 00dc 8902     		lsl	r1, r1, #10
 222 00de 0D4A     		ldr	r2, .L8+32
 223 00e0 1160     		str	r1, [r2]
 265:.\Generated_Source\PSoC4/cyfitter_cfg.c **** 	CY_SET_XTND_REG32((void CYFAR *)(CYREG_PRT0_PC2), 0x00000020u);
 224              		.loc 1 265 0
 225 00e2 0D4A     		ldr	r2, .L8+36
 226 00e4 1360     		str	r3, [r2]
 266:.\Generated_Source\PSoC4/cyfitter_cfg.c **** 
 267:.\Generated_Source\PSoC4/cyfitter_cfg.c **** 	/* IOPINS0_3 Starting address: CYDEV_PRT3_DR */
 268:.\Generated_Source\PSoC4/cyfitter_cfg.c **** 	CY_SET_XTND_REG32((void CYFAR *)(CYREG_PRT3_PC), 0x00000D80u);
 227              		.loc 1 268 0
 228 00e6 D822     		mov	r2, #216
 229 00e8 1201     		lsl	r2, r2, #4
 230 00ea 0C4B     		ldr	r3, .L8+40
 231 00ec 1A60     		str	r2, [r3]
 269:.\Generated_Source\PSoC4/cyfitter_cfg.c **** 
 270:.\Generated_Source\PSoC4/cyfitter_cfg.c **** 	/* Setup clocks based on selections from Clock DWR */
 271:.\Generated_Source\PSoC4/cyfitter_cfg.c **** 	ClockSetup();
 232              		.loc 1 271 0
 233 00ee FFF787FF 		bl	ClockSetup
 234              	.LVL12:
 272:.\Generated_Source\PSoC4/cyfitter_cfg.c **** 
 273:.\Generated_Source\PSoC4/cyfitter_cfg.c **** 	/* Perform basic analog initialization to defaults */
 274:.\Generated_Source\PSoC4/cyfitter_cfg.c **** 	AnalogSetDefault();
 275:.\Generated_Source\PSoC4/cyfitter_cfg.c **** 
 276:.\Generated_Source\PSoC4/cyfitter_cfg.c **** }
ARM GAS  C:\Users\EGH35~1.DRE\AppData\Local\Temp\cc0uk6pk.s 			page 10


 235              		.loc 1 276 0
 236              		@ sp needed
 237              	.LVL13:
 238 00f2 38BD     		pop	{r3, r4, r5, pc}
 239              	.L9:
 240              		.align	2
 241              	.L8:
 242 00f4 00000000 		.word	.LANCHOR0
 243 00f8 00000140 		.word	1073807360
 244 00fc 0C000140 		.word	1073807372
 245 0100 00500F40 		.word	1074745344
 246 0104 30500F40 		.word	1074745392
 247 0108 00700F40 		.word	1074753536
 248 010c 01700F40 		.word	1074753537
 249 0110 00000440 		.word	1074003968
 250 0114 08000440 		.word	1074003976
 251 0118 18000440 		.word	1074003992
 252 011c 08030440 		.word	1074004744
 253              		.cfi_endproc
 254              	.LFE5:
 255              		.size	cyfitter_cfg, .-cyfitter_cfg
 256              		.section	.rodata
 257              		.align	2
 258              		.set	.LANCHOR0,. + 0
 259              		.type	cfg_memset_list.4717, %object
 260              		.size	cfg_memset_list.4717, 12
 261              	cfg_memset_list.4717:
 262 0000 00300F40 		.word	1074737152
 263 0004 0004     		.short	1024
 264 0006 00400F40 		.4byte	1074741248
 265 000a 0004     		.short	1024
 266              		.text
 267              	.Letext0:
 268              		.file 2 "c:\\program files (x86)\\cypress\\psoc creator\\3.2\\psoc creator\\import\\gnu\\arm\\4.8.
 269              		.file 3 ".\\Generated_Source\\PSoC4\\cytypes.h"
 270              		.file 4 ".\\Generated_Source\\PSoC4\\CyLib.h"
 271              		.section	.debug_info,"",%progbits
 272              	.Ldebug_info0:
 273 0000 88020000 		.4byte	0x288
 274 0004 0400     		.2byte	0x4
 275 0006 00000000 		.4byte	.Ldebug_abbrev0
 276 000a 04       		.byte	0x4
 277 000b 01       		.uleb128 0x1
 278 000c 2E010000 		.4byte	.LASF28
 279 0010 01       		.byte	0x1
 280 0011 C4010000 		.4byte	.LASF29
 281 0015 0D000000 		.4byte	.LASF30
 282 0019 18000000 		.4byte	.Ldebug_ranges0+0x18
 283 001d 00000000 		.4byte	0
 284 0021 00000000 		.4byte	.Ldebug_line0
 285 0025 02       		.uleb128 0x2
 286 0026 04       		.byte	0x4
 287 0027 05       		.byte	0x5
 288 0028 696E7400 		.ascii	"int\000"
 289 002c 03       		.uleb128 0x3
 290 002d 06000000 		.4byte	.LASF11
 291 0031 02       		.byte	0x2
ARM GAS  C:\Users\EGH35~1.DRE\AppData\Local\Temp\cc0uk6pk.s 			page 11


 292 0032 D4       		.byte	0xd4
 293 0033 37000000 		.4byte	0x37
 294 0037 04       		.uleb128 0x4
 295 0038 04       		.byte	0x4
 296 0039 07       		.byte	0x7
 297 003a F5000000 		.4byte	.LASF0
 298 003e 04       		.uleb128 0x4
 299 003f 01       		.byte	0x1
 300 0040 06       		.byte	0x6
 301 0041 30020000 		.4byte	.LASF1
 302 0045 04       		.uleb128 0x4
 303 0046 01       		.byte	0x1
 304 0047 08       		.byte	0x8
 305 0048 BF000000 		.4byte	.LASF2
 306 004c 04       		.uleb128 0x4
 307 004d 02       		.byte	0x2
 308 004e 05       		.byte	0x5
 309 004f 08020000 		.4byte	.LASF3
 310 0053 04       		.uleb128 0x4
 311 0054 02       		.byte	0x2
 312 0055 07       		.byte	0x7
 313 0056 7A000000 		.4byte	.LASF4
 314 005a 04       		.uleb128 0x4
 315 005b 04       		.byte	0x4
 316 005c 05       		.byte	0x5
 317 005d 27020000 		.4byte	.LASF5
 318 0061 04       		.uleb128 0x4
 319 0062 04       		.byte	0x4
 320 0063 07       		.byte	0x7
 321 0064 9D000000 		.4byte	.LASF6
 322 0068 04       		.uleb128 0x4
 323 0069 08       		.byte	0x8
 324 006a 05       		.byte	0x5
 325 006b F5010000 		.4byte	.LASF7
 326 006f 04       		.uleb128 0x4
 327 0070 08       		.byte	0x8
 328 0071 07       		.byte	0x7
 329 0072 17010000 		.4byte	.LASF8
 330 0076 04       		.uleb128 0x4
 331 0077 04       		.byte	0x4
 332 0078 07       		.byte	0x7
 333 0079 EC010000 		.4byte	.LASF9
 334 007d 05       		.uleb128 0x5
 335 007e 04       		.byte	0x4
 336 007f 06       		.uleb128 0x6
 337 0080 04       		.byte	0x4
 338 0081 85000000 		.4byte	0x85
 339 0085 07       		.uleb128 0x7
 340 0086 04       		.uleb128 0x4
 341 0087 01       		.byte	0x1
 342 0088 08       		.byte	0x8
 343 0089 03020000 		.4byte	.LASF10
 344 008d 03       		.uleb128 0x3
 345 008e AF000000 		.4byte	.LASF12
 346 0092 03       		.byte	0x3
 347 0093 C1       		.byte	0xc1
 348 0094 45000000 		.4byte	0x45
ARM GAS  C:\Users\EGH35~1.DRE\AppData\Local\Temp\cc0uk6pk.s 			page 12


 349 0098 03       		.uleb128 0x3
 350 0099 E7000000 		.4byte	.LASF13
 351 009d 03       		.byte	0x3
 352 009e C2       		.byte	0xc2
 353 009f 53000000 		.4byte	0x53
 354 00a3 03       		.uleb128 0x3
 355 00a4 EE000000 		.4byte	.LASF14
 356 00a8 03       		.byte	0x3
 357 00a9 C3       		.byte	0xc3
 358 00aa 61000000 		.4byte	0x61
 359 00ae 04       		.uleb128 0x4
 360 00af 04       		.byte	0x4
 361 00b0 04       		.byte	0x4
 362 00b1 8D000000 		.4byte	.LASF15
 363 00b5 04       		.uleb128 0x4
 364 00b6 08       		.byte	0x8
 365 00b7 04       		.byte	0x4
 366 00b8 D4000000 		.4byte	.LASF16
 367 00bc 08       		.uleb128 0x8
 368 00bd 98000000 		.4byte	.LASF17
 369 00c1 03       		.byte	0x3
 370 00c2 6B01     		.2byte	0x16b
 371 00c4 C8000000 		.4byte	0xc8
 372 00c8 09       		.uleb128 0x9
 373 00c9 8D000000 		.4byte	0x8d
 374 00cd 08       		.uleb128 0x8
 375 00ce 00000000 		.4byte	.LASF18
 376 00d2 03       		.byte	0x3
 377 00d3 6D01     		.2byte	0x16d
 378 00d5 D9000000 		.4byte	0xd9
 379 00d9 09       		.uleb128 0x9
 380 00da A3000000 		.4byte	0xa3
 381 00de 08       		.uleb128 0x8
 382 00df AA010000 		.4byte	.LASF19
 383 00e3 03       		.byte	0x3
 384 00e4 7D01     		.2byte	0x17d
 385 00e6 7F000000 		.4byte	0x7f
 386 00ea 0A       		.uleb128 0xa
 387 00eb B5000000 		.4byte	.LASF20
 388 00ef 01       		.byte	0x1
 389 00f0 3B       		.byte	0x3b
 390 00f1 00000000 		.4byte	.LFB0
 391 00f5 0C000000 		.4byte	.LFE0-.LFB0
 392 00f9 01       		.uleb128 0x1
 393 00fa 9C       		.byte	0x9c
 394 00fb 37010000 		.4byte	0x137
 395 00ff 0B       		.uleb128 0xb
 396 0100 7300     		.ascii	"s\000"
 397 0102 01       		.byte	0x1
 398 0103 3B       		.byte	0x3b
 399 0104 7D000000 		.4byte	0x7d
 400 0108 00000000 		.4byte	.LLST0
 401 010c 0B       		.uleb128 0xb
 402 010d 6E00     		.ascii	"n\000"
 403 010f 01       		.byte	0x1
 404 0110 3B       		.byte	0x3b
 405 0111 2C000000 		.4byte	0x2c
ARM GAS  C:\Users\EGH35~1.DRE\AppData\Local\Temp\cc0uk6pk.s 			page 13


 406 0115 21000000 		.4byte	.LLST1
 407 0119 0C       		.uleb128 0xc
 408 011a 0A000000 		.4byte	.LVL2
 409 011e 36020000 		.4byte	0x236
 410 0122 0D       		.uleb128 0xd
 411 0123 01       		.uleb128 0x1
 412 0124 52       		.byte	0x52
 413 0125 03       		.uleb128 0x3
 414 0126 F3       		.byte	0xf3
 415 0127 01       		.uleb128 0x1
 416 0128 51       		.byte	0x51
 417 0129 0D       		.uleb128 0xd
 418 012a 01       		.uleb128 0x1
 419 012b 51       		.byte	0x51
 420 012c 01       		.uleb128 0x1
 421 012d 30       		.byte	0x30
 422 012e 0D       		.uleb128 0xd
 423 012f 01       		.uleb128 0x1
 424 0130 50       		.byte	0x50
 425 0131 03       		.uleb128 0x3
 426 0132 F3       		.byte	0xf3
 427 0133 01       		.uleb128 0x1
 428 0134 50       		.byte	0x50
 429 0135 00       		.byte	0
 430 0136 00       		.byte	0
 431 0137 0A       		.uleb128 0xa
 432 0138 6F000000 		.4byte	.LASF21
 433 013c 01       		.byte	0x1
 434 013d 90       		.byte	0x90
 435 013e 00000000 		.4byte	.LFB3
 436 0142 74000000 		.4byte	.LFE3-.LFB3
 437 0146 01       		.uleb128 0x1
 438 0147 9C       		.byte	0x9c
 439 0148 82010000 		.4byte	0x182
 440 014c 0E       		.uleb128 0xe
 441 014d 14000000 		.4byte	.LVL3
 442 0151 53020000 		.4byte	0x253
 443 0155 5F010000 		.4byte	0x15f
 444 0159 0D       		.uleb128 0xd
 445 015a 01       		.uleb128 0x1
 446 015b 50       		.byte	0x50
 447 015c 01       		.uleb128 0x1
 448 015d 48       		.byte	0x48
 449 015e 00       		.byte	0
 450 015f 0E       		.uleb128 0xe
 451 0160 3E000000 		.4byte	.LVL4
 452 0164 64020000 		.4byte	0x264
 453 0168 72010000 		.4byte	0x172
 454 016c 0D       		.uleb128 0xd
 455 016d 01       		.uleb128 0x1
 456 016e 50       		.byte	0x50
 457 016f 01       		.uleb128 0x1
 458 0170 39       		.byte	0x39
 459 0171 00       		.byte	0
 460 0172 0C       		.uleb128 0xc
 461 0173 44000000 		.4byte	.LVL5
 462 0177 7E020000 		.4byte	0x27e
ARM GAS  C:\Users\EGH35~1.DRE\AppData\Local\Temp\cc0uk6pk.s 			page 14


 463 017b 0D       		.uleb128 0xd
 464 017c 01       		.uleb128 0x1
 465 017d 50       		.byte	0x50
 466 017e 01       		.uleb128 0x1
 467 017f 39       		.byte	0x39
 468 0180 00       		.byte	0
 469 0181 00       		.byte	0
 470 0182 0F       		.uleb128 0xf
 471 0183 02010000 		.4byte	.LASF31
 472 0187 01       		.byte	0x1
 473 0188 D8       		.byte	0xd8
 474 0189 74000000 		.4byte	.LFB5
 475 018d AC000000 		.4byte	.LFE5-.LFB5
 476 0191 01       		.uleb128 0x1
 477 0192 9C       		.byte	0x9c
 478 0193 36020000 		.4byte	0x236
 479 0197 10       		.uleb128 0x10
 480 0198 78000000 		.4byte	.LBB2
 481 019c 5C000000 		.4byte	.LBE2-.LBB2
 482 01a0 2C020000 		.4byte	0x22c
 483 01a4 11       		.uleb128 0x11
 484 01a5 06       		.byte	0x6
 485 01a6 01       		.byte	0x1
 486 01a7 DF       		.byte	0xdf
 487 01a8 C5010000 		.4byte	0x1c5
 488 01ac 12       		.uleb128 0x12
 489 01ad 0F010000 		.4byte	.LASF22
 490 01b1 01       		.byte	0x1
 491 01b2 E0       		.byte	0xe0
 492 01b3 7D000000 		.4byte	0x7d
 493 01b7 00       		.byte	0
 494 01b8 12       		.uleb128 0x12
 495 01b9 93000000 		.4byte	.LASF23
 496 01bd 01       		.byte	0x1
 497 01be E1       		.byte	0xe1
 498 01bf 98000000 		.4byte	0x98
 499 01c3 04       		.byte	0x4
 500 01c4 00       		.byte	0
 501 01c5 03       		.uleb128 0x3
 502 01c6 B7010000 		.4byte	.LASF24
 503 01ca 01       		.byte	0x1
 504 01cb E2       		.byte	0xe2
 505 01cc A4010000 		.4byte	0x1a4
 506 01d0 13       		.uleb128 0x13
 507 01d1 C5010000 		.4byte	0x1c5
 508 01d5 E0010000 		.4byte	0x1e0
 509 01d9 14       		.uleb128 0x14
 510 01da 76000000 		.4byte	0x76
 511 01de 01       		.byte	0x1
 512 01df 00       		.byte	0
 513 01e0 15       		.uleb128 0x15
 514 01e1 5F000000 		.4byte	.LASF25
 515 01e5 01       		.byte	0x1
 516 01e6 E4       		.byte	0xe4
 517 01e7 F1010000 		.4byte	0x1f1
 518 01eb 05       		.uleb128 0x5
 519 01ec 03       		.byte	0x3
ARM GAS  C:\Users\EGH35~1.DRE\AppData\Local\Temp\cc0uk6pk.s 			page 15


 520 01ed 00000000 		.4byte	cfg_memset_list.4717
 521 01f1 16       		.uleb128 0x16
 522 01f2 D0010000 		.4byte	0x1d0
 523 01f6 17       		.uleb128 0x17
 524 01f7 6900     		.ascii	"i\000"
 525 01f9 01       		.byte	0x1
 526 01fa EA       		.byte	0xea
 527 01fb 8D000000 		.4byte	0x8d
 528 01ff 4D000000 		.4byte	.LLST2
 529 0203 18       		.uleb128 0x18
 530 0204 00000000 		.4byte	.Ldebug_ranges0+0
 531 0208 17       		.uleb128 0x17
 532 0209 6D7300   		.ascii	"ms\000"
 533 020c 01       		.byte	0x1
 534 020d EF       		.byte	0xef
 535 020e 16020000 		.4byte	0x216
 536 0212 84000000 		.4byte	.LLST3
 537 0216 06       		.uleb128 0x6
 538 0217 04       		.byte	0x4
 539 0218 1C020000 		.4byte	0x21c
 540 021c 16       		.uleb128 0x16
 541 021d C5010000 		.4byte	0x1c5
 542 0221 19       		.uleb128 0x19
 543 0222 94000000 		.4byte	.LVL9
 544 0226 EA000000 		.4byte	0xea
 545 022a 00       		.byte	0
 546 022b 00       		.byte	0
 547 022c 19       		.uleb128 0x19
 548 022d F2000000 		.4byte	.LVL12
 549 0231 37010000 		.4byte	0x137
 550 0235 00       		.byte	0
 551 0236 1A       		.uleb128 0x1a
 552 0237 CD000000 		.4byte	.LASF26
 553 023b 7D000000 		.4byte	0x7d
 554 023f 53020000 		.4byte	0x253
 555 0243 1B       		.uleb128 0x1b
 556 0244 7D000000 		.4byte	0x7d
 557 0248 1B       		.uleb128 0x1b
 558 0249 25000000 		.4byte	0x25
 559 024d 1B       		.uleb128 0x1b
 560 024e 76000000 		.4byte	0x76
 561 0252 00       		.byte	0
 562 0253 1C       		.uleb128 0x1c
 563 0254 12020000 		.4byte	.LASF27
 564 0258 04       		.byte	0x4
 565 0259 31       		.byte	0x31
 566 025a 64020000 		.4byte	0x264
 567 025e 1B       		.uleb128 0x1b
 568 025f A3000000 		.4byte	0xa3
 569 0263 00       		.byte	0
 570 0264 1D       		.uleb128 0x1d
 571 0265 50000000 		.4byte	.LASF32
 572 0269 04       		.byte	0x4
 573 026a 46       		.byte	0x46
 574 026b DE000000 		.4byte	0xde
 575 026f 7E020000 		.4byte	0x27e
 576 0273 1B       		.uleb128 0x1b
ARM GAS  C:\Users\EGH35~1.DRE\AppData\Local\Temp\cc0uk6pk.s 			page 16


 577 0274 8D000000 		.4byte	0x8d
 578 0278 1B       		.uleb128 0x1b
 579 0279 DE000000 		.4byte	0xde
 580 027d 00       		.byte	0
 581 027e 1E       		.uleb128 0x1e
 582 027f DB000000 		.4byte	.LASF33
 583 0283 04       		.byte	0x4
 584 0284 4C       		.byte	0x4c
 585 0285 1B       		.uleb128 0x1b
 586 0286 8D000000 		.4byte	0x8d
 587 028a 00       		.byte	0
 588 028b 00       		.byte	0
 589              		.section	.debug_abbrev,"",%progbits
 590              	.Ldebug_abbrev0:
 591 0000 01       		.uleb128 0x1
 592 0001 11       		.uleb128 0x11
 593 0002 01       		.byte	0x1
 594 0003 25       		.uleb128 0x25
 595 0004 0E       		.uleb128 0xe
 596 0005 13       		.uleb128 0x13
 597 0006 0B       		.uleb128 0xb
 598 0007 03       		.uleb128 0x3
 599 0008 0E       		.uleb128 0xe
 600 0009 1B       		.uleb128 0x1b
 601 000a 0E       		.uleb128 0xe
 602 000b 55       		.uleb128 0x55
 603 000c 17       		.uleb128 0x17
 604 000d 11       		.uleb128 0x11
 605 000e 01       		.uleb128 0x1
 606 000f 10       		.uleb128 0x10
 607 0010 17       		.uleb128 0x17
 608 0011 00       		.byte	0
 609 0012 00       		.byte	0
 610 0013 02       		.uleb128 0x2
 611 0014 24       		.uleb128 0x24
 612 0015 00       		.byte	0
 613 0016 0B       		.uleb128 0xb
 614 0017 0B       		.uleb128 0xb
 615 0018 3E       		.uleb128 0x3e
 616 0019 0B       		.uleb128 0xb
 617 001a 03       		.uleb128 0x3
 618 001b 08       		.uleb128 0x8
 619 001c 00       		.byte	0
 620 001d 00       		.byte	0
 621 001e 03       		.uleb128 0x3
 622 001f 16       		.uleb128 0x16
 623 0020 00       		.byte	0
 624 0021 03       		.uleb128 0x3
 625 0022 0E       		.uleb128 0xe
 626 0023 3A       		.uleb128 0x3a
 627 0024 0B       		.uleb128 0xb
 628 0025 3B       		.uleb128 0x3b
 629 0026 0B       		.uleb128 0xb
 630 0027 49       		.uleb128 0x49
 631 0028 13       		.uleb128 0x13
 632 0029 00       		.byte	0
 633 002a 00       		.byte	0
ARM GAS  C:\Users\EGH35~1.DRE\AppData\Local\Temp\cc0uk6pk.s 			page 17


 634 002b 04       		.uleb128 0x4
 635 002c 24       		.uleb128 0x24
 636 002d 00       		.byte	0
 637 002e 0B       		.uleb128 0xb
 638 002f 0B       		.uleb128 0xb
 639 0030 3E       		.uleb128 0x3e
 640 0031 0B       		.uleb128 0xb
 641 0032 03       		.uleb128 0x3
 642 0033 0E       		.uleb128 0xe
 643 0034 00       		.byte	0
 644 0035 00       		.byte	0
 645 0036 05       		.uleb128 0x5
 646 0037 0F       		.uleb128 0xf
 647 0038 00       		.byte	0
 648 0039 0B       		.uleb128 0xb
 649 003a 0B       		.uleb128 0xb
 650 003b 00       		.byte	0
 651 003c 00       		.byte	0
 652 003d 06       		.uleb128 0x6
 653 003e 0F       		.uleb128 0xf
 654 003f 00       		.byte	0
 655 0040 0B       		.uleb128 0xb
 656 0041 0B       		.uleb128 0xb
 657 0042 49       		.uleb128 0x49
 658 0043 13       		.uleb128 0x13
 659 0044 00       		.byte	0
 660 0045 00       		.byte	0
 661 0046 07       		.uleb128 0x7
 662 0047 15       		.uleb128 0x15
 663 0048 00       		.byte	0
 664 0049 27       		.uleb128 0x27
 665 004a 19       		.uleb128 0x19
 666 004b 00       		.byte	0
 667 004c 00       		.byte	0
 668 004d 08       		.uleb128 0x8
 669 004e 16       		.uleb128 0x16
 670 004f 00       		.byte	0
 671 0050 03       		.uleb128 0x3
 672 0051 0E       		.uleb128 0xe
 673 0052 3A       		.uleb128 0x3a
 674 0053 0B       		.uleb128 0xb
 675 0054 3B       		.uleb128 0x3b
 676 0055 05       		.uleb128 0x5
 677 0056 49       		.uleb128 0x49
 678 0057 13       		.uleb128 0x13
 679 0058 00       		.byte	0
 680 0059 00       		.byte	0
 681 005a 09       		.uleb128 0x9
 682 005b 35       		.uleb128 0x35
 683 005c 00       		.byte	0
 684 005d 49       		.uleb128 0x49
 685 005e 13       		.uleb128 0x13
 686 005f 00       		.byte	0
 687 0060 00       		.byte	0
 688 0061 0A       		.uleb128 0xa
 689 0062 2E       		.uleb128 0x2e
 690 0063 01       		.byte	0x1
ARM GAS  C:\Users\EGH35~1.DRE\AppData\Local\Temp\cc0uk6pk.s 			page 18


 691 0064 03       		.uleb128 0x3
 692 0065 0E       		.uleb128 0xe
 693 0066 3A       		.uleb128 0x3a
 694 0067 0B       		.uleb128 0xb
 695 0068 3B       		.uleb128 0x3b
 696 0069 0B       		.uleb128 0xb
 697 006a 27       		.uleb128 0x27
 698 006b 19       		.uleb128 0x19
 699 006c 11       		.uleb128 0x11
 700 006d 01       		.uleb128 0x1
 701 006e 12       		.uleb128 0x12
 702 006f 06       		.uleb128 0x6
 703 0070 40       		.uleb128 0x40
 704 0071 18       		.uleb128 0x18
 705 0072 9742     		.uleb128 0x2117
 706 0074 19       		.uleb128 0x19
 707 0075 01       		.uleb128 0x1
 708 0076 13       		.uleb128 0x13
 709 0077 00       		.byte	0
 710 0078 00       		.byte	0
 711 0079 0B       		.uleb128 0xb
 712 007a 05       		.uleb128 0x5
 713 007b 00       		.byte	0
 714 007c 03       		.uleb128 0x3
 715 007d 08       		.uleb128 0x8
 716 007e 3A       		.uleb128 0x3a
 717 007f 0B       		.uleb128 0xb
 718 0080 3B       		.uleb128 0x3b
 719 0081 0B       		.uleb128 0xb
 720 0082 49       		.uleb128 0x49
 721 0083 13       		.uleb128 0x13
 722 0084 02       		.uleb128 0x2
 723 0085 17       		.uleb128 0x17
 724 0086 00       		.byte	0
 725 0087 00       		.byte	0
 726 0088 0C       		.uleb128 0xc
 727 0089 898201   		.uleb128 0x4109
 728 008c 01       		.byte	0x1
 729 008d 11       		.uleb128 0x11
 730 008e 01       		.uleb128 0x1
 731 008f 31       		.uleb128 0x31
 732 0090 13       		.uleb128 0x13
 733 0091 00       		.byte	0
 734 0092 00       		.byte	0
 735 0093 0D       		.uleb128 0xd
 736 0094 8A8201   		.uleb128 0x410a
 737 0097 00       		.byte	0
 738 0098 02       		.uleb128 0x2
 739 0099 18       		.uleb128 0x18
 740 009a 9142     		.uleb128 0x2111
 741 009c 18       		.uleb128 0x18
 742 009d 00       		.byte	0
 743 009e 00       		.byte	0
 744 009f 0E       		.uleb128 0xe
 745 00a0 898201   		.uleb128 0x4109
 746 00a3 01       		.byte	0x1
 747 00a4 11       		.uleb128 0x11
ARM GAS  C:\Users\EGH35~1.DRE\AppData\Local\Temp\cc0uk6pk.s 			page 19


 748 00a5 01       		.uleb128 0x1
 749 00a6 31       		.uleb128 0x31
 750 00a7 13       		.uleb128 0x13
 751 00a8 01       		.uleb128 0x1
 752 00a9 13       		.uleb128 0x13
 753 00aa 00       		.byte	0
 754 00ab 00       		.byte	0
 755 00ac 0F       		.uleb128 0xf
 756 00ad 2E       		.uleb128 0x2e
 757 00ae 01       		.byte	0x1
 758 00af 3F       		.uleb128 0x3f
 759 00b0 19       		.uleb128 0x19
 760 00b1 03       		.uleb128 0x3
 761 00b2 0E       		.uleb128 0xe
 762 00b3 3A       		.uleb128 0x3a
 763 00b4 0B       		.uleb128 0xb
 764 00b5 3B       		.uleb128 0x3b
 765 00b6 0B       		.uleb128 0xb
 766 00b7 27       		.uleb128 0x27
 767 00b8 19       		.uleb128 0x19
 768 00b9 11       		.uleb128 0x11
 769 00ba 01       		.uleb128 0x1
 770 00bb 12       		.uleb128 0x12
 771 00bc 06       		.uleb128 0x6
 772 00bd 40       		.uleb128 0x40
 773 00be 18       		.uleb128 0x18
 774 00bf 9742     		.uleb128 0x2117
 775 00c1 19       		.uleb128 0x19
 776 00c2 01       		.uleb128 0x1
 777 00c3 13       		.uleb128 0x13
 778 00c4 00       		.byte	0
 779 00c5 00       		.byte	0
 780 00c6 10       		.uleb128 0x10
 781 00c7 0B       		.uleb128 0xb
 782 00c8 01       		.byte	0x1
 783 00c9 11       		.uleb128 0x11
 784 00ca 01       		.uleb128 0x1
 785 00cb 12       		.uleb128 0x12
 786 00cc 06       		.uleb128 0x6
 787 00cd 01       		.uleb128 0x1
 788 00ce 13       		.uleb128 0x13
 789 00cf 00       		.byte	0
 790 00d0 00       		.byte	0
 791 00d1 11       		.uleb128 0x11
 792 00d2 13       		.uleb128 0x13
 793 00d3 01       		.byte	0x1
 794 00d4 0B       		.uleb128 0xb
 795 00d5 0B       		.uleb128 0xb
 796 00d6 3A       		.uleb128 0x3a
 797 00d7 0B       		.uleb128 0xb
 798 00d8 3B       		.uleb128 0x3b
 799 00d9 0B       		.uleb128 0xb
 800 00da 01       		.uleb128 0x1
 801 00db 13       		.uleb128 0x13
 802 00dc 00       		.byte	0
 803 00dd 00       		.byte	0
 804 00de 12       		.uleb128 0x12
ARM GAS  C:\Users\EGH35~1.DRE\AppData\Local\Temp\cc0uk6pk.s 			page 20


 805 00df 0D       		.uleb128 0xd
 806 00e0 00       		.byte	0
 807 00e1 03       		.uleb128 0x3
 808 00e2 0E       		.uleb128 0xe
 809 00e3 3A       		.uleb128 0x3a
 810 00e4 0B       		.uleb128 0xb
 811 00e5 3B       		.uleb128 0x3b
 812 00e6 0B       		.uleb128 0xb
 813 00e7 49       		.uleb128 0x49
 814 00e8 13       		.uleb128 0x13
 815 00e9 38       		.uleb128 0x38
 816 00ea 0B       		.uleb128 0xb
 817 00eb 00       		.byte	0
 818 00ec 00       		.byte	0
 819 00ed 13       		.uleb128 0x13
 820 00ee 01       		.uleb128 0x1
 821 00ef 01       		.byte	0x1
 822 00f0 49       		.uleb128 0x49
 823 00f1 13       		.uleb128 0x13
 824 00f2 01       		.uleb128 0x1
 825 00f3 13       		.uleb128 0x13
 826 00f4 00       		.byte	0
 827 00f5 00       		.byte	0
 828 00f6 14       		.uleb128 0x14
 829 00f7 21       		.uleb128 0x21
 830 00f8 00       		.byte	0
 831 00f9 49       		.uleb128 0x49
 832 00fa 13       		.uleb128 0x13
 833 00fb 2F       		.uleb128 0x2f
 834 00fc 0B       		.uleb128 0xb
 835 00fd 00       		.byte	0
 836 00fe 00       		.byte	0
 837 00ff 15       		.uleb128 0x15
 838 0100 34       		.uleb128 0x34
 839 0101 00       		.byte	0
 840 0102 03       		.uleb128 0x3
 841 0103 0E       		.uleb128 0xe
 842 0104 3A       		.uleb128 0x3a
 843 0105 0B       		.uleb128 0xb
 844 0106 3B       		.uleb128 0x3b
 845 0107 0B       		.uleb128 0xb
 846 0108 49       		.uleb128 0x49
 847 0109 13       		.uleb128 0x13
 848 010a 02       		.uleb128 0x2
 849 010b 18       		.uleb128 0x18
 850 010c 00       		.byte	0
 851 010d 00       		.byte	0
 852 010e 16       		.uleb128 0x16
 853 010f 26       		.uleb128 0x26
 854 0110 00       		.byte	0
 855 0111 49       		.uleb128 0x49
 856 0112 13       		.uleb128 0x13
 857 0113 00       		.byte	0
 858 0114 00       		.byte	0
 859 0115 17       		.uleb128 0x17
 860 0116 34       		.uleb128 0x34
 861 0117 00       		.byte	0
ARM GAS  C:\Users\EGH35~1.DRE\AppData\Local\Temp\cc0uk6pk.s 			page 21


 862 0118 03       		.uleb128 0x3
 863 0119 08       		.uleb128 0x8
 864 011a 3A       		.uleb128 0x3a
 865 011b 0B       		.uleb128 0xb
 866 011c 3B       		.uleb128 0x3b
 867 011d 0B       		.uleb128 0xb
 868 011e 49       		.uleb128 0x49
 869 011f 13       		.uleb128 0x13
 870 0120 02       		.uleb128 0x2
 871 0121 17       		.uleb128 0x17
 872 0122 00       		.byte	0
 873 0123 00       		.byte	0
 874 0124 18       		.uleb128 0x18
 875 0125 0B       		.uleb128 0xb
 876 0126 01       		.byte	0x1
 877 0127 55       		.uleb128 0x55
 878 0128 17       		.uleb128 0x17
 879 0129 00       		.byte	0
 880 012a 00       		.byte	0
 881 012b 19       		.uleb128 0x19
 882 012c 898201   		.uleb128 0x4109
 883 012f 00       		.byte	0
 884 0130 11       		.uleb128 0x11
 885 0131 01       		.uleb128 0x1
 886 0132 31       		.uleb128 0x31
 887 0133 13       		.uleb128 0x13
 888 0134 00       		.byte	0
 889 0135 00       		.byte	0
 890 0136 1A       		.uleb128 0x1a
 891 0137 2E       		.uleb128 0x2e
 892 0138 01       		.byte	0x1
 893 0139 3F       		.uleb128 0x3f
 894 013a 19       		.uleb128 0x19
 895 013b 03       		.uleb128 0x3
 896 013c 0E       		.uleb128 0xe
 897 013d 27       		.uleb128 0x27
 898 013e 19       		.uleb128 0x19
 899 013f 49       		.uleb128 0x49
 900 0140 13       		.uleb128 0x13
 901 0141 34       		.uleb128 0x34
 902 0142 19       		.uleb128 0x19
 903 0143 3C       		.uleb128 0x3c
 904 0144 19       		.uleb128 0x19
 905 0145 01       		.uleb128 0x1
 906 0146 13       		.uleb128 0x13
 907 0147 00       		.byte	0
 908 0148 00       		.byte	0
 909 0149 1B       		.uleb128 0x1b
 910 014a 05       		.uleb128 0x5
 911 014b 00       		.byte	0
 912 014c 49       		.uleb128 0x49
 913 014d 13       		.uleb128 0x13
 914 014e 00       		.byte	0
 915 014f 00       		.byte	0
 916 0150 1C       		.uleb128 0x1c
 917 0151 2E       		.uleb128 0x2e
 918 0152 01       		.byte	0x1
ARM GAS  C:\Users\EGH35~1.DRE\AppData\Local\Temp\cc0uk6pk.s 			page 22


 919 0153 3F       		.uleb128 0x3f
 920 0154 19       		.uleb128 0x19
 921 0155 03       		.uleb128 0x3
 922 0156 0E       		.uleb128 0xe
 923 0157 3A       		.uleb128 0x3a
 924 0158 0B       		.uleb128 0xb
 925 0159 3B       		.uleb128 0x3b
 926 015a 0B       		.uleb128 0xb
 927 015b 27       		.uleb128 0x27
 928 015c 19       		.uleb128 0x19
 929 015d 3C       		.uleb128 0x3c
 930 015e 19       		.uleb128 0x19
 931 015f 01       		.uleb128 0x1
 932 0160 13       		.uleb128 0x13
 933 0161 00       		.byte	0
 934 0162 00       		.byte	0
 935 0163 1D       		.uleb128 0x1d
 936 0164 2E       		.uleb128 0x2e
 937 0165 01       		.byte	0x1
 938 0166 3F       		.uleb128 0x3f
 939 0167 19       		.uleb128 0x19
 940 0168 03       		.uleb128 0x3
 941 0169 0E       		.uleb128 0xe
 942 016a 3A       		.uleb128 0x3a
 943 016b 0B       		.uleb128 0xb
 944 016c 3B       		.uleb128 0x3b
 945 016d 0B       		.uleb128 0xb
 946 016e 27       		.uleb128 0x27
 947 016f 19       		.uleb128 0x19
 948 0170 49       		.uleb128 0x49
 949 0171 13       		.uleb128 0x13
 950 0172 3C       		.uleb128 0x3c
 951 0173 19       		.uleb128 0x19
 952 0174 01       		.uleb128 0x1
 953 0175 13       		.uleb128 0x13
 954 0176 00       		.byte	0
 955 0177 00       		.byte	0
 956 0178 1E       		.uleb128 0x1e
 957 0179 2E       		.uleb128 0x2e
 958 017a 01       		.byte	0x1
 959 017b 3F       		.uleb128 0x3f
 960 017c 19       		.uleb128 0x19
 961 017d 03       		.uleb128 0x3
 962 017e 0E       		.uleb128 0xe
 963 017f 3A       		.uleb128 0x3a
 964 0180 0B       		.uleb128 0xb
 965 0181 3B       		.uleb128 0x3b
 966 0182 0B       		.uleb128 0xb
 967 0183 27       		.uleb128 0x27
 968 0184 19       		.uleb128 0x19
 969 0185 3C       		.uleb128 0x3c
 970 0186 19       		.uleb128 0x19
 971 0187 00       		.byte	0
 972 0188 00       		.byte	0
 973 0189 00       		.byte	0
 974              		.section	.debug_loc,"",%progbits
 975              	.Ldebug_loc0:
ARM GAS  C:\Users\EGH35~1.DRE\AppData\Local\Temp\cc0uk6pk.s 			page 23


 976              	.LLST0:
 977 0000 00000000 		.4byte	.LVL0
 978 0004 09000000 		.4byte	.LVL2-1
 979 0008 0100     		.2byte	0x1
 980 000a 50       		.byte	0x50
 981 000b 09000000 		.4byte	.LVL2-1
 982 000f 0C000000 		.4byte	.LFE0
 983 0013 0400     		.2byte	0x4
 984 0015 F3       		.byte	0xf3
 985 0016 01       		.uleb128 0x1
 986 0017 50       		.byte	0x50
 987 0018 9F       		.byte	0x9f
 988 0019 00000000 		.4byte	0
 989 001d 00000000 		.4byte	0
 990              	.LLST1:
 991 0021 00000000 		.4byte	.LVL0
 992 0025 06000000 		.4byte	.LVL1
 993 0029 0100     		.2byte	0x1
 994 002b 51       		.byte	0x51
 995 002c 06000000 		.4byte	.LVL1
 996 0030 09000000 		.4byte	.LVL2-1
 997 0034 0100     		.2byte	0x1
 998 0036 52       		.byte	0x52
 999 0037 09000000 		.4byte	.LVL2-1
 1000 003b 0C000000 		.4byte	.LFE0
 1001 003f 0400     		.2byte	0x4
 1002 0041 F3       		.byte	0xf3
 1003 0042 01       		.uleb128 0x1
 1004 0043 51       		.byte	0x51
 1005 0044 9F       		.byte	0x9f
 1006 0045 00000000 		.4byte	0
 1007 0049 00000000 		.4byte	0
 1008              	.LLST2:
 1009 004d 78000000 		.4byte	.LVL6
 1010 0051 7E000000 		.4byte	.LVL7
 1011 0055 0200     		.2byte	0x2
 1012 0057 30       		.byte	0x30
 1013 0058 9F       		.byte	0x9f
 1014 0059 7E000000 		.4byte	.LVL7
 1015 005d 96000000 		.4byte	.LVL10
 1016 0061 0100     		.2byte	0x1
 1017 0063 54       		.byte	0x54
 1018 0064 96000000 		.4byte	.LVL10
 1019 0068 98000000 		.4byte	.LVL11
 1020 006c 0300     		.2byte	0x3
 1021 006e 74       		.byte	0x74
 1022 006f 7F       		.sleb128 -1
 1023 0070 9F       		.byte	0x9f
 1024 0071 98000000 		.4byte	.LVL11
 1025 0075 F2000000 		.4byte	.LVL13
 1026 0079 0100     		.2byte	0x1
 1027 007b 54       		.byte	0x54
 1028 007c 00000000 		.4byte	0
 1029 0080 00000000 		.4byte	0
 1030              	.LLST3:
 1031 0084 86000000 		.4byte	.LVL8
 1032 0088 93000000 		.4byte	.LVL9-1
ARM GAS  C:\Users\EGH35~1.DRE\AppData\Local\Temp\cc0uk6pk.s 			page 24


 1033 008c 0100     		.2byte	0x1
 1034 008e 53       		.byte	0x53
 1035 008f 93000000 		.4byte	.LVL9-1
 1036 0093 96000000 		.4byte	.LVL10
 1037 0097 0D00     		.2byte	0xd
 1038 0099 74       		.byte	0x74
 1039 009a 00       		.sleb128 0
 1040 009b 31       		.byte	0x31
 1041 009c 24       		.byte	0x24
 1042 009d 74       		.byte	0x74
 1043 009e 00       		.sleb128 0
 1044 009f 22       		.byte	0x22
 1045 00a0 31       		.byte	0x31
 1046 00a1 24       		.byte	0x24
 1047 00a2 75       		.byte	0x75
 1048 00a3 00       		.sleb128 0
 1049 00a4 22       		.byte	0x22
 1050 00a5 9F       		.byte	0x9f
 1051 00a6 96000000 		.4byte	.LVL10
 1052 00aa 98000000 		.4byte	.LVL11
 1053 00ae 0D00     		.2byte	0xd
 1054 00b0 74       		.byte	0x74
 1055 00b1 7F       		.sleb128 -1
 1056 00b2 74       		.byte	0x74
 1057 00b3 7F       		.sleb128 -1
 1058 00b4 31       		.byte	0x31
 1059 00b5 24       		.byte	0x24
 1060 00b6 22       		.byte	0x22
 1061 00b7 31       		.byte	0x31
 1062 00b8 24       		.byte	0x24
 1063 00b9 75       		.byte	0x75
 1064 00ba 00       		.sleb128 0
 1065 00bb 22       		.byte	0x22
 1066 00bc 9F       		.byte	0x9f
 1067 00bd 00000000 		.4byte	0
 1068 00c1 00000000 		.4byte	0
 1069              		.section	.debug_aranges,"",%progbits
 1070 0000 2C000000 		.4byte	0x2c
 1071 0004 0200     		.2byte	0x2
 1072 0006 00000000 		.4byte	.Ldebug_info0
 1073 000a 04       		.byte	0x4
 1074 000b 00       		.byte	0
 1075 000c 0000     		.2byte	0
 1076 000e 0000     		.2byte	0
 1077 0010 00000000 		.4byte	.LFB0
 1078 0014 0C000000 		.4byte	.LFE0-.LFB0
 1079 0018 00000000 		.4byte	.LFB3
 1080 001c 74000000 		.4byte	.LFE3-.LFB3
 1081 0020 74000000 		.4byte	.LFB5
 1082 0024 AC000000 		.4byte	.LFE5-.LFB5
 1083 0028 00000000 		.4byte	0
 1084 002c 00000000 		.4byte	0
 1085              		.section	.debug_ranges,"",%progbits
 1086              	.Ldebug_ranges0:
 1087 0000 7A000000 		.4byte	.LBB3
 1088 0004 7C000000 		.4byte	.LBE3
 1089 0008 7E000000 		.4byte	.LBB4
ARM GAS  C:\Users\EGH35~1.DRE\AppData\Local\Temp\cc0uk6pk.s 			page 25


 1090 000c 94000000 		.4byte	.LBE4
 1091 0010 00000000 		.4byte	0
 1092 0014 00000000 		.4byte	0
 1093 0018 00000000 		.4byte	.LFB0
 1094 001c 0C000000 		.4byte	.LFE0
 1095 0020 00000000 		.4byte	.LFB3
 1096 0024 74000000 		.4byte	.LFE3
 1097 0028 74000000 		.4byte	.LFB5
 1098 002c 20010000 		.4byte	.LFE5
 1099 0030 00000000 		.4byte	0
 1100 0034 00000000 		.4byte	0
 1101              		.section	.debug_line,"",%progbits
 1102              	.Ldebug_line0:
 1103 0000 37010000 		.section	.debug_str,"MS",%progbits,1
 1103      0200D800 
 1103      00000201 
 1103      FB0E0D00 
 1103      01010101 
 1104              	.LASF18:
 1105 0000 72656733 		.ascii	"reg32\000"
 1105      3200
 1106              	.LASF11:
 1107 0006 73697A65 		.ascii	"size_t\000"
 1107      5F7400
 1108              	.LASF30:
 1109 000d 433A5C55 		.ascii	"C:\\Users\\egh35.DREXEL\\Documents\\PSoC Creator\\L"
 1109      73657273 
 1109      5C656768 
 1109      33352E44 
 1109      52455845 
 1110 003b 61622033 		.ascii	"ab 3\\Project3b.cydsn\000"
 1110      5C50726F 
 1110      6A656374 
 1110      33622E63 
 1110      7964736E 
 1111              	.LASF32:
 1112 0050 4379496E 		.ascii	"CyIntSetVector\000"
 1112      74536574 
 1112      56656374 
 1112      6F7200
 1113              	.LASF25:
 1114 005f 6366675F 		.ascii	"cfg_memset_list\000"
 1114      6D656D73 
 1114      65745F6C 
 1114      69737400 
 1115              	.LASF21:
 1116 006f 436C6F63 		.ascii	"ClockSetup\000"
 1116      6B536574 
 1116      757000
 1117              	.LASF4:
 1118 007a 73686F72 		.ascii	"short unsigned int\000"
 1118      7420756E 
 1118      7369676E 
 1118      65642069 
 1118      6E7400
 1119              	.LASF15:
 1120 008d 666C6F61 		.ascii	"float\000"
ARM GAS  C:\Users\EGH35~1.DRE\AppData\Local\Temp\cc0uk6pk.s 			page 26


 1120      7400
 1121              	.LASF23:
 1122 0093 73697A65 		.ascii	"size\000"
 1122      00
 1123              	.LASF17:
 1124 0098 72656738 		.ascii	"reg8\000"
 1124      00
 1125              	.LASF6:
 1126 009d 6C6F6E67 		.ascii	"long unsigned int\000"
 1126      20756E73 
 1126      69676E65 
 1126      6420696E 
 1126      7400
 1127              	.LASF12:
 1128 00af 75696E74 		.ascii	"uint8\000"
 1128      3800
 1129              	.LASF20:
 1130 00b5 43594D45 		.ascii	"CYMEMZERO\000"
 1130      4D5A4552 
 1130      4F00
 1131              	.LASF2:
 1132 00bf 756E7369 		.ascii	"unsigned char\000"
 1132      676E6564 
 1132      20636861 
 1132      7200
 1133              	.LASF26:
 1134 00cd 6D656D73 		.ascii	"memset\000"
 1134      657400
 1135              	.LASF16:
 1136 00d4 646F7562 		.ascii	"double\000"
 1136      6C6500
 1137              	.LASF33:
 1138 00db 4379496E 		.ascii	"CyIntEnable\000"
 1138      74456E61 
 1138      626C6500 
 1139              	.LASF13:
 1140 00e7 75696E74 		.ascii	"uint16\000"
 1140      313600
 1141              	.LASF14:
 1142 00ee 75696E74 		.ascii	"uint32\000"
 1142      333200
 1143              	.LASF0:
 1144 00f5 756E7369 		.ascii	"unsigned int\000"
 1144      676E6564 
 1144      20696E74 
 1144      00
 1145              	.LASF31:
 1146 0102 63796669 		.ascii	"cyfitter_cfg\000"
 1146      74746572 
 1146      5F636667 
 1146      00
 1147              	.LASF22:
 1148 010f 61646472 		.ascii	"address\000"
 1148      65737300 
 1149              	.LASF8:
 1150 0117 6C6F6E67 		.ascii	"long long unsigned int\000"
 1150      206C6F6E 
ARM GAS  C:\Users\EGH35~1.DRE\AppData\Local\Temp\cc0uk6pk.s 			page 27


 1150      6720756E 
 1150      7369676E 
 1150      65642069 
 1151              	.LASF28:
 1152 012e 474E5520 		.ascii	"GNU C 4.8.4 20140526 (release) [ARM/embedded-4_8-br"
 1152      4320342E 
 1152      382E3420 
 1152      32303134 
 1152      30353236 
 1153 0161 616E6368 		.ascii	"anch revision 211358] -mcpu=cortex-m0 -mthumb -g -O"
 1153      20726576 
 1153      6973696F 
 1153      6E203231 
 1153      31333538 
 1154 0194 67202D66 		.ascii	"g -ffunction-sections\000"
 1154      66756E63 
 1154      74696F6E 
 1154      2D736563 
 1154      74696F6E 
 1155              	.LASF19:
 1156 01aa 63796973 		.ascii	"cyisraddress\000"
 1156      72616464 
 1156      72657373 
 1156      00
 1157              	.LASF24:
 1158 01b7 6366675F 		.ascii	"cfg_memset_t\000"
 1158      6D656D73 
 1158      65745F74 
 1158      00
 1159              	.LASF29:
 1160 01c4 2E5C4765 		.ascii	".\\Generated_Source\\PSoC4\\cyfitter_cfg.c\000"
 1160      6E657261 
 1160      7465645F 
 1160      536F7572 
 1160      63655C50 
 1161              	.LASF9:
 1162 01ec 73697A65 		.ascii	"sizetype\000"
 1162      74797065 
 1162      00
 1163              	.LASF7:
 1164 01f5 6C6F6E67 		.ascii	"long long int\000"
 1164      206C6F6E 
 1164      6720696E 
 1164      7400
 1165              	.LASF10:
 1166 0203 63686172 		.ascii	"char\000"
 1166      00
 1167              	.LASF3:
 1168 0208 73686F72 		.ascii	"short int\000"
 1168      7420696E 
 1168      7400
 1169              	.LASF27:
 1170 0212 43795379 		.ascii	"CySysClkWriteImoFreq\000"
 1170      73436C6B 
 1170      57726974 
 1170      65496D6F 
 1170      46726571 
ARM GAS  C:\Users\EGH35~1.DRE\AppData\Local\Temp\cc0uk6pk.s 			page 28


 1171              	.LASF5:
 1172 0227 6C6F6E67 		.ascii	"long int\000"
 1172      20696E74 
 1172      00
 1173              	.LASF1:
 1174 0230 7369676E 		.ascii	"signed char\000"
 1174      65642063 
 1174      68617200 
 1175              		.ident	"GCC: (GNU Tools for ARM Embedded Processors) 4.8.4 20140526 (release) [ARM/embedded-4_8-br
