ARM GAS  C:\Users\EGH35~1.DRE\AppData\Local\Temp\ccOKNVqz.s 			page 1


   1              		.cpu cortex-m0
   2              		.fpu softvfp
   3              		.eabi_attribute 20, 1
   4              		.eabi_attribute 21, 1
   5              		.eabi_attribute 23, 3
   6              		.eabi_attribute 24, 1
   7              		.eabi_attribute 25, 1
   8              		.eabi_attribute 26, 1
   9              		.eabi_attribute 30, 1
  10              		.eabi_attribute 34, 0
  11              		.eabi_attribute 18, 4
  12              		.code	16
  13              		.file	"cyfitter_cfg.c"
  14              		.text
  15              	.Ltext0:
  16              		.cfi_sections	.debug_frame
  17              		.section	.text.cfg_write_bytes32,"ax",%progbits
  18              		.align	2
  19              		.code	16
  20              		.thumb_func
  21              		.type	cfg_write_bytes32, %function
  22              	cfg_write_bytes32:
  23              	.LFB3:
  24              		.file 1 ".\\Generated_Source\\PSoC4\\cyfitter_cfg.c"
   1:.\Generated_Source\PSoC4/cyfitter_cfg.c **** /*******************************************************************************
   2:.\Generated_Source\PSoC4/cyfitter_cfg.c **** * FILENAME: cyfitter_cfg.c
   3:.\Generated_Source\PSoC4/cyfitter_cfg.c **** * 
   4:.\Generated_Source\PSoC4/cyfitter_cfg.c **** * PSoC Creator  3.2 SP1
   5:.\Generated_Source\PSoC4/cyfitter_cfg.c **** *
   6:.\Generated_Source\PSoC4/cyfitter_cfg.c **** * DESCRIPTION:
   7:.\Generated_Source\PSoC4/cyfitter_cfg.c **** * This file contains device initialization code.
   8:.\Generated_Source\PSoC4/cyfitter_cfg.c **** * Except for the user defined sections in CyClockStartupError(), this file should not be modified.
   9:.\Generated_Source\PSoC4/cyfitter_cfg.c **** * This file is automatically generated by PSoC Creator.
  10:.\Generated_Source\PSoC4/cyfitter_cfg.c **** *
  11:.\Generated_Source\PSoC4/cyfitter_cfg.c **** ********************************************************************************
  12:.\Generated_Source\PSoC4/cyfitter_cfg.c **** * Copyright (c) 2007-2015 Cypress Semiconductor.  All rights reserved.
  13:.\Generated_Source\PSoC4/cyfitter_cfg.c **** * You may use this file only in accordance with the license, terms, conditions, 
  14:.\Generated_Source\PSoC4/cyfitter_cfg.c **** * disclaimers, and limitations in the end user license agreement accompanying 
  15:.\Generated_Source\PSoC4/cyfitter_cfg.c **** * the software package with which this file was provided.
  16:.\Generated_Source\PSoC4/cyfitter_cfg.c **** ********************************************************************************/
  17:.\Generated_Source\PSoC4/cyfitter_cfg.c **** 
  18:.\Generated_Source\PSoC4/cyfitter_cfg.c **** #include <string.h>
  19:.\Generated_Source\PSoC4/cyfitter_cfg.c **** #include "cytypes.h"
  20:.\Generated_Source\PSoC4/cyfitter_cfg.c **** #include "cydevice_trm.h"
  21:.\Generated_Source\PSoC4/cyfitter_cfg.c **** #include "cyfitter.h"
  22:.\Generated_Source\PSoC4/cyfitter_cfg.c **** #include "CyLib.h"
  23:.\Generated_Source\PSoC4/cyfitter_cfg.c **** #include "CyLFClk.h"
  24:.\Generated_Source\PSoC4/cyfitter_cfg.c **** #include "cyfitter_cfg.h"
  25:.\Generated_Source\PSoC4/cyfitter_cfg.c **** 
  26:.\Generated_Source\PSoC4/cyfitter_cfg.c **** 
  27:.\Generated_Source\PSoC4/cyfitter_cfg.c **** #if defined(__GNUC__) || defined(__ARMCC_VERSION)
  28:.\Generated_Source\PSoC4/cyfitter_cfg.c ****     #define CYPACKED 
  29:.\Generated_Source\PSoC4/cyfitter_cfg.c ****     #define CYPACKED_ATTR __attribute__ ((packed))
  30:.\Generated_Source\PSoC4/cyfitter_cfg.c ****     #define CYALIGNED __attribute__ ((aligned))
  31:.\Generated_Source\PSoC4/cyfitter_cfg.c ****     #define CY_CFG_UNUSED __attribute__ ((unused))
  32:.\Generated_Source\PSoC4/cyfitter_cfg.c ****     #define CY_CFG_SECTION __attribute__ ((section(".psocinit")))
  33:.\Generated_Source\PSoC4/cyfitter_cfg.c ****     
ARM GAS  C:\Users\EGH35~1.DRE\AppData\Local\Temp\ccOKNVqz.s 			page 2


  34:.\Generated_Source\PSoC4/cyfitter_cfg.c ****     #if defined(__ARMCC_VERSION)
  35:.\Generated_Source\PSoC4/cyfitter_cfg.c ****         #define CY_CFG_MEMORY_BARRIER() __memory_changed()
  36:.\Generated_Source\PSoC4/cyfitter_cfg.c ****     #else
  37:.\Generated_Source\PSoC4/cyfitter_cfg.c ****         #define CY_CFG_MEMORY_BARRIER() __sync_synchronize()
  38:.\Generated_Source\PSoC4/cyfitter_cfg.c ****     #endif
  39:.\Generated_Source\PSoC4/cyfitter_cfg.c ****     
  40:.\Generated_Source\PSoC4/cyfitter_cfg.c **** #elif defined(__ICCARM__)
  41:.\Generated_Source\PSoC4/cyfitter_cfg.c ****     #include <intrinsics.h>
  42:.\Generated_Source\PSoC4/cyfitter_cfg.c **** 
  43:.\Generated_Source\PSoC4/cyfitter_cfg.c ****     #define CYPACKED __packed
  44:.\Generated_Source\PSoC4/cyfitter_cfg.c ****     #define CYPACKED_ATTR 
  45:.\Generated_Source\PSoC4/cyfitter_cfg.c ****     #define CYALIGNED _Pragma("data_alignment=4")
  46:.\Generated_Source\PSoC4/cyfitter_cfg.c ****     #define CY_CFG_UNUSED _Pragma("diag_suppress=Pe177")
  47:.\Generated_Source\PSoC4/cyfitter_cfg.c ****     #define CY_CFG_SECTION _Pragma("location=\".psocinit\"")
  48:.\Generated_Source\PSoC4/cyfitter_cfg.c ****     
  49:.\Generated_Source\PSoC4/cyfitter_cfg.c ****     #define CY_CFG_MEMORY_BARRIER() __DMB()
  50:.\Generated_Source\PSoC4/cyfitter_cfg.c ****     
  51:.\Generated_Source\PSoC4/cyfitter_cfg.c **** #else
  52:.\Generated_Source\PSoC4/cyfitter_cfg.c ****     #error Unsupported toolchain
  53:.\Generated_Source\PSoC4/cyfitter_cfg.c **** #endif
  54:.\Generated_Source\PSoC4/cyfitter_cfg.c **** 
  55:.\Generated_Source\PSoC4/cyfitter_cfg.c **** 
  56:.\Generated_Source\PSoC4/cyfitter_cfg.c **** CY_CFG_UNUSED
  57:.\Generated_Source\PSoC4/cyfitter_cfg.c **** static void CYMEMZERO(void *s, size_t n);
  58:.\Generated_Source\PSoC4/cyfitter_cfg.c **** CY_CFG_UNUSED
  59:.\Generated_Source\PSoC4/cyfitter_cfg.c **** static void CYMEMZERO(void *s, size_t n)
  60:.\Generated_Source\PSoC4/cyfitter_cfg.c **** {
  61:.\Generated_Source\PSoC4/cyfitter_cfg.c **** 	(void)memset(s, 0, n);
  62:.\Generated_Source\PSoC4/cyfitter_cfg.c **** }
  63:.\Generated_Source\PSoC4/cyfitter_cfg.c **** CY_CFG_UNUSED
  64:.\Generated_Source\PSoC4/cyfitter_cfg.c **** static void CYCONFIGCPY(void *dest, const void *src, size_t n);
  65:.\Generated_Source\PSoC4/cyfitter_cfg.c **** CY_CFG_UNUSED
  66:.\Generated_Source\PSoC4/cyfitter_cfg.c **** static void CYCONFIGCPY(void *dest, const void *src, size_t n)
  67:.\Generated_Source\PSoC4/cyfitter_cfg.c **** {
  68:.\Generated_Source\PSoC4/cyfitter_cfg.c **** 	(void)memcpy(dest, src, n);
  69:.\Generated_Source\PSoC4/cyfitter_cfg.c **** }
  70:.\Generated_Source\PSoC4/cyfitter_cfg.c **** CY_CFG_UNUSED
  71:.\Generated_Source\PSoC4/cyfitter_cfg.c **** static void CYCONFIGCPYCODE(void *dest, const void *src, size_t n);
  72:.\Generated_Source\PSoC4/cyfitter_cfg.c **** CY_CFG_UNUSED
  73:.\Generated_Source\PSoC4/cyfitter_cfg.c **** static void CYCONFIGCPYCODE(void *dest, const void *src, size_t n)
  74:.\Generated_Source\PSoC4/cyfitter_cfg.c **** {
  75:.\Generated_Source\PSoC4/cyfitter_cfg.c **** 	(void)memcpy(dest, src, n);
  76:.\Generated_Source\PSoC4/cyfitter_cfg.c **** }
  77:.\Generated_Source\PSoC4/cyfitter_cfg.c **** 
  78:.\Generated_Source\PSoC4/cyfitter_cfg.c **** 
  79:.\Generated_Source\PSoC4/cyfitter_cfg.c **** 
  80:.\Generated_Source\PSoC4/cyfitter_cfg.c **** /* Clock startup error codes                                                   */
  81:.\Generated_Source\PSoC4/cyfitter_cfg.c **** #define CYCLOCKSTART_NO_ERROR    0u
  82:.\Generated_Source\PSoC4/cyfitter_cfg.c **** #define CYCLOCKSTART_XTAL_ERROR  1u
  83:.\Generated_Source\PSoC4/cyfitter_cfg.c **** #define CYCLOCKSTART_32KHZ_ERROR 2u
  84:.\Generated_Source\PSoC4/cyfitter_cfg.c **** #define CYCLOCKSTART_PLL_ERROR   3u
  85:.\Generated_Source\PSoC4/cyfitter_cfg.c **** 
  86:.\Generated_Source\PSoC4/cyfitter_cfg.c **** #ifdef CY_NEED_CYCLOCKSTARTUPERROR
  87:.\Generated_Source\PSoC4/cyfitter_cfg.c **** /*******************************************************************************
  88:.\Generated_Source\PSoC4/cyfitter_cfg.c **** * Function Name: CyClockStartupError
  89:.\Generated_Source\PSoC4/cyfitter_cfg.c **** ********************************************************************************
  90:.\Generated_Source\PSoC4/cyfitter_cfg.c **** * Summary:
ARM GAS  C:\Users\EGH35~1.DRE\AppData\Local\Temp\ccOKNVqz.s 			page 3


  91:.\Generated_Source\PSoC4/cyfitter_cfg.c **** *  If an error is encountered during clock configuration (crystal startup error,
  92:.\Generated_Source\PSoC4/cyfitter_cfg.c **** *  PLL lock error, etc.), the system will end up here.  Unless reimplemented by
  93:.\Generated_Source\PSoC4/cyfitter_cfg.c **** *  the customer, this function will stop in an infinite loop.
  94:.\Generated_Source\PSoC4/cyfitter_cfg.c **** *
  95:.\Generated_Source\PSoC4/cyfitter_cfg.c **** * Parameters:
  96:.\Generated_Source\PSoC4/cyfitter_cfg.c **** *   void
  97:.\Generated_Source\PSoC4/cyfitter_cfg.c **** *
  98:.\Generated_Source\PSoC4/cyfitter_cfg.c **** * Return:
  99:.\Generated_Source\PSoC4/cyfitter_cfg.c **** *   void
 100:.\Generated_Source\PSoC4/cyfitter_cfg.c **** *
 101:.\Generated_Source\PSoC4/cyfitter_cfg.c **** *******************************************************************************/
 102:.\Generated_Source\PSoC4/cyfitter_cfg.c **** CY_CFG_UNUSED
 103:.\Generated_Source\PSoC4/cyfitter_cfg.c **** static void CyClockStartupError(uint8 errorCode);
 104:.\Generated_Source\PSoC4/cyfitter_cfg.c **** CY_CFG_UNUSED
 105:.\Generated_Source\PSoC4/cyfitter_cfg.c **** static void CyClockStartupError(uint8 errorCode)
 106:.\Generated_Source\PSoC4/cyfitter_cfg.c **** {
 107:.\Generated_Source\PSoC4/cyfitter_cfg.c ****     /* To remove the compiler warning if errorCode not used.                */
 108:.\Generated_Source\PSoC4/cyfitter_cfg.c ****     errorCode = errorCode;
 109:.\Generated_Source\PSoC4/cyfitter_cfg.c **** 
 110:.\Generated_Source\PSoC4/cyfitter_cfg.c ****     /* `#START CyClockStartupError` */
 111:.\Generated_Source\PSoC4/cyfitter_cfg.c **** 
 112:.\Generated_Source\PSoC4/cyfitter_cfg.c ****     /* If we have a clock startup error (bad MHz crystal, PLL lock, etc.),  */
 113:.\Generated_Source\PSoC4/cyfitter_cfg.c ****     /* we will end up here to allow the customer to implement something to  */
 114:.\Generated_Source\PSoC4/cyfitter_cfg.c ****     /* deal with the clock condition.                                       */
 115:.\Generated_Source\PSoC4/cyfitter_cfg.c **** 
 116:.\Generated_Source\PSoC4/cyfitter_cfg.c ****     /* `#END` */
 117:.\Generated_Source\PSoC4/cyfitter_cfg.c **** 
 118:.\Generated_Source\PSoC4/cyfitter_cfg.c ****     /* If nothing else, stop here since the clocks have not started         */
 119:.\Generated_Source\PSoC4/cyfitter_cfg.c ****     /* correctly.                                                           */
 120:.\Generated_Source\PSoC4/cyfitter_cfg.c ****     while(1) {}
 121:.\Generated_Source\PSoC4/cyfitter_cfg.c **** }
 122:.\Generated_Source\PSoC4/cyfitter_cfg.c **** #endif
 123:.\Generated_Source\PSoC4/cyfitter_cfg.c **** 
 124:.\Generated_Source\PSoC4/cyfitter_cfg.c **** #define CY_CFG_BASE_ADDR_COUNT 4u
 125:.\Generated_Source\PSoC4/cyfitter_cfg.c **** CYPACKED typedef struct
 126:.\Generated_Source\PSoC4/cyfitter_cfg.c **** {
 127:.\Generated_Source\PSoC4/cyfitter_cfg.c **** 	uint8 offset;
 128:.\Generated_Source\PSoC4/cyfitter_cfg.c **** 	uint8 value;
 129:.\Generated_Source\PSoC4/cyfitter_cfg.c **** } CYPACKED_ATTR cy_cfg_addrvalue_t;
 130:.\Generated_Source\PSoC4/cyfitter_cfg.c **** 
 131:.\Generated_Source\PSoC4/cyfitter_cfg.c **** 
 132:.\Generated_Source\PSoC4/cyfitter_cfg.c **** 
 133:.\Generated_Source\PSoC4/cyfitter_cfg.c **** /*******************************************************************************
 134:.\Generated_Source\PSoC4/cyfitter_cfg.c **** * Function Name: cfg_write_bytes32
 135:.\Generated_Source\PSoC4/cyfitter_cfg.c **** ********************************************************************************
 136:.\Generated_Source\PSoC4/cyfitter_cfg.c **** * Summary:
 137:.\Generated_Source\PSoC4/cyfitter_cfg.c **** *  This function is used for setting up the chip configuration areas that
 138:.\Generated_Source\PSoC4/cyfitter_cfg.c **** *  contain relatively sparse data.
 139:.\Generated_Source\PSoC4/cyfitter_cfg.c **** *
 140:.\Generated_Source\PSoC4/cyfitter_cfg.c **** * Parameters:
 141:.\Generated_Source\PSoC4/cyfitter_cfg.c **** *   void
 142:.\Generated_Source\PSoC4/cyfitter_cfg.c **** *
 143:.\Generated_Source\PSoC4/cyfitter_cfg.c **** * Return:
 144:.\Generated_Source\PSoC4/cyfitter_cfg.c **** *   void
 145:.\Generated_Source\PSoC4/cyfitter_cfg.c **** *
 146:.\Generated_Source\PSoC4/cyfitter_cfg.c **** *******************************************************************************/
 147:.\Generated_Source\PSoC4/cyfitter_cfg.c **** static void cfg_write_bytes32(const uint32 addr_table[], const cy_cfg_addrvalue_t data_table[]);
ARM GAS  C:\Users\EGH35~1.DRE\AppData\Local\Temp\ccOKNVqz.s 			page 4


 148:.\Generated_Source\PSoC4/cyfitter_cfg.c **** static void cfg_write_bytes32(const uint32 addr_table[], const cy_cfg_addrvalue_t data_table[])
 149:.\Generated_Source\PSoC4/cyfitter_cfg.c **** {
  25              		.loc 1 149 0
  26              		.cfi_startproc
  27              	.LVL0:
  28 0000 F0B5     		push	{r4, r5, r6, r7, lr}
  29              		.cfi_def_cfa_offset 20
  30              		.cfi_offset 4, -20
  31              		.cfi_offset 5, -16
  32              		.cfi_offset 6, -12
  33              		.cfi_offset 7, -8
  34              		.cfi_offset 14, -4
  35              	.LVL1:
 150:.\Generated_Source\PSoC4/cyfitter_cfg.c **** 	/* For 32-bit little-endian architectures */
 151:.\Generated_Source\PSoC4/cyfitter_cfg.c **** 	uint32 i, j = 0u;
  36              		.loc 1 151 0
  37 0002 0022     		mov	r2, #0
 152:.\Generated_Source\PSoC4/cyfitter_cfg.c **** 	for (i = 0u; i < CY_CFG_BASE_ADDR_COUNT; i++)
  38              		.loc 1 152 0
  39 0004 0027     		mov	r7, #0
  40              	.LBB2:
 153:.\Generated_Source\PSoC4/cyfitter_cfg.c **** 	{
 154:.\Generated_Source\PSoC4/cyfitter_cfg.c **** 		uint32 baseAddr = addr_table[i];
 155:.\Generated_Source\PSoC4/cyfitter_cfg.c **** 		uint8 count = (uint8)baseAddr;
 156:.\Generated_Source\PSoC4/cyfitter_cfg.c **** 		baseAddr &= 0xFFFFFF00u;
  41              		.loc 1 156 0
  42 0006 FF23     		mov	r3, #255
  43 0008 9C46     		mov	ip, r3
  44              	.LBE2:
 152:.\Generated_Source\PSoC4/cyfitter_cfg.c **** 	for (i = 0u; i < CY_CFG_BASE_ADDR_COUNT; i++)
  45              		.loc 1 152 0
  46 000a 11E0     		b	.L2
  47              	.LVL2:
  48              	.L5:
  49              	.LBB3:
 154:.\Generated_Source\PSoC4/cyfitter_cfg.c **** 		uint32 baseAddr = addr_table[i];
  50              		.loc 1 154 0
  51 000c BB00     		lsl	r3, r7, #2
  52 000e C658     		ldr	r6, [r0, r3]
  53              	.LVL3:
 155:.\Generated_Source\PSoC4/cyfitter_cfg.c **** 		uint8 count = (uint8)baseAddr;
  54              		.loc 1 155 0
  55 0010 F3B2     		uxtb	r3, r6
  56              	.LVL4:
  57              		.loc 1 156 0
  58 0012 6446     		mov	r4, ip
  59 0014 A643     		bic	r6, r4
  60              	.LVL5:
 157:.\Generated_Source\PSoC4/cyfitter_cfg.c **** 		while (count != 0u)
  61              		.loc 1 157 0
  62 0016 08E0     		b	.L3
  63              	.L4:
 158:.\Generated_Source\PSoC4/cyfitter_cfg.c **** 		{
 159:.\Generated_Source\PSoC4/cyfitter_cfg.c **** 			CY_SET_XTND_REG8((void CYFAR *)(baseAddr + data_table[j].offset), data_table[j].value);
  64              		.loc 1 159 0
  65 0018 5400     		lsl	r4, r2, #1
  66 001a 0C19     		add	r4, r1, r4
ARM GAS  C:\Users\EGH35~1.DRE\AppData\Local\Temp\ccOKNVqz.s 			page 5


  67 001c 2578     		ldrb	r5, [r4]
  68 001e AD19     		add	r5, r5, r6
  69 0020 6478     		ldrb	r4, [r4, #1]
  70 0022 2C70     		strb	r4, [r5]
 160:.\Generated_Source\PSoC4/cyfitter_cfg.c **** 			j++;
  71              		.loc 1 160 0
  72 0024 0132     		add	r2, r2, #1
  73              	.LVL6:
 161:.\Generated_Source\PSoC4/cyfitter_cfg.c **** 			count--;
  74              		.loc 1 161 0
  75 0026 013B     		sub	r3, r3, #1
  76              	.LVL7:
  77 0028 DBB2     		uxtb	r3, r3
  78              	.LVL8:
  79              	.L3:
 157:.\Generated_Source\PSoC4/cyfitter_cfg.c **** 		while (count != 0u)
  80              		.loc 1 157 0 discriminator 1
  81 002a 002B     		cmp	r3, #0
  82 002c F4D1     		bne	.L4
  83              	.LBE3:
 152:.\Generated_Source\PSoC4/cyfitter_cfg.c **** 	for (i = 0u; i < CY_CFG_BASE_ADDR_COUNT; i++)
  84              		.loc 1 152 0
  85 002e 0137     		add	r7, r7, #1
  86              	.LVL9:
  87              	.L2:
 152:.\Generated_Source\PSoC4/cyfitter_cfg.c **** 	for (i = 0u; i < CY_CFG_BASE_ADDR_COUNT; i++)
  88              		.loc 1 152 0 is_stmt 0 discriminator 1
  89 0030 032F     		cmp	r7, #3
  90 0032 EBD9     		bls	.L5
 162:.\Generated_Source\PSoC4/cyfitter_cfg.c **** 		}
 163:.\Generated_Source\PSoC4/cyfitter_cfg.c **** 	}
 164:.\Generated_Source\PSoC4/cyfitter_cfg.c **** }
  91              		.loc 1 164 0 is_stmt 1
  92              		@ sp needed
  93              	.LVL10:
  94 0034 F0BD     		pop	{r4, r5, r6, r7, pc}
  95              		.cfi_endproc
  96              	.LFE3:
  97              		.size	cfg_write_bytes32, .-cfg_write_bytes32
  98 0036 C046     		.section	.text.CYMEMZERO,"ax",%progbits
  99              		.align	2
 100              		.code	16
 101              		.thumb_func
 102              		.type	CYMEMZERO, %function
 103              	CYMEMZERO:
 104              	.LFB0:
  60:.\Generated_Source\PSoC4/cyfitter_cfg.c **** {
 105              		.loc 1 60 0
 106              		.cfi_startproc
 107              	.LVL11:
 108 0000 08B5     		push	{r3, lr}
 109              		.cfi_def_cfa_offset 8
 110              		.cfi_offset 3, -8
 111              		.cfi_offset 14, -4
 112 0002 0A1C     		mov	r2, r1
  61:.\Generated_Source\PSoC4/cyfitter_cfg.c **** 	(void)memset(s, 0, n);
 113              		.loc 1 61 0
ARM GAS  C:\Users\EGH35~1.DRE\AppData\Local\Temp\ccOKNVqz.s 			page 6


 114 0004 0021     		mov	r1, #0
 115              	.LVL12:
 116 0006 FFF7FEFF 		bl	memset
 117              	.LVL13:
  62:.\Generated_Source\PSoC4/cyfitter_cfg.c **** }
 118              		.loc 1 62 0
 119              		@ sp needed
 120 000a 08BD     		pop	{r3, pc}
 121              		.cfi_endproc
 122              	.LFE0:
 123              		.size	CYMEMZERO, .-CYMEMZERO
 124              		.section	.psocinit,"ax",%progbits
 125              		.align	2
 126              		.code	16
 127              		.thumb_func
 128              		.type	ClockSetup, %function
 129              	ClockSetup:
 130              	.LFB4:
 165:.\Generated_Source\PSoC4/cyfitter_cfg.c **** 
 166:.\Generated_Source\PSoC4/cyfitter_cfg.c **** 
 167:.\Generated_Source\PSoC4/cyfitter_cfg.c **** /*******************************************************************************
 168:.\Generated_Source\PSoC4/cyfitter_cfg.c **** * Function Name: ClockSetup
 169:.\Generated_Source\PSoC4/cyfitter_cfg.c **** ********************************************************************************
 170:.\Generated_Source\PSoC4/cyfitter_cfg.c **** *
 171:.\Generated_Source\PSoC4/cyfitter_cfg.c **** * Summary:
 172:.\Generated_Source\PSoC4/cyfitter_cfg.c **** *   Performs the initialization of all of the clocks in the device based on the
 173:.\Generated_Source\PSoC4/cyfitter_cfg.c **** *   settings in the Clock tab of the DWR.  This includes enabling the requested
 174:.\Generated_Source\PSoC4/cyfitter_cfg.c **** *   clocks and setting the necessary dividers to produce the desired frequency. 
 175:.\Generated_Source\PSoC4/cyfitter_cfg.c **** *
 176:.\Generated_Source\PSoC4/cyfitter_cfg.c **** * Parameters:
 177:.\Generated_Source\PSoC4/cyfitter_cfg.c **** *   void
 178:.\Generated_Source\PSoC4/cyfitter_cfg.c **** *
 179:.\Generated_Source\PSoC4/cyfitter_cfg.c **** * Return:
 180:.\Generated_Source\PSoC4/cyfitter_cfg.c **** *   void
 181:.\Generated_Source\PSoC4/cyfitter_cfg.c **** *
 182:.\Generated_Source\PSoC4/cyfitter_cfg.c **** *******************************************************************************/
 183:.\Generated_Source\PSoC4/cyfitter_cfg.c **** static void ClockSetup(void);
 184:.\Generated_Source\PSoC4/cyfitter_cfg.c **** CY_CFG_SECTION
 185:.\Generated_Source\PSoC4/cyfitter_cfg.c **** static void ClockSetup(void)
 186:.\Generated_Source\PSoC4/cyfitter_cfg.c **** {
 131              		.loc 1 186 0
 132              		.cfi_startproc
 133 0000 10B5     		push	{r4, lr}
 134              		.cfi_def_cfa_offset 8
 135              		.cfi_offset 4, -8
 136              		.cfi_offset 14, -4
 187:.\Generated_Source\PSoC4/cyfitter_cfg.c **** 	/* Enable HALF_EN before trimming for the flash accelerator. */
 188:.\Generated_Source\PSoC4/cyfitter_cfg.c **** 	CY_SET_REG32((void CYXDATA *)(CYREG_CLK_SELECT), (CY_GET_REG32((void *)CYREG_CLK_SELECT) | 0x00040
 137              		.loc 1 188 0
 138 0002 154C     		ldr	r4, .L8
 139 0004 2268     		ldr	r2, [r4]
 140 0006 8023     		mov	r3, #128
 141 0008 DB02     		lsl	r3, r3, #11
 142 000a 1343     		orr	r3, r2
 143 000c 2360     		str	r3, [r4]
 189:.\Generated_Source\PSoC4/cyfitter_cfg.c **** 
 190:.\Generated_Source\PSoC4/cyfitter_cfg.c **** 	/* Setup and trim IMO based on desired frequency. */
ARM GAS  C:\Users\EGH35~1.DRE\AppData\Local\Temp\ccOKNVqz.s 			page 7


 191:.\Generated_Source\PSoC4/cyfitter_cfg.c **** 	CySysClkWriteImoFreq(24u);
 144              		.loc 1 191 0
 145 000e 1820     		mov	r0, #24
 146 0010 FFF7FEFF 		bl	CySysClkWriteImoFreq
 147              	.LVL14:
 192:.\Generated_Source\PSoC4/cyfitter_cfg.c **** 
 193:.\Generated_Source\PSoC4/cyfitter_cfg.c **** 	/* Disable HALF_EN since it is not required at this IMO frequency. */
 194:.\Generated_Source\PSoC4/cyfitter_cfg.c **** 	CY_SET_REG32((void CYXDATA *)(CYREG_CLK_SELECT), (CY_GET_REG32((void *)CYREG_CLK_SELECT) & 0xFFFBF
 148              		.loc 1 194 0
 149 0014 2268     		ldr	r2, [r4]
 150 0016 114B     		ldr	r3, .L8+4
 151 0018 1340     		and	r3, r2
 152 001a 2360     		str	r3, [r4]
 195:.\Generated_Source\PSoC4/cyfitter_cfg.c **** 	/* CYDEV_CLK_ILO_CONFIG Starting address: CYDEV_CLK_ILO_CONFIG */
 196:.\Generated_Source\PSoC4/cyfitter_cfg.c **** 	CY_SET_XTND_REG32((void CYFAR *)(CYREG_CLK_ILO_CONFIG), 0x80000006u);
 153              		.loc 1 196 0
 154 001c 104A     		ldr	r2, .L8+8
 155 001e 114B     		ldr	r3, .L8+12
 156 0020 1A60     		str	r2, [r3]
 197:.\Generated_Source\PSoC4/cyfitter_cfg.c **** 
 198:.\Generated_Source\PSoC4/cyfitter_cfg.c **** 
 199:.\Generated_Source\PSoC4/cyfitter_cfg.c **** 	/* CYDEV_CLK_SELECT00 Starting address: CYDEV_CLK_SELECT00 */
 200:.\Generated_Source\PSoC4/cyfitter_cfg.c **** 	CY_SET_XTND_REG32((void CYFAR *)(CYREG_CLK_SELECT03), 0x00000010u);
 157              		.loc 1 200 0
 158 0022 1022     		mov	r2, #16
 159 0024 104B     		ldr	r3, .L8+16
 160 0026 1A60     		str	r2, [r3]
 201:.\Generated_Source\PSoC4/cyfitter_cfg.c **** 	CY_SET_XTND_REG32((void CYFAR *)(CYREG_CLK_SELECT12), 0x00000020u);
 161              		.loc 1 201 0
 162 0028 2022     		mov	r2, #32
 163 002a 104B     		ldr	r3, .L8+20
 164 002c 1A60     		str	r2, [r3]
 202:.\Generated_Source\PSoC4/cyfitter_cfg.c **** 
 203:.\Generated_Source\PSoC4/cyfitter_cfg.c **** 	/* CYDEV_CLK_IMO_CONFIG Starting address: CYDEV_CLK_IMO_CONFIG */
 204:.\Generated_Source\PSoC4/cyfitter_cfg.c **** 	CY_SET_XTND_REG32((void CYFAR *)(CYREG_CLK_IMO_CONFIG), 0x80000000u);
 165              		.loc 1 204 0
 166 002e 8022     		mov	r2, #128
 167 0030 1206     		lsl	r2, r2, #24
 168 0032 0F4B     		ldr	r3, .L8+24
 169 0034 1A60     		str	r2, [r3]
 205:.\Generated_Source\PSoC4/cyfitter_cfg.c **** 
 206:.\Generated_Source\PSoC4/cyfitter_cfg.c **** 	/* CYDEV_CLK_DIVIDER_A00 Starting address: CYDEV_CLK_DIVIDER_A00 */
 207:.\Generated_Source\PSoC4/cyfitter_cfg.c **** 	CY_SET_XTND_REG32((void CYFAR *)(CYREG_CLK_DIVIDER_A00), 0x800000CFu);
 170              		.loc 1 207 0
 171 0036 0F4A     		ldr	r2, .L8+28
 172 0038 0F4B     		ldr	r3, .L8+32
 173 003a 1A60     		str	r2, [r3]
 208:.\Generated_Source\PSoC4/cyfitter_cfg.c **** 
 209:.\Generated_Source\PSoC4/cyfitter_cfg.c **** 	/* CYDEV_CLK_DIVIDER_B00 Starting address: CYDEV_CLK_DIVIDER_B00 */
 210:.\Generated_Source\PSoC4/cyfitter_cfg.c **** 	CY_SET_XTND_REG32((void CYFAR *)(CYREG_CLK_DIVIDER_B00), 0x8000095Fu);
 174              		.loc 1 210 0
 175 003c 0F4A     		ldr	r2, .L8+36
 176 003e 104B     		ldr	r3, .L8+40
 177 0040 1A60     		str	r2, [r3]
 211:.\Generated_Source\PSoC4/cyfitter_cfg.c **** 
 212:.\Generated_Source\PSoC4/cyfitter_cfg.c **** 	(void)CyIntSetVector(9u, &CySysWdtIsr);
 178              		.loc 1 212 0
ARM GAS  C:\Users\EGH35~1.DRE\AppData\Local\Temp\ccOKNVqz.s 			page 8


 179 0042 0920     		mov	r0, #9
 180 0044 0F49     		ldr	r1, .L8+44
 181 0046 FFF7FEFF 		bl	CyIntSetVector
 182              	.LVL15:
 213:.\Generated_Source\PSoC4/cyfitter_cfg.c **** 	CyIntEnable(9u);
 183              		.loc 1 213 0
 184 004a 0920     		mov	r0, #9
 185 004c FFF7FEFF 		bl	CyIntEnable
 186              	.LVL16:
 214:.\Generated_Source\PSoC4/cyfitter_cfg.c **** 	CY_SET_XTND_REG32((void CYFAR *)(CYREG_WDT_CONFIG), 0x00000000u);
 187              		.loc 1 214 0
 188 0050 0022     		mov	r2, #0
 189 0052 0D4B     		ldr	r3, .L8+48
 190 0054 1A60     		str	r2, [r3]
 215:.\Generated_Source\PSoC4/cyfitter_cfg.c **** }
 191              		.loc 1 215 0
 192              		@ sp needed
 193 0056 10BD     		pop	{r4, pc}
 194              	.L9:
 195              		.align	2
 196              	.L8:
 197 0058 00010B40 		.word	1074462976
 198 005c FFFFFBFF 		.word	-262145
 199 0060 06000080 		.word	-2147483642
 200 0064 04010B40 		.word	1074462980
 201 0068 0C020240 		.word	1073873420
 202 006c 30020240 		.word	1073873456
 203 0070 08010B40 		.word	1074462984
 204 0074 CF000080 		.word	-2147483441
 205 0078 00000240 		.word	1073872896
 206 007c 5F090080 		.word	-2147481249
 207 0080 40000240 		.word	1073872960
 208 0084 00000000 		.word	CySysWdtIsr
 209 0088 0C020B40 		.word	1074463244
 210              		.cfi_endproc
 211              	.LFE4:
 212              		.size	ClockSetup, .-ClockSetup
 213              		.align	2
 214              		.global	cyfitter_cfg
 215              		.code	16
 216              		.thumb_func
 217              		.type	cyfitter_cfg, %function
 218              	cyfitter_cfg:
 219              	.LFB6:
 216:.\Generated_Source\PSoC4/cyfitter_cfg.c **** 
 217:.\Generated_Source\PSoC4/cyfitter_cfg.c **** 
 218:.\Generated_Source\PSoC4/cyfitter_cfg.c **** /* Analog API Functions */
 219:.\Generated_Source\PSoC4/cyfitter_cfg.c **** 
 220:.\Generated_Source\PSoC4/cyfitter_cfg.c **** 
 221:.\Generated_Source\PSoC4/cyfitter_cfg.c **** /*******************************************************************************
 222:.\Generated_Source\PSoC4/cyfitter_cfg.c **** * Function Name: AnalogSetDefault
 223:.\Generated_Source\PSoC4/cyfitter_cfg.c **** ********************************************************************************
 224:.\Generated_Source\PSoC4/cyfitter_cfg.c **** *
 225:.\Generated_Source\PSoC4/cyfitter_cfg.c **** * Summary:
 226:.\Generated_Source\PSoC4/cyfitter_cfg.c **** *  Sets up the analog portions of the chip to default values based on chip
 227:.\Generated_Source\PSoC4/cyfitter_cfg.c **** *  configuration options from the project.
 228:.\Generated_Source\PSoC4/cyfitter_cfg.c **** *
ARM GAS  C:\Users\EGH35~1.DRE\AppData\Local\Temp\ccOKNVqz.s 			page 9


 229:.\Generated_Source\PSoC4/cyfitter_cfg.c **** * Parameters:
 230:.\Generated_Source\PSoC4/cyfitter_cfg.c **** *  void
 231:.\Generated_Source\PSoC4/cyfitter_cfg.c **** *
 232:.\Generated_Source\PSoC4/cyfitter_cfg.c **** * Return:
 233:.\Generated_Source\PSoC4/cyfitter_cfg.c **** *  void
 234:.\Generated_Source\PSoC4/cyfitter_cfg.c **** *
 235:.\Generated_Source\PSoC4/cyfitter_cfg.c **** *******************************************************************************/
 236:.\Generated_Source\PSoC4/cyfitter_cfg.c **** static void AnalogSetDefault(void);
 237:.\Generated_Source\PSoC4/cyfitter_cfg.c **** static void AnalogSetDefault(void)
 238:.\Generated_Source\PSoC4/cyfitter_cfg.c **** {
 239:.\Generated_Source\PSoC4/cyfitter_cfg.c **** }
 240:.\Generated_Source\PSoC4/cyfitter_cfg.c **** 
 241:.\Generated_Source\PSoC4/cyfitter_cfg.c **** #define CY_AMUX_UNUSED CYREG_CM0_ROM_DWT
 242:.\Generated_Source\PSoC4/cyfitter_cfg.c **** 
 243:.\Generated_Source\PSoC4/cyfitter_cfg.c **** 
 244:.\Generated_Source\PSoC4/cyfitter_cfg.c **** /*******************************************************************************
 245:.\Generated_Source\PSoC4/cyfitter_cfg.c **** * Function Name: cyfitter_cfg
 246:.\Generated_Source\PSoC4/cyfitter_cfg.c **** ********************************************************************************
 247:.\Generated_Source\PSoC4/cyfitter_cfg.c **** * Summary:
 248:.\Generated_Source\PSoC4/cyfitter_cfg.c **** *  This function is called by the start-up code for the selected device. It
 249:.\Generated_Source\PSoC4/cyfitter_cfg.c **** *  performs all of the necessary device configuration based on the design
 250:.\Generated_Source\PSoC4/cyfitter_cfg.c **** *  settings.  This includes settings from the Design Wide Resources (DWR) such
 251:.\Generated_Source\PSoC4/cyfitter_cfg.c **** *  as Clocks and Pins as well as any component configuration that is necessary.
 252:.\Generated_Source\PSoC4/cyfitter_cfg.c **** *
 253:.\Generated_Source\PSoC4/cyfitter_cfg.c **** * Parameters:  
 254:.\Generated_Source\PSoC4/cyfitter_cfg.c **** *   void
 255:.\Generated_Source\PSoC4/cyfitter_cfg.c **** *
 256:.\Generated_Source\PSoC4/cyfitter_cfg.c **** * Return:
 257:.\Generated_Source\PSoC4/cyfitter_cfg.c **** *   void
 258:.\Generated_Source\PSoC4/cyfitter_cfg.c **** *
 259:.\Generated_Source\PSoC4/cyfitter_cfg.c **** *******************************************************************************/
 260:.\Generated_Source\PSoC4/cyfitter_cfg.c **** CY_CFG_SECTION
 261:.\Generated_Source\PSoC4/cyfitter_cfg.c **** void cyfitter_cfg(void)
 262:.\Generated_Source\PSoC4/cyfitter_cfg.c **** {
 220              		.loc 1 262 0
 221              		.cfi_startproc
 222 008c 38B5     		push	{r3, r4, r5, lr}
 223              		.cfi_def_cfa_offset 16
 224              		.cfi_offset 3, -16
 225              		.cfi_offset 4, -12
 226              		.cfi_offset 5, -8
 227              		.cfi_offset 14, -4
 263:.\Generated_Source\PSoC4/cyfitter_cfg.c **** 	/* Disable interrupts by default. Let user enable if/when they want. */
 264:.\Generated_Source\PSoC4/cyfitter_cfg.c **** 	CyGlobalIntDisable;
 228              		.loc 1 264 0
 229              	@ 264 ".\Generated_Source\PSoC4\cyfitter_cfg.c" 1
 230 008e 72B6     		CPSID   i
 231              	@ 0 "" 2
 232              	.LVL17:
 233              		.code	16
 234              	.LBB4:
 265:.\Generated_Source\PSoC4/cyfitter_cfg.c **** 
 266:.\Generated_Source\PSoC4/cyfitter_cfg.c **** 	{
 267:.\Generated_Source\PSoC4/cyfitter_cfg.c **** 		static const uint32 CYCODE cy_cfg_addr_table[] = {
 268:.\Generated_Source\PSoC4/cyfitter_cfg.c **** 			0x400F0001u, /* Base address: 0x400F0000 Count: 1 */
 269:.\Generated_Source\PSoC4/cyfitter_cfg.c **** 			0x400F322Fu, /* Base address: 0x400F3200 Count: 47 */
 270:.\Generated_Source\PSoC4/cyfitter_cfg.c **** 			0x400F3312u, /* Base address: 0x400F3300 Count: 18 */
ARM GAS  C:\Users\EGH35~1.DRE\AppData\Local\Temp\ccOKNVqz.s 			page 10


 271:.\Generated_Source\PSoC4/cyfitter_cfg.c **** 			0x400F6002u, /* Base address: 0x400F6000 Count: 2 */
 272:.\Generated_Source\PSoC4/cyfitter_cfg.c **** 		};
 273:.\Generated_Source\PSoC4/cyfitter_cfg.c **** 
 274:.\Generated_Source\PSoC4/cyfitter_cfg.c **** 		static const cy_cfg_addrvalue_t CYCODE cy_cfg_data_table[] = {
 275:.\Generated_Source\PSoC4/cyfitter_cfg.c **** 			{0x83u, 0x0Du},
 276:.\Generated_Source\PSoC4/cyfitter_cfg.c **** 			{0x40u, 0x45u},
 277:.\Generated_Source\PSoC4/cyfitter_cfg.c **** 			{0x49u, 0xFFu},
 278:.\Generated_Source\PSoC4/cyfitter_cfg.c **** 			{0x4Au, 0xFFu},
 279:.\Generated_Source\PSoC4/cyfitter_cfg.c **** 			{0x4Bu, 0xFFu},
 280:.\Generated_Source\PSoC4/cyfitter_cfg.c **** 			{0x4Fu, 0x01u},
 281:.\Generated_Source\PSoC4/cyfitter_cfg.c **** 			{0x50u, 0x18u},
 282:.\Generated_Source\PSoC4/cyfitter_cfg.c **** 			{0x5Au, 0x04u},
 283:.\Generated_Source\PSoC4/cyfitter_cfg.c **** 			{0x5Fu, 0x01u},
 284:.\Generated_Source\PSoC4/cyfitter_cfg.c **** 			{0x60u, 0x40u},
 285:.\Generated_Source\PSoC4/cyfitter_cfg.c **** 			{0x62u, 0x40u},
 286:.\Generated_Source\PSoC4/cyfitter_cfg.c **** 			{0x64u, 0x40u},
 287:.\Generated_Source\PSoC4/cyfitter_cfg.c **** 			{0x65u, 0x40u},
 288:.\Generated_Source\PSoC4/cyfitter_cfg.c **** 			{0x66u, 0x80u},
 289:.\Generated_Source\PSoC4/cyfitter_cfg.c **** 			{0x68u, 0x80u},
 290:.\Generated_Source\PSoC4/cyfitter_cfg.c **** 			{0x6Au, 0x80u},
 291:.\Generated_Source\PSoC4/cyfitter_cfg.c **** 			{0x6Cu, 0x80u},
 292:.\Generated_Source\PSoC4/cyfitter_cfg.c **** 			{0x6Eu, 0x80u},
 293:.\Generated_Source\PSoC4/cyfitter_cfg.c **** 			{0x8Eu, 0x01u},
 294:.\Generated_Source\PSoC4/cyfitter_cfg.c **** 			{0x92u, 0x01u},
 295:.\Generated_Source\PSoC4/cyfitter_cfg.c **** 			{0xB6u, 0x01u},
 296:.\Generated_Source\PSoC4/cyfitter_cfg.c **** 			{0xBEu, 0x40u},
 297:.\Generated_Source\PSoC4/cyfitter_cfg.c **** 			{0xC0u, 0x54u},
 298:.\Generated_Source\PSoC4/cyfitter_cfg.c **** 			{0xC5u, 0xECu},
 299:.\Generated_Source\PSoC4/cyfitter_cfg.c **** 			{0xC7u, 0x20u},
 300:.\Generated_Source\PSoC4/cyfitter_cfg.c **** 			{0xC8u, 0x23u},
 301:.\Generated_Source\PSoC4/cyfitter_cfg.c **** 			{0xC9u, 0xFFu},
 302:.\Generated_Source\PSoC4/cyfitter_cfg.c **** 			{0xCAu, 0xFFu},
 303:.\Generated_Source\PSoC4/cyfitter_cfg.c **** 			{0xCBu, 0xFFu},
 304:.\Generated_Source\PSoC4/cyfitter_cfg.c **** 			{0xCDu, 0x83u},
 305:.\Generated_Source\PSoC4/cyfitter_cfg.c **** 			{0xCEu, 0x03u},
 306:.\Generated_Source\PSoC4/cyfitter_cfg.c **** 			{0xCFu, 0x01u},
 307:.\Generated_Source\PSoC4/cyfitter_cfg.c **** 			{0xD0u, 0x18u},
 308:.\Generated_Source\PSoC4/cyfitter_cfg.c **** 			{0xD2u, 0x80u},
 309:.\Generated_Source\PSoC4/cyfitter_cfg.c **** 			{0xD4u, 0x01u},
 310:.\Generated_Source\PSoC4/cyfitter_cfg.c **** 			{0xD8u, 0x04u},
 311:.\Generated_Source\PSoC4/cyfitter_cfg.c **** 			{0xDAu, 0x04u},
 312:.\Generated_Source\PSoC4/cyfitter_cfg.c **** 			{0xDBu, 0x04u},
 313:.\Generated_Source\PSoC4/cyfitter_cfg.c **** 			{0xDFu, 0x01u},
 314:.\Generated_Source\PSoC4/cyfitter_cfg.c **** 			{0xE0u, 0x40u},
 315:.\Generated_Source\PSoC4/cyfitter_cfg.c **** 			{0xE2u, 0x40u},
 316:.\Generated_Source\PSoC4/cyfitter_cfg.c **** 			{0xE4u, 0x40u},
 317:.\Generated_Source\PSoC4/cyfitter_cfg.c **** 			{0xE5u, 0x40u},
 318:.\Generated_Source\PSoC4/cyfitter_cfg.c **** 			{0xE6u, 0x80u},
 319:.\Generated_Source\PSoC4/cyfitter_cfg.c **** 			{0xE8u, 0x80u},
 320:.\Generated_Source\PSoC4/cyfitter_cfg.c **** 			{0xEAu, 0x80u},
 321:.\Generated_Source\PSoC4/cyfitter_cfg.c **** 			{0xECu, 0x80u},
 322:.\Generated_Source\PSoC4/cyfitter_cfg.c **** 			{0xEEu, 0x80u},
 323:.\Generated_Source\PSoC4/cyfitter_cfg.c **** 			{0x02u, 0x02u},
 324:.\Generated_Source\PSoC4/cyfitter_cfg.c **** 			{0x0Bu, 0x40u},
 325:.\Generated_Source\PSoC4/cyfitter_cfg.c **** 			{0x19u, 0x40u},
 326:.\Generated_Source\PSoC4/cyfitter_cfg.c **** 			{0x41u, 0x01u},
 327:.\Generated_Source\PSoC4/cyfitter_cfg.c **** 			{0x46u, 0x80u},
ARM GAS  C:\Users\EGH35~1.DRE\AppData\Local\Temp\ccOKNVqz.s 			page 11


 328:.\Generated_Source\PSoC4/cyfitter_cfg.c **** 			{0x49u, 0x05u},
 329:.\Generated_Source\PSoC4/cyfitter_cfg.c **** 			{0x4Bu, 0x40u},
 330:.\Generated_Source\PSoC4/cyfitter_cfg.c **** 			{0x4Eu, 0x02u},
 331:.\Generated_Source\PSoC4/cyfitter_cfg.c **** 			{0x51u, 0x01u},
 332:.\Generated_Source\PSoC4/cyfitter_cfg.c **** 			{0x52u, 0x02u},
 333:.\Generated_Source\PSoC4/cyfitter_cfg.c **** 			{0x59u, 0x45u},
 334:.\Generated_Source\PSoC4/cyfitter_cfg.c **** 			{0x72u, 0x80u},
 335:.\Generated_Source\PSoC4/cyfitter_cfg.c **** 			{0x73u, 0x40u},
 336:.\Generated_Source\PSoC4/cyfitter_cfg.c **** 			{0xC0u, 0x01u},
 337:.\Generated_Source\PSoC4/cyfitter_cfg.c **** 			{0xC2u, 0x08u},
 338:.\Generated_Source\PSoC4/cyfitter_cfg.c **** 			{0xD0u, 0x81u},
 339:.\Generated_Source\PSoC4/cyfitter_cfg.c **** 			{0xD2u, 0x18u},
 340:.\Generated_Source\PSoC4/cyfitter_cfg.c **** 			{0xD6u, 0x0Bu},
 341:.\Generated_Source\PSoC4/cyfitter_cfg.c **** 			{0x10u, 0x01u},
 342:.\Generated_Source\PSoC4/cyfitter_cfg.c **** 			{0x11u, 0x01u},
 343:.\Generated_Source\PSoC4/cyfitter_cfg.c **** 		};
 344:.\Generated_Source\PSoC4/cyfitter_cfg.c **** 
 345:.\Generated_Source\PSoC4/cyfitter_cfg.c **** 
 346:.\Generated_Source\PSoC4/cyfitter_cfg.c **** 
 347:.\Generated_Source\PSoC4/cyfitter_cfg.c **** 		CYPACKED typedef struct {
 348:.\Generated_Source\PSoC4/cyfitter_cfg.c **** 			void CYFAR *address;
 349:.\Generated_Source\PSoC4/cyfitter_cfg.c **** 			uint16 size;
 350:.\Generated_Source\PSoC4/cyfitter_cfg.c **** 		} CYPACKED_ATTR cfg_memset_t;
 351:.\Generated_Source\PSoC4/cyfitter_cfg.c **** 
 352:.\Generated_Source\PSoC4/cyfitter_cfg.c **** 		static const cfg_memset_t CYCODE cfg_memset_list [] = {
 353:.\Generated_Source\PSoC4/cyfitter_cfg.c **** 			/* address, size */
 354:.\Generated_Source\PSoC4/cyfitter_cfg.c **** 			{(void CYFAR *)(CYDEV_UDB_P0_U0_BASE), 1024u},
 355:.\Generated_Source\PSoC4/cyfitter_cfg.c **** 			{(void CYFAR *)(CYDEV_UDB_DSI0_BASE), 1024u},
 356:.\Generated_Source\PSoC4/cyfitter_cfg.c **** 		};
 357:.\Generated_Source\PSoC4/cyfitter_cfg.c **** 
 358:.\Generated_Source\PSoC4/cyfitter_cfg.c **** 		uint8 CYDATA i;
 359:.\Generated_Source\PSoC4/cyfitter_cfg.c **** 
 360:.\Generated_Source\PSoC4/cyfitter_cfg.c **** 		/* Zero out critical memory blocks before beginning configuration */
 361:.\Generated_Source\PSoC4/cyfitter_cfg.c **** 		for (i = 0u; i < (sizeof(cfg_memset_list)/sizeof(cfg_memset_list[0])); i++)
 235              		.loc 1 361 0
 236 0090 0024     		mov	r4, #0
 237              	.LBB5:
 362:.\Generated_Source\PSoC4/cyfitter_cfg.c **** 		{
 363:.\Generated_Source\PSoC4/cyfitter_cfg.c **** 			const cfg_memset_t CYCODE * CYDATA ms = &cfg_memset_list[i];
 238              		.loc 1 363 0
 239 0092 294D     		ldr	r5, .L13
 240              	.LBE5:
 361:.\Generated_Source\PSoC4/cyfitter_cfg.c **** 		for (i = 0u; i < (sizeof(cfg_memset_list)/sizeof(cfg_memset_list[0])); i++)
 241              		.loc 1 361 0
 242 0094 0CE0     		b	.L11
 243              	.LVL18:
 244              	.L12:
 245              	.LBB6:
 246              		.loc 1 363 0 discriminator 2
 247 0096 6300     		lsl	r3, r4, #1
 248 0098 1B19     		add	r3, r3, r4
 249 009a 5B00     		lsl	r3, r3, #1
 250 009c EB18     		add	r3, r5, r3
 251              	.LVL19:
 364:.\Generated_Source\PSoC4/cyfitter_cfg.c **** 			CYMEMZERO(ms->address, (size_t)(uint32)(ms->size));
 252              		.loc 1 364 0 discriminator 2
 253 009e 9988     		ldrh	r1, [r3, #4]
ARM GAS  C:\Users\EGH35~1.DRE\AppData\Local\Temp\ccOKNVqz.s 			page 12


 254 00a0 1A88     		ldrh	r2, [r3]
 255 00a2 5888     		ldrh	r0, [r3, #2]
 256 00a4 0004     		lsl	r0, r0, #16
 257 00a6 1043     		orr	r0, r2
 258 00a8 FFF7FEFF 		bl	CYMEMZERO
 259              	.LVL20:
 260              	.LBE6:
 361:.\Generated_Source\PSoC4/cyfitter_cfg.c **** 		for (i = 0u; i < (sizeof(cfg_memset_list)/sizeof(cfg_memset_list[0])); i++)
 261              		.loc 1 361 0 discriminator 2
 262 00ac 0134     		add	r4, r4, #1
 263              	.LVL21:
 264 00ae E4B2     		uxtb	r4, r4
 265              	.LVL22:
 266              	.L11:
 361:.\Generated_Source\PSoC4/cyfitter_cfg.c **** 		for (i = 0u; i < (sizeof(cfg_memset_list)/sizeof(cfg_memset_list[0])); i++)
 267              		.loc 1 361 0 is_stmt 0 discriminator 1
 268 00b0 012C     		cmp	r4, #1
 269 00b2 F0D9     		bls	.L12
 365:.\Generated_Source\PSoC4/cyfitter_cfg.c **** 		}
 366:.\Generated_Source\PSoC4/cyfitter_cfg.c **** 
 367:.\Generated_Source\PSoC4/cyfitter_cfg.c **** 		cfg_write_bytes32(cy_cfg_addr_table, cy_cfg_data_table);
 270              		.loc 1 367 0 is_stmt 1
 271 00b4 2049     		ldr	r1, .L13
 272 00b6 081C     		mov	r0, r1
 273 00b8 0C30     		add	r0, r0, #12
 274 00ba 1C31     		add	r1, r1, #28
 275 00bc FFF7FEFF 		bl	cfg_write_bytes32
 276              	.LVL23:
 368:.\Generated_Source\PSoC4/cyfitter_cfg.c **** 
 369:.\Generated_Source\PSoC4/cyfitter_cfg.c **** 		/* Perform normal device configuration. Order is not critical for these items. */
 370:.\Generated_Source\PSoC4/cyfitter_cfg.c **** 		CY_SET_XTND_REG16((void CYFAR *)(CYREG_UDB_BCTL0_DRV), 0x0100u);
 277              		.loc 1 370 0
 278 00c0 8022     		mov	r2, #128
 279 00c2 5200     		lsl	r2, r2, #1
 280 00c4 1D4B     		ldr	r3, .L13+4
 281 00c6 1A80     		strh	r2, [r3]
 371:.\Generated_Source\PSoC4/cyfitter_cfg.c **** 		CY_SET_XTND_REG8((void CYFAR *)(CYREG_UDB_BCTL0_DRV + 0x2u), 0x01u);
 282              		.loc 1 371 0
 283 00c8 0122     		mov	r2, #1
 284 00ca 1D4B     		ldr	r3, .L13+8
 285 00cc 1A70     		strb	r2, [r3]
 372:.\Generated_Source\PSoC4/cyfitter_cfg.c **** 
 373:.\Generated_Source\PSoC4/cyfitter_cfg.c **** 		/* HSIOM Starting address: CYDEV_HSIOM_BASE */
 374:.\Generated_Source\PSoC4/cyfitter_cfg.c **** 		CY_SET_XTND_REG32((void CYFAR *)(CYDEV_HSIOM_BASE), 0x00990000u);
 286              		.loc 1 374 0
 287 00ce 9923     		mov	r3, #153
 288 00d0 1B04     		lsl	r3, r3, #16
 289 00d2 1C4A     		ldr	r2, .L13+12
 290 00d4 1360     		str	r3, [r2]
 375:.\Generated_Source\PSoC4/cyfitter_cfg.c **** 		CY_SET_XTND_REG32((void CYFAR *)(CYREG_HSIOM_PORT_SEL3), 0x0000EE00u);
 291              		.loc 1 375 0
 292 00d6 EE21     		mov	r1, #238
 293 00d8 0902     		lsl	r1, r1, #8
 294 00da 1B4A     		ldr	r2, .L13+16
 295 00dc 1160     		str	r1, [r2]
 376:.\Generated_Source\PSoC4/cyfitter_cfg.c **** 
 377:.\Generated_Source\PSoC4/cyfitter_cfg.c **** 		/* UDB_PA_0 Starting address: CYDEV_UDB_PA0_BASE */
ARM GAS  C:\Users\EGH35~1.DRE\AppData\Local\Temp\ccOKNVqz.s 			page 13


 378:.\Generated_Source\PSoC4/cyfitter_cfg.c **** 		CY_SET_XTND_REG32((void CYFAR *)(CYDEV_UDB_PA0_BASE), 0x00990000u);
 296              		.loc 1 378 0
 297 00de 1B4A     		ldr	r2, .L13+20
 298 00e0 1360     		str	r3, [r2]
 379:.\Generated_Source\PSoC4/cyfitter_cfg.c **** 		CY_SET_XTND_REG32((void CYFAR *)(CYREG_UDB_PA0_CFG4), 0x80000000u);
 299              		.loc 1 379 0
 300 00e2 8021     		mov	r1, #128
 301 00e4 0906     		lsl	r1, r1, #24
 302 00e6 1A4A     		ldr	r2, .L13+24
 303 00e8 1160     		str	r1, [r2]
 380:.\Generated_Source\PSoC4/cyfitter_cfg.c **** 
 381:.\Generated_Source\PSoC4/cyfitter_cfg.c **** 		/* UDB_PA_3 Starting address: CYDEV_UDB_PA3_BASE */
 382:.\Generated_Source\PSoC4/cyfitter_cfg.c **** 		CY_SET_XTND_REG32((void CYFAR *)(CYDEV_UDB_PA3_BASE), 0x00990000u);
 304              		.loc 1 382 0
 305 00ea 1A4A     		ldr	r2, .L13+28
 306 00ec 1360     		str	r3, [r2]
 383:.\Generated_Source\PSoC4/cyfitter_cfg.c **** 
 384:.\Generated_Source\PSoC4/cyfitter_cfg.c **** 		/* Enable digital routing */
 385:.\Generated_Source\PSoC4/cyfitter_cfg.c **** 		CY_SET_XTND_REG8((void *)CYREG_UDB_UDBIF_BANK_CTL, CY_GET_XTND_REG8((void *)CYREG_UDB_UDBIF_BANK_
 307              		.loc 1 385 0
 308 00ee 1A4B     		ldr	r3, .L13+32
 309 00f0 1978     		ldrb	r1, [r3]
 310 00f2 0222     		mov	r2, #2
 311 00f4 0A43     		orr	r2, r1
 312 00f6 1A70     		strb	r2, [r3]
 386:.\Generated_Source\PSoC4/cyfitter_cfg.c **** 
 387:.\Generated_Source\PSoC4/cyfitter_cfg.c **** 		/* Enable UDB array */
 388:.\Generated_Source\PSoC4/cyfitter_cfg.c **** 		CY_SET_XTND_REG8((void *)CYREG_UDB_UDBIF_WAIT_CFG, (uint8)((CY_GET_XTND_REG8((void *)CYREG_UDB_UD
 313              		.loc 1 388 0
 314 00f8 184A     		ldr	r2, .L13+36
 315 00fa 1178     		ldrb	r1, [r2]
 316 00fc 3C20     		mov	r0, #60
 317 00fe 8143     		bic	r1, r0
 318 0100 1420     		mov	r0, #20
 319 0102 0143     		orr	r1, r0
 320 0104 1170     		strb	r1, [r2]
 389:.\Generated_Source\PSoC4/cyfitter_cfg.c **** 		CY_SET_XTND_REG8((void *)CYREG_UDB_UDBIF_BANK_CTL, (uint8)(CY_GET_XTND_REG8((void *)CYREG_UDB_UDB
 321              		.loc 1 389 0
 322 0106 1978     		ldrb	r1, [r3]
 323 0108 1622     		mov	r2, #22
 324 010a 0A43     		orr	r2, r1
 325 010c 1A70     		strb	r2, [r3]
 326              	.LBE4:
 390:.\Generated_Source\PSoC4/cyfitter_cfg.c **** 	}
 391:.\Generated_Source\PSoC4/cyfitter_cfg.c **** 
 392:.\Generated_Source\PSoC4/cyfitter_cfg.c **** 	/* Perform second pass device configuration. These items must be configured in specific order afte
 393:.\Generated_Source\PSoC4/cyfitter_cfg.c **** 	/* IOPINS0_0 Starting address: CYDEV_PRT0_DR */
 394:.\Generated_Source\PSoC4/cyfitter_cfg.c **** 	CY_SET_XTND_REG32((void CYFAR *)(CYREG_PRT0_DR), 0x000000A0u);
 327              		.loc 1 394 0
 328 010e A022     		mov	r2, #160
 329 0110 134B     		ldr	r3, .L13+40
 330 0112 1A60     		str	r2, [r3]
 395:.\Generated_Source\PSoC4/cyfitter_cfg.c **** 	CY_SET_XTND_REG32((void CYFAR *)(CYREG_PRT0_PC), 0x00431000u);
 331              		.loc 1 395 0
 332 0114 134A     		ldr	r2, .L13+44
 333 0116 144B     		ldr	r3, .L13+48
 334 0118 1A60     		str	r2, [r3]
ARM GAS  C:\Users\EGH35~1.DRE\AppData\Local\Temp\ccOKNVqz.s 			page 14


 396:.\Generated_Source\PSoC4/cyfitter_cfg.c **** 	CY_SET_XTND_REG32((void CYFAR *)(CYREG_PRT0_INTCFG), 0x00008000u);
 335              		.loc 1 396 0
 336 011a 8022     		mov	r2, #128
 337 011c 1202     		lsl	r2, r2, #8
 338 011e 134B     		ldr	r3, .L13+52
 339 0120 1A60     		str	r2, [r3]
 397:.\Generated_Source\PSoC4/cyfitter_cfg.c **** 	CY_SET_XTND_REG32((void CYFAR *)(CYREG_PRT0_PC2), 0x00000020u);
 340              		.loc 1 397 0
 341 0122 2022     		mov	r2, #32
 342 0124 124B     		ldr	r3, .L13+56
 343 0126 1A60     		str	r2, [r3]
 398:.\Generated_Source\PSoC4/cyfitter_cfg.c **** 
 399:.\Generated_Source\PSoC4/cyfitter_cfg.c **** 	/* IOPINS0_3 Starting address: CYDEV_PRT3_DR */
 400:.\Generated_Source\PSoC4/cyfitter_cfg.c **** 	CY_SET_XTND_REG32((void CYFAR *)(CYREG_PRT3_PC), 0x00000D80u);
 344              		.loc 1 400 0
 345 0128 D822     		mov	r2, #216
 346 012a 1201     		lsl	r2, r2, #4
 347 012c 114B     		ldr	r3, .L13+60
 348 012e 1A60     		str	r2, [r3]
 401:.\Generated_Source\PSoC4/cyfitter_cfg.c **** 
 402:.\Generated_Source\PSoC4/cyfitter_cfg.c **** 	/* Setup clocks based on selections from Clock DWR */
 403:.\Generated_Source\PSoC4/cyfitter_cfg.c **** 	ClockSetup();
 349              		.loc 1 403 0
 350 0130 FFF766FF 		bl	ClockSetup
 351              	.LVL24:
 404:.\Generated_Source\PSoC4/cyfitter_cfg.c **** 
 405:.\Generated_Source\PSoC4/cyfitter_cfg.c **** 	/* Perform basic analog initialization to defaults */
 406:.\Generated_Source\PSoC4/cyfitter_cfg.c **** 	AnalogSetDefault();
 407:.\Generated_Source\PSoC4/cyfitter_cfg.c **** 
 408:.\Generated_Source\PSoC4/cyfitter_cfg.c **** }
 352              		.loc 1 408 0
 353              		@ sp needed
 354              	.LVL25:
 355 0134 38BD     		pop	{r3, r4, r5, pc}
 356              	.L14:
 357 0136 C046     		.align	2
 358              	.L13:
 359 0138 00000000 		.word	.LANCHOR0
 360 013c 00600F40 		.word	1074749440
 361 0140 02600F40 		.word	1074749442
 362 0144 00000140 		.word	1073807360
 363 0148 0C000140 		.word	1073807372
 364 014c 00500F40 		.word	1074745344
 365 0150 04500F40 		.word	1074745348
 366 0154 30500F40 		.word	1074745392
 367 0158 00700F40 		.word	1074753536
 368 015c 01700F40 		.word	1074753537
 369 0160 00000440 		.word	1074003968
 370 0164 00104300 		.word	4395008
 371 0168 08000440 		.word	1074003976
 372 016c 0C000440 		.word	1074003980
 373 0170 18000440 		.word	1074003992
 374 0174 08030440 		.word	1074004744
 375              		.cfi_endproc
 376              	.LFE6:
 377              		.size	cyfitter_cfg, .-cyfitter_cfg
 378              		.section	.rodata
ARM GAS  C:\Users\EGH35~1.DRE\AppData\Local\Temp\ccOKNVqz.s 			page 15


 379              		.align	2
 380              		.set	.LANCHOR0,. + 0
 381              		.type	cfg_memset_list.4740, %object
 382              		.size	cfg_memset_list.4740, 12
 383              	cfg_memset_list.4740:
 384 0000 00300F40 		.word	1074737152
 385 0004 0004     		.short	1024
 386 0006 00400F40 		.4byte	1074741248
 387 000a 0004     		.short	1024
 388              		.type	cy_cfg_addr_table.4734, %object
 389              		.size	cy_cfg_addr_table.4734, 16
 390              	cy_cfg_addr_table.4734:
 391 000c 01000F40 		.word	1074724865
 392 0010 2F320F40 		.word	1074737711
 393 0014 12330F40 		.word	1074737938
 394 0018 02600F40 		.word	1074749442
 395              		.type	cy_cfg_data_table.4735, %object
 396              		.size	cy_cfg_data_table.4735, 136
 397              	cy_cfg_data_table.4735:
 398 001c 83       		.byte	-125
 399 001d 0D       		.byte	13
 400 001e 40       		.byte	64
 401 001f 45       		.byte	69
 402 0020 49       		.byte	73
 403 0021 FF       		.byte	-1
 404 0022 4A       		.byte	74
 405 0023 FF       		.byte	-1
 406 0024 4B       		.byte	75
 407 0025 FF       		.byte	-1
 408 0026 4F       		.byte	79
 409 0027 01       		.byte	1
 410 0028 50       		.byte	80
 411 0029 18       		.byte	24
 412 002a 5A       		.byte	90
 413 002b 04       		.byte	4
 414 002c 5F       		.byte	95
 415 002d 01       		.byte	1
 416 002e 60       		.byte	96
 417 002f 40       		.byte	64
 418 0030 62       		.byte	98
 419 0031 40       		.byte	64
 420 0032 64       		.byte	100
 421 0033 40       		.byte	64
 422 0034 65       		.byte	101
 423 0035 40       		.byte	64
 424 0036 66       		.byte	102
 425 0037 80       		.byte	-128
 426 0038 68       		.byte	104
 427 0039 80       		.byte	-128
 428 003a 6A       		.byte	106
 429 003b 80       		.byte	-128
 430 003c 6C       		.byte	108
 431 003d 80       		.byte	-128
 432 003e 6E       		.byte	110
 433 003f 80       		.byte	-128
 434 0040 8E       		.byte	-114
 435 0041 01       		.byte	1
ARM GAS  C:\Users\EGH35~1.DRE\AppData\Local\Temp\ccOKNVqz.s 			page 16


 436 0042 92       		.byte	-110
 437 0043 01       		.byte	1
 438 0044 B6       		.byte	-74
 439 0045 01       		.byte	1
 440 0046 BE       		.byte	-66
 441 0047 40       		.byte	64
 442 0048 C0       		.byte	-64
 443 0049 54       		.byte	84
 444 004a C5       		.byte	-59
 445 004b EC       		.byte	-20
 446 004c C7       		.byte	-57
 447 004d 20       		.byte	32
 448 004e C8       		.byte	-56
 449 004f 23       		.byte	35
 450 0050 C9       		.byte	-55
 451 0051 FF       		.byte	-1
 452 0052 CA       		.byte	-54
 453 0053 FF       		.byte	-1
 454 0054 CB       		.byte	-53
 455 0055 FF       		.byte	-1
 456 0056 CD       		.byte	-51
 457 0057 83       		.byte	-125
 458 0058 CE       		.byte	-50
 459 0059 03       		.byte	3
 460 005a CF       		.byte	-49
 461 005b 01       		.byte	1
 462 005c D0       		.byte	-48
 463 005d 18       		.byte	24
 464 005e D2       		.byte	-46
 465 005f 80       		.byte	-128
 466 0060 D4       		.byte	-44
 467 0061 01       		.byte	1
 468 0062 D8       		.byte	-40
 469 0063 04       		.byte	4
 470 0064 DA       		.byte	-38
 471 0065 04       		.byte	4
 472 0066 DB       		.byte	-37
 473 0067 04       		.byte	4
 474 0068 DF       		.byte	-33
 475 0069 01       		.byte	1
 476 006a E0       		.byte	-32
 477 006b 40       		.byte	64
 478 006c E2       		.byte	-30
 479 006d 40       		.byte	64
 480 006e E4       		.byte	-28
 481 006f 40       		.byte	64
 482 0070 E5       		.byte	-27
 483 0071 40       		.byte	64
 484 0072 E6       		.byte	-26
 485 0073 80       		.byte	-128
 486 0074 E8       		.byte	-24
 487 0075 80       		.byte	-128
 488 0076 EA       		.byte	-22
 489 0077 80       		.byte	-128
 490 0078 EC       		.byte	-20
 491 0079 80       		.byte	-128
 492 007a EE       		.byte	-18
ARM GAS  C:\Users\EGH35~1.DRE\AppData\Local\Temp\ccOKNVqz.s 			page 17


 493 007b 80       		.byte	-128
 494 007c 02       		.byte	2
 495 007d 02       		.byte	2
 496 007e 0B       		.byte	11
 497 007f 40       		.byte	64
 498 0080 19       		.byte	25
 499 0081 40       		.byte	64
 500 0082 41       		.byte	65
 501 0083 01       		.byte	1
 502 0084 46       		.byte	70
 503 0085 80       		.byte	-128
 504 0086 49       		.byte	73
 505 0087 05       		.byte	5
 506 0088 4B       		.byte	75
 507 0089 40       		.byte	64
 508 008a 4E       		.byte	78
 509 008b 02       		.byte	2
 510 008c 51       		.byte	81
 511 008d 01       		.byte	1
 512 008e 52       		.byte	82
 513 008f 02       		.byte	2
 514 0090 59       		.byte	89
 515 0091 45       		.byte	69
 516 0092 72       		.byte	114
 517 0093 80       		.byte	-128
 518 0094 73       		.byte	115
 519 0095 40       		.byte	64
 520 0096 C0       		.byte	-64
 521 0097 01       		.byte	1
 522 0098 C2       		.byte	-62
 523 0099 08       		.byte	8
 524 009a D0       		.byte	-48
 525 009b 81       		.byte	-127
 526 009c D2       		.byte	-46
 527 009d 18       		.byte	24
 528 009e D6       		.byte	-42
 529 009f 0B       		.byte	11
 530 00a0 10       		.byte	16
 531 00a1 01       		.byte	1
 532 00a2 11       		.byte	17
 533 00a3 01       		.byte	1
 534              		.text
 535              	.Letext0:
 536              		.file 2 "c:\\program files (x86)\\cypress\\psoc creator\\3.2\\psoc creator\\import\\gnu\\arm\\4.8.
 537              		.file 3 ".\\Generated_Source\\PSoC4\\cytypes.h"
 538              		.file 4 ".\\Generated_Source\\PSoC4\\CyLib.h"
 539              		.section	.debug_info,"",%progbits
 540              	.Ldebug_info0:
 541 0000 B9030000 		.4byte	0x3b9
 542 0004 0400     		.2byte	0x4
 543 0006 00000000 		.4byte	.Ldebug_abbrev0
 544 000a 04       		.byte	0x4
 545 000b 01       		.uleb128 0x1
 546 000c 36010000 		.4byte	.LASF39
 547 0010 01       		.byte	0x1
 548 0011 DE010000 		.4byte	.LASF40
 549 0015 7A020000 		.4byte	.LASF41
ARM GAS  C:\Users\EGH35~1.DRE\AppData\Local\Temp\ccOKNVqz.s 			page 18


 550 0019 30000000 		.4byte	.Ldebug_ranges0+0x30
 551 001d 00000000 		.4byte	0
 552 0021 00000000 		.4byte	.Ldebug_line0
 553 0025 02       		.uleb128 0x2
 554 0026 04       		.byte	0x4
 555 0027 05       		.byte	0x5
 556 0028 696E7400 		.ascii	"int\000"
 557 002c 03       		.uleb128 0x3
 558 002d 0C000000 		.4byte	.LASF11
 559 0031 02       		.byte	0x2
 560 0032 D4       		.byte	0xd4
 561 0033 37000000 		.4byte	0x37
 562 0037 04       		.uleb128 0x4
 563 0038 04       		.byte	0x4
 564 0039 07       		.byte	0x7
 565 003a FD000000 		.4byte	.LASF0
 566 003e 04       		.uleb128 0x4
 567 003f 01       		.byte	0x1
 568 0040 06       		.byte	0x6
 569 0041 5B020000 		.4byte	.LASF1
 570 0045 04       		.uleb128 0x4
 571 0046 01       		.byte	0x1
 572 0047 08       		.byte	0x8
 573 0048 9F000000 		.4byte	.LASF2
 574 004c 04       		.uleb128 0x4
 575 004d 02       		.byte	0x2
 576 004e 05       		.byte	0x5
 577 004f 33020000 		.4byte	.LASF3
 578 0053 04       		.uleb128 0x4
 579 0054 02       		.byte	0x2
 580 0055 07       		.byte	0x7
 581 0056 67020000 		.4byte	.LASF4
 582 005a 04       		.uleb128 0x4
 583 005b 04       		.byte	0x4
 584 005c 05       		.byte	0x5
 585 005d 52020000 		.4byte	.LASF5
 586 0061 04       		.uleb128 0x4
 587 0062 04       		.byte	0x4
 588 0063 07       		.byte	0x7
 589 0064 7D000000 		.4byte	.LASF6
 590 0068 04       		.uleb128 0x4
 591 0069 08       		.byte	0x8
 592 006a 05       		.byte	0x5
 593 006b 06020000 		.4byte	.LASF7
 594 006f 04       		.uleb128 0x4
 595 0070 08       		.byte	0x8
 596 0071 07       		.byte	0x7
 597 0072 1F010000 		.4byte	.LASF8
 598 0076 04       		.uleb128 0x4
 599 0077 04       		.byte	0x4
 600 0078 07       		.byte	0x7
 601 0079 D5010000 		.4byte	.LASF9
 602 007d 05       		.uleb128 0x5
 603 007e 04       		.byte	0x4
 604 007f 06       		.uleb128 0x6
 605 0080 04       		.byte	0x4
 606 0081 85000000 		.4byte	0x85
ARM GAS  C:\Users\EGH35~1.DRE\AppData\Local\Temp\ccOKNVqz.s 			page 19


 607 0085 07       		.uleb128 0x7
 608 0086 04       		.uleb128 0x4
 609 0087 01       		.byte	0x1
 610 0088 08       		.byte	0x8
 611 0089 14020000 		.4byte	.LASF10
 612 008d 03       		.uleb128 0x3
 613 008e 8F000000 		.4byte	.LASF12
 614 0092 03       		.byte	0x3
 615 0093 C1       		.byte	0xc1
 616 0094 45000000 		.4byte	0x45
 617 0098 03       		.uleb128 0x3
 618 0099 E4000000 		.4byte	.LASF13
 619 009d 03       		.byte	0x3
 620 009e C2       		.byte	0xc2
 621 009f 53000000 		.4byte	0x53
 622 00a3 03       		.uleb128 0x3
 623 00a4 F6000000 		.4byte	.LASF14
 624 00a8 03       		.byte	0x3
 625 00a9 C3       		.byte	0xc3
 626 00aa 61000000 		.4byte	0x61
 627 00ae 04       		.uleb128 0x4
 628 00af 04       		.byte	0x4
 629 00b0 04       		.byte	0x4
 630 00b1 5D000000 		.4byte	.LASF15
 631 00b5 04       		.uleb128 0x4
 632 00b6 08       		.byte	0x8
 633 00b7 04       		.byte	0x4
 634 00b8 B4000000 		.4byte	.LASF16
 635 00bc 08       		.uleb128 0x8
 636 00bd 78000000 		.4byte	.LASF17
 637 00c1 03       		.byte	0x3
 638 00c2 6B01     		.2byte	0x16b
 639 00c4 C8000000 		.4byte	0xc8
 640 00c8 09       		.uleb128 0x9
 641 00c9 8D000000 		.4byte	0x8d
 642 00cd 08       		.uleb128 0x8
 643 00ce 00000000 		.4byte	.LASF18
 644 00d2 03       		.byte	0x3
 645 00d3 6C01     		.2byte	0x16c
 646 00d5 D9000000 		.4byte	0xd9
 647 00d9 09       		.uleb128 0x9
 648 00da 98000000 		.4byte	0x98
 649 00de 08       		.uleb128 0x8
 650 00df 06000000 		.4byte	.LASF19
 651 00e3 03       		.byte	0x3
 652 00e4 6D01     		.2byte	0x16d
 653 00e6 EA000000 		.4byte	0xea
 654 00ea 09       		.uleb128 0x9
 655 00eb A3000000 		.4byte	0xa3
 656 00ef 08       		.uleb128 0x8
 657 00f0 B2010000 		.4byte	.LASF20
 658 00f4 03       		.byte	0x3
 659 00f5 7D01     		.2byte	0x17d
 660 00f7 7F000000 		.4byte	0x7f
 661 00fb 0A       		.uleb128 0xa
 662 00fc 02       		.byte	0x2
 663 00fd 01       		.byte	0x1
ARM GAS  C:\Users\EGH35~1.DRE\AppData\Local\Temp\ccOKNVqz.s 			page 20


 664 00fe 7D       		.byte	0x7d
 665 00ff 1C010000 		.4byte	0x11c
 666 0103 0B       		.uleb128 0xb
 667 0104 2C020000 		.4byte	.LASF21
 668 0108 01       		.byte	0x1
 669 0109 7F       		.byte	0x7f
 670 010a 8D000000 		.4byte	0x8d
 671 010e 00       		.byte	0
 672 010f 0B       		.uleb128 0xb
 673 0110 22000000 		.4byte	.LASF22
 674 0114 01       		.byte	0x1
 675 0115 80       		.byte	0x80
 676 0116 8D000000 		.4byte	0x8d
 677 011a 01       		.byte	0x1
 678 011b 00       		.byte	0
 679 011c 03       		.uleb128 0x3
 680 011d 19020000 		.4byte	.LASF23
 681 0121 01       		.byte	0x1
 682 0122 81       		.byte	0x81
 683 0123 FB000000 		.4byte	0xfb
 684 0127 0C       		.uleb128 0xc
 685 0128 BB000000 		.4byte	.LASF28
 686 012c 01       		.byte	0x1
 687 012d 94       		.byte	0x94
 688 012e 00000000 		.4byte	.LFB3
 689 0132 36000000 		.4byte	.LFE3-.LFB3
 690 0136 01       		.uleb128 0x1
 691 0137 9C       		.byte	0x9c
 692 0138 95010000 		.4byte	0x195
 693 013c 0D       		.uleb128 0xd
 694 013d D9000000 		.4byte	.LASF24
 695 0141 01       		.byte	0x1
 696 0142 94       		.byte	0x94
 697 0143 95010000 		.4byte	0x195
 698 0147 01       		.uleb128 0x1
 699 0148 50       		.byte	0x50
 700 0149 0D       		.uleb128 0xd
 701 014a EB000000 		.4byte	.LASF25
 702 014e 01       		.byte	0x1
 703 014f 94       		.byte	0x94
 704 0150 A0010000 		.4byte	0x1a0
 705 0154 01       		.uleb128 0x1
 706 0155 51       		.byte	0x51
 707 0156 0E       		.uleb128 0xe
 708 0157 6900     		.ascii	"i\000"
 709 0159 01       		.byte	0x1
 710 015a 97       		.byte	0x97
 711 015b A3000000 		.4byte	0xa3
 712 015f 00000000 		.4byte	.LLST0
 713 0163 0E       		.uleb128 0xe
 714 0164 6A00     		.ascii	"j\000"
 715 0166 01       		.byte	0x1
 716 0167 97       		.byte	0x97
 717 0168 A3000000 		.4byte	0xa3
 718 016c 1F000000 		.4byte	.LLST1
 719 0170 0F       		.uleb128 0xf
 720 0171 00000000 		.4byte	.Ldebug_ranges0+0
ARM GAS  C:\Users\EGH35~1.DRE\AppData\Local\Temp\ccOKNVqz.s 			page 21


 721 0175 10       		.uleb128 0x10
 722 0176 CC010000 		.4byte	.LASF26
 723 017a 01       		.byte	0x1
 724 017b 9A       		.byte	0x9a
 725 017c A3000000 		.4byte	0xa3
 726 0180 3E000000 		.4byte	.LLST2
 727 0184 10       		.uleb128 0x10
 728 0185 28000000 		.4byte	.LASF27
 729 0189 01       		.byte	0x1
 730 018a 9B       		.byte	0x9b
 731 018b 8D000000 		.4byte	0x8d
 732 018f 51000000 		.4byte	.LLST3
 733 0193 00       		.byte	0
 734 0194 00       		.byte	0
 735 0195 06       		.uleb128 0x6
 736 0196 04       		.byte	0x4
 737 0197 9B010000 		.4byte	0x19b
 738 019b 11       		.uleb128 0x11
 739 019c A3000000 		.4byte	0xa3
 740 01a0 06       		.uleb128 0x6
 741 01a1 04       		.byte	0x4
 742 01a2 A6010000 		.4byte	0x1a6
 743 01a6 11       		.uleb128 0x11
 744 01a7 1C010000 		.4byte	0x11c
 745 01ab 0C       		.uleb128 0xc
 746 01ac 95000000 		.4byte	.LASF29
 747 01b0 01       		.byte	0x1
 748 01b1 3B       		.byte	0x3b
 749 01b2 00000000 		.4byte	.LFB0
 750 01b6 0C000000 		.4byte	.LFE0-.LFB0
 751 01ba 01       		.uleb128 0x1
 752 01bb 9C       		.byte	0x9c
 753 01bc F8010000 		.4byte	0x1f8
 754 01c0 12       		.uleb128 0x12
 755 01c1 7300     		.ascii	"s\000"
 756 01c3 01       		.byte	0x1
 757 01c4 3B       		.byte	0x3b
 758 01c5 7D000000 		.4byte	0x7d
 759 01c9 87000000 		.4byte	.LLST4
 760 01cd 12       		.uleb128 0x12
 761 01ce 6E00     		.ascii	"n\000"
 762 01d0 01       		.byte	0x1
 763 01d1 3B       		.byte	0x3b
 764 01d2 2C000000 		.4byte	0x2c
 765 01d6 A8000000 		.4byte	.LLST5
 766 01da 13       		.uleb128 0x13
 767 01db 0A000000 		.4byte	.LVL13
 768 01df 67030000 		.4byte	0x367
 769 01e3 14       		.uleb128 0x14
 770 01e4 01       		.uleb128 0x1
 771 01e5 52       		.byte	0x52
 772 01e6 03       		.uleb128 0x3
 773 01e7 F3       		.byte	0xf3
 774 01e8 01       		.uleb128 0x1
 775 01e9 51       		.byte	0x51
 776 01ea 14       		.uleb128 0x14
 777 01eb 01       		.uleb128 0x1
ARM GAS  C:\Users\EGH35~1.DRE\AppData\Local\Temp\ccOKNVqz.s 			page 22


 778 01ec 51       		.byte	0x51
 779 01ed 01       		.uleb128 0x1
 780 01ee 30       		.byte	0x30
 781 01ef 14       		.uleb128 0x14
 782 01f0 01       		.uleb128 0x1
 783 01f1 50       		.byte	0x50
 784 01f2 03       		.uleb128 0x3
 785 01f3 F3       		.byte	0xf3
 786 01f4 01       		.uleb128 0x1
 787 01f5 50       		.byte	0x50
 788 01f6 00       		.byte	0
 789 01f7 00       		.byte	0
 790 01f8 0C       		.uleb128 0xc
 791 01f9 2E000000 		.4byte	.LASF30
 792 01fd 01       		.byte	0x1
 793 01fe B9       		.byte	0xb9
 794 01ff 00000000 		.4byte	.LFB4
 795 0203 8C000000 		.4byte	.LFE4-.LFB4
 796 0207 01       		.uleb128 0x1
 797 0208 9C       		.byte	0x9c
 798 0209 43020000 		.4byte	0x243
 799 020d 15       		.uleb128 0x15
 800 020e 14000000 		.4byte	.LVL14
 801 0212 84030000 		.4byte	0x384
 802 0216 20020000 		.4byte	0x220
 803 021a 14       		.uleb128 0x14
 804 021b 01       		.uleb128 0x1
 805 021c 50       		.byte	0x50
 806 021d 01       		.uleb128 0x1
 807 021e 48       		.byte	0x48
 808 021f 00       		.byte	0
 809 0220 15       		.uleb128 0x15
 810 0221 4A000000 		.4byte	.LVL15
 811 0225 95030000 		.4byte	0x395
 812 0229 33020000 		.4byte	0x233
 813 022d 14       		.uleb128 0x14
 814 022e 01       		.uleb128 0x1
 815 022f 50       		.byte	0x50
 816 0230 01       		.uleb128 0x1
 817 0231 39       		.byte	0x39
 818 0232 00       		.byte	0
 819 0233 13       		.uleb128 0x13
 820 0234 50000000 		.4byte	.LVL16
 821 0238 AF030000 		.4byte	0x3af
 822 023c 14       		.uleb128 0x14
 823 023d 01       		.uleb128 0x1
 824 023e 50       		.byte	0x50
 825 023f 01       		.uleb128 0x1
 826 0240 39       		.byte	0x39
 827 0241 00       		.byte	0
 828 0242 00       		.byte	0
 829 0243 16       		.uleb128 0x16
 830 0244 0A010000 		.4byte	.LASF42
 831 0248 01       		.byte	0x1
 832 0249 0501     		.2byte	0x105
 833 024b 8C000000 		.4byte	.LFB6
 834 024f EC000000 		.4byte	.LFE6-.LFB6
ARM GAS  C:\Users\EGH35~1.DRE\AppData\Local\Temp\ccOKNVqz.s 			page 23


 835 0253 01       		.uleb128 0x1
 836 0254 9C       		.byte	0x9c
 837 0255 3D030000 		.4byte	0x33d
 838 0259 17       		.uleb128 0x17
 839 025a 90000000 		.4byte	.LBB4
 840 025e 7E000000 		.4byte	.LBE4-.LBB4
 841 0262 33030000 		.4byte	0x333
 842 0266 18       		.uleb128 0x18
 843 0267 39000000 		.4byte	.LASF31
 844 026b 01       		.byte	0x1
 845 026c 0B01     		.2byte	0x10b
 846 026e 4D030000 		.4byte	0x34d
 847 0272 05       		.uleb128 0x5
 848 0273 03       		.byte	0x3
 849 0274 0C000000 		.4byte	cy_cfg_addr_table.4734
 850 0278 18       		.uleb128 0x18
 851 0279 4B000000 		.4byte	.LASF32
 852 027d 01       		.byte	0x1
 853 027e 1201     		.2byte	0x112
 854 0280 62030000 		.4byte	0x362
 855 0284 05       		.uleb128 0x5
 856 0285 03       		.byte	0x3
 857 0286 1C000000 		.4byte	cy_cfg_data_table.4735
 858 028a 19       		.uleb128 0x19
 859 028b 06       		.byte	0x6
 860 028c 01       		.byte	0x1
 861 028d 5B01     		.2byte	0x15b
 862 028f AE020000 		.4byte	0x2ae
 863 0293 1A       		.uleb128 0x1a
 864 0294 17010000 		.4byte	.LASF33
 865 0298 01       		.byte	0x1
 866 0299 5C01     		.2byte	0x15c
 867 029b 7D000000 		.4byte	0x7d
 868 029f 00       		.byte	0
 869 02a0 1A       		.uleb128 0x1a
 870 02a1 73000000 		.4byte	.LASF34
 871 02a5 01       		.byte	0x1
 872 02a6 5D01     		.2byte	0x15d
 873 02a8 98000000 		.4byte	0x98
 874 02ac 04       		.byte	0x4
 875 02ad 00       		.byte	0
 876 02ae 08       		.uleb128 0x8
 877 02af BF010000 		.4byte	.LASF35
 878 02b3 01       		.byte	0x1
 879 02b4 5E01     		.2byte	0x15e
 880 02b6 8A020000 		.4byte	0x28a
 881 02ba 1B       		.uleb128 0x1b
 882 02bb AE020000 		.4byte	0x2ae
 883 02bf CA020000 		.4byte	0x2ca
 884 02c3 1C       		.uleb128 0x1c
 885 02c4 76000000 		.4byte	0x76
 886 02c8 01       		.byte	0x1
 887 02c9 00       		.byte	0
 888 02ca 18       		.uleb128 0x18
 889 02cb 63000000 		.4byte	.LASF36
 890 02cf 01       		.byte	0x1
 891 02d0 6001     		.2byte	0x160
ARM GAS  C:\Users\EGH35~1.DRE\AppData\Local\Temp\ccOKNVqz.s 			page 24


 892 02d2 DC020000 		.4byte	0x2dc
 893 02d6 05       		.uleb128 0x5
 894 02d7 03       		.byte	0x3
 895 02d8 00000000 		.4byte	cfg_memset_list.4740
 896 02dc 11       		.uleb128 0x11
 897 02dd BA020000 		.4byte	0x2ba
 898 02e1 1D       		.uleb128 0x1d
 899 02e2 6900     		.ascii	"i\000"
 900 02e4 01       		.byte	0x1
 901 02e5 6601     		.2byte	0x166
 902 02e7 8D000000 		.4byte	0x8d
 903 02eb D4000000 		.4byte	.LLST6
 904 02ef 1E       		.uleb128 0x1e
 905 02f0 18000000 		.4byte	.Ldebug_ranges0+0x18
 906 02f4 1C030000 		.4byte	0x31c
 907 02f8 1D       		.uleb128 0x1d
 908 02f9 6D7300   		.ascii	"ms\000"
 909 02fc 01       		.byte	0x1
 910 02fd 6B01     		.2byte	0x16b
 911 02ff 07030000 		.4byte	0x307
 912 0303 0B010000 		.4byte	.LLST7
 913 0307 06       		.uleb128 0x6
 914 0308 04       		.byte	0x4
 915 0309 0D030000 		.4byte	0x30d
 916 030d 11       		.uleb128 0x11
 917 030e AE020000 		.4byte	0x2ae
 918 0312 1F       		.uleb128 0x1f
 919 0313 AC000000 		.4byte	.LVL20
 920 0317 AB010000 		.4byte	0x1ab
 921 031b 00       		.byte	0
 922 031c 13       		.uleb128 0x13
 923 031d C0000000 		.4byte	.LVL23
 924 0321 27010000 		.4byte	0x127
 925 0325 14       		.uleb128 0x14
 926 0326 01       		.uleb128 0x1
 927 0327 51       		.byte	0x51
 928 0328 02       		.uleb128 0x2
 929 0329 75       		.byte	0x75
 930 032a 1C       		.sleb128 28
 931 032b 14       		.uleb128 0x14
 932 032c 01       		.uleb128 0x1
 933 032d 50       		.byte	0x50
 934 032e 02       		.uleb128 0x2
 935 032f 75       		.byte	0x75
 936 0330 0C       		.sleb128 12
 937 0331 00       		.byte	0
 938 0332 00       		.byte	0
 939 0333 1F       		.uleb128 0x1f
 940 0334 34010000 		.4byte	.LVL24
 941 0338 F8010000 		.4byte	0x1f8
 942 033c 00       		.byte	0
 943 033d 1B       		.uleb128 0x1b
 944 033e A3000000 		.4byte	0xa3
 945 0342 4D030000 		.4byte	0x34d
 946 0346 1C       		.uleb128 0x1c
 947 0347 76000000 		.4byte	0x76
 948 034b 03       		.byte	0x3
ARM GAS  C:\Users\EGH35~1.DRE\AppData\Local\Temp\ccOKNVqz.s 			page 25


 949 034c 00       		.byte	0
 950 034d 11       		.uleb128 0x11
 951 034e 3D030000 		.4byte	0x33d
 952 0352 1B       		.uleb128 0x1b
 953 0353 1C010000 		.4byte	0x11c
 954 0357 62030000 		.4byte	0x362
 955 035b 1C       		.uleb128 0x1c
 956 035c 76000000 		.4byte	0x76
 957 0360 43       		.byte	0x43
 958 0361 00       		.byte	0
 959 0362 11       		.uleb128 0x11
 960 0363 52030000 		.4byte	0x352
 961 0367 20       		.uleb128 0x20
 962 0368 AD000000 		.4byte	.LASF37
 963 036c 7D000000 		.4byte	0x7d
 964 0370 84030000 		.4byte	0x384
 965 0374 21       		.uleb128 0x21
 966 0375 7D000000 		.4byte	0x7d
 967 0379 21       		.uleb128 0x21
 968 037a 25000000 		.4byte	0x25
 969 037e 21       		.uleb128 0x21
 970 037f 76000000 		.4byte	0x76
 971 0383 00       		.byte	0
 972 0384 22       		.uleb128 0x22
 973 0385 3D020000 		.4byte	.LASF38
 974 0389 04       		.byte	0x4
 975 038a 31       		.byte	0x31
 976 038b 95030000 		.4byte	0x395
 977 038f 21       		.uleb128 0x21
 978 0390 A3000000 		.4byte	0xa3
 979 0394 00       		.byte	0
 980 0395 23       		.uleb128 0x23
 981 0396 13000000 		.4byte	.LASF43
 982 039a 04       		.byte	0x4
 983 039b 46       		.byte	0x46
 984 039c EF000000 		.4byte	0xef
 985 03a0 AF030000 		.4byte	0x3af
 986 03a4 21       		.uleb128 0x21
 987 03a5 8D000000 		.4byte	0x8d
 988 03a9 21       		.uleb128 0x21
 989 03aa EF000000 		.4byte	0xef
 990 03ae 00       		.byte	0
 991 03af 24       		.uleb128 0x24
 992 03b0 CD000000 		.4byte	.LASF44
 993 03b4 04       		.byte	0x4
 994 03b5 4C       		.byte	0x4c
 995 03b6 21       		.uleb128 0x21
 996 03b7 8D000000 		.4byte	0x8d
 997 03bb 00       		.byte	0
 998 03bc 00       		.byte	0
 999              		.section	.debug_abbrev,"",%progbits
 1000              	.Ldebug_abbrev0:
 1001 0000 01       		.uleb128 0x1
 1002 0001 11       		.uleb128 0x11
 1003 0002 01       		.byte	0x1
 1004 0003 25       		.uleb128 0x25
 1005 0004 0E       		.uleb128 0xe
ARM GAS  C:\Users\EGH35~1.DRE\AppData\Local\Temp\ccOKNVqz.s 			page 26


 1006 0005 13       		.uleb128 0x13
 1007 0006 0B       		.uleb128 0xb
 1008 0007 03       		.uleb128 0x3
 1009 0008 0E       		.uleb128 0xe
 1010 0009 1B       		.uleb128 0x1b
 1011 000a 0E       		.uleb128 0xe
 1012 000b 55       		.uleb128 0x55
 1013 000c 17       		.uleb128 0x17
 1014 000d 11       		.uleb128 0x11
 1015 000e 01       		.uleb128 0x1
 1016 000f 10       		.uleb128 0x10
 1017 0010 17       		.uleb128 0x17
 1018 0011 00       		.byte	0
 1019 0012 00       		.byte	0
 1020 0013 02       		.uleb128 0x2
 1021 0014 24       		.uleb128 0x24
 1022 0015 00       		.byte	0
 1023 0016 0B       		.uleb128 0xb
 1024 0017 0B       		.uleb128 0xb
 1025 0018 3E       		.uleb128 0x3e
 1026 0019 0B       		.uleb128 0xb
 1027 001a 03       		.uleb128 0x3
 1028 001b 08       		.uleb128 0x8
 1029 001c 00       		.byte	0
 1030 001d 00       		.byte	0
 1031 001e 03       		.uleb128 0x3
 1032 001f 16       		.uleb128 0x16
 1033 0020 00       		.byte	0
 1034 0021 03       		.uleb128 0x3
 1035 0022 0E       		.uleb128 0xe
 1036 0023 3A       		.uleb128 0x3a
 1037 0024 0B       		.uleb128 0xb
 1038 0025 3B       		.uleb128 0x3b
 1039 0026 0B       		.uleb128 0xb
 1040 0027 49       		.uleb128 0x49
 1041 0028 13       		.uleb128 0x13
 1042 0029 00       		.byte	0
 1043 002a 00       		.byte	0
 1044 002b 04       		.uleb128 0x4
 1045 002c 24       		.uleb128 0x24
 1046 002d 00       		.byte	0
 1047 002e 0B       		.uleb128 0xb
 1048 002f 0B       		.uleb128 0xb
 1049 0030 3E       		.uleb128 0x3e
 1050 0031 0B       		.uleb128 0xb
 1051 0032 03       		.uleb128 0x3
 1052 0033 0E       		.uleb128 0xe
 1053 0034 00       		.byte	0
 1054 0035 00       		.byte	0
 1055 0036 05       		.uleb128 0x5
 1056 0037 0F       		.uleb128 0xf
 1057 0038 00       		.byte	0
 1058 0039 0B       		.uleb128 0xb
 1059 003a 0B       		.uleb128 0xb
 1060 003b 00       		.byte	0
 1061 003c 00       		.byte	0
 1062 003d 06       		.uleb128 0x6
ARM GAS  C:\Users\EGH35~1.DRE\AppData\Local\Temp\ccOKNVqz.s 			page 27


 1063 003e 0F       		.uleb128 0xf
 1064 003f 00       		.byte	0
 1065 0040 0B       		.uleb128 0xb
 1066 0041 0B       		.uleb128 0xb
 1067 0042 49       		.uleb128 0x49
 1068 0043 13       		.uleb128 0x13
 1069 0044 00       		.byte	0
 1070 0045 00       		.byte	0
 1071 0046 07       		.uleb128 0x7
 1072 0047 15       		.uleb128 0x15
 1073 0048 00       		.byte	0
 1074 0049 27       		.uleb128 0x27
 1075 004a 19       		.uleb128 0x19
 1076 004b 00       		.byte	0
 1077 004c 00       		.byte	0
 1078 004d 08       		.uleb128 0x8
 1079 004e 16       		.uleb128 0x16
 1080 004f 00       		.byte	0
 1081 0050 03       		.uleb128 0x3
 1082 0051 0E       		.uleb128 0xe
 1083 0052 3A       		.uleb128 0x3a
 1084 0053 0B       		.uleb128 0xb
 1085 0054 3B       		.uleb128 0x3b
 1086 0055 05       		.uleb128 0x5
 1087 0056 49       		.uleb128 0x49
 1088 0057 13       		.uleb128 0x13
 1089 0058 00       		.byte	0
 1090 0059 00       		.byte	0
 1091 005a 09       		.uleb128 0x9
 1092 005b 35       		.uleb128 0x35
 1093 005c 00       		.byte	0
 1094 005d 49       		.uleb128 0x49
 1095 005e 13       		.uleb128 0x13
 1096 005f 00       		.byte	0
 1097 0060 00       		.byte	0
 1098 0061 0A       		.uleb128 0xa
 1099 0062 13       		.uleb128 0x13
 1100 0063 01       		.byte	0x1
 1101 0064 0B       		.uleb128 0xb
 1102 0065 0B       		.uleb128 0xb
 1103 0066 3A       		.uleb128 0x3a
 1104 0067 0B       		.uleb128 0xb
 1105 0068 3B       		.uleb128 0x3b
 1106 0069 0B       		.uleb128 0xb
 1107 006a 01       		.uleb128 0x1
 1108 006b 13       		.uleb128 0x13
 1109 006c 00       		.byte	0
 1110 006d 00       		.byte	0
 1111 006e 0B       		.uleb128 0xb
 1112 006f 0D       		.uleb128 0xd
 1113 0070 00       		.byte	0
 1114 0071 03       		.uleb128 0x3
 1115 0072 0E       		.uleb128 0xe
 1116 0073 3A       		.uleb128 0x3a
 1117 0074 0B       		.uleb128 0xb
 1118 0075 3B       		.uleb128 0x3b
 1119 0076 0B       		.uleb128 0xb
ARM GAS  C:\Users\EGH35~1.DRE\AppData\Local\Temp\ccOKNVqz.s 			page 28


 1120 0077 49       		.uleb128 0x49
 1121 0078 13       		.uleb128 0x13
 1122 0079 38       		.uleb128 0x38
 1123 007a 0B       		.uleb128 0xb
 1124 007b 00       		.byte	0
 1125 007c 00       		.byte	0
 1126 007d 0C       		.uleb128 0xc
 1127 007e 2E       		.uleb128 0x2e
 1128 007f 01       		.byte	0x1
 1129 0080 03       		.uleb128 0x3
 1130 0081 0E       		.uleb128 0xe
 1131 0082 3A       		.uleb128 0x3a
 1132 0083 0B       		.uleb128 0xb
 1133 0084 3B       		.uleb128 0x3b
 1134 0085 0B       		.uleb128 0xb
 1135 0086 27       		.uleb128 0x27
 1136 0087 19       		.uleb128 0x19
 1137 0088 11       		.uleb128 0x11
 1138 0089 01       		.uleb128 0x1
 1139 008a 12       		.uleb128 0x12
 1140 008b 06       		.uleb128 0x6
 1141 008c 40       		.uleb128 0x40
 1142 008d 18       		.uleb128 0x18
 1143 008e 9742     		.uleb128 0x2117
 1144 0090 19       		.uleb128 0x19
 1145 0091 01       		.uleb128 0x1
 1146 0092 13       		.uleb128 0x13
 1147 0093 00       		.byte	0
 1148 0094 00       		.byte	0
 1149 0095 0D       		.uleb128 0xd
 1150 0096 05       		.uleb128 0x5
 1151 0097 00       		.byte	0
 1152 0098 03       		.uleb128 0x3
 1153 0099 0E       		.uleb128 0xe
 1154 009a 3A       		.uleb128 0x3a
 1155 009b 0B       		.uleb128 0xb
 1156 009c 3B       		.uleb128 0x3b
 1157 009d 0B       		.uleb128 0xb
 1158 009e 49       		.uleb128 0x49
 1159 009f 13       		.uleb128 0x13
 1160 00a0 02       		.uleb128 0x2
 1161 00a1 18       		.uleb128 0x18
 1162 00a2 00       		.byte	0
 1163 00a3 00       		.byte	0
 1164 00a4 0E       		.uleb128 0xe
 1165 00a5 34       		.uleb128 0x34
 1166 00a6 00       		.byte	0
 1167 00a7 03       		.uleb128 0x3
 1168 00a8 08       		.uleb128 0x8
 1169 00a9 3A       		.uleb128 0x3a
 1170 00aa 0B       		.uleb128 0xb
 1171 00ab 3B       		.uleb128 0x3b
 1172 00ac 0B       		.uleb128 0xb
 1173 00ad 49       		.uleb128 0x49
 1174 00ae 13       		.uleb128 0x13
 1175 00af 02       		.uleb128 0x2
 1176 00b0 17       		.uleb128 0x17
ARM GAS  C:\Users\EGH35~1.DRE\AppData\Local\Temp\ccOKNVqz.s 			page 29


 1177 00b1 00       		.byte	0
 1178 00b2 00       		.byte	0
 1179 00b3 0F       		.uleb128 0xf
 1180 00b4 0B       		.uleb128 0xb
 1181 00b5 01       		.byte	0x1
 1182 00b6 55       		.uleb128 0x55
 1183 00b7 17       		.uleb128 0x17
 1184 00b8 00       		.byte	0
 1185 00b9 00       		.byte	0
 1186 00ba 10       		.uleb128 0x10
 1187 00bb 34       		.uleb128 0x34
 1188 00bc 00       		.byte	0
 1189 00bd 03       		.uleb128 0x3
 1190 00be 0E       		.uleb128 0xe
 1191 00bf 3A       		.uleb128 0x3a
 1192 00c0 0B       		.uleb128 0xb
 1193 00c1 3B       		.uleb128 0x3b
 1194 00c2 0B       		.uleb128 0xb
 1195 00c3 49       		.uleb128 0x49
 1196 00c4 13       		.uleb128 0x13
 1197 00c5 02       		.uleb128 0x2
 1198 00c6 17       		.uleb128 0x17
 1199 00c7 00       		.byte	0
 1200 00c8 00       		.byte	0
 1201 00c9 11       		.uleb128 0x11
 1202 00ca 26       		.uleb128 0x26
 1203 00cb 00       		.byte	0
 1204 00cc 49       		.uleb128 0x49
 1205 00cd 13       		.uleb128 0x13
 1206 00ce 00       		.byte	0
 1207 00cf 00       		.byte	0
 1208 00d0 12       		.uleb128 0x12
 1209 00d1 05       		.uleb128 0x5
 1210 00d2 00       		.byte	0
 1211 00d3 03       		.uleb128 0x3
 1212 00d4 08       		.uleb128 0x8
 1213 00d5 3A       		.uleb128 0x3a
 1214 00d6 0B       		.uleb128 0xb
 1215 00d7 3B       		.uleb128 0x3b
 1216 00d8 0B       		.uleb128 0xb
 1217 00d9 49       		.uleb128 0x49
 1218 00da 13       		.uleb128 0x13
 1219 00db 02       		.uleb128 0x2
 1220 00dc 17       		.uleb128 0x17
 1221 00dd 00       		.byte	0
 1222 00de 00       		.byte	0
 1223 00df 13       		.uleb128 0x13
 1224 00e0 898201   		.uleb128 0x4109
 1225 00e3 01       		.byte	0x1
 1226 00e4 11       		.uleb128 0x11
 1227 00e5 01       		.uleb128 0x1
 1228 00e6 31       		.uleb128 0x31
 1229 00e7 13       		.uleb128 0x13
 1230 00e8 00       		.byte	0
 1231 00e9 00       		.byte	0
 1232 00ea 14       		.uleb128 0x14
 1233 00eb 8A8201   		.uleb128 0x410a
ARM GAS  C:\Users\EGH35~1.DRE\AppData\Local\Temp\ccOKNVqz.s 			page 30


 1234 00ee 00       		.byte	0
 1235 00ef 02       		.uleb128 0x2
 1236 00f0 18       		.uleb128 0x18
 1237 00f1 9142     		.uleb128 0x2111
 1238 00f3 18       		.uleb128 0x18
 1239 00f4 00       		.byte	0
 1240 00f5 00       		.byte	0
 1241 00f6 15       		.uleb128 0x15
 1242 00f7 898201   		.uleb128 0x4109
 1243 00fa 01       		.byte	0x1
 1244 00fb 11       		.uleb128 0x11
 1245 00fc 01       		.uleb128 0x1
 1246 00fd 31       		.uleb128 0x31
 1247 00fe 13       		.uleb128 0x13
 1248 00ff 01       		.uleb128 0x1
 1249 0100 13       		.uleb128 0x13
 1250 0101 00       		.byte	0
 1251 0102 00       		.byte	0
 1252 0103 16       		.uleb128 0x16
 1253 0104 2E       		.uleb128 0x2e
 1254 0105 01       		.byte	0x1
 1255 0106 3F       		.uleb128 0x3f
 1256 0107 19       		.uleb128 0x19
 1257 0108 03       		.uleb128 0x3
 1258 0109 0E       		.uleb128 0xe
 1259 010a 3A       		.uleb128 0x3a
 1260 010b 0B       		.uleb128 0xb
 1261 010c 3B       		.uleb128 0x3b
 1262 010d 05       		.uleb128 0x5
 1263 010e 27       		.uleb128 0x27
 1264 010f 19       		.uleb128 0x19
 1265 0110 11       		.uleb128 0x11
 1266 0111 01       		.uleb128 0x1
 1267 0112 12       		.uleb128 0x12
 1268 0113 06       		.uleb128 0x6
 1269 0114 40       		.uleb128 0x40
 1270 0115 18       		.uleb128 0x18
 1271 0116 9742     		.uleb128 0x2117
 1272 0118 19       		.uleb128 0x19
 1273 0119 01       		.uleb128 0x1
 1274 011a 13       		.uleb128 0x13
 1275 011b 00       		.byte	0
 1276 011c 00       		.byte	0
 1277 011d 17       		.uleb128 0x17
 1278 011e 0B       		.uleb128 0xb
 1279 011f 01       		.byte	0x1
 1280 0120 11       		.uleb128 0x11
 1281 0121 01       		.uleb128 0x1
 1282 0122 12       		.uleb128 0x12
 1283 0123 06       		.uleb128 0x6
 1284 0124 01       		.uleb128 0x1
 1285 0125 13       		.uleb128 0x13
 1286 0126 00       		.byte	0
 1287 0127 00       		.byte	0
 1288 0128 18       		.uleb128 0x18
 1289 0129 34       		.uleb128 0x34
 1290 012a 00       		.byte	0
ARM GAS  C:\Users\EGH35~1.DRE\AppData\Local\Temp\ccOKNVqz.s 			page 31


 1291 012b 03       		.uleb128 0x3
 1292 012c 0E       		.uleb128 0xe
 1293 012d 3A       		.uleb128 0x3a
 1294 012e 0B       		.uleb128 0xb
 1295 012f 3B       		.uleb128 0x3b
 1296 0130 05       		.uleb128 0x5
 1297 0131 49       		.uleb128 0x49
 1298 0132 13       		.uleb128 0x13
 1299 0133 02       		.uleb128 0x2
 1300 0134 18       		.uleb128 0x18
 1301 0135 00       		.byte	0
 1302 0136 00       		.byte	0
 1303 0137 19       		.uleb128 0x19
 1304 0138 13       		.uleb128 0x13
 1305 0139 01       		.byte	0x1
 1306 013a 0B       		.uleb128 0xb
 1307 013b 0B       		.uleb128 0xb
 1308 013c 3A       		.uleb128 0x3a
 1309 013d 0B       		.uleb128 0xb
 1310 013e 3B       		.uleb128 0x3b
 1311 013f 05       		.uleb128 0x5
 1312 0140 01       		.uleb128 0x1
 1313 0141 13       		.uleb128 0x13
 1314 0142 00       		.byte	0
 1315 0143 00       		.byte	0
 1316 0144 1A       		.uleb128 0x1a
 1317 0145 0D       		.uleb128 0xd
 1318 0146 00       		.byte	0
 1319 0147 03       		.uleb128 0x3
 1320 0148 0E       		.uleb128 0xe
 1321 0149 3A       		.uleb128 0x3a
 1322 014a 0B       		.uleb128 0xb
 1323 014b 3B       		.uleb128 0x3b
 1324 014c 05       		.uleb128 0x5
 1325 014d 49       		.uleb128 0x49
 1326 014e 13       		.uleb128 0x13
 1327 014f 38       		.uleb128 0x38
 1328 0150 0B       		.uleb128 0xb
 1329 0151 00       		.byte	0
 1330 0152 00       		.byte	0
 1331 0153 1B       		.uleb128 0x1b
 1332 0154 01       		.uleb128 0x1
 1333 0155 01       		.byte	0x1
 1334 0156 49       		.uleb128 0x49
 1335 0157 13       		.uleb128 0x13
 1336 0158 01       		.uleb128 0x1
 1337 0159 13       		.uleb128 0x13
 1338 015a 00       		.byte	0
 1339 015b 00       		.byte	0
 1340 015c 1C       		.uleb128 0x1c
 1341 015d 21       		.uleb128 0x21
 1342 015e 00       		.byte	0
 1343 015f 49       		.uleb128 0x49
 1344 0160 13       		.uleb128 0x13
 1345 0161 2F       		.uleb128 0x2f
 1346 0162 0B       		.uleb128 0xb
 1347 0163 00       		.byte	0
ARM GAS  C:\Users\EGH35~1.DRE\AppData\Local\Temp\ccOKNVqz.s 			page 32


 1348 0164 00       		.byte	0
 1349 0165 1D       		.uleb128 0x1d
 1350 0166 34       		.uleb128 0x34
 1351 0167 00       		.byte	0
 1352 0168 03       		.uleb128 0x3
 1353 0169 08       		.uleb128 0x8
 1354 016a 3A       		.uleb128 0x3a
 1355 016b 0B       		.uleb128 0xb
 1356 016c 3B       		.uleb128 0x3b
 1357 016d 05       		.uleb128 0x5
 1358 016e 49       		.uleb128 0x49
 1359 016f 13       		.uleb128 0x13
 1360 0170 02       		.uleb128 0x2
 1361 0171 17       		.uleb128 0x17
 1362 0172 00       		.byte	0
 1363 0173 00       		.byte	0
 1364 0174 1E       		.uleb128 0x1e
 1365 0175 0B       		.uleb128 0xb
 1366 0176 01       		.byte	0x1
 1367 0177 55       		.uleb128 0x55
 1368 0178 17       		.uleb128 0x17
 1369 0179 01       		.uleb128 0x1
 1370 017a 13       		.uleb128 0x13
 1371 017b 00       		.byte	0
 1372 017c 00       		.byte	0
 1373 017d 1F       		.uleb128 0x1f
 1374 017e 898201   		.uleb128 0x4109
 1375 0181 00       		.byte	0
 1376 0182 11       		.uleb128 0x11
 1377 0183 01       		.uleb128 0x1
 1378 0184 31       		.uleb128 0x31
 1379 0185 13       		.uleb128 0x13
 1380 0186 00       		.byte	0
 1381 0187 00       		.byte	0
 1382 0188 20       		.uleb128 0x20
 1383 0189 2E       		.uleb128 0x2e
 1384 018a 01       		.byte	0x1
 1385 018b 3F       		.uleb128 0x3f
 1386 018c 19       		.uleb128 0x19
 1387 018d 03       		.uleb128 0x3
 1388 018e 0E       		.uleb128 0xe
 1389 018f 27       		.uleb128 0x27
 1390 0190 19       		.uleb128 0x19
 1391 0191 49       		.uleb128 0x49
 1392 0192 13       		.uleb128 0x13
 1393 0193 34       		.uleb128 0x34
 1394 0194 19       		.uleb128 0x19
 1395 0195 3C       		.uleb128 0x3c
 1396 0196 19       		.uleb128 0x19
 1397 0197 01       		.uleb128 0x1
 1398 0198 13       		.uleb128 0x13
 1399 0199 00       		.byte	0
 1400 019a 00       		.byte	0
 1401 019b 21       		.uleb128 0x21
 1402 019c 05       		.uleb128 0x5
 1403 019d 00       		.byte	0
 1404 019e 49       		.uleb128 0x49
ARM GAS  C:\Users\EGH35~1.DRE\AppData\Local\Temp\ccOKNVqz.s 			page 33


 1405 019f 13       		.uleb128 0x13
 1406 01a0 00       		.byte	0
 1407 01a1 00       		.byte	0
 1408 01a2 22       		.uleb128 0x22
 1409 01a3 2E       		.uleb128 0x2e
 1410 01a4 01       		.byte	0x1
 1411 01a5 3F       		.uleb128 0x3f
 1412 01a6 19       		.uleb128 0x19
 1413 01a7 03       		.uleb128 0x3
 1414 01a8 0E       		.uleb128 0xe
 1415 01a9 3A       		.uleb128 0x3a
 1416 01aa 0B       		.uleb128 0xb
 1417 01ab 3B       		.uleb128 0x3b
 1418 01ac 0B       		.uleb128 0xb
 1419 01ad 27       		.uleb128 0x27
 1420 01ae 19       		.uleb128 0x19
 1421 01af 3C       		.uleb128 0x3c
 1422 01b0 19       		.uleb128 0x19
 1423 01b1 01       		.uleb128 0x1
 1424 01b2 13       		.uleb128 0x13
 1425 01b3 00       		.byte	0
 1426 01b4 00       		.byte	0
 1427 01b5 23       		.uleb128 0x23
 1428 01b6 2E       		.uleb128 0x2e
 1429 01b7 01       		.byte	0x1
 1430 01b8 3F       		.uleb128 0x3f
 1431 01b9 19       		.uleb128 0x19
 1432 01ba 03       		.uleb128 0x3
 1433 01bb 0E       		.uleb128 0xe
 1434 01bc 3A       		.uleb128 0x3a
 1435 01bd 0B       		.uleb128 0xb
 1436 01be 3B       		.uleb128 0x3b
 1437 01bf 0B       		.uleb128 0xb
 1438 01c0 27       		.uleb128 0x27
 1439 01c1 19       		.uleb128 0x19
 1440 01c2 49       		.uleb128 0x49
 1441 01c3 13       		.uleb128 0x13
 1442 01c4 3C       		.uleb128 0x3c
 1443 01c5 19       		.uleb128 0x19
 1444 01c6 01       		.uleb128 0x1
 1445 01c7 13       		.uleb128 0x13
 1446 01c8 00       		.byte	0
 1447 01c9 00       		.byte	0
 1448 01ca 24       		.uleb128 0x24
 1449 01cb 2E       		.uleb128 0x2e
 1450 01cc 01       		.byte	0x1
 1451 01cd 3F       		.uleb128 0x3f
 1452 01ce 19       		.uleb128 0x19
 1453 01cf 03       		.uleb128 0x3
 1454 01d0 0E       		.uleb128 0xe
 1455 01d1 3A       		.uleb128 0x3a
 1456 01d2 0B       		.uleb128 0xb
 1457 01d3 3B       		.uleb128 0x3b
 1458 01d4 0B       		.uleb128 0xb
 1459 01d5 27       		.uleb128 0x27
 1460 01d6 19       		.uleb128 0x19
 1461 01d7 3C       		.uleb128 0x3c
ARM GAS  C:\Users\EGH35~1.DRE\AppData\Local\Temp\ccOKNVqz.s 			page 34


 1462 01d8 19       		.uleb128 0x19
 1463 01d9 00       		.byte	0
 1464 01da 00       		.byte	0
 1465 01db 00       		.byte	0
 1466              		.section	.debug_loc,"",%progbits
 1467              	.Ldebug_loc0:
 1468              	.LLST0:
 1469 0000 02000000 		.4byte	.LVL1
 1470 0004 0C000000 		.4byte	.LVL2
 1471 0008 0200     		.2byte	0x2
 1472 000a 30       		.byte	0x30
 1473 000b 9F       		.byte	0x9f
 1474 000c 0C000000 		.4byte	.LVL2
 1475 0010 34000000 		.4byte	.LVL10
 1476 0014 0100     		.2byte	0x1
 1477 0016 57       		.byte	0x57
 1478 0017 00000000 		.4byte	0
 1479 001b 00000000 		.4byte	0
 1480              	.LLST1:
 1481 001f 02000000 		.4byte	.LVL1
 1482 0023 0C000000 		.4byte	.LVL2
 1483 0027 0200     		.2byte	0x2
 1484 0029 30       		.byte	0x30
 1485 002a 9F       		.byte	0x9f
 1486 002b 0C000000 		.4byte	.LVL2
 1487 002f 36000000 		.4byte	.LFE3
 1488 0033 0100     		.2byte	0x1
 1489 0035 52       		.byte	0x52
 1490 0036 00000000 		.4byte	0
 1491 003a 00000000 		.4byte	0
 1492              	.LLST2:
 1493 003e 10000000 		.4byte	.LVL3
 1494 0042 30000000 		.4byte	.LVL9
 1495 0046 0100     		.2byte	0x1
 1496 0048 56       		.byte	0x56
 1497 0049 00000000 		.4byte	0
 1498 004d 00000000 		.4byte	0
 1499              	.LLST3:
 1500 0051 12000000 		.4byte	.LVL4
 1501 0055 16000000 		.4byte	.LVL5
 1502 0059 0100     		.2byte	0x1
 1503 005b 56       		.byte	0x56
 1504 005c 16000000 		.4byte	.LVL5
 1505 0060 28000000 		.4byte	.LVL7
 1506 0064 0100     		.2byte	0x1
 1507 0066 53       		.byte	0x53
 1508 0067 28000000 		.4byte	.LVL7
 1509 006b 2A000000 		.4byte	.LVL8
 1510 006f 0300     		.2byte	0x3
 1511 0071 73       		.byte	0x73
 1512 0072 01       		.sleb128 1
 1513 0073 9F       		.byte	0x9f
 1514 0074 2A000000 		.4byte	.LVL8
 1515 0078 30000000 		.4byte	.LVL9
 1516 007c 0100     		.2byte	0x1
 1517 007e 53       		.byte	0x53
 1518 007f 00000000 		.4byte	0
ARM GAS  C:\Users\EGH35~1.DRE\AppData\Local\Temp\ccOKNVqz.s 			page 35


 1519 0083 00000000 		.4byte	0
 1520              	.LLST4:
 1521 0087 00000000 		.4byte	.LVL11
 1522 008b 09000000 		.4byte	.LVL13-1
 1523 008f 0100     		.2byte	0x1
 1524 0091 50       		.byte	0x50
 1525 0092 09000000 		.4byte	.LVL13-1
 1526 0096 0C000000 		.4byte	.LFE0
 1527 009a 0400     		.2byte	0x4
 1528 009c F3       		.byte	0xf3
 1529 009d 01       		.uleb128 0x1
 1530 009e 50       		.byte	0x50
 1531 009f 9F       		.byte	0x9f
 1532 00a0 00000000 		.4byte	0
 1533 00a4 00000000 		.4byte	0
 1534              	.LLST5:
 1535 00a8 00000000 		.4byte	.LVL11
 1536 00ac 06000000 		.4byte	.LVL12
 1537 00b0 0100     		.2byte	0x1
 1538 00b2 51       		.byte	0x51
 1539 00b3 06000000 		.4byte	.LVL12
 1540 00b7 09000000 		.4byte	.LVL13-1
 1541 00bb 0100     		.2byte	0x1
 1542 00bd 52       		.byte	0x52
 1543 00be 09000000 		.4byte	.LVL13-1
 1544 00c2 0C000000 		.4byte	.LFE0
 1545 00c6 0400     		.2byte	0x4
 1546 00c8 F3       		.byte	0xf3
 1547 00c9 01       		.uleb128 0x1
 1548 00ca 51       		.byte	0x51
 1549 00cb 9F       		.byte	0x9f
 1550 00cc 00000000 		.4byte	0
 1551 00d0 00000000 		.4byte	0
 1552              	.LLST6:
 1553 00d4 90000000 		.4byte	.LVL17
 1554 00d8 96000000 		.4byte	.LVL18
 1555 00dc 0200     		.2byte	0x2
 1556 00de 30       		.byte	0x30
 1557 00df 9F       		.byte	0x9f
 1558 00e0 96000000 		.4byte	.LVL18
 1559 00e4 AE000000 		.4byte	.LVL21
 1560 00e8 0100     		.2byte	0x1
 1561 00ea 54       		.byte	0x54
 1562 00eb AE000000 		.4byte	.LVL21
 1563 00ef B0000000 		.4byte	.LVL22
 1564 00f3 0300     		.2byte	0x3
 1565 00f5 74       		.byte	0x74
 1566 00f6 7F       		.sleb128 -1
 1567 00f7 9F       		.byte	0x9f
 1568 00f8 B0000000 		.4byte	.LVL22
 1569 00fc 34010000 		.4byte	.LVL25
 1570 0100 0100     		.2byte	0x1
 1571 0102 54       		.byte	0x54
 1572 0103 00000000 		.4byte	0
 1573 0107 00000000 		.4byte	0
 1574              	.LLST7:
 1575 010b 9E000000 		.4byte	.LVL19
ARM GAS  C:\Users\EGH35~1.DRE\AppData\Local\Temp\ccOKNVqz.s 			page 36


 1576 010f AB000000 		.4byte	.LVL20-1
 1577 0113 0100     		.2byte	0x1
 1578 0115 53       		.byte	0x53
 1579 0116 AB000000 		.4byte	.LVL20-1
 1580 011a AE000000 		.4byte	.LVL21
 1581 011e 0D00     		.2byte	0xd
 1582 0120 74       		.byte	0x74
 1583 0121 00       		.sleb128 0
 1584 0122 31       		.byte	0x31
 1585 0123 24       		.byte	0x24
 1586 0124 74       		.byte	0x74
 1587 0125 00       		.sleb128 0
 1588 0126 22       		.byte	0x22
 1589 0127 31       		.byte	0x31
 1590 0128 24       		.byte	0x24
 1591 0129 75       		.byte	0x75
 1592 012a 00       		.sleb128 0
 1593 012b 22       		.byte	0x22
 1594 012c 9F       		.byte	0x9f
 1595 012d AE000000 		.4byte	.LVL21
 1596 0131 B0000000 		.4byte	.LVL22
 1597 0135 0D00     		.2byte	0xd
 1598 0137 74       		.byte	0x74
 1599 0138 7F       		.sleb128 -1
 1600 0139 74       		.byte	0x74
 1601 013a 7F       		.sleb128 -1
 1602 013b 31       		.byte	0x31
 1603 013c 24       		.byte	0x24
 1604 013d 22       		.byte	0x22
 1605 013e 31       		.byte	0x31
 1606 013f 24       		.byte	0x24
 1607 0140 75       		.byte	0x75
 1608 0141 00       		.sleb128 0
 1609 0142 22       		.byte	0x22
 1610 0143 9F       		.byte	0x9f
 1611 0144 00000000 		.4byte	0
 1612 0148 00000000 		.4byte	0
 1613              		.section	.debug_aranges,"",%progbits
 1614 0000 34000000 		.4byte	0x34
 1615 0004 0200     		.2byte	0x2
 1616 0006 00000000 		.4byte	.Ldebug_info0
 1617 000a 04       		.byte	0x4
 1618 000b 00       		.byte	0
 1619 000c 0000     		.2byte	0
 1620 000e 0000     		.2byte	0
 1621 0010 00000000 		.4byte	.LFB3
 1622 0014 36000000 		.4byte	.LFE3-.LFB3
 1623 0018 00000000 		.4byte	.LFB0
 1624 001c 0C000000 		.4byte	.LFE0-.LFB0
 1625 0020 00000000 		.4byte	.LFB4
 1626 0024 8C000000 		.4byte	.LFE4-.LFB4
 1627 0028 8C000000 		.4byte	.LFB6
 1628 002c EC000000 		.4byte	.LFE6-.LFB6
 1629 0030 00000000 		.4byte	0
 1630 0034 00000000 		.4byte	0
 1631              		.section	.debug_ranges,"",%progbits
 1632              	.Ldebug_ranges0:
ARM GAS  C:\Users\EGH35~1.DRE\AppData\Local\Temp\ccOKNVqz.s 			page 37


 1633 0000 06000000 		.4byte	.LBB2
 1634 0004 0A000000 		.4byte	.LBE2
 1635 0008 0C000000 		.4byte	.LBB3
 1636 000c 2E000000 		.4byte	.LBE3
 1637 0010 00000000 		.4byte	0
 1638 0014 00000000 		.4byte	0
 1639 0018 92000000 		.4byte	.LBB5
 1640 001c 94000000 		.4byte	.LBE5
 1641 0020 96000000 		.4byte	.LBB6
 1642 0024 AC000000 		.4byte	.LBE6
 1643 0028 00000000 		.4byte	0
 1644 002c 00000000 		.4byte	0
 1645 0030 00000000 		.4byte	.LFB3
 1646 0034 36000000 		.4byte	.LFE3
 1647 0038 00000000 		.4byte	.LFB0
 1648 003c 0C000000 		.4byte	.LFE0
 1649 0040 00000000 		.4byte	.LFB4
 1650 0044 8C000000 		.4byte	.LFE4
 1651 0048 8C000000 		.4byte	.LFB6
 1652 004c 78010000 		.4byte	.LFE6
 1653 0050 00000000 		.4byte	0
 1654 0054 00000000 		.4byte	0
 1655              		.section	.debug_line,"",%progbits
 1656              	.Ldebug_line0:
 1657 0000 6A010000 		.section	.debug_str,"MS",%progbits,1
 1657      0200D800 
 1657      00000201 
 1657      FB0E0D00 
 1657      01010101 
 1658              	.LASF18:
 1659 0000 72656731 		.ascii	"reg16\000"
 1659      3600
 1660              	.LASF19:
 1661 0006 72656733 		.ascii	"reg32\000"
 1661      3200
 1662              	.LASF11:
 1663 000c 73697A65 		.ascii	"size_t\000"
 1663      5F7400
 1664              	.LASF43:
 1665 0013 4379496E 		.ascii	"CyIntSetVector\000"
 1665      74536574 
 1665      56656374 
 1665      6F7200
 1666              	.LASF22:
 1667 0022 76616C75 		.ascii	"value\000"
 1667      6500
 1668              	.LASF27:
 1669 0028 636F756E 		.ascii	"count\000"
 1669      7400
 1670              	.LASF30:
 1671 002e 436C6F63 		.ascii	"ClockSetup\000"
 1671      6B536574 
 1671      757000
 1672              	.LASF31:
 1673 0039 63795F63 		.ascii	"cy_cfg_addr_table\000"
 1673      66675F61 
 1673      6464725F 
ARM GAS  C:\Users\EGH35~1.DRE\AppData\Local\Temp\ccOKNVqz.s 			page 38


 1673      7461626C 
 1673      6500
 1674              	.LASF32:
 1675 004b 63795F63 		.ascii	"cy_cfg_data_table\000"
 1675      66675F64 
 1675      6174615F 
 1675      7461626C 
 1675      6500
 1676              	.LASF15:
 1677 005d 666C6F61 		.ascii	"float\000"
 1677      7400
 1678              	.LASF36:
 1679 0063 6366675F 		.ascii	"cfg_memset_list\000"
 1679      6D656D73 
 1679      65745F6C 
 1679      69737400 
 1680              	.LASF34:
 1681 0073 73697A65 		.ascii	"size\000"
 1681      00
 1682              	.LASF17:
 1683 0078 72656738 		.ascii	"reg8\000"
 1683      00
 1684              	.LASF6:
 1685 007d 6C6F6E67 		.ascii	"long unsigned int\000"
 1685      20756E73 
 1685      69676E65 
 1685      6420696E 
 1685      7400
 1686              	.LASF12:
 1687 008f 75696E74 		.ascii	"uint8\000"
 1687      3800
 1688              	.LASF29:
 1689 0095 43594D45 		.ascii	"CYMEMZERO\000"
 1689      4D5A4552 
 1689      4F00
 1690              	.LASF2:
 1691 009f 756E7369 		.ascii	"unsigned char\000"
 1691      676E6564 
 1691      20636861 
 1691      7200
 1692              	.LASF37:
 1693 00ad 6D656D73 		.ascii	"memset\000"
 1693      657400
 1694              	.LASF16:
 1695 00b4 646F7562 		.ascii	"double\000"
 1695      6C6500
 1696              	.LASF28:
 1697 00bb 6366675F 		.ascii	"cfg_write_bytes32\000"
 1697      77726974 
 1697      655F6279 
 1697      74657333 
 1697      3200
 1698              	.LASF44:
 1699 00cd 4379496E 		.ascii	"CyIntEnable\000"
 1699      74456E61 
 1699      626C6500 
 1700              	.LASF24:
ARM GAS  C:\Users\EGH35~1.DRE\AppData\Local\Temp\ccOKNVqz.s 			page 39


 1701 00d9 61646472 		.ascii	"addr_table\000"
 1701      5F746162 
 1701      6C6500
 1702              	.LASF13:
 1703 00e4 75696E74 		.ascii	"uint16\000"
 1703      313600
 1704              	.LASF25:
 1705 00eb 64617461 		.ascii	"data_table\000"
 1705      5F746162 
 1705      6C6500
 1706              	.LASF14:
 1707 00f6 75696E74 		.ascii	"uint32\000"
 1707      333200
 1708              	.LASF0:
 1709 00fd 756E7369 		.ascii	"unsigned int\000"
 1709      676E6564 
 1709      20696E74 
 1709      00
 1710              	.LASF42:
 1711 010a 63796669 		.ascii	"cyfitter_cfg\000"
 1711      74746572 
 1711      5F636667 
 1711      00
 1712              	.LASF33:
 1713 0117 61646472 		.ascii	"address\000"
 1713      65737300 
 1714              	.LASF8:
 1715 011f 6C6F6E67 		.ascii	"long long unsigned int\000"
 1715      206C6F6E 
 1715      6720756E 
 1715      7369676E 
 1715      65642069 
 1716              	.LASF39:
 1717 0136 474E5520 		.ascii	"GNU C 4.8.4 20140526 (release) [ARM/embedded-4_8-br"
 1717      4320342E 
 1717      382E3420 
 1717      32303134 
 1717      30353236 
 1718 0169 616E6368 		.ascii	"anch revision 211358] -mcpu=cortex-m0 -mthumb -g -O"
 1718      20726576 
 1718      6973696F 
 1718      6E203231 
 1718      31333538 
 1719 019c 67202D66 		.ascii	"g -ffunction-sections\000"
 1719      66756E63 
 1719      74696F6E 
 1719      2D736563 
 1719      74696F6E 
 1720              	.LASF20:
 1721 01b2 63796973 		.ascii	"cyisraddress\000"
 1721      72616464 
 1721      72657373 
 1721      00
 1722              	.LASF35:
 1723 01bf 6366675F 		.ascii	"cfg_memset_t\000"
 1723      6D656D73 
 1723      65745F74 
ARM GAS  C:\Users\EGH35~1.DRE\AppData\Local\Temp\ccOKNVqz.s 			page 40


 1723      00
 1724              	.LASF26:
 1725 01cc 62617365 		.ascii	"baseAddr\000"
 1725      41646472 
 1725      00
 1726              	.LASF9:
 1727 01d5 73697A65 		.ascii	"sizetype\000"
 1727      74797065 
 1727      00
 1728              	.LASF40:
 1729 01de 2E5C4765 		.ascii	".\\Generated_Source\\PSoC4\\cyfitter_cfg.c\000"
 1729      6E657261 
 1729      7465645F 
 1729      536F7572 
 1729      63655C50 
 1730              	.LASF7:
 1731 0206 6C6F6E67 		.ascii	"long long int\000"
 1731      206C6F6E 
 1731      6720696E 
 1731      7400
 1732              	.LASF10:
 1733 0214 63686172 		.ascii	"char\000"
 1733      00
 1734              	.LASF23:
 1735 0219 63795F63 		.ascii	"cy_cfg_addrvalue_t\000"
 1735      66675F61 
 1735      64647276 
 1735      616C7565 
 1735      5F7400
 1736              	.LASF21:
 1737 022c 6F666673 		.ascii	"offset\000"
 1737      657400
 1738              	.LASF3:
 1739 0233 73686F72 		.ascii	"short int\000"
 1739      7420696E 
 1739      7400
 1740              	.LASF38:
 1741 023d 43795379 		.ascii	"CySysClkWriteImoFreq\000"
 1741      73436C6B 
 1741      57726974 
 1741      65496D6F 
 1741      46726571 
 1742              	.LASF5:
 1743 0252 6C6F6E67 		.ascii	"long int\000"
 1743      20696E74 
 1743      00
 1744              	.LASF1:
 1745 025b 7369676E 		.ascii	"signed char\000"
 1745      65642063 
 1745      68617200 
 1746              	.LASF4:
 1747 0267 73686F72 		.ascii	"short unsigned int\000"
 1747      7420756E 
 1747      7369676E 
 1747      65642069 
 1747      6E7400
 1748              	.LASF41:
ARM GAS  C:\Users\EGH35~1.DRE\AppData\Local\Temp\ccOKNVqz.s 			page 41


 1749 027a 453A5C73 		.ascii	"E:\\school\\ECEC304\\Lab6\\TimerInt.cydsn\000"
 1749      63686F6F 
 1749      6C5C4543 
 1749      45433330 
 1749      345C4C61 
 1750              		.ident	"GCC: (GNU Tools for ARM Embedded Processors) 4.8.4 20140526 (release) [ARM/embedded-4_8-br
