ARM GAS  C:\Users\egh35\AppData\Local\Temp\ccT1UA0a.s 			page 1


   1              		.cpu cortex-m0
   2              		.fpu softvfp
   3              		.eabi_attribute 20, 1
   4              		.eabi_attribute 21, 1
   5              		.eabi_attribute 23, 3
   6              		.eabi_attribute 24, 1
   7              		.eabi_attribute 25, 1
   8              		.eabi_attribute 26, 1
   9              		.eabi_attribute 30, 1
  10              		.eabi_attribute 34, 0
  11              		.eabi_attribute 18, 4
  12              		.code	16
  13              		.file	"cyfitter_cfg.c"
  14              		.text
  15              	.Ltext0:
  16              		.cfi_sections	.debug_frame
  17              		.section	.text.cfg_write_bytes32,"ax",%progbits
  18              		.align	2
  19              		.code	16
  20              		.thumb_func
  21              		.type	cfg_write_bytes32, %function
  22              	cfg_write_bytes32:
  23              	.LFB3:
  24              		.file 1 ".\\Generated_Source\\PSoC4\\cyfitter_cfg.c"
   1:.\Generated_Source\PSoC4/cyfitter_cfg.c **** /*******************************************************************************
   2:.\Generated_Source\PSoC4/cyfitter_cfg.c **** * FILENAME: cyfitter_cfg.c
   3:.\Generated_Source\PSoC4/cyfitter_cfg.c **** * 
   4:.\Generated_Source\PSoC4/cyfitter_cfg.c **** * PSoC Creator  3.2 SP1
   5:.\Generated_Source\PSoC4/cyfitter_cfg.c **** *
   6:.\Generated_Source\PSoC4/cyfitter_cfg.c **** * DESCRIPTION:
   7:.\Generated_Source\PSoC4/cyfitter_cfg.c **** * This file contains device initialization code.
   8:.\Generated_Source\PSoC4/cyfitter_cfg.c **** * Except for the user defined sections in CyClockStartupError(), this file should not be modified.
   9:.\Generated_Source\PSoC4/cyfitter_cfg.c **** * This file is automatically generated by PSoC Creator.
  10:.\Generated_Source\PSoC4/cyfitter_cfg.c **** *
  11:.\Generated_Source\PSoC4/cyfitter_cfg.c **** ********************************************************************************
  12:.\Generated_Source\PSoC4/cyfitter_cfg.c **** * Copyright (c) 2007-2015 Cypress Semiconductor.  All rights reserved.
  13:.\Generated_Source\PSoC4/cyfitter_cfg.c **** * You may use this file only in accordance with the license, terms, conditions, 
  14:.\Generated_Source\PSoC4/cyfitter_cfg.c **** * disclaimers, and limitations in the end user license agreement accompanying 
  15:.\Generated_Source\PSoC4/cyfitter_cfg.c **** * the software package with which this file was provided.
  16:.\Generated_Source\PSoC4/cyfitter_cfg.c **** ********************************************************************************/
  17:.\Generated_Source\PSoC4/cyfitter_cfg.c **** 
  18:.\Generated_Source\PSoC4/cyfitter_cfg.c **** #include <string.h>
  19:.\Generated_Source\PSoC4/cyfitter_cfg.c **** #include "cytypes.h"
  20:.\Generated_Source\PSoC4/cyfitter_cfg.c **** #include "cydevice_trm.h"
  21:.\Generated_Source\PSoC4/cyfitter_cfg.c **** #include "cyfitter.h"
  22:.\Generated_Source\PSoC4/cyfitter_cfg.c **** #include "CyLib.h"
  23:.\Generated_Source\PSoC4/cyfitter_cfg.c **** #include "CyLFClk.h"
  24:.\Generated_Source\PSoC4/cyfitter_cfg.c **** #include "cyfitter_cfg.h"
  25:.\Generated_Source\PSoC4/cyfitter_cfg.c **** 
  26:.\Generated_Source\PSoC4/cyfitter_cfg.c **** 
  27:.\Generated_Source\PSoC4/cyfitter_cfg.c **** #if defined(__GNUC__) || defined(__ARMCC_VERSION)
  28:.\Generated_Source\PSoC4/cyfitter_cfg.c ****     #define CYPACKED 
  29:.\Generated_Source\PSoC4/cyfitter_cfg.c ****     #define CYPACKED_ATTR __attribute__ ((packed))
  30:.\Generated_Source\PSoC4/cyfitter_cfg.c ****     #define CYALIGNED __attribute__ ((aligned))
  31:.\Generated_Source\PSoC4/cyfitter_cfg.c ****     #define CY_CFG_UNUSED __attribute__ ((unused))
  32:.\Generated_Source\PSoC4/cyfitter_cfg.c ****     #define CY_CFG_SECTION __attribute__ ((section(".psocinit")))
  33:.\Generated_Source\PSoC4/cyfitter_cfg.c ****     
ARM GAS  C:\Users\egh35\AppData\Local\Temp\ccT1UA0a.s 			page 2


  34:.\Generated_Source\PSoC4/cyfitter_cfg.c ****     #if defined(__ARMCC_VERSION)
  35:.\Generated_Source\PSoC4/cyfitter_cfg.c ****         #define CY_CFG_MEMORY_BARRIER() __memory_changed()
  36:.\Generated_Source\PSoC4/cyfitter_cfg.c ****     #else
  37:.\Generated_Source\PSoC4/cyfitter_cfg.c ****         #define CY_CFG_MEMORY_BARRIER() __sync_synchronize()
  38:.\Generated_Source\PSoC4/cyfitter_cfg.c ****     #endif
  39:.\Generated_Source\PSoC4/cyfitter_cfg.c ****     
  40:.\Generated_Source\PSoC4/cyfitter_cfg.c **** #elif defined(__ICCARM__)
  41:.\Generated_Source\PSoC4/cyfitter_cfg.c ****     #include <intrinsics.h>
  42:.\Generated_Source\PSoC4/cyfitter_cfg.c **** 
  43:.\Generated_Source\PSoC4/cyfitter_cfg.c ****     #define CYPACKED __packed
  44:.\Generated_Source\PSoC4/cyfitter_cfg.c ****     #define CYPACKED_ATTR 
  45:.\Generated_Source\PSoC4/cyfitter_cfg.c ****     #define CYALIGNED _Pragma("data_alignment=4")
  46:.\Generated_Source\PSoC4/cyfitter_cfg.c ****     #define CY_CFG_UNUSED _Pragma("diag_suppress=Pe177")
  47:.\Generated_Source\PSoC4/cyfitter_cfg.c ****     #define CY_CFG_SECTION _Pragma("location=\".psocinit\"")
  48:.\Generated_Source\PSoC4/cyfitter_cfg.c ****     
  49:.\Generated_Source\PSoC4/cyfitter_cfg.c ****     #define CY_CFG_MEMORY_BARRIER() __DMB()
  50:.\Generated_Source\PSoC4/cyfitter_cfg.c ****     
  51:.\Generated_Source\PSoC4/cyfitter_cfg.c **** #else
  52:.\Generated_Source\PSoC4/cyfitter_cfg.c ****     #error Unsupported toolchain
  53:.\Generated_Source\PSoC4/cyfitter_cfg.c **** #endif
  54:.\Generated_Source\PSoC4/cyfitter_cfg.c **** 
  55:.\Generated_Source\PSoC4/cyfitter_cfg.c **** 
  56:.\Generated_Source\PSoC4/cyfitter_cfg.c **** CY_CFG_UNUSED
  57:.\Generated_Source\PSoC4/cyfitter_cfg.c **** static void CYMEMZERO(void *s, size_t n);
  58:.\Generated_Source\PSoC4/cyfitter_cfg.c **** CY_CFG_UNUSED
  59:.\Generated_Source\PSoC4/cyfitter_cfg.c **** static void CYMEMZERO(void *s, size_t n)
  60:.\Generated_Source\PSoC4/cyfitter_cfg.c **** {
  61:.\Generated_Source\PSoC4/cyfitter_cfg.c **** 	(void)memset(s, 0, n);
  62:.\Generated_Source\PSoC4/cyfitter_cfg.c **** }
  63:.\Generated_Source\PSoC4/cyfitter_cfg.c **** CY_CFG_UNUSED
  64:.\Generated_Source\PSoC4/cyfitter_cfg.c **** static void CYCONFIGCPY(void *dest, const void *src, size_t n);
  65:.\Generated_Source\PSoC4/cyfitter_cfg.c **** CY_CFG_UNUSED
  66:.\Generated_Source\PSoC4/cyfitter_cfg.c **** static void CYCONFIGCPY(void *dest, const void *src, size_t n)
  67:.\Generated_Source\PSoC4/cyfitter_cfg.c **** {
  68:.\Generated_Source\PSoC4/cyfitter_cfg.c **** 	(void)memcpy(dest, src, n);
  69:.\Generated_Source\PSoC4/cyfitter_cfg.c **** }
  70:.\Generated_Source\PSoC4/cyfitter_cfg.c **** CY_CFG_UNUSED
  71:.\Generated_Source\PSoC4/cyfitter_cfg.c **** static void CYCONFIGCPYCODE(void *dest, const void *src, size_t n);
  72:.\Generated_Source\PSoC4/cyfitter_cfg.c **** CY_CFG_UNUSED
  73:.\Generated_Source\PSoC4/cyfitter_cfg.c **** static void CYCONFIGCPYCODE(void *dest, const void *src, size_t n)
  74:.\Generated_Source\PSoC4/cyfitter_cfg.c **** {
  75:.\Generated_Source\PSoC4/cyfitter_cfg.c **** 	(void)memcpy(dest, src, n);
  76:.\Generated_Source\PSoC4/cyfitter_cfg.c **** }
  77:.\Generated_Source\PSoC4/cyfitter_cfg.c **** 
  78:.\Generated_Source\PSoC4/cyfitter_cfg.c **** 
  79:.\Generated_Source\PSoC4/cyfitter_cfg.c **** 
  80:.\Generated_Source\PSoC4/cyfitter_cfg.c **** /* Clock startup error codes                                                   */
  81:.\Generated_Source\PSoC4/cyfitter_cfg.c **** #define CYCLOCKSTART_NO_ERROR    0u
  82:.\Generated_Source\PSoC4/cyfitter_cfg.c **** #define CYCLOCKSTART_XTAL_ERROR  1u
  83:.\Generated_Source\PSoC4/cyfitter_cfg.c **** #define CYCLOCKSTART_32KHZ_ERROR 2u
  84:.\Generated_Source\PSoC4/cyfitter_cfg.c **** #define CYCLOCKSTART_PLL_ERROR   3u
  85:.\Generated_Source\PSoC4/cyfitter_cfg.c **** 
  86:.\Generated_Source\PSoC4/cyfitter_cfg.c **** #ifdef CY_NEED_CYCLOCKSTARTUPERROR
  87:.\Generated_Source\PSoC4/cyfitter_cfg.c **** /*******************************************************************************
  88:.\Generated_Source\PSoC4/cyfitter_cfg.c **** * Function Name: CyClockStartupError
  89:.\Generated_Source\PSoC4/cyfitter_cfg.c **** ********************************************************************************
  90:.\Generated_Source\PSoC4/cyfitter_cfg.c **** * Summary:
ARM GAS  C:\Users\egh35\AppData\Local\Temp\ccT1UA0a.s 			page 3


  91:.\Generated_Source\PSoC4/cyfitter_cfg.c **** *  If an error is encountered during clock configuration (crystal startup error,
  92:.\Generated_Source\PSoC4/cyfitter_cfg.c **** *  PLL lock error, etc.), the system will end up here.  Unless reimplemented by
  93:.\Generated_Source\PSoC4/cyfitter_cfg.c **** *  the customer, this function will stop in an infinite loop.
  94:.\Generated_Source\PSoC4/cyfitter_cfg.c **** *
  95:.\Generated_Source\PSoC4/cyfitter_cfg.c **** * Parameters:
  96:.\Generated_Source\PSoC4/cyfitter_cfg.c **** *   void
  97:.\Generated_Source\PSoC4/cyfitter_cfg.c **** *
  98:.\Generated_Source\PSoC4/cyfitter_cfg.c **** * Return:
  99:.\Generated_Source\PSoC4/cyfitter_cfg.c **** *   void
 100:.\Generated_Source\PSoC4/cyfitter_cfg.c **** *
 101:.\Generated_Source\PSoC4/cyfitter_cfg.c **** *******************************************************************************/
 102:.\Generated_Source\PSoC4/cyfitter_cfg.c **** CY_CFG_UNUSED
 103:.\Generated_Source\PSoC4/cyfitter_cfg.c **** static void CyClockStartupError(uint8 errorCode);
 104:.\Generated_Source\PSoC4/cyfitter_cfg.c **** CY_CFG_UNUSED
 105:.\Generated_Source\PSoC4/cyfitter_cfg.c **** static void CyClockStartupError(uint8 errorCode)
 106:.\Generated_Source\PSoC4/cyfitter_cfg.c **** {
 107:.\Generated_Source\PSoC4/cyfitter_cfg.c ****     /* To remove the compiler warning if errorCode not used.                */
 108:.\Generated_Source\PSoC4/cyfitter_cfg.c ****     errorCode = errorCode;
 109:.\Generated_Source\PSoC4/cyfitter_cfg.c **** 
 110:.\Generated_Source\PSoC4/cyfitter_cfg.c ****     /* `#START CyClockStartupError` */
 111:.\Generated_Source\PSoC4/cyfitter_cfg.c **** 
 112:.\Generated_Source\PSoC4/cyfitter_cfg.c ****     /* If we have a clock startup error (bad MHz crystal, PLL lock, etc.),  */
 113:.\Generated_Source\PSoC4/cyfitter_cfg.c ****     /* we will end up here to allow the customer to implement something to  */
 114:.\Generated_Source\PSoC4/cyfitter_cfg.c ****     /* deal with the clock condition.                                       */
 115:.\Generated_Source\PSoC4/cyfitter_cfg.c **** 
 116:.\Generated_Source\PSoC4/cyfitter_cfg.c ****     /* `#END` */
 117:.\Generated_Source\PSoC4/cyfitter_cfg.c **** 
 118:.\Generated_Source\PSoC4/cyfitter_cfg.c ****     /* If nothing else, stop here since the clocks have not started         */
 119:.\Generated_Source\PSoC4/cyfitter_cfg.c ****     /* correctly.                                                           */
 120:.\Generated_Source\PSoC4/cyfitter_cfg.c ****     while(1) {}
 121:.\Generated_Source\PSoC4/cyfitter_cfg.c **** }
 122:.\Generated_Source\PSoC4/cyfitter_cfg.c **** #endif
 123:.\Generated_Source\PSoC4/cyfitter_cfg.c **** 
 124:.\Generated_Source\PSoC4/cyfitter_cfg.c **** #define CY_CFG_BASE_ADDR_COUNT 1u
 125:.\Generated_Source\PSoC4/cyfitter_cfg.c **** CYPACKED typedef struct
 126:.\Generated_Source\PSoC4/cyfitter_cfg.c **** {
 127:.\Generated_Source\PSoC4/cyfitter_cfg.c **** 	uint8 offset;
 128:.\Generated_Source\PSoC4/cyfitter_cfg.c **** 	uint8 value;
 129:.\Generated_Source\PSoC4/cyfitter_cfg.c **** } CYPACKED_ATTR cy_cfg_addrvalue_t;
 130:.\Generated_Source\PSoC4/cyfitter_cfg.c **** 
 131:.\Generated_Source\PSoC4/cyfitter_cfg.c **** 
 132:.\Generated_Source\PSoC4/cyfitter_cfg.c **** 
 133:.\Generated_Source\PSoC4/cyfitter_cfg.c **** /*******************************************************************************
 134:.\Generated_Source\PSoC4/cyfitter_cfg.c **** * Function Name: cfg_write_bytes32
 135:.\Generated_Source\PSoC4/cyfitter_cfg.c **** ********************************************************************************
 136:.\Generated_Source\PSoC4/cyfitter_cfg.c **** * Summary:
 137:.\Generated_Source\PSoC4/cyfitter_cfg.c **** *  This function is used for setting up the chip configuration areas that
 138:.\Generated_Source\PSoC4/cyfitter_cfg.c **** *  contain relatively sparse data.
 139:.\Generated_Source\PSoC4/cyfitter_cfg.c **** *
 140:.\Generated_Source\PSoC4/cyfitter_cfg.c **** * Parameters:
 141:.\Generated_Source\PSoC4/cyfitter_cfg.c **** *   void
 142:.\Generated_Source\PSoC4/cyfitter_cfg.c **** *
 143:.\Generated_Source\PSoC4/cyfitter_cfg.c **** * Return:
 144:.\Generated_Source\PSoC4/cyfitter_cfg.c **** *   void
 145:.\Generated_Source\PSoC4/cyfitter_cfg.c **** *
 146:.\Generated_Source\PSoC4/cyfitter_cfg.c **** *******************************************************************************/
 147:.\Generated_Source\PSoC4/cyfitter_cfg.c **** static void cfg_write_bytes32(const uint32 addr_table[], const cy_cfg_addrvalue_t data_table[]);
ARM GAS  C:\Users\egh35\AppData\Local\Temp\ccT1UA0a.s 			page 4


 148:.\Generated_Source\PSoC4/cyfitter_cfg.c **** static void cfg_write_bytes32(const uint32 addr_table[], const cy_cfg_addrvalue_t data_table[])
 149:.\Generated_Source\PSoC4/cyfitter_cfg.c **** {
  25              		.loc 1 149 0
  26              		.cfi_startproc
  27              	.LVL0:
  28 0000 F0B5     		push	{r4, r5, r6, r7, lr}
  29              		.cfi_def_cfa_offset 20
  30              		.cfi_offset 4, -20
  31              		.cfi_offset 5, -16
  32              		.cfi_offset 6, -12
  33              		.cfi_offset 7, -8
  34              		.cfi_offset 14, -4
  35              	.LVL1:
 150:.\Generated_Source\PSoC4/cyfitter_cfg.c **** 	/* For 32-bit little-endian architectures */
 151:.\Generated_Source\PSoC4/cyfitter_cfg.c **** 	uint32 i, j = 0u;
  36              		.loc 1 151 0
  37 0002 0022     		mov	r2, #0
 152:.\Generated_Source\PSoC4/cyfitter_cfg.c **** 	for (i = 0u; i < CY_CFG_BASE_ADDR_COUNT; i++)
  38              		.loc 1 152 0
  39 0004 0027     		mov	r7, #0
  40              	.LBB2:
 153:.\Generated_Source\PSoC4/cyfitter_cfg.c **** 	{
 154:.\Generated_Source\PSoC4/cyfitter_cfg.c **** 		uint32 baseAddr = addr_table[i];
 155:.\Generated_Source\PSoC4/cyfitter_cfg.c **** 		uint8 count = (uint8)baseAddr;
 156:.\Generated_Source\PSoC4/cyfitter_cfg.c **** 		baseAddr &= 0xFFFFFF00u;
  41              		.loc 1 156 0
  42 0006 FF23     		mov	r3, #255
  43 0008 9C46     		mov	ip, r3
  44              	.LBE2:
 152:.\Generated_Source\PSoC4/cyfitter_cfg.c **** 	for (i = 0u; i < CY_CFG_BASE_ADDR_COUNT; i++)
  45              		.loc 1 152 0
  46 000a 11E0     		b	.L2
  47              	.LVL2:
  48              	.L5:
  49              	.LBB3:
 154:.\Generated_Source\PSoC4/cyfitter_cfg.c **** 		uint32 baseAddr = addr_table[i];
  50              		.loc 1 154 0
  51 000c BB00     		lsl	r3, r7, #2
  52 000e C658     		ldr	r6, [r0, r3]
  53              	.LVL3:
 155:.\Generated_Source\PSoC4/cyfitter_cfg.c **** 		uint8 count = (uint8)baseAddr;
  54              		.loc 1 155 0
  55 0010 F3B2     		uxtb	r3, r6
  56              	.LVL4:
  57              		.loc 1 156 0
  58 0012 6446     		mov	r4, ip
  59 0014 A643     		bic	r6, r4
  60              	.LVL5:
 157:.\Generated_Source\PSoC4/cyfitter_cfg.c **** 		while (count != 0u)
  61              		.loc 1 157 0
  62 0016 08E0     		b	.L3
  63              	.L4:
 158:.\Generated_Source\PSoC4/cyfitter_cfg.c **** 		{
 159:.\Generated_Source\PSoC4/cyfitter_cfg.c **** 			CY_SET_XTND_REG8((void CYFAR *)(baseAddr + data_table[j].offset), data_table[j].value);
  64              		.loc 1 159 0
  65 0018 5400     		lsl	r4, r2, #1
  66 001a 0C19     		add	r4, r1, r4
ARM GAS  C:\Users\egh35\AppData\Local\Temp\ccT1UA0a.s 			page 5


  67 001c 2578     		ldrb	r5, [r4]
  68 001e AD19     		add	r5, r5, r6
  69 0020 6478     		ldrb	r4, [r4, #1]
  70 0022 2C70     		strb	r4, [r5]
 160:.\Generated_Source\PSoC4/cyfitter_cfg.c **** 			j++;
  71              		.loc 1 160 0
  72 0024 0132     		add	r2, r2, #1
  73              	.LVL6:
 161:.\Generated_Source\PSoC4/cyfitter_cfg.c **** 			count--;
  74              		.loc 1 161 0
  75 0026 013B     		sub	r3, r3, #1
  76              	.LVL7:
  77 0028 DBB2     		uxtb	r3, r3
  78              	.LVL8:
  79              	.L3:
 157:.\Generated_Source\PSoC4/cyfitter_cfg.c **** 		while (count != 0u)
  80              		.loc 1 157 0 discriminator 1
  81 002a 002B     		cmp	r3, #0
  82 002c F4D1     		bne	.L4
  83              	.LBE3:
 152:.\Generated_Source\PSoC4/cyfitter_cfg.c **** 	for (i = 0u; i < CY_CFG_BASE_ADDR_COUNT; i++)
  84              		.loc 1 152 0
  85 002e 0137     		add	r7, r7, #1
  86              	.LVL9:
  87              	.L2:
 152:.\Generated_Source\PSoC4/cyfitter_cfg.c **** 	for (i = 0u; i < CY_CFG_BASE_ADDR_COUNT; i++)
  88              		.loc 1 152 0 is_stmt 0 discriminator 1
  89 0030 002F     		cmp	r7, #0
  90 0032 EBD0     		beq	.L5
 162:.\Generated_Source\PSoC4/cyfitter_cfg.c **** 		}
 163:.\Generated_Source\PSoC4/cyfitter_cfg.c **** 	}
 164:.\Generated_Source\PSoC4/cyfitter_cfg.c **** }
  91              		.loc 1 164 0 is_stmt 1
  92              		@ sp needed
  93              	.LVL10:
  94 0034 F0BD     		pop	{r4, r5, r6, r7, pc}
  95              		.cfi_endproc
  96              	.LFE3:
  97              		.size	cfg_write_bytes32, .-cfg_write_bytes32
  98 0036 C046     		.section	.text.CYMEMZERO,"ax",%progbits
  99              		.align	2
 100              		.code	16
 101              		.thumb_func
 102              		.type	CYMEMZERO, %function
 103              	CYMEMZERO:
 104              	.LFB0:
  60:.\Generated_Source\PSoC4/cyfitter_cfg.c **** {
 105              		.loc 1 60 0
 106              		.cfi_startproc
 107              	.LVL11:
 108 0000 08B5     		push	{r3, lr}
 109              		.cfi_def_cfa_offset 8
 110              		.cfi_offset 3, -8
 111              		.cfi_offset 14, -4
 112 0002 0A1C     		mov	r2, r1
  61:.\Generated_Source\PSoC4/cyfitter_cfg.c **** 	(void)memset(s, 0, n);
 113              		.loc 1 61 0
ARM GAS  C:\Users\egh35\AppData\Local\Temp\ccT1UA0a.s 			page 6


 114 0004 0021     		mov	r1, #0
 115              	.LVL12:
 116 0006 FFF7FEFF 		bl	memset
 117              	.LVL13:
  62:.\Generated_Source\PSoC4/cyfitter_cfg.c **** }
 118              		.loc 1 62 0
 119              		@ sp needed
 120 000a 08BD     		pop	{r3, pc}
 121              		.cfi_endproc
 122              	.LFE0:
 123              		.size	CYMEMZERO, .-CYMEMZERO
 124              		.section	.psocinit,"ax",%progbits
 125              		.align	2
 126              		.code	16
 127              		.thumb_func
 128              		.type	ClockSetup, %function
 129              	ClockSetup:
 130              	.LFB4:
 165:.\Generated_Source\PSoC4/cyfitter_cfg.c **** 
 166:.\Generated_Source\PSoC4/cyfitter_cfg.c **** 
 167:.\Generated_Source\PSoC4/cyfitter_cfg.c **** /*******************************************************************************
 168:.\Generated_Source\PSoC4/cyfitter_cfg.c **** * Function Name: ClockSetup
 169:.\Generated_Source\PSoC4/cyfitter_cfg.c **** ********************************************************************************
 170:.\Generated_Source\PSoC4/cyfitter_cfg.c **** *
 171:.\Generated_Source\PSoC4/cyfitter_cfg.c **** * Summary:
 172:.\Generated_Source\PSoC4/cyfitter_cfg.c **** *   Performs the initialization of all of the clocks in the device based on the
 173:.\Generated_Source\PSoC4/cyfitter_cfg.c **** *   settings in the Clock tab of the DWR.  This includes enabling the requested
 174:.\Generated_Source\PSoC4/cyfitter_cfg.c **** *   clocks and setting the necessary dividers to produce the desired frequency. 
 175:.\Generated_Source\PSoC4/cyfitter_cfg.c **** *
 176:.\Generated_Source\PSoC4/cyfitter_cfg.c **** * Parameters:
 177:.\Generated_Source\PSoC4/cyfitter_cfg.c **** *   void
 178:.\Generated_Source\PSoC4/cyfitter_cfg.c **** *
 179:.\Generated_Source\PSoC4/cyfitter_cfg.c **** * Return:
 180:.\Generated_Source\PSoC4/cyfitter_cfg.c **** *   void
 181:.\Generated_Source\PSoC4/cyfitter_cfg.c **** *
 182:.\Generated_Source\PSoC4/cyfitter_cfg.c **** *******************************************************************************/
 183:.\Generated_Source\PSoC4/cyfitter_cfg.c **** static void ClockSetup(void);
 184:.\Generated_Source\PSoC4/cyfitter_cfg.c **** CY_CFG_SECTION
 185:.\Generated_Source\PSoC4/cyfitter_cfg.c **** static void ClockSetup(void)
 186:.\Generated_Source\PSoC4/cyfitter_cfg.c **** {
 131              		.loc 1 186 0
 132              		.cfi_startproc
 133 0000 10B5     		push	{r4, lr}
 134              		.cfi_def_cfa_offset 8
 135              		.cfi_offset 4, -8
 136              		.cfi_offset 14, -4
 187:.\Generated_Source\PSoC4/cyfitter_cfg.c **** 	/* Enable HALF_EN before trimming for the flash accelerator. */
 188:.\Generated_Source\PSoC4/cyfitter_cfg.c **** 	CY_SET_REG32((void CYXDATA *)(CYREG_CLK_SELECT), (CY_GET_REG32((void *)CYREG_CLK_SELECT) | 0x00040
 137              		.loc 1 188 0
 138 0002 124C     		ldr	r4, .L8
 139 0004 2268     		ldr	r2, [r4]
 140 0006 8023     		mov	r3, #128
 141 0008 DB02     		lsl	r3, r3, #11
 142 000a 1343     		orr	r3, r2
 143 000c 2360     		str	r3, [r4]
 189:.\Generated_Source\PSoC4/cyfitter_cfg.c **** 
 190:.\Generated_Source\PSoC4/cyfitter_cfg.c **** 	/* Setup and trim IMO based on desired frequency. */
ARM GAS  C:\Users\egh35\AppData\Local\Temp\ccT1UA0a.s 			page 7


 191:.\Generated_Source\PSoC4/cyfitter_cfg.c **** 	CySysClkWriteImoFreq(24u);
 144              		.loc 1 191 0
 145 000e 1820     		mov	r0, #24
 146 0010 FFF7FEFF 		bl	CySysClkWriteImoFreq
 147              	.LVL14:
 192:.\Generated_Source\PSoC4/cyfitter_cfg.c **** 
 193:.\Generated_Source\PSoC4/cyfitter_cfg.c **** 	/* Disable HALF_EN since it is not required at this IMO frequency. */
 194:.\Generated_Source\PSoC4/cyfitter_cfg.c **** 	CY_SET_REG32((void CYXDATA *)(CYREG_CLK_SELECT), (CY_GET_REG32((void *)CYREG_CLK_SELECT) & 0xFFFBF
 148              		.loc 1 194 0
 149 0014 2268     		ldr	r2, [r4]
 150 0016 0E4B     		ldr	r3, .L8+4
 151 0018 1340     		and	r3, r2
 152 001a 2360     		str	r3, [r4]
 195:.\Generated_Source\PSoC4/cyfitter_cfg.c **** 	/* CYDEV_CLK_ILO_CONFIG Starting address: CYDEV_CLK_ILO_CONFIG */
 196:.\Generated_Source\PSoC4/cyfitter_cfg.c **** 	CY_SET_XTND_REG32((void CYFAR *)(CYREG_CLK_ILO_CONFIG), 0x80000006u);
 153              		.loc 1 196 0
 154 001c 0D4A     		ldr	r2, .L8+8
 155 001e 0E4B     		ldr	r3, .L8+12
 156 0020 1A60     		str	r2, [r3]
 197:.\Generated_Source\PSoC4/cyfitter_cfg.c **** 
 198:.\Generated_Source\PSoC4/cyfitter_cfg.c **** 
 199:.\Generated_Source\PSoC4/cyfitter_cfg.c **** 	/* CYDEV_CLK_SELECT00 Starting address: CYDEV_CLK_SELECT00 */
 200:.\Generated_Source\PSoC4/cyfitter_cfg.c **** 	CY_SET_XTND_REG32((void CYFAR *)(CYREG_CLK_SELECT03), 0x00000010u);
 157              		.loc 1 200 0
 158 0022 1022     		mov	r2, #16
 159 0024 0D4B     		ldr	r3, .L8+16
 160 0026 1A60     		str	r2, [r3]
 201:.\Generated_Source\PSoC4/cyfitter_cfg.c **** 
 202:.\Generated_Source\PSoC4/cyfitter_cfg.c **** 	/* CYDEV_CLK_IMO_CONFIG Starting address: CYDEV_CLK_IMO_CONFIG */
 203:.\Generated_Source\PSoC4/cyfitter_cfg.c **** 	CY_SET_XTND_REG32((void CYFAR *)(CYREG_CLK_IMO_CONFIG), 0x80000000u);
 161              		.loc 1 203 0
 162 0028 8022     		mov	r2, #128
 163 002a 1206     		lsl	r2, r2, #24
 164 002c 0C4B     		ldr	r3, .L8+20
 165 002e 1A60     		str	r2, [r3]
 204:.\Generated_Source\PSoC4/cyfitter_cfg.c **** 
 205:.\Generated_Source\PSoC4/cyfitter_cfg.c **** 	/* CYDEV_CLK_DIVIDER_A00 Starting address: CYDEV_CLK_DIVIDER_A00 */
 206:.\Generated_Source\PSoC4/cyfitter_cfg.c **** 	CY_SET_XTND_REG32((void CYFAR *)(CYREG_CLK_DIVIDER_A00), 0x800000CFu);
 166              		.loc 1 206 0
 167 0030 0C4A     		ldr	r2, .L8+24
 168 0032 0D4B     		ldr	r3, .L8+28
 169 0034 1A60     		str	r2, [r3]
 207:.\Generated_Source\PSoC4/cyfitter_cfg.c **** 
 208:.\Generated_Source\PSoC4/cyfitter_cfg.c **** 	(void)CyIntSetVector(9u, &CySysWdtIsr);
 170              		.loc 1 208 0
 171 0036 0920     		mov	r0, #9
 172 0038 0C49     		ldr	r1, .L8+32
 173 003a FFF7FEFF 		bl	CyIntSetVector
 174              	.LVL15:
 209:.\Generated_Source\PSoC4/cyfitter_cfg.c **** 	CyIntEnable(9u);
 175              		.loc 1 209 0
 176 003e 0920     		mov	r0, #9
 177 0040 FFF7FEFF 		bl	CyIntEnable
 178              	.LVL16:
 210:.\Generated_Source\PSoC4/cyfitter_cfg.c **** 	CY_SET_XTND_REG32((void CYFAR *)(CYREG_WDT_CONFIG), 0x00000000u);
 179              		.loc 1 210 0
 180 0044 0022     		mov	r2, #0
ARM GAS  C:\Users\egh35\AppData\Local\Temp\ccT1UA0a.s 			page 8


 181 0046 0A4B     		ldr	r3, .L8+36
 182 0048 1A60     		str	r2, [r3]
 211:.\Generated_Source\PSoC4/cyfitter_cfg.c **** }
 183              		.loc 1 211 0
 184              		@ sp needed
 185 004a 10BD     		pop	{r4, pc}
 186              	.L9:
 187              		.align	2
 188              	.L8:
 189 004c 00010B40 		.word	1074462976
 190 0050 FFFFFBFF 		.word	-262145
 191 0054 06000080 		.word	-2147483642
 192 0058 04010B40 		.word	1074462980
 193 005c 0C020240 		.word	1073873420
 194 0060 08010B40 		.word	1074462984
 195 0064 CF000080 		.word	-2147483441
 196 0068 00000240 		.word	1073872896
 197 006c 00000000 		.word	CySysWdtIsr
 198 0070 0C020B40 		.word	1074463244
 199              		.cfi_endproc
 200              	.LFE4:
 201              		.size	ClockSetup, .-ClockSetup
 202              		.align	2
 203              		.global	cyfitter_cfg
 204              		.code	16
 205              		.thumb_func
 206              		.type	cyfitter_cfg, %function
 207              	cyfitter_cfg:
 208              	.LFB6:
 212:.\Generated_Source\PSoC4/cyfitter_cfg.c **** 
 213:.\Generated_Source\PSoC4/cyfitter_cfg.c **** 
 214:.\Generated_Source\PSoC4/cyfitter_cfg.c **** /* Analog API Functions */
 215:.\Generated_Source\PSoC4/cyfitter_cfg.c **** 
 216:.\Generated_Source\PSoC4/cyfitter_cfg.c **** 
 217:.\Generated_Source\PSoC4/cyfitter_cfg.c **** /*******************************************************************************
 218:.\Generated_Source\PSoC4/cyfitter_cfg.c **** * Function Name: AnalogSetDefault
 219:.\Generated_Source\PSoC4/cyfitter_cfg.c **** ********************************************************************************
 220:.\Generated_Source\PSoC4/cyfitter_cfg.c **** *
 221:.\Generated_Source\PSoC4/cyfitter_cfg.c **** * Summary:
 222:.\Generated_Source\PSoC4/cyfitter_cfg.c **** *  Sets up the analog portions of the chip to default values based on chip
 223:.\Generated_Source\PSoC4/cyfitter_cfg.c **** *  configuration options from the project.
 224:.\Generated_Source\PSoC4/cyfitter_cfg.c **** *
 225:.\Generated_Source\PSoC4/cyfitter_cfg.c **** * Parameters:
 226:.\Generated_Source\PSoC4/cyfitter_cfg.c **** *  void
 227:.\Generated_Source\PSoC4/cyfitter_cfg.c **** *
 228:.\Generated_Source\PSoC4/cyfitter_cfg.c **** * Return:
 229:.\Generated_Source\PSoC4/cyfitter_cfg.c **** *  void
 230:.\Generated_Source\PSoC4/cyfitter_cfg.c **** *
 231:.\Generated_Source\PSoC4/cyfitter_cfg.c **** *******************************************************************************/
 232:.\Generated_Source\PSoC4/cyfitter_cfg.c **** static void AnalogSetDefault(void);
 233:.\Generated_Source\PSoC4/cyfitter_cfg.c **** static void AnalogSetDefault(void)
 234:.\Generated_Source\PSoC4/cyfitter_cfg.c **** {
 235:.\Generated_Source\PSoC4/cyfitter_cfg.c **** }
 236:.\Generated_Source\PSoC4/cyfitter_cfg.c **** 
 237:.\Generated_Source\PSoC4/cyfitter_cfg.c **** #define CY_AMUX_UNUSED CYREG_CM0_ROM_DWT
 238:.\Generated_Source\PSoC4/cyfitter_cfg.c **** 
 239:.\Generated_Source\PSoC4/cyfitter_cfg.c **** 
ARM GAS  C:\Users\egh35\AppData\Local\Temp\ccT1UA0a.s 			page 9


 240:.\Generated_Source\PSoC4/cyfitter_cfg.c **** /*******************************************************************************
 241:.\Generated_Source\PSoC4/cyfitter_cfg.c **** * Function Name: cyfitter_cfg
 242:.\Generated_Source\PSoC4/cyfitter_cfg.c **** ********************************************************************************
 243:.\Generated_Source\PSoC4/cyfitter_cfg.c **** * Summary:
 244:.\Generated_Source\PSoC4/cyfitter_cfg.c **** *  This function is called by the start-up code for the selected device. It
 245:.\Generated_Source\PSoC4/cyfitter_cfg.c **** *  performs all of the necessary device configuration based on the design
 246:.\Generated_Source\PSoC4/cyfitter_cfg.c **** *  settings.  This includes settings from the Design Wide Resources (DWR) such
 247:.\Generated_Source\PSoC4/cyfitter_cfg.c **** *  as Clocks and Pins as well as any component configuration that is necessary.
 248:.\Generated_Source\PSoC4/cyfitter_cfg.c **** *
 249:.\Generated_Source\PSoC4/cyfitter_cfg.c **** * Parameters:  
 250:.\Generated_Source\PSoC4/cyfitter_cfg.c **** *   void
 251:.\Generated_Source\PSoC4/cyfitter_cfg.c **** *
 252:.\Generated_Source\PSoC4/cyfitter_cfg.c **** * Return:
 253:.\Generated_Source\PSoC4/cyfitter_cfg.c **** *   void
 254:.\Generated_Source\PSoC4/cyfitter_cfg.c **** *
 255:.\Generated_Source\PSoC4/cyfitter_cfg.c **** *******************************************************************************/
 256:.\Generated_Source\PSoC4/cyfitter_cfg.c **** CY_CFG_SECTION
 257:.\Generated_Source\PSoC4/cyfitter_cfg.c **** void cyfitter_cfg(void)
 258:.\Generated_Source\PSoC4/cyfitter_cfg.c **** {
 209              		.loc 1 258 0
 210              		.cfi_startproc
 211 0074 38B5     		push	{r3, r4, r5, lr}
 212              		.cfi_def_cfa_offset 16
 213              		.cfi_offset 3, -16
 214              		.cfi_offset 4, -12
 215              		.cfi_offset 5, -8
 216              		.cfi_offset 14, -4
 259:.\Generated_Source\PSoC4/cyfitter_cfg.c **** 	/* Disable interrupts by default. Let user enable if/when they want. */
 260:.\Generated_Source\PSoC4/cyfitter_cfg.c **** 	CyGlobalIntDisable;
 217              		.loc 1 260 0
 218              	@ 260 ".\Generated_Source\PSoC4\cyfitter_cfg.c" 1
 219 0076 72B6     		CPSID   i
 220              	@ 0 "" 2
 221              	.LVL17:
 222              		.code	16
 223              	.LBB4:
 261:.\Generated_Source\PSoC4/cyfitter_cfg.c **** 
 262:.\Generated_Source\PSoC4/cyfitter_cfg.c **** 	{
 263:.\Generated_Source\PSoC4/cyfitter_cfg.c **** 		static const uint32 CYCODE cy_cfg_addr_table[] = {
 264:.\Generated_Source\PSoC4/cyfitter_cfg.c **** 			0x400F6002u, /* Base address: 0x400F6000 Count: 2 */
 265:.\Generated_Source\PSoC4/cyfitter_cfg.c **** 		};
 266:.\Generated_Source\PSoC4/cyfitter_cfg.c **** 
 267:.\Generated_Source\PSoC4/cyfitter_cfg.c **** 		static const cy_cfg_addrvalue_t CYCODE cy_cfg_data_table[] = {
 268:.\Generated_Source\PSoC4/cyfitter_cfg.c **** 			{0x02u, 0x01u},
 269:.\Generated_Source\PSoC4/cyfitter_cfg.c **** 			{0x11u, 0x01u},
 270:.\Generated_Source\PSoC4/cyfitter_cfg.c **** 		};
 271:.\Generated_Source\PSoC4/cyfitter_cfg.c **** 
 272:.\Generated_Source\PSoC4/cyfitter_cfg.c **** 
 273:.\Generated_Source\PSoC4/cyfitter_cfg.c **** 
 274:.\Generated_Source\PSoC4/cyfitter_cfg.c **** 		CYPACKED typedef struct {
 275:.\Generated_Source\PSoC4/cyfitter_cfg.c **** 			void CYFAR *address;
 276:.\Generated_Source\PSoC4/cyfitter_cfg.c **** 			uint16 size;
 277:.\Generated_Source\PSoC4/cyfitter_cfg.c **** 		} CYPACKED_ATTR cfg_memset_t;
 278:.\Generated_Source\PSoC4/cyfitter_cfg.c **** 
 279:.\Generated_Source\PSoC4/cyfitter_cfg.c **** 		static const cfg_memset_t CYCODE cfg_memset_list [] = {
 280:.\Generated_Source\PSoC4/cyfitter_cfg.c **** 			/* address, size */
 281:.\Generated_Source\PSoC4/cyfitter_cfg.c **** 			{(void CYFAR *)(CYDEV_UDB_P0_U0_BASE), 1024u},
ARM GAS  C:\Users\egh35\AppData\Local\Temp\ccT1UA0a.s 			page 10


 282:.\Generated_Source\PSoC4/cyfitter_cfg.c **** 			{(void CYFAR *)(CYDEV_UDB_DSI0_BASE), 1024u},
 283:.\Generated_Source\PSoC4/cyfitter_cfg.c **** 		};
 284:.\Generated_Source\PSoC4/cyfitter_cfg.c **** 
 285:.\Generated_Source\PSoC4/cyfitter_cfg.c **** 		uint8 CYDATA i;
 286:.\Generated_Source\PSoC4/cyfitter_cfg.c **** 
 287:.\Generated_Source\PSoC4/cyfitter_cfg.c **** 		/* Zero out critical memory blocks before beginning configuration */
 288:.\Generated_Source\PSoC4/cyfitter_cfg.c **** 		for (i = 0u; i < (sizeof(cfg_memset_list)/sizeof(cfg_memset_list[0])); i++)
 224              		.loc 1 288 0
 225 0078 0024     		mov	r4, #0
 226              	.LBB5:
 289:.\Generated_Source\PSoC4/cyfitter_cfg.c **** 		{
 290:.\Generated_Source\PSoC4/cyfitter_cfg.c **** 			const cfg_memset_t CYCODE * CYDATA ms = &cfg_memset_list[i];
 227              		.loc 1 290 0
 228 007a 284D     		ldr	r5, .L13
 229              	.LBE5:
 288:.\Generated_Source\PSoC4/cyfitter_cfg.c **** 		for (i = 0u; i < (sizeof(cfg_memset_list)/sizeof(cfg_memset_list[0])); i++)
 230              		.loc 1 288 0
 231 007c 0CE0     		b	.L11
 232              	.LVL18:
 233              	.L12:
 234              	.LBB6:
 235              		.loc 1 290 0 discriminator 2
 236 007e 6300     		lsl	r3, r4, #1
 237 0080 1B19     		add	r3, r3, r4
 238 0082 5B00     		lsl	r3, r3, #1
 239 0084 EB18     		add	r3, r5, r3
 240              	.LVL19:
 291:.\Generated_Source\PSoC4/cyfitter_cfg.c **** 			CYMEMZERO(ms->address, (size_t)(uint32)(ms->size));
 241              		.loc 1 291 0 discriminator 2
 242 0086 9988     		ldrh	r1, [r3, #4]
 243 0088 1A88     		ldrh	r2, [r3]
 244 008a 5888     		ldrh	r0, [r3, #2]
 245 008c 0004     		lsl	r0, r0, #16
 246 008e 1043     		orr	r0, r2
 247 0090 FFF7FEFF 		bl	CYMEMZERO
 248              	.LVL20:
 249              	.LBE6:
 288:.\Generated_Source\PSoC4/cyfitter_cfg.c **** 		for (i = 0u; i < (sizeof(cfg_memset_list)/sizeof(cfg_memset_list[0])); i++)
 250              		.loc 1 288 0 discriminator 2
 251 0094 0134     		add	r4, r4, #1
 252              	.LVL21:
 253 0096 E4B2     		uxtb	r4, r4
 254              	.LVL22:
 255              	.L11:
 288:.\Generated_Source\PSoC4/cyfitter_cfg.c **** 		for (i = 0u; i < (sizeof(cfg_memset_list)/sizeof(cfg_memset_list[0])); i++)
 256              		.loc 1 288 0 is_stmt 0 discriminator 1
 257 0098 012C     		cmp	r4, #1
 258 009a F0D9     		bls	.L12
 292:.\Generated_Source\PSoC4/cyfitter_cfg.c **** 		}
 293:.\Generated_Source\PSoC4/cyfitter_cfg.c **** 
 294:.\Generated_Source\PSoC4/cyfitter_cfg.c **** 		cfg_write_bytes32(cy_cfg_addr_table, cy_cfg_data_table);
 259              		.loc 1 294 0 is_stmt 1
 260 009c 1F49     		ldr	r1, .L13
 261 009e 081C     		mov	r0, r1
 262 00a0 0C30     		add	r0, r0, #12
 263 00a2 1031     		add	r1, r1, #16
 264 00a4 FFF7FEFF 		bl	cfg_write_bytes32
ARM GAS  C:\Users\egh35\AppData\Local\Temp\ccT1UA0a.s 			page 11


 265              	.LVL23:
 295:.\Generated_Source\PSoC4/cyfitter_cfg.c **** 
 296:.\Generated_Source\PSoC4/cyfitter_cfg.c **** 		/* HSIOM Starting address: CYDEV_HSIOM_BASE */
 297:.\Generated_Source\PSoC4/cyfitter_cfg.c **** 		CY_SET_XTND_REG32((void CYFAR *)(CYDEV_HSIOM_BASE), 0x00990000u);
 266              		.loc 1 297 0
 267 00a8 9923     		mov	r3, #153
 268 00aa 1B04     		lsl	r3, r3, #16
 269 00ac 1C4A     		ldr	r2, .L13+4
 270 00ae 1360     		str	r3, [r2]
 298:.\Generated_Source\PSoC4/cyfitter_cfg.c **** 		CY_SET_XTND_REG32((void CYFAR *)(CYREG_HSIOM_PORT_SEL3), 0x0000EE00u);
 271              		.loc 1 298 0
 272 00b0 EE21     		mov	r1, #238
 273 00b2 0902     		lsl	r1, r1, #8
 274 00b4 1B4A     		ldr	r2, .L13+8
 275 00b6 1160     		str	r1, [r2]
 299:.\Generated_Source\PSoC4/cyfitter_cfg.c **** 
 300:.\Generated_Source\PSoC4/cyfitter_cfg.c **** 		/* UDB_PA_0 Starting address: CYDEV_UDB_PA0_BASE */
 301:.\Generated_Source\PSoC4/cyfitter_cfg.c **** 		CY_SET_XTND_REG32((void CYFAR *)(CYDEV_UDB_PA0_BASE), 0x00990000u);
 276              		.loc 1 301 0
 277 00b8 1B4A     		ldr	r2, .L13+12
 278 00ba 1360     		str	r3, [r2]
 302:.\Generated_Source\PSoC4/cyfitter_cfg.c **** 		CY_SET_XTND_REG32((void CYFAR *)(CYREG_UDB_PA0_CFG4), 0x80000000u);
 279              		.loc 1 302 0
 280 00bc 8021     		mov	r1, #128
 281 00be 0906     		lsl	r1, r1, #24
 282 00c0 1A4A     		ldr	r2, .L13+16
 283 00c2 1160     		str	r1, [r2]
 303:.\Generated_Source\PSoC4/cyfitter_cfg.c **** 
 304:.\Generated_Source\PSoC4/cyfitter_cfg.c **** 		/* UDB_PA_1 Starting address: CYDEV_UDB_PA1_BASE */
 305:.\Generated_Source\PSoC4/cyfitter_cfg.c **** 		CY_SET_XTND_REG32((void CYFAR *)(CYDEV_UDB_PA1_BASE), 0x00990000u);
 284              		.loc 1 305 0
 285 00c4 1A4A     		ldr	r2, .L13+20
 286 00c6 1360     		str	r3, [r2]
 306:.\Generated_Source\PSoC4/cyfitter_cfg.c **** 
 307:.\Generated_Source\PSoC4/cyfitter_cfg.c **** 		/* UDB_PA_3 Starting address: CYDEV_UDB_PA3_BASE */
 308:.\Generated_Source\PSoC4/cyfitter_cfg.c **** 		CY_SET_XTND_REG32((void CYFAR *)(CYDEV_UDB_PA3_BASE), 0x00990000u);
 287              		.loc 1 308 0
 288 00c8 1A4A     		ldr	r2, .L13+24
 289 00ca 1360     		str	r3, [r2]
 309:.\Generated_Source\PSoC4/cyfitter_cfg.c **** 
 310:.\Generated_Source\PSoC4/cyfitter_cfg.c **** 		/* Enable digital routing */
 311:.\Generated_Source\PSoC4/cyfitter_cfg.c **** 		CY_SET_XTND_REG8((void *)CYREG_UDB_UDBIF_BANK_CTL, CY_GET_XTND_REG8((void *)CYREG_UDB_UDBIF_BANK_
 290              		.loc 1 311 0
 291 00cc 1A4B     		ldr	r3, .L13+28
 292 00ce 1978     		ldrb	r1, [r3]
 293 00d0 0222     		mov	r2, #2
 294 00d2 0A43     		orr	r2, r1
 295 00d4 1A70     		strb	r2, [r3]
 312:.\Generated_Source\PSoC4/cyfitter_cfg.c **** 
 313:.\Generated_Source\PSoC4/cyfitter_cfg.c **** 		/* Enable UDB array */
 314:.\Generated_Source\PSoC4/cyfitter_cfg.c **** 		CY_SET_XTND_REG8((void *)CYREG_UDB_UDBIF_WAIT_CFG, (uint8)((CY_GET_XTND_REG8((void *)CYREG_UDB_UD
 296              		.loc 1 314 0
 297 00d6 194A     		ldr	r2, .L13+32
 298 00d8 1178     		ldrb	r1, [r2]
 299 00da 3C20     		mov	r0, #60
 300 00dc 8143     		bic	r1, r0
 301 00de 1420     		mov	r0, #20
ARM GAS  C:\Users\egh35\AppData\Local\Temp\ccT1UA0a.s 			page 12


 302 00e0 0143     		orr	r1, r0
 303 00e2 1170     		strb	r1, [r2]
 315:.\Generated_Source\PSoC4/cyfitter_cfg.c **** 		CY_SET_XTND_REG8((void *)CYREG_UDB_UDBIF_BANK_CTL, (uint8)(CY_GET_XTND_REG8((void *)CYREG_UDB_UDB
 304              		.loc 1 315 0
 305 00e4 1978     		ldrb	r1, [r3]
 306 00e6 1622     		mov	r2, #22
 307 00e8 0A43     		orr	r2, r1
 308 00ea 1A70     		strb	r2, [r3]
 309              	.LBE4:
 316:.\Generated_Source\PSoC4/cyfitter_cfg.c **** 	}
 317:.\Generated_Source\PSoC4/cyfitter_cfg.c **** 
 318:.\Generated_Source\PSoC4/cyfitter_cfg.c **** 	/* Perform second pass device configuration. These items must be configured in specific order afte
 319:.\Generated_Source\PSoC4/cyfitter_cfg.c **** 	/* IOPINS0_0 Starting address: CYDEV_PRT0_DR */
 320:.\Generated_Source\PSoC4/cyfitter_cfg.c **** 	CY_SET_XTND_REG32((void CYFAR *)(CYREG_PRT0_DR), 0x000000A0u);
 310              		.loc 1 320 0
 311 00ec A022     		mov	r2, #160
 312 00ee 144B     		ldr	r3, .L13+36
 313 00f0 1A60     		str	r2, [r3]
 321:.\Generated_Source\PSoC4/cyfitter_cfg.c **** 	CY_SET_XTND_REG32((void CYFAR *)(CYREG_PRT0_PC), 0x00431000u);
 314              		.loc 1 321 0
 315 00f2 144A     		ldr	r2, .L13+40
 316 00f4 144B     		ldr	r3, .L13+44
 317 00f6 1A60     		str	r2, [r3]
 322:.\Generated_Source\PSoC4/cyfitter_cfg.c **** 	CY_SET_XTND_REG32((void CYFAR *)(CYREG_PRT0_INTCFG), 0x00008000u);
 318              		.loc 1 322 0
 319 00f8 8022     		mov	r2, #128
 320 00fa 1202     		lsl	r2, r2, #8
 321 00fc 134B     		ldr	r3, .L13+48
 322 00fe 1A60     		str	r2, [r3]
 323:.\Generated_Source\PSoC4/cyfitter_cfg.c **** 	CY_SET_XTND_REG32((void CYFAR *)(CYREG_PRT0_PC2), 0x00000020u);
 323              		.loc 1 323 0
 324 0100 2022     		mov	r2, #32
 325 0102 134B     		ldr	r3, .L13+52
 326 0104 1A60     		str	r2, [r3]
 324:.\Generated_Source\PSoC4/cyfitter_cfg.c **** 
 325:.\Generated_Source\PSoC4/cyfitter_cfg.c **** 	/* IOPINS0_1 Starting address: CYDEV_PRT1_DR */
 326:.\Generated_Source\PSoC4/cyfitter_cfg.c **** 	CY_SET_XTND_REG32((void CYFAR *)(CYREG_PRT1_PC), 0x00180000u);
 327              		.loc 1 326 0
 328 0106 C022     		mov	r2, #192
 329 0108 5203     		lsl	r2, r2, #13
 330 010a 124B     		ldr	r3, .L13+56
 331 010c 1A60     		str	r2, [r3]
 327:.\Generated_Source\PSoC4/cyfitter_cfg.c **** 
 328:.\Generated_Source\PSoC4/cyfitter_cfg.c **** 	/* IOPINS0_3 Starting address: CYDEV_PRT3_DR */
 329:.\Generated_Source\PSoC4/cyfitter_cfg.c **** 	CY_SET_XTND_REG32((void CYFAR *)(CYREG_PRT3_PC), 0x00000D80u);
 332              		.loc 1 329 0
 333 010e D822     		mov	r2, #216
 334 0110 1201     		lsl	r2, r2, #4
 335 0112 114B     		ldr	r3, .L13+60
 336 0114 1A60     		str	r2, [r3]
 330:.\Generated_Source\PSoC4/cyfitter_cfg.c **** 
 331:.\Generated_Source\PSoC4/cyfitter_cfg.c **** 	/* Setup clocks based on selections from Clock DWR */
 332:.\Generated_Source\PSoC4/cyfitter_cfg.c **** 	ClockSetup();
 337              		.loc 1 332 0
 338 0116 FFF773FF 		bl	ClockSetup
 339              	.LVL24:
 333:.\Generated_Source\PSoC4/cyfitter_cfg.c **** 
ARM GAS  C:\Users\egh35\AppData\Local\Temp\ccT1UA0a.s 			page 13


 334:.\Generated_Source\PSoC4/cyfitter_cfg.c **** 	/* Perform basic analog initialization to defaults */
 335:.\Generated_Source\PSoC4/cyfitter_cfg.c **** 	AnalogSetDefault();
 336:.\Generated_Source\PSoC4/cyfitter_cfg.c **** 
 337:.\Generated_Source\PSoC4/cyfitter_cfg.c **** }
 340              		.loc 1 337 0
 341              		@ sp needed
 342              	.LVL25:
 343 011a 38BD     		pop	{r3, r4, r5, pc}
 344              	.L14:
 345              		.align	2
 346              	.L13:
 347 011c 00000000 		.word	.LANCHOR0
 348 0120 00000140 		.word	1073807360
 349 0124 0C000140 		.word	1073807372
 350 0128 00500F40 		.word	1074745344
 351 012c 04500F40 		.word	1074745348
 352 0130 10500F40 		.word	1074745360
 353 0134 30500F40 		.word	1074745392
 354 0138 00700F40 		.word	1074753536
 355 013c 01700F40 		.word	1074753537
 356 0140 00000440 		.word	1074003968
 357 0144 00104300 		.word	4395008
 358 0148 08000440 		.word	1074003976
 359 014c 0C000440 		.word	1074003980
 360 0150 18000440 		.word	1074003992
 361 0154 08010440 		.word	1074004232
 362 0158 08030440 		.word	1074004744
 363              		.cfi_endproc
 364              	.LFE6:
 365              		.size	cyfitter_cfg, .-cyfitter_cfg
 366              		.section	.rodata
 367              		.align	2
 368              		.set	.LANCHOR0,. + 0
 369              		.type	cfg_memset_list.4740, %object
 370              		.size	cfg_memset_list.4740, 12
 371              	cfg_memset_list.4740:
 372 0000 00300F40 		.word	1074737152
 373 0004 0004     		.short	1024
 374 0006 00400F40 		.4byte	1074741248
 375 000a 0004     		.short	1024
 376              		.type	cy_cfg_addr_table.4734, %object
 377              		.size	cy_cfg_addr_table.4734, 4
 378              	cy_cfg_addr_table.4734:
 379 000c 02600F40 		.word	1074749442
 380              		.type	cy_cfg_data_table.4735, %object
 381              		.size	cy_cfg_data_table.4735, 4
 382              	cy_cfg_data_table.4735:
 383 0010 02       		.byte	2
 384 0011 01       		.byte	1
 385 0012 11       		.byte	17
 386 0013 01       		.byte	1
 387              		.text
 388              	.Letext0:
 389              		.file 2 "c:\\program files (x86)\\cypress\\psoc creator\\3.2\\psoc creator\\import\\gnu\\arm\\4.8.
 390              		.file 3 ".\\Generated_Source\\PSoC4\\cytypes.h"
 391              		.file 4 ".\\Generated_Source\\PSoC4\\CyLib.h"
 392              		.section	.debug_info,"",%progbits
ARM GAS  C:\Users\egh35\AppData\Local\Temp\ccT1UA0a.s 			page 14


 393              	.Ldebug_info0:
 394 0000 A8030000 		.4byte	0x3a8
 395 0004 0400     		.2byte	0x4
 396 0006 00000000 		.4byte	.Ldebug_abbrev0
 397 000a 04       		.byte	0x4
 398 000b 01       		.uleb128 0x1
 399 000c 6B010000 		.4byte	.LASF38
 400 0010 01       		.byte	0x1
 401 0011 13020000 		.4byte	.LASF39
 402 0015 99000000 		.4byte	.LASF40
 403 0019 30000000 		.4byte	.Ldebug_ranges0+0x30
 404 001d 00000000 		.4byte	0
 405 0021 00000000 		.4byte	.Ldebug_line0
 406 0025 02       		.uleb128 0x2
 407 0026 04       		.byte	0x4
 408 0027 05       		.byte	0x5
 409 0028 696E7400 		.ascii	"int\000"
 410 002c 03       		.uleb128 0x3
 411 002d 06000000 		.4byte	.LASF11
 412 0031 02       		.byte	0x2
 413 0032 D4       		.byte	0xd4
 414 0033 37000000 		.4byte	0x37
 415 0037 04       		.uleb128 0x4
 416 0038 04       		.byte	0x4
 417 0039 07       		.byte	0x7
 418 003a 32010000 		.4byte	.LASF0
 419 003e 04       		.uleb128 0x4
 420 003f 01       		.byte	0x1
 421 0040 06       		.byte	0x6
 422 0041 90020000 		.4byte	.LASF1
 423 0045 04       		.uleb128 0x4
 424 0046 01       		.byte	0x1
 425 0047 08       		.byte	0x8
 426 0048 D4000000 		.4byte	.LASF2
 427 004c 04       		.uleb128 0x4
 428 004d 02       		.byte	0x2
 429 004e 05       		.byte	0x5
 430 004f 68020000 		.4byte	.LASF3
 431 0053 04       		.uleb128 0x4
 432 0054 02       		.byte	0x2
 433 0055 07       		.byte	0x7
 434 0056 9C020000 		.4byte	.LASF4
 435 005a 04       		.uleb128 0x4
 436 005b 04       		.byte	0x4
 437 005c 05       		.byte	0x5
 438 005d 87020000 		.4byte	.LASF5
 439 0061 04       		.uleb128 0x4
 440 0062 04       		.byte	0x4
 441 0063 07       		.byte	0x7
 442 0064 77000000 		.4byte	.LASF6
 443 0068 04       		.uleb128 0x4
 444 0069 08       		.byte	0x8
 445 006a 05       		.byte	0x5
 446 006b 3B020000 		.4byte	.LASF7
 447 006f 04       		.uleb128 0x4
 448 0070 08       		.byte	0x8
 449 0071 07       		.byte	0x7
ARM GAS  C:\Users\egh35\AppData\Local\Temp\ccT1UA0a.s 			page 15


 450 0072 54010000 		.4byte	.LASF8
 451 0076 04       		.uleb128 0x4
 452 0077 04       		.byte	0x4
 453 0078 07       		.byte	0x7
 454 0079 0A020000 		.4byte	.LASF9
 455 007d 05       		.uleb128 0x5
 456 007e 04       		.byte	0x4
 457 007f 06       		.uleb128 0x6
 458 0080 04       		.byte	0x4
 459 0081 85000000 		.4byte	0x85
 460 0085 07       		.uleb128 0x7
 461 0086 04       		.uleb128 0x4
 462 0087 01       		.byte	0x1
 463 0088 08       		.byte	0x8
 464 0089 49020000 		.4byte	.LASF10
 465 008d 03       		.uleb128 0x3
 466 008e 89000000 		.4byte	.LASF12
 467 0092 03       		.byte	0x3
 468 0093 C1       		.byte	0xc1
 469 0094 45000000 		.4byte	0x45
 470 0098 03       		.uleb128 0x3
 471 0099 19010000 		.4byte	.LASF13
 472 009d 03       		.byte	0x3
 473 009e C2       		.byte	0xc2
 474 009f 53000000 		.4byte	0x53
 475 00a3 03       		.uleb128 0x3
 476 00a4 2B010000 		.4byte	.LASF14
 477 00a8 03       		.byte	0x3
 478 00a9 C3       		.byte	0xc3
 479 00aa 61000000 		.4byte	0x61
 480 00ae 04       		.uleb128 0x4
 481 00af 04       		.byte	0x4
 482 00b0 04       		.byte	0x4
 483 00b1 57000000 		.4byte	.LASF15
 484 00b5 04       		.uleb128 0x4
 485 00b6 08       		.byte	0x8
 486 00b7 04       		.byte	0x4
 487 00b8 E9000000 		.4byte	.LASF16
 488 00bc 08       		.uleb128 0x8
 489 00bd 72000000 		.4byte	.LASF17
 490 00c1 03       		.byte	0x3
 491 00c2 6B01     		.2byte	0x16b
 492 00c4 C8000000 		.4byte	0xc8
 493 00c8 09       		.uleb128 0x9
 494 00c9 8D000000 		.4byte	0x8d
 495 00cd 08       		.uleb128 0x8
 496 00ce 00000000 		.4byte	.LASF18
 497 00d2 03       		.byte	0x3
 498 00d3 6D01     		.2byte	0x16d
 499 00d5 D9000000 		.4byte	0xd9
 500 00d9 09       		.uleb128 0x9
 501 00da A3000000 		.4byte	0xa3
 502 00de 08       		.uleb128 0x8
 503 00df E7010000 		.4byte	.LASF19
 504 00e3 03       		.byte	0x3
 505 00e4 7D01     		.2byte	0x17d
 506 00e6 7F000000 		.4byte	0x7f
ARM GAS  C:\Users\egh35\AppData\Local\Temp\ccT1UA0a.s 			page 16


 507 00ea 0A       		.uleb128 0xa
 508 00eb 02       		.byte	0x2
 509 00ec 01       		.byte	0x1
 510 00ed 7D       		.byte	0x7d
 511 00ee 0B010000 		.4byte	0x10b
 512 00f2 0B       		.uleb128 0xb
 513 00f3 61020000 		.4byte	.LASF20
 514 00f7 01       		.byte	0x1
 515 00f8 7F       		.byte	0x7f
 516 00f9 8D000000 		.4byte	0x8d
 517 00fd 00       		.byte	0
 518 00fe 0B       		.uleb128 0xb
 519 00ff 1C000000 		.4byte	.LASF21
 520 0103 01       		.byte	0x1
 521 0104 80       		.byte	0x80
 522 0105 8D000000 		.4byte	0x8d
 523 0109 01       		.byte	0x1
 524 010a 00       		.byte	0
 525 010b 03       		.uleb128 0x3
 526 010c 4E020000 		.4byte	.LASF22
 527 0110 01       		.byte	0x1
 528 0111 81       		.byte	0x81
 529 0112 EA000000 		.4byte	0xea
 530 0116 0C       		.uleb128 0xc
 531 0117 F0000000 		.4byte	.LASF27
 532 011b 01       		.byte	0x1
 533 011c 94       		.byte	0x94
 534 011d 00000000 		.4byte	.LFB3
 535 0121 36000000 		.4byte	.LFE3-.LFB3
 536 0125 01       		.uleb128 0x1
 537 0126 9C       		.byte	0x9c
 538 0127 84010000 		.4byte	0x184
 539 012b 0D       		.uleb128 0xd
 540 012c 0E010000 		.4byte	.LASF23
 541 0130 01       		.byte	0x1
 542 0131 94       		.byte	0x94
 543 0132 84010000 		.4byte	0x184
 544 0136 01       		.uleb128 0x1
 545 0137 50       		.byte	0x50
 546 0138 0D       		.uleb128 0xd
 547 0139 20010000 		.4byte	.LASF24
 548 013d 01       		.byte	0x1
 549 013e 94       		.byte	0x94
 550 013f 8F010000 		.4byte	0x18f
 551 0143 01       		.uleb128 0x1
 552 0144 51       		.byte	0x51
 553 0145 0E       		.uleb128 0xe
 554 0146 6900     		.ascii	"i\000"
 555 0148 01       		.byte	0x1
 556 0149 97       		.byte	0x97
 557 014a A3000000 		.4byte	0xa3
 558 014e 00000000 		.4byte	.LLST0
 559 0152 0E       		.uleb128 0xe
 560 0153 6A00     		.ascii	"j\000"
 561 0155 01       		.byte	0x1
 562 0156 97       		.byte	0x97
 563 0157 A3000000 		.4byte	0xa3
ARM GAS  C:\Users\egh35\AppData\Local\Temp\ccT1UA0a.s 			page 17


 564 015b 1F000000 		.4byte	.LLST1
 565 015f 0F       		.uleb128 0xf
 566 0160 00000000 		.4byte	.Ldebug_ranges0+0
 567 0164 10       		.uleb128 0x10
 568 0165 01020000 		.4byte	.LASF25
 569 0169 01       		.byte	0x1
 570 016a 9A       		.byte	0x9a
 571 016b A3000000 		.4byte	0xa3
 572 016f 3E000000 		.4byte	.LLST2
 573 0173 10       		.uleb128 0x10
 574 0174 22000000 		.4byte	.LASF26
 575 0178 01       		.byte	0x1
 576 0179 9B       		.byte	0x9b
 577 017a 8D000000 		.4byte	0x8d
 578 017e 51000000 		.4byte	.LLST3
 579 0182 00       		.byte	0
 580 0183 00       		.byte	0
 581 0184 06       		.uleb128 0x6
 582 0185 04       		.byte	0x4
 583 0186 8A010000 		.4byte	0x18a
 584 018a 11       		.uleb128 0x11
 585 018b A3000000 		.4byte	0xa3
 586 018f 06       		.uleb128 0x6
 587 0190 04       		.byte	0x4
 588 0191 95010000 		.4byte	0x195
 589 0195 11       		.uleb128 0x11
 590 0196 0B010000 		.4byte	0x10b
 591 019a 0C       		.uleb128 0xc
 592 019b 8F000000 		.4byte	.LASF28
 593 019f 01       		.byte	0x1
 594 01a0 3B       		.byte	0x3b
 595 01a1 00000000 		.4byte	.LFB0
 596 01a5 0C000000 		.4byte	.LFE0-.LFB0
 597 01a9 01       		.uleb128 0x1
 598 01aa 9C       		.byte	0x9c
 599 01ab E7010000 		.4byte	0x1e7
 600 01af 12       		.uleb128 0x12
 601 01b0 7300     		.ascii	"s\000"
 602 01b2 01       		.byte	0x1
 603 01b3 3B       		.byte	0x3b
 604 01b4 7D000000 		.4byte	0x7d
 605 01b8 87000000 		.4byte	.LLST4
 606 01bc 12       		.uleb128 0x12
 607 01bd 6E00     		.ascii	"n\000"
 608 01bf 01       		.byte	0x1
 609 01c0 3B       		.byte	0x3b
 610 01c1 2C000000 		.4byte	0x2c
 611 01c5 A8000000 		.4byte	.LLST5
 612 01c9 13       		.uleb128 0x13
 613 01ca 0A000000 		.4byte	.LVL13
 614 01ce 56030000 		.4byte	0x356
 615 01d2 14       		.uleb128 0x14
 616 01d3 01       		.uleb128 0x1
 617 01d4 52       		.byte	0x52
 618 01d5 03       		.uleb128 0x3
 619 01d6 F3       		.byte	0xf3
 620 01d7 01       		.uleb128 0x1
ARM GAS  C:\Users\egh35\AppData\Local\Temp\ccT1UA0a.s 			page 18


 621 01d8 51       		.byte	0x51
 622 01d9 14       		.uleb128 0x14
 623 01da 01       		.uleb128 0x1
 624 01db 51       		.byte	0x51
 625 01dc 01       		.uleb128 0x1
 626 01dd 30       		.byte	0x30
 627 01de 14       		.uleb128 0x14
 628 01df 01       		.uleb128 0x1
 629 01e0 50       		.byte	0x50
 630 01e1 03       		.uleb128 0x3
 631 01e2 F3       		.byte	0xf3
 632 01e3 01       		.uleb128 0x1
 633 01e4 50       		.byte	0x50
 634 01e5 00       		.byte	0
 635 01e6 00       		.byte	0
 636 01e7 0C       		.uleb128 0xc
 637 01e8 28000000 		.4byte	.LASF29
 638 01ec 01       		.byte	0x1
 639 01ed B9       		.byte	0xb9
 640 01ee 00000000 		.4byte	.LFB4
 641 01f2 74000000 		.4byte	.LFE4-.LFB4
 642 01f6 01       		.uleb128 0x1
 643 01f7 9C       		.byte	0x9c
 644 01f8 32020000 		.4byte	0x232
 645 01fc 15       		.uleb128 0x15
 646 01fd 14000000 		.4byte	.LVL14
 647 0201 73030000 		.4byte	0x373
 648 0205 0F020000 		.4byte	0x20f
 649 0209 14       		.uleb128 0x14
 650 020a 01       		.uleb128 0x1
 651 020b 50       		.byte	0x50
 652 020c 01       		.uleb128 0x1
 653 020d 48       		.byte	0x48
 654 020e 00       		.byte	0
 655 020f 15       		.uleb128 0x15
 656 0210 3E000000 		.4byte	.LVL15
 657 0214 84030000 		.4byte	0x384
 658 0218 22020000 		.4byte	0x222
 659 021c 14       		.uleb128 0x14
 660 021d 01       		.uleb128 0x1
 661 021e 50       		.byte	0x50
 662 021f 01       		.uleb128 0x1
 663 0220 39       		.byte	0x39
 664 0221 00       		.byte	0
 665 0222 13       		.uleb128 0x13
 666 0223 44000000 		.4byte	.LVL16
 667 0227 9E030000 		.4byte	0x39e
 668 022b 14       		.uleb128 0x14
 669 022c 01       		.uleb128 0x1
 670 022d 50       		.byte	0x50
 671 022e 01       		.uleb128 0x1
 672 022f 39       		.byte	0x39
 673 0230 00       		.byte	0
 674 0231 00       		.byte	0
 675 0232 16       		.uleb128 0x16
 676 0233 3F010000 		.4byte	.LASF41
 677 0237 01       		.byte	0x1
ARM GAS  C:\Users\egh35\AppData\Local\Temp\ccT1UA0a.s 			page 19


 678 0238 0101     		.2byte	0x101
 679 023a 74000000 		.4byte	.LFB6
 680 023e E8000000 		.4byte	.LFE6-.LFB6
 681 0242 01       		.uleb128 0x1
 682 0243 9C       		.byte	0x9c
 683 0244 2C030000 		.4byte	0x32c
 684 0248 17       		.uleb128 0x17
 685 0249 78000000 		.4byte	.LBB4
 686 024d 74000000 		.4byte	.LBE4-.LBB4
 687 0251 22030000 		.4byte	0x322
 688 0255 18       		.uleb128 0x18
 689 0256 33000000 		.4byte	.LASF30
 690 025a 01       		.byte	0x1
 691 025b 0701     		.2byte	0x107
 692 025d 3C030000 		.4byte	0x33c
 693 0261 05       		.uleb128 0x5
 694 0262 03       		.byte	0x3
 695 0263 0C000000 		.4byte	cy_cfg_addr_table.4734
 696 0267 18       		.uleb128 0x18
 697 0268 45000000 		.4byte	.LASF31
 698 026c 01       		.byte	0x1
 699 026d 0B01     		.2byte	0x10b
 700 026f 51030000 		.4byte	0x351
 701 0273 05       		.uleb128 0x5
 702 0274 03       		.byte	0x3
 703 0275 10000000 		.4byte	cy_cfg_data_table.4735
 704 0279 19       		.uleb128 0x19
 705 027a 06       		.byte	0x6
 706 027b 01       		.byte	0x1
 707 027c 1201     		.2byte	0x112
 708 027e 9D020000 		.4byte	0x29d
 709 0282 1A       		.uleb128 0x1a
 710 0283 4C010000 		.4byte	.LASF32
 711 0287 01       		.byte	0x1
 712 0288 1301     		.2byte	0x113
 713 028a 7D000000 		.4byte	0x7d
 714 028e 00       		.byte	0
 715 028f 1A       		.uleb128 0x1a
 716 0290 6D000000 		.4byte	.LASF33
 717 0294 01       		.byte	0x1
 718 0295 1401     		.2byte	0x114
 719 0297 98000000 		.4byte	0x98
 720 029b 04       		.byte	0x4
 721 029c 00       		.byte	0
 722 029d 08       		.uleb128 0x8
 723 029e F4010000 		.4byte	.LASF34
 724 02a2 01       		.byte	0x1
 725 02a3 1501     		.2byte	0x115
 726 02a5 79020000 		.4byte	0x279
 727 02a9 1B       		.uleb128 0x1b
 728 02aa 9D020000 		.4byte	0x29d
 729 02ae B9020000 		.4byte	0x2b9
 730 02b2 1C       		.uleb128 0x1c
 731 02b3 76000000 		.4byte	0x76
 732 02b7 01       		.byte	0x1
 733 02b8 00       		.byte	0
 734 02b9 18       		.uleb128 0x18
ARM GAS  C:\Users\egh35\AppData\Local\Temp\ccT1UA0a.s 			page 20


 735 02ba 5D000000 		.4byte	.LASF35
 736 02be 01       		.byte	0x1
 737 02bf 1701     		.2byte	0x117
 738 02c1 CB020000 		.4byte	0x2cb
 739 02c5 05       		.uleb128 0x5
 740 02c6 03       		.byte	0x3
 741 02c7 00000000 		.4byte	cfg_memset_list.4740
 742 02cb 11       		.uleb128 0x11
 743 02cc A9020000 		.4byte	0x2a9
 744 02d0 1D       		.uleb128 0x1d
 745 02d1 6900     		.ascii	"i\000"
 746 02d3 01       		.byte	0x1
 747 02d4 1D01     		.2byte	0x11d
 748 02d6 8D000000 		.4byte	0x8d
 749 02da D4000000 		.4byte	.LLST6
 750 02de 1E       		.uleb128 0x1e
 751 02df 18000000 		.4byte	.Ldebug_ranges0+0x18
 752 02e3 0B030000 		.4byte	0x30b
 753 02e7 1D       		.uleb128 0x1d
 754 02e8 6D7300   		.ascii	"ms\000"
 755 02eb 01       		.byte	0x1
 756 02ec 2201     		.2byte	0x122
 757 02ee F6020000 		.4byte	0x2f6
 758 02f2 0B010000 		.4byte	.LLST7
 759 02f6 06       		.uleb128 0x6
 760 02f7 04       		.byte	0x4
 761 02f8 FC020000 		.4byte	0x2fc
 762 02fc 11       		.uleb128 0x11
 763 02fd 9D020000 		.4byte	0x29d
 764 0301 1F       		.uleb128 0x1f
 765 0302 94000000 		.4byte	.LVL20
 766 0306 9A010000 		.4byte	0x19a
 767 030a 00       		.byte	0
 768 030b 13       		.uleb128 0x13
 769 030c A8000000 		.4byte	.LVL23
 770 0310 16010000 		.4byte	0x116
 771 0314 14       		.uleb128 0x14
 772 0315 01       		.uleb128 0x1
 773 0316 51       		.byte	0x51
 774 0317 02       		.uleb128 0x2
 775 0318 75       		.byte	0x75
 776 0319 10       		.sleb128 16
 777 031a 14       		.uleb128 0x14
 778 031b 01       		.uleb128 0x1
 779 031c 50       		.byte	0x50
 780 031d 02       		.uleb128 0x2
 781 031e 75       		.byte	0x75
 782 031f 0C       		.sleb128 12
 783 0320 00       		.byte	0
 784 0321 00       		.byte	0
 785 0322 1F       		.uleb128 0x1f
 786 0323 1A010000 		.4byte	.LVL24
 787 0327 E7010000 		.4byte	0x1e7
 788 032b 00       		.byte	0
 789 032c 1B       		.uleb128 0x1b
 790 032d A3000000 		.4byte	0xa3
 791 0331 3C030000 		.4byte	0x33c
ARM GAS  C:\Users\egh35\AppData\Local\Temp\ccT1UA0a.s 			page 21


 792 0335 1C       		.uleb128 0x1c
 793 0336 76000000 		.4byte	0x76
 794 033a 00       		.byte	0
 795 033b 00       		.byte	0
 796 033c 11       		.uleb128 0x11
 797 033d 2C030000 		.4byte	0x32c
 798 0341 1B       		.uleb128 0x1b
 799 0342 0B010000 		.4byte	0x10b
 800 0346 51030000 		.4byte	0x351
 801 034a 1C       		.uleb128 0x1c
 802 034b 76000000 		.4byte	0x76
 803 034f 01       		.byte	0x1
 804 0350 00       		.byte	0
 805 0351 11       		.uleb128 0x11
 806 0352 41030000 		.4byte	0x341
 807 0356 20       		.uleb128 0x20
 808 0357 E2000000 		.4byte	.LASF36
 809 035b 7D000000 		.4byte	0x7d
 810 035f 73030000 		.4byte	0x373
 811 0363 21       		.uleb128 0x21
 812 0364 7D000000 		.4byte	0x7d
 813 0368 21       		.uleb128 0x21
 814 0369 25000000 		.4byte	0x25
 815 036d 21       		.uleb128 0x21
 816 036e 76000000 		.4byte	0x76
 817 0372 00       		.byte	0
 818 0373 22       		.uleb128 0x22
 819 0374 72020000 		.4byte	.LASF37
 820 0378 04       		.byte	0x4
 821 0379 31       		.byte	0x31
 822 037a 84030000 		.4byte	0x384
 823 037e 21       		.uleb128 0x21
 824 037f A3000000 		.4byte	0xa3
 825 0383 00       		.byte	0
 826 0384 23       		.uleb128 0x23
 827 0385 0D000000 		.4byte	.LASF42
 828 0389 04       		.byte	0x4
 829 038a 46       		.byte	0x46
 830 038b DE000000 		.4byte	0xde
 831 038f 9E030000 		.4byte	0x39e
 832 0393 21       		.uleb128 0x21
 833 0394 8D000000 		.4byte	0x8d
 834 0398 21       		.uleb128 0x21
 835 0399 DE000000 		.4byte	0xde
 836 039d 00       		.byte	0
 837 039e 24       		.uleb128 0x24
 838 039f 02010000 		.4byte	.LASF43
 839 03a3 04       		.byte	0x4
 840 03a4 4C       		.byte	0x4c
 841 03a5 21       		.uleb128 0x21
 842 03a6 8D000000 		.4byte	0x8d
 843 03aa 00       		.byte	0
 844 03ab 00       		.byte	0
 845              		.section	.debug_abbrev,"",%progbits
 846              	.Ldebug_abbrev0:
 847 0000 01       		.uleb128 0x1
 848 0001 11       		.uleb128 0x11
ARM GAS  C:\Users\egh35\AppData\Local\Temp\ccT1UA0a.s 			page 22


 849 0002 01       		.byte	0x1
 850 0003 25       		.uleb128 0x25
 851 0004 0E       		.uleb128 0xe
 852 0005 13       		.uleb128 0x13
 853 0006 0B       		.uleb128 0xb
 854 0007 03       		.uleb128 0x3
 855 0008 0E       		.uleb128 0xe
 856 0009 1B       		.uleb128 0x1b
 857 000a 0E       		.uleb128 0xe
 858 000b 55       		.uleb128 0x55
 859 000c 17       		.uleb128 0x17
 860 000d 11       		.uleb128 0x11
 861 000e 01       		.uleb128 0x1
 862 000f 10       		.uleb128 0x10
 863 0010 17       		.uleb128 0x17
 864 0011 00       		.byte	0
 865 0012 00       		.byte	0
 866 0013 02       		.uleb128 0x2
 867 0014 24       		.uleb128 0x24
 868 0015 00       		.byte	0
 869 0016 0B       		.uleb128 0xb
 870 0017 0B       		.uleb128 0xb
 871 0018 3E       		.uleb128 0x3e
 872 0019 0B       		.uleb128 0xb
 873 001a 03       		.uleb128 0x3
 874 001b 08       		.uleb128 0x8
 875 001c 00       		.byte	0
 876 001d 00       		.byte	0
 877 001e 03       		.uleb128 0x3
 878 001f 16       		.uleb128 0x16
 879 0020 00       		.byte	0
 880 0021 03       		.uleb128 0x3
 881 0022 0E       		.uleb128 0xe
 882 0023 3A       		.uleb128 0x3a
 883 0024 0B       		.uleb128 0xb
 884 0025 3B       		.uleb128 0x3b
 885 0026 0B       		.uleb128 0xb
 886 0027 49       		.uleb128 0x49
 887 0028 13       		.uleb128 0x13
 888 0029 00       		.byte	0
 889 002a 00       		.byte	0
 890 002b 04       		.uleb128 0x4
 891 002c 24       		.uleb128 0x24
 892 002d 00       		.byte	0
 893 002e 0B       		.uleb128 0xb
 894 002f 0B       		.uleb128 0xb
 895 0030 3E       		.uleb128 0x3e
 896 0031 0B       		.uleb128 0xb
 897 0032 03       		.uleb128 0x3
 898 0033 0E       		.uleb128 0xe
 899 0034 00       		.byte	0
 900 0035 00       		.byte	0
 901 0036 05       		.uleb128 0x5
 902 0037 0F       		.uleb128 0xf
 903 0038 00       		.byte	0
 904 0039 0B       		.uleb128 0xb
 905 003a 0B       		.uleb128 0xb
ARM GAS  C:\Users\egh35\AppData\Local\Temp\ccT1UA0a.s 			page 23


 906 003b 00       		.byte	0
 907 003c 00       		.byte	0
 908 003d 06       		.uleb128 0x6
 909 003e 0F       		.uleb128 0xf
 910 003f 00       		.byte	0
 911 0040 0B       		.uleb128 0xb
 912 0041 0B       		.uleb128 0xb
 913 0042 49       		.uleb128 0x49
 914 0043 13       		.uleb128 0x13
 915 0044 00       		.byte	0
 916 0045 00       		.byte	0
 917 0046 07       		.uleb128 0x7
 918 0047 15       		.uleb128 0x15
 919 0048 00       		.byte	0
 920 0049 27       		.uleb128 0x27
 921 004a 19       		.uleb128 0x19
 922 004b 00       		.byte	0
 923 004c 00       		.byte	0
 924 004d 08       		.uleb128 0x8
 925 004e 16       		.uleb128 0x16
 926 004f 00       		.byte	0
 927 0050 03       		.uleb128 0x3
 928 0051 0E       		.uleb128 0xe
 929 0052 3A       		.uleb128 0x3a
 930 0053 0B       		.uleb128 0xb
 931 0054 3B       		.uleb128 0x3b
 932 0055 05       		.uleb128 0x5
 933 0056 49       		.uleb128 0x49
 934 0057 13       		.uleb128 0x13
 935 0058 00       		.byte	0
 936 0059 00       		.byte	0
 937 005a 09       		.uleb128 0x9
 938 005b 35       		.uleb128 0x35
 939 005c 00       		.byte	0
 940 005d 49       		.uleb128 0x49
 941 005e 13       		.uleb128 0x13
 942 005f 00       		.byte	0
 943 0060 00       		.byte	0
 944 0061 0A       		.uleb128 0xa
 945 0062 13       		.uleb128 0x13
 946 0063 01       		.byte	0x1
 947 0064 0B       		.uleb128 0xb
 948 0065 0B       		.uleb128 0xb
 949 0066 3A       		.uleb128 0x3a
 950 0067 0B       		.uleb128 0xb
 951 0068 3B       		.uleb128 0x3b
 952 0069 0B       		.uleb128 0xb
 953 006a 01       		.uleb128 0x1
 954 006b 13       		.uleb128 0x13
 955 006c 00       		.byte	0
 956 006d 00       		.byte	0
 957 006e 0B       		.uleb128 0xb
 958 006f 0D       		.uleb128 0xd
 959 0070 00       		.byte	0
 960 0071 03       		.uleb128 0x3
 961 0072 0E       		.uleb128 0xe
 962 0073 3A       		.uleb128 0x3a
ARM GAS  C:\Users\egh35\AppData\Local\Temp\ccT1UA0a.s 			page 24


 963 0074 0B       		.uleb128 0xb
 964 0075 3B       		.uleb128 0x3b
 965 0076 0B       		.uleb128 0xb
 966 0077 49       		.uleb128 0x49
 967 0078 13       		.uleb128 0x13
 968 0079 38       		.uleb128 0x38
 969 007a 0B       		.uleb128 0xb
 970 007b 00       		.byte	0
 971 007c 00       		.byte	0
 972 007d 0C       		.uleb128 0xc
 973 007e 2E       		.uleb128 0x2e
 974 007f 01       		.byte	0x1
 975 0080 03       		.uleb128 0x3
 976 0081 0E       		.uleb128 0xe
 977 0082 3A       		.uleb128 0x3a
 978 0083 0B       		.uleb128 0xb
 979 0084 3B       		.uleb128 0x3b
 980 0085 0B       		.uleb128 0xb
 981 0086 27       		.uleb128 0x27
 982 0087 19       		.uleb128 0x19
 983 0088 11       		.uleb128 0x11
 984 0089 01       		.uleb128 0x1
 985 008a 12       		.uleb128 0x12
 986 008b 06       		.uleb128 0x6
 987 008c 40       		.uleb128 0x40
 988 008d 18       		.uleb128 0x18
 989 008e 9742     		.uleb128 0x2117
 990 0090 19       		.uleb128 0x19
 991 0091 01       		.uleb128 0x1
 992 0092 13       		.uleb128 0x13
 993 0093 00       		.byte	0
 994 0094 00       		.byte	0
 995 0095 0D       		.uleb128 0xd
 996 0096 05       		.uleb128 0x5
 997 0097 00       		.byte	0
 998 0098 03       		.uleb128 0x3
 999 0099 0E       		.uleb128 0xe
 1000 009a 3A       		.uleb128 0x3a
 1001 009b 0B       		.uleb128 0xb
 1002 009c 3B       		.uleb128 0x3b
 1003 009d 0B       		.uleb128 0xb
 1004 009e 49       		.uleb128 0x49
 1005 009f 13       		.uleb128 0x13
 1006 00a0 02       		.uleb128 0x2
 1007 00a1 18       		.uleb128 0x18
 1008 00a2 00       		.byte	0
 1009 00a3 00       		.byte	0
 1010 00a4 0E       		.uleb128 0xe
 1011 00a5 34       		.uleb128 0x34
 1012 00a6 00       		.byte	0
 1013 00a7 03       		.uleb128 0x3
 1014 00a8 08       		.uleb128 0x8
 1015 00a9 3A       		.uleb128 0x3a
 1016 00aa 0B       		.uleb128 0xb
 1017 00ab 3B       		.uleb128 0x3b
 1018 00ac 0B       		.uleb128 0xb
 1019 00ad 49       		.uleb128 0x49
ARM GAS  C:\Users\egh35\AppData\Local\Temp\ccT1UA0a.s 			page 25


 1020 00ae 13       		.uleb128 0x13
 1021 00af 02       		.uleb128 0x2
 1022 00b0 17       		.uleb128 0x17
 1023 00b1 00       		.byte	0
 1024 00b2 00       		.byte	0
 1025 00b3 0F       		.uleb128 0xf
 1026 00b4 0B       		.uleb128 0xb
 1027 00b5 01       		.byte	0x1
 1028 00b6 55       		.uleb128 0x55
 1029 00b7 17       		.uleb128 0x17
 1030 00b8 00       		.byte	0
 1031 00b9 00       		.byte	0
 1032 00ba 10       		.uleb128 0x10
 1033 00bb 34       		.uleb128 0x34
 1034 00bc 00       		.byte	0
 1035 00bd 03       		.uleb128 0x3
 1036 00be 0E       		.uleb128 0xe
 1037 00bf 3A       		.uleb128 0x3a
 1038 00c0 0B       		.uleb128 0xb
 1039 00c1 3B       		.uleb128 0x3b
 1040 00c2 0B       		.uleb128 0xb
 1041 00c3 49       		.uleb128 0x49
 1042 00c4 13       		.uleb128 0x13
 1043 00c5 02       		.uleb128 0x2
 1044 00c6 17       		.uleb128 0x17
 1045 00c7 00       		.byte	0
 1046 00c8 00       		.byte	0
 1047 00c9 11       		.uleb128 0x11
 1048 00ca 26       		.uleb128 0x26
 1049 00cb 00       		.byte	0
 1050 00cc 49       		.uleb128 0x49
 1051 00cd 13       		.uleb128 0x13
 1052 00ce 00       		.byte	0
 1053 00cf 00       		.byte	0
 1054 00d0 12       		.uleb128 0x12
 1055 00d1 05       		.uleb128 0x5
 1056 00d2 00       		.byte	0
 1057 00d3 03       		.uleb128 0x3
 1058 00d4 08       		.uleb128 0x8
 1059 00d5 3A       		.uleb128 0x3a
 1060 00d6 0B       		.uleb128 0xb
 1061 00d7 3B       		.uleb128 0x3b
 1062 00d8 0B       		.uleb128 0xb
 1063 00d9 49       		.uleb128 0x49
 1064 00da 13       		.uleb128 0x13
 1065 00db 02       		.uleb128 0x2
 1066 00dc 17       		.uleb128 0x17
 1067 00dd 00       		.byte	0
 1068 00de 00       		.byte	0
 1069 00df 13       		.uleb128 0x13
 1070 00e0 898201   		.uleb128 0x4109
 1071 00e3 01       		.byte	0x1
 1072 00e4 11       		.uleb128 0x11
 1073 00e5 01       		.uleb128 0x1
 1074 00e6 31       		.uleb128 0x31
 1075 00e7 13       		.uleb128 0x13
 1076 00e8 00       		.byte	0
ARM GAS  C:\Users\egh35\AppData\Local\Temp\ccT1UA0a.s 			page 26


 1077 00e9 00       		.byte	0
 1078 00ea 14       		.uleb128 0x14
 1079 00eb 8A8201   		.uleb128 0x410a
 1080 00ee 00       		.byte	0
 1081 00ef 02       		.uleb128 0x2
 1082 00f0 18       		.uleb128 0x18
 1083 00f1 9142     		.uleb128 0x2111
 1084 00f3 18       		.uleb128 0x18
 1085 00f4 00       		.byte	0
 1086 00f5 00       		.byte	0
 1087 00f6 15       		.uleb128 0x15
 1088 00f7 898201   		.uleb128 0x4109
 1089 00fa 01       		.byte	0x1
 1090 00fb 11       		.uleb128 0x11
 1091 00fc 01       		.uleb128 0x1
 1092 00fd 31       		.uleb128 0x31
 1093 00fe 13       		.uleb128 0x13
 1094 00ff 01       		.uleb128 0x1
 1095 0100 13       		.uleb128 0x13
 1096 0101 00       		.byte	0
 1097 0102 00       		.byte	0
 1098 0103 16       		.uleb128 0x16
 1099 0104 2E       		.uleb128 0x2e
 1100 0105 01       		.byte	0x1
 1101 0106 3F       		.uleb128 0x3f
 1102 0107 19       		.uleb128 0x19
 1103 0108 03       		.uleb128 0x3
 1104 0109 0E       		.uleb128 0xe
 1105 010a 3A       		.uleb128 0x3a
 1106 010b 0B       		.uleb128 0xb
 1107 010c 3B       		.uleb128 0x3b
 1108 010d 05       		.uleb128 0x5
 1109 010e 27       		.uleb128 0x27
 1110 010f 19       		.uleb128 0x19
 1111 0110 11       		.uleb128 0x11
 1112 0111 01       		.uleb128 0x1
 1113 0112 12       		.uleb128 0x12
 1114 0113 06       		.uleb128 0x6
 1115 0114 40       		.uleb128 0x40
 1116 0115 18       		.uleb128 0x18
 1117 0116 9742     		.uleb128 0x2117
 1118 0118 19       		.uleb128 0x19
 1119 0119 01       		.uleb128 0x1
 1120 011a 13       		.uleb128 0x13
 1121 011b 00       		.byte	0
 1122 011c 00       		.byte	0
 1123 011d 17       		.uleb128 0x17
 1124 011e 0B       		.uleb128 0xb
 1125 011f 01       		.byte	0x1
 1126 0120 11       		.uleb128 0x11
 1127 0121 01       		.uleb128 0x1
 1128 0122 12       		.uleb128 0x12
 1129 0123 06       		.uleb128 0x6
 1130 0124 01       		.uleb128 0x1
 1131 0125 13       		.uleb128 0x13
 1132 0126 00       		.byte	0
 1133 0127 00       		.byte	0
ARM GAS  C:\Users\egh35\AppData\Local\Temp\ccT1UA0a.s 			page 27


 1134 0128 18       		.uleb128 0x18
 1135 0129 34       		.uleb128 0x34
 1136 012a 00       		.byte	0
 1137 012b 03       		.uleb128 0x3
 1138 012c 0E       		.uleb128 0xe
 1139 012d 3A       		.uleb128 0x3a
 1140 012e 0B       		.uleb128 0xb
 1141 012f 3B       		.uleb128 0x3b
 1142 0130 05       		.uleb128 0x5
 1143 0131 49       		.uleb128 0x49
 1144 0132 13       		.uleb128 0x13
 1145 0133 02       		.uleb128 0x2
 1146 0134 18       		.uleb128 0x18
 1147 0135 00       		.byte	0
 1148 0136 00       		.byte	0
 1149 0137 19       		.uleb128 0x19
 1150 0138 13       		.uleb128 0x13
 1151 0139 01       		.byte	0x1
 1152 013a 0B       		.uleb128 0xb
 1153 013b 0B       		.uleb128 0xb
 1154 013c 3A       		.uleb128 0x3a
 1155 013d 0B       		.uleb128 0xb
 1156 013e 3B       		.uleb128 0x3b
 1157 013f 05       		.uleb128 0x5
 1158 0140 01       		.uleb128 0x1
 1159 0141 13       		.uleb128 0x13
 1160 0142 00       		.byte	0
 1161 0143 00       		.byte	0
 1162 0144 1A       		.uleb128 0x1a
 1163 0145 0D       		.uleb128 0xd
 1164 0146 00       		.byte	0
 1165 0147 03       		.uleb128 0x3
 1166 0148 0E       		.uleb128 0xe
 1167 0149 3A       		.uleb128 0x3a
 1168 014a 0B       		.uleb128 0xb
 1169 014b 3B       		.uleb128 0x3b
 1170 014c 05       		.uleb128 0x5
 1171 014d 49       		.uleb128 0x49
 1172 014e 13       		.uleb128 0x13
 1173 014f 38       		.uleb128 0x38
 1174 0150 0B       		.uleb128 0xb
 1175 0151 00       		.byte	0
 1176 0152 00       		.byte	0
 1177 0153 1B       		.uleb128 0x1b
 1178 0154 01       		.uleb128 0x1
 1179 0155 01       		.byte	0x1
 1180 0156 49       		.uleb128 0x49
 1181 0157 13       		.uleb128 0x13
 1182 0158 01       		.uleb128 0x1
 1183 0159 13       		.uleb128 0x13
 1184 015a 00       		.byte	0
 1185 015b 00       		.byte	0
 1186 015c 1C       		.uleb128 0x1c
 1187 015d 21       		.uleb128 0x21
 1188 015e 00       		.byte	0
 1189 015f 49       		.uleb128 0x49
 1190 0160 13       		.uleb128 0x13
ARM GAS  C:\Users\egh35\AppData\Local\Temp\ccT1UA0a.s 			page 28


 1191 0161 2F       		.uleb128 0x2f
 1192 0162 0B       		.uleb128 0xb
 1193 0163 00       		.byte	0
 1194 0164 00       		.byte	0
 1195 0165 1D       		.uleb128 0x1d
 1196 0166 34       		.uleb128 0x34
 1197 0167 00       		.byte	0
 1198 0168 03       		.uleb128 0x3
 1199 0169 08       		.uleb128 0x8
 1200 016a 3A       		.uleb128 0x3a
 1201 016b 0B       		.uleb128 0xb
 1202 016c 3B       		.uleb128 0x3b
 1203 016d 05       		.uleb128 0x5
 1204 016e 49       		.uleb128 0x49
 1205 016f 13       		.uleb128 0x13
 1206 0170 02       		.uleb128 0x2
 1207 0171 17       		.uleb128 0x17
 1208 0172 00       		.byte	0
 1209 0173 00       		.byte	0
 1210 0174 1E       		.uleb128 0x1e
 1211 0175 0B       		.uleb128 0xb
 1212 0176 01       		.byte	0x1
 1213 0177 55       		.uleb128 0x55
 1214 0178 17       		.uleb128 0x17
 1215 0179 01       		.uleb128 0x1
 1216 017a 13       		.uleb128 0x13
 1217 017b 00       		.byte	0
 1218 017c 00       		.byte	0
 1219 017d 1F       		.uleb128 0x1f
 1220 017e 898201   		.uleb128 0x4109
 1221 0181 00       		.byte	0
 1222 0182 11       		.uleb128 0x11
 1223 0183 01       		.uleb128 0x1
 1224 0184 31       		.uleb128 0x31
 1225 0185 13       		.uleb128 0x13
 1226 0186 00       		.byte	0
 1227 0187 00       		.byte	0
 1228 0188 20       		.uleb128 0x20
 1229 0189 2E       		.uleb128 0x2e
 1230 018a 01       		.byte	0x1
 1231 018b 3F       		.uleb128 0x3f
 1232 018c 19       		.uleb128 0x19
 1233 018d 03       		.uleb128 0x3
 1234 018e 0E       		.uleb128 0xe
 1235 018f 27       		.uleb128 0x27
 1236 0190 19       		.uleb128 0x19
 1237 0191 49       		.uleb128 0x49
 1238 0192 13       		.uleb128 0x13
 1239 0193 34       		.uleb128 0x34
 1240 0194 19       		.uleb128 0x19
 1241 0195 3C       		.uleb128 0x3c
 1242 0196 19       		.uleb128 0x19
 1243 0197 01       		.uleb128 0x1
 1244 0198 13       		.uleb128 0x13
 1245 0199 00       		.byte	0
 1246 019a 00       		.byte	0
 1247 019b 21       		.uleb128 0x21
ARM GAS  C:\Users\egh35\AppData\Local\Temp\ccT1UA0a.s 			page 29


 1248 019c 05       		.uleb128 0x5
 1249 019d 00       		.byte	0
 1250 019e 49       		.uleb128 0x49
 1251 019f 13       		.uleb128 0x13
 1252 01a0 00       		.byte	0
 1253 01a1 00       		.byte	0
 1254 01a2 22       		.uleb128 0x22
 1255 01a3 2E       		.uleb128 0x2e
 1256 01a4 01       		.byte	0x1
 1257 01a5 3F       		.uleb128 0x3f
 1258 01a6 19       		.uleb128 0x19
 1259 01a7 03       		.uleb128 0x3
 1260 01a8 0E       		.uleb128 0xe
 1261 01a9 3A       		.uleb128 0x3a
 1262 01aa 0B       		.uleb128 0xb
 1263 01ab 3B       		.uleb128 0x3b
 1264 01ac 0B       		.uleb128 0xb
 1265 01ad 27       		.uleb128 0x27
 1266 01ae 19       		.uleb128 0x19
 1267 01af 3C       		.uleb128 0x3c
 1268 01b0 19       		.uleb128 0x19
 1269 01b1 01       		.uleb128 0x1
 1270 01b2 13       		.uleb128 0x13
 1271 01b3 00       		.byte	0
 1272 01b4 00       		.byte	0
 1273 01b5 23       		.uleb128 0x23
 1274 01b6 2E       		.uleb128 0x2e
 1275 01b7 01       		.byte	0x1
 1276 01b8 3F       		.uleb128 0x3f
 1277 01b9 19       		.uleb128 0x19
 1278 01ba 03       		.uleb128 0x3
 1279 01bb 0E       		.uleb128 0xe
 1280 01bc 3A       		.uleb128 0x3a
 1281 01bd 0B       		.uleb128 0xb
 1282 01be 3B       		.uleb128 0x3b
 1283 01bf 0B       		.uleb128 0xb
 1284 01c0 27       		.uleb128 0x27
 1285 01c1 19       		.uleb128 0x19
 1286 01c2 49       		.uleb128 0x49
 1287 01c3 13       		.uleb128 0x13
 1288 01c4 3C       		.uleb128 0x3c
 1289 01c5 19       		.uleb128 0x19
 1290 01c6 01       		.uleb128 0x1
 1291 01c7 13       		.uleb128 0x13
 1292 01c8 00       		.byte	0
 1293 01c9 00       		.byte	0
 1294 01ca 24       		.uleb128 0x24
 1295 01cb 2E       		.uleb128 0x2e
 1296 01cc 01       		.byte	0x1
 1297 01cd 3F       		.uleb128 0x3f
 1298 01ce 19       		.uleb128 0x19
 1299 01cf 03       		.uleb128 0x3
 1300 01d0 0E       		.uleb128 0xe
 1301 01d1 3A       		.uleb128 0x3a
 1302 01d2 0B       		.uleb128 0xb
 1303 01d3 3B       		.uleb128 0x3b
 1304 01d4 0B       		.uleb128 0xb
ARM GAS  C:\Users\egh35\AppData\Local\Temp\ccT1UA0a.s 			page 30


 1305 01d5 27       		.uleb128 0x27
 1306 01d6 19       		.uleb128 0x19
 1307 01d7 3C       		.uleb128 0x3c
 1308 01d8 19       		.uleb128 0x19
 1309 01d9 00       		.byte	0
 1310 01da 00       		.byte	0
 1311 01db 00       		.byte	0
 1312              		.section	.debug_loc,"",%progbits
 1313              	.Ldebug_loc0:
 1314              	.LLST0:
 1315 0000 02000000 		.4byte	.LVL1
 1316 0004 0C000000 		.4byte	.LVL2
 1317 0008 0200     		.2byte	0x2
 1318 000a 30       		.byte	0x30
 1319 000b 9F       		.byte	0x9f
 1320 000c 0C000000 		.4byte	.LVL2
 1321 0010 34000000 		.4byte	.LVL10
 1322 0014 0100     		.2byte	0x1
 1323 0016 57       		.byte	0x57
 1324 0017 00000000 		.4byte	0
 1325 001b 00000000 		.4byte	0
 1326              	.LLST1:
 1327 001f 02000000 		.4byte	.LVL1
 1328 0023 0C000000 		.4byte	.LVL2
 1329 0027 0200     		.2byte	0x2
 1330 0029 30       		.byte	0x30
 1331 002a 9F       		.byte	0x9f
 1332 002b 0C000000 		.4byte	.LVL2
 1333 002f 36000000 		.4byte	.LFE3
 1334 0033 0100     		.2byte	0x1
 1335 0035 52       		.byte	0x52
 1336 0036 00000000 		.4byte	0
 1337 003a 00000000 		.4byte	0
 1338              	.LLST2:
 1339 003e 10000000 		.4byte	.LVL3
 1340 0042 30000000 		.4byte	.LVL9
 1341 0046 0100     		.2byte	0x1
 1342 0048 56       		.byte	0x56
 1343 0049 00000000 		.4byte	0
 1344 004d 00000000 		.4byte	0
 1345              	.LLST3:
 1346 0051 12000000 		.4byte	.LVL4
 1347 0055 16000000 		.4byte	.LVL5
 1348 0059 0100     		.2byte	0x1
 1349 005b 56       		.byte	0x56
 1350 005c 16000000 		.4byte	.LVL5
 1351 0060 28000000 		.4byte	.LVL7
 1352 0064 0100     		.2byte	0x1
 1353 0066 53       		.byte	0x53
 1354 0067 28000000 		.4byte	.LVL7
 1355 006b 2A000000 		.4byte	.LVL8
 1356 006f 0300     		.2byte	0x3
 1357 0071 73       		.byte	0x73
 1358 0072 01       		.sleb128 1
 1359 0073 9F       		.byte	0x9f
 1360 0074 2A000000 		.4byte	.LVL8
 1361 0078 30000000 		.4byte	.LVL9
ARM GAS  C:\Users\egh35\AppData\Local\Temp\ccT1UA0a.s 			page 31


 1362 007c 0100     		.2byte	0x1
 1363 007e 53       		.byte	0x53
 1364 007f 00000000 		.4byte	0
 1365 0083 00000000 		.4byte	0
 1366              	.LLST4:
 1367 0087 00000000 		.4byte	.LVL11
 1368 008b 09000000 		.4byte	.LVL13-1
 1369 008f 0100     		.2byte	0x1
 1370 0091 50       		.byte	0x50
 1371 0092 09000000 		.4byte	.LVL13-1
 1372 0096 0C000000 		.4byte	.LFE0
 1373 009a 0400     		.2byte	0x4
 1374 009c F3       		.byte	0xf3
 1375 009d 01       		.uleb128 0x1
 1376 009e 50       		.byte	0x50
 1377 009f 9F       		.byte	0x9f
 1378 00a0 00000000 		.4byte	0
 1379 00a4 00000000 		.4byte	0
 1380              	.LLST5:
 1381 00a8 00000000 		.4byte	.LVL11
 1382 00ac 06000000 		.4byte	.LVL12
 1383 00b0 0100     		.2byte	0x1
 1384 00b2 51       		.byte	0x51
 1385 00b3 06000000 		.4byte	.LVL12
 1386 00b7 09000000 		.4byte	.LVL13-1
 1387 00bb 0100     		.2byte	0x1
 1388 00bd 52       		.byte	0x52
 1389 00be 09000000 		.4byte	.LVL13-1
 1390 00c2 0C000000 		.4byte	.LFE0
 1391 00c6 0400     		.2byte	0x4
 1392 00c8 F3       		.byte	0xf3
 1393 00c9 01       		.uleb128 0x1
 1394 00ca 51       		.byte	0x51
 1395 00cb 9F       		.byte	0x9f
 1396 00cc 00000000 		.4byte	0
 1397 00d0 00000000 		.4byte	0
 1398              	.LLST6:
 1399 00d4 78000000 		.4byte	.LVL17
 1400 00d8 7E000000 		.4byte	.LVL18
 1401 00dc 0200     		.2byte	0x2
 1402 00de 30       		.byte	0x30
 1403 00df 9F       		.byte	0x9f
 1404 00e0 7E000000 		.4byte	.LVL18
 1405 00e4 96000000 		.4byte	.LVL21
 1406 00e8 0100     		.2byte	0x1
 1407 00ea 54       		.byte	0x54
 1408 00eb 96000000 		.4byte	.LVL21
 1409 00ef 98000000 		.4byte	.LVL22
 1410 00f3 0300     		.2byte	0x3
 1411 00f5 74       		.byte	0x74
 1412 00f6 7F       		.sleb128 -1
 1413 00f7 9F       		.byte	0x9f
 1414 00f8 98000000 		.4byte	.LVL22
 1415 00fc 1A010000 		.4byte	.LVL25
 1416 0100 0100     		.2byte	0x1
 1417 0102 54       		.byte	0x54
 1418 0103 00000000 		.4byte	0
ARM GAS  C:\Users\egh35\AppData\Local\Temp\ccT1UA0a.s 			page 32


 1419 0107 00000000 		.4byte	0
 1420              	.LLST7:
 1421 010b 86000000 		.4byte	.LVL19
 1422 010f 93000000 		.4byte	.LVL20-1
 1423 0113 0100     		.2byte	0x1
 1424 0115 53       		.byte	0x53
 1425 0116 93000000 		.4byte	.LVL20-1
 1426 011a 96000000 		.4byte	.LVL21
 1427 011e 0D00     		.2byte	0xd
 1428 0120 74       		.byte	0x74
 1429 0121 00       		.sleb128 0
 1430 0122 31       		.byte	0x31
 1431 0123 24       		.byte	0x24
 1432 0124 74       		.byte	0x74
 1433 0125 00       		.sleb128 0
 1434 0126 22       		.byte	0x22
 1435 0127 31       		.byte	0x31
 1436 0128 24       		.byte	0x24
 1437 0129 75       		.byte	0x75
 1438 012a 00       		.sleb128 0
 1439 012b 22       		.byte	0x22
 1440 012c 9F       		.byte	0x9f
 1441 012d 96000000 		.4byte	.LVL21
 1442 0131 98000000 		.4byte	.LVL22
 1443 0135 0D00     		.2byte	0xd
 1444 0137 74       		.byte	0x74
 1445 0138 7F       		.sleb128 -1
 1446 0139 74       		.byte	0x74
 1447 013a 7F       		.sleb128 -1
 1448 013b 31       		.byte	0x31
 1449 013c 24       		.byte	0x24
 1450 013d 22       		.byte	0x22
 1451 013e 31       		.byte	0x31
 1452 013f 24       		.byte	0x24
 1453 0140 75       		.byte	0x75
 1454 0141 00       		.sleb128 0
 1455 0142 22       		.byte	0x22
 1456 0143 9F       		.byte	0x9f
 1457 0144 00000000 		.4byte	0
 1458 0148 00000000 		.4byte	0
 1459              		.section	.debug_aranges,"",%progbits
 1460 0000 34000000 		.4byte	0x34
 1461 0004 0200     		.2byte	0x2
 1462 0006 00000000 		.4byte	.Ldebug_info0
 1463 000a 04       		.byte	0x4
 1464 000b 00       		.byte	0
 1465 000c 0000     		.2byte	0
 1466 000e 0000     		.2byte	0
 1467 0010 00000000 		.4byte	.LFB3
 1468 0014 36000000 		.4byte	.LFE3-.LFB3
 1469 0018 00000000 		.4byte	.LFB0
 1470 001c 0C000000 		.4byte	.LFE0-.LFB0
 1471 0020 00000000 		.4byte	.LFB4
 1472 0024 74000000 		.4byte	.LFE4-.LFB4
 1473 0028 74000000 		.4byte	.LFB6
 1474 002c E8000000 		.4byte	.LFE6-.LFB6
 1475 0030 00000000 		.4byte	0
ARM GAS  C:\Users\egh35\AppData\Local\Temp\ccT1UA0a.s 			page 33


 1476 0034 00000000 		.4byte	0
 1477              		.section	.debug_ranges,"",%progbits
 1478              	.Ldebug_ranges0:
 1479 0000 06000000 		.4byte	.LBB2
 1480 0004 0A000000 		.4byte	.LBE2
 1481 0008 0C000000 		.4byte	.LBB3
 1482 000c 2E000000 		.4byte	.LBE3
 1483 0010 00000000 		.4byte	0
 1484 0014 00000000 		.4byte	0
 1485 0018 7A000000 		.4byte	.LBB5
 1486 001c 7C000000 		.4byte	.LBE5
 1487 0020 7E000000 		.4byte	.LBB6
 1488 0024 94000000 		.4byte	.LBE6
 1489 0028 00000000 		.4byte	0
 1490 002c 00000000 		.4byte	0
 1491 0030 00000000 		.4byte	.LFB3
 1492 0034 36000000 		.4byte	.LFE3
 1493 0038 00000000 		.4byte	.LFB0
 1494 003c 0C000000 		.4byte	.LFE0
 1495 0040 00000000 		.4byte	.LFB4
 1496 0044 74000000 		.4byte	.LFE4
 1497 0048 74000000 		.4byte	.LFB6
 1498 004c 5C010000 		.4byte	.LFE6
 1499 0050 00000000 		.4byte	0
 1500 0054 00000000 		.4byte	0
 1501              		.section	.debug_line,"",%progbits
 1502              	.Ldebug_line0:
 1503 0000 67010000 		.section	.debug_str,"MS",%progbits,1
 1503      0200D800 
 1503      00000201 
 1503      FB0E0D00 
 1503      01010101 
 1504              	.LASF18:
 1505 0000 72656733 		.ascii	"reg32\000"
 1505      3200
 1506              	.LASF11:
 1507 0006 73697A65 		.ascii	"size_t\000"
 1507      5F7400
 1508              	.LASF42:
 1509 000d 4379496E 		.ascii	"CyIntSetVector\000"
 1509      74536574 
 1509      56656374 
 1509      6F7200
 1510              	.LASF21:
 1511 001c 76616C75 		.ascii	"value\000"
 1511      6500
 1512              	.LASF26:
 1513 0022 636F756E 		.ascii	"count\000"
 1513      7400
 1514              	.LASF29:
 1515 0028 436C6F63 		.ascii	"ClockSetup\000"
 1515      6B536574 
 1515      757000
 1516              	.LASF30:
 1517 0033 63795F63 		.ascii	"cy_cfg_addr_table\000"
 1517      66675F61 
 1517      6464725F 
ARM GAS  C:\Users\egh35\AppData\Local\Temp\ccT1UA0a.s 			page 34


 1517      7461626C 
 1517      6500
 1518              	.LASF31:
 1519 0045 63795F63 		.ascii	"cy_cfg_data_table\000"
 1519      66675F64 
 1519      6174615F 
 1519      7461626C 
 1519      6500
 1520              	.LASF15:
 1521 0057 666C6F61 		.ascii	"float\000"
 1521      7400
 1522              	.LASF35:
 1523 005d 6366675F 		.ascii	"cfg_memset_list\000"
 1523      6D656D73 
 1523      65745F6C 
 1523      69737400 
 1524              	.LASF33:
 1525 006d 73697A65 		.ascii	"size\000"
 1525      00
 1526              	.LASF17:
 1527 0072 72656738 		.ascii	"reg8\000"
 1527      00
 1528              	.LASF6:
 1529 0077 6C6F6E67 		.ascii	"long unsigned int\000"
 1529      20756E73 
 1529      69676E65 
 1529      6420696E 
 1529      7400
 1530              	.LASF12:
 1531 0089 75696E74 		.ascii	"uint8\000"
 1531      3800
 1532              	.LASF28:
 1533 008f 43594D45 		.ascii	"CYMEMZERO\000"
 1533      4D5A4552 
 1533      4F00
 1534              	.LASF40:
 1535 0099 433A5C55 		.ascii	"C:\\Users\\egh35\\Documents\\PSoC Creator\\Lab 4\\B"
 1535      73657273 
 1535      5C656768 
 1535      33355C44 
 1535      6F63756D 
 1536 00c6 6C696E6B 		.ascii	"linkSec.cydsn\000"
 1536      5365632E 
 1536      63796473 
 1536      6E00
 1537              	.LASF2:
 1538 00d4 756E7369 		.ascii	"unsigned char\000"
 1538      676E6564 
 1538      20636861 
 1538      7200
 1539              	.LASF36:
 1540 00e2 6D656D73 		.ascii	"memset\000"
 1540      657400
 1541              	.LASF16:
 1542 00e9 646F7562 		.ascii	"double\000"
 1542      6C6500
 1543              	.LASF27:
ARM GAS  C:\Users\egh35\AppData\Local\Temp\ccT1UA0a.s 			page 35


 1544 00f0 6366675F 		.ascii	"cfg_write_bytes32\000"
 1544      77726974 
 1544      655F6279 
 1544      74657333 
 1544      3200
 1545              	.LASF43:
 1546 0102 4379496E 		.ascii	"CyIntEnable\000"
 1546      74456E61 
 1546      626C6500 
 1547              	.LASF23:
 1548 010e 61646472 		.ascii	"addr_table\000"
 1548      5F746162 
 1548      6C6500
 1549              	.LASF13:
 1550 0119 75696E74 		.ascii	"uint16\000"
 1550      313600
 1551              	.LASF24:
 1552 0120 64617461 		.ascii	"data_table\000"
 1552      5F746162 
 1552      6C6500
 1553              	.LASF14:
 1554 012b 75696E74 		.ascii	"uint32\000"
 1554      333200
 1555              	.LASF0:
 1556 0132 756E7369 		.ascii	"unsigned int\000"
 1556      676E6564 
 1556      20696E74 
 1556      00
 1557              	.LASF41:
 1558 013f 63796669 		.ascii	"cyfitter_cfg\000"
 1558      74746572 
 1558      5F636667 
 1558      00
 1559              	.LASF32:
 1560 014c 61646472 		.ascii	"address\000"
 1560      65737300 
 1561              	.LASF8:
 1562 0154 6C6F6E67 		.ascii	"long long unsigned int\000"
 1562      206C6F6E 
 1562      6720756E 
 1562      7369676E 
 1562      65642069 
 1563              	.LASF38:
 1564 016b 474E5520 		.ascii	"GNU C 4.8.4 20140526 (release) [ARM/embedded-4_8-br"
 1564      4320342E 
 1564      382E3420 
 1564      32303134 
 1564      30353236 
 1565 019e 616E6368 		.ascii	"anch revision 211358] -mcpu=cortex-m0 -mthumb -g -O"
 1565      20726576 
 1565      6973696F 
 1565      6E203231 
 1565      31333538 
 1566 01d1 67202D66 		.ascii	"g -ffunction-sections\000"
 1566      66756E63 
 1566      74696F6E 
 1566      2D736563 
ARM GAS  C:\Users\egh35\AppData\Local\Temp\ccT1UA0a.s 			page 36


 1566      74696F6E 
 1567              	.LASF19:
 1568 01e7 63796973 		.ascii	"cyisraddress\000"
 1568      72616464 
 1568      72657373 
 1568      00
 1569              	.LASF34:
 1570 01f4 6366675F 		.ascii	"cfg_memset_t\000"
 1570      6D656D73 
 1570      65745F74 
 1570      00
 1571              	.LASF25:
 1572 0201 62617365 		.ascii	"baseAddr\000"
 1572      41646472 
 1572      00
 1573              	.LASF9:
 1574 020a 73697A65 		.ascii	"sizetype\000"
 1574      74797065 
 1574      00
 1575              	.LASF39:
 1576 0213 2E5C4765 		.ascii	".\\Generated_Source\\PSoC4\\cyfitter_cfg.c\000"
 1576      6E657261 
 1576      7465645F 
 1576      536F7572 
 1576      63655C50 
 1577              	.LASF7:
 1578 023b 6C6F6E67 		.ascii	"long long int\000"
 1578      206C6F6E 
 1578      6720696E 
 1578      7400
 1579              	.LASF10:
 1580 0249 63686172 		.ascii	"char\000"
 1580      00
 1581              	.LASF22:
 1582 024e 63795F63 		.ascii	"cy_cfg_addrvalue_t\000"
 1582      66675F61 
 1582      64647276 
 1582      616C7565 
 1582      5F7400
 1583              	.LASF20:
 1584 0261 6F666673 		.ascii	"offset\000"
 1584      657400
 1585              	.LASF3:
 1586 0268 73686F72 		.ascii	"short int\000"
 1586      7420696E 
 1586      7400
 1587              	.LASF37:
 1588 0272 43795379 		.ascii	"CySysClkWriteImoFreq\000"
 1588      73436C6B 
 1588      57726974 
 1588      65496D6F 
 1588      46726571 
 1589              	.LASF5:
 1590 0287 6C6F6E67 		.ascii	"long int\000"
 1590      20696E74 
 1590      00
 1591              	.LASF1:
ARM GAS  C:\Users\egh35\AppData\Local\Temp\ccT1UA0a.s 			page 37


 1592 0290 7369676E 		.ascii	"signed char\000"
 1592      65642063 
 1592      68617200 
 1593              	.LASF4:
 1594 029c 73686F72 		.ascii	"short unsigned int\000"
 1594      7420756E 
 1594      7369676E 
 1594      65642069 
 1594      6E7400
 1595              		.ident	"GCC: (GNU Tools for ARM Embedded Processors) 4.8.4 20140526 (release) [ARM/embedded-4_8-br
