ARM GAS  C:\Users\Esmail\AppData\Local\Temp\ccGmfgXL.s 			page 1


   1              		.cpu cortex-m0
   2              		.fpu softvfp
   3              		.eabi_attribute 20, 1
   4              		.eabi_attribute 21, 1
   5              		.eabi_attribute 23, 3
   6              		.eabi_attribute 24, 1
   7              		.eabi_attribute 25, 1
   8              		.eabi_attribute 26, 1
   9              		.eabi_attribute 30, 1
  10              		.eabi_attribute 34, 0
  11              		.eabi_attribute 18, 4
  12              		.code	16
  13              		.file	"cyfitter_cfg.c"
  14              		.text
  15              	.Ltext0:
  16              		.cfi_sections	.debug_frame
  17              		.section	.text.CYMEMZERO,"ax",%progbits
  18              		.align	2
  19              		.code	16
  20              		.thumb_func
  21              		.type	CYMEMZERO, %function
  22              	CYMEMZERO:
  23              	.LFB0:
  24              		.file 1 ".\\Generated_Source\\PSoC4\\cyfitter_cfg.c"
   1:.\Generated_Source\PSoC4/cyfitter_cfg.c **** /*******************************************************************************
   2:.\Generated_Source\PSoC4/cyfitter_cfg.c **** * File Name: cyfitter_cfg.c
   3:.\Generated_Source\PSoC4/cyfitter_cfg.c **** * 
   4:.\Generated_Source\PSoC4/cyfitter_cfg.c **** * PSoC Creator  3.3 CP1
   5:.\Generated_Source\PSoC4/cyfitter_cfg.c **** *
   6:.\Generated_Source\PSoC4/cyfitter_cfg.c **** * Description:
   7:.\Generated_Source\PSoC4/cyfitter_cfg.c **** * This file contains device initialization code.
   8:.\Generated_Source\PSoC4/cyfitter_cfg.c **** * Except for the user defined sections in CyClockStartupError(), this file should not be modified.
   9:.\Generated_Source\PSoC4/cyfitter_cfg.c **** * This file is automatically generated by PSoC Creator.
  10:.\Generated_Source\PSoC4/cyfitter_cfg.c **** *
  11:.\Generated_Source\PSoC4/cyfitter_cfg.c **** ********************************************************************************
  12:.\Generated_Source\PSoC4/cyfitter_cfg.c **** * Copyright (c) 2007-2015 Cypress Semiconductor.  All rights reserved.
  13:.\Generated_Source\PSoC4/cyfitter_cfg.c **** * You may use this file only in accordance with the license, terms, conditions, 
  14:.\Generated_Source\PSoC4/cyfitter_cfg.c **** * disclaimers, and limitations in the end user license agreement accompanying 
  15:.\Generated_Source\PSoC4/cyfitter_cfg.c **** * the software package with which this file was provided.
  16:.\Generated_Source\PSoC4/cyfitter_cfg.c **** ********************************************************************************/
  17:.\Generated_Source\PSoC4/cyfitter_cfg.c **** 
  18:.\Generated_Source\PSoC4/cyfitter_cfg.c **** #include <string.h>
  19:.\Generated_Source\PSoC4/cyfitter_cfg.c **** #include "cytypes.h"
  20:.\Generated_Source\PSoC4/cyfitter_cfg.c **** #include "cydevice_trm.h"
  21:.\Generated_Source\PSoC4/cyfitter_cfg.c **** #include "cyfitter.h"
  22:.\Generated_Source\PSoC4/cyfitter_cfg.c **** #include "CyLib.h"
  23:.\Generated_Source\PSoC4/cyfitter_cfg.c **** #include "CyLFClk.h"
  24:.\Generated_Source\PSoC4/cyfitter_cfg.c **** #include "cyfitter_cfg.h"
  25:.\Generated_Source\PSoC4/cyfitter_cfg.c **** 
  26:.\Generated_Source\PSoC4/cyfitter_cfg.c **** 
  27:.\Generated_Source\PSoC4/cyfitter_cfg.c **** #if defined(__GNUC__) || defined(__ARMCC_VERSION)
  28:.\Generated_Source\PSoC4/cyfitter_cfg.c ****     #define CYPACKED 
  29:.\Generated_Source\PSoC4/cyfitter_cfg.c ****     #define CYPACKED_ATTR __attribute__ ((packed))
  30:.\Generated_Source\PSoC4/cyfitter_cfg.c ****     #define CYALIGNED __attribute__ ((aligned))
  31:.\Generated_Source\PSoC4/cyfitter_cfg.c ****     #define CY_CFG_UNUSED __attribute__ ((unused))
  32:.\Generated_Source\PSoC4/cyfitter_cfg.c ****     #define CY_CFG_SECTION __attribute__ ((section(".psocinit")))
  33:.\Generated_Source\PSoC4/cyfitter_cfg.c ****     
ARM GAS  C:\Users\Esmail\AppData\Local\Temp\ccGmfgXL.s 			page 2


  34:.\Generated_Source\PSoC4/cyfitter_cfg.c ****     #if defined(__ARMCC_VERSION)
  35:.\Generated_Source\PSoC4/cyfitter_cfg.c ****         #define CY_CFG_MEMORY_BARRIER() __memory_changed()
  36:.\Generated_Source\PSoC4/cyfitter_cfg.c ****     #else
  37:.\Generated_Source\PSoC4/cyfitter_cfg.c ****         #define CY_CFG_MEMORY_BARRIER() __sync_synchronize()
  38:.\Generated_Source\PSoC4/cyfitter_cfg.c ****     #endif
  39:.\Generated_Source\PSoC4/cyfitter_cfg.c ****     
  40:.\Generated_Source\PSoC4/cyfitter_cfg.c **** #elif defined(__ICCARM__)
  41:.\Generated_Source\PSoC4/cyfitter_cfg.c ****     #include <intrinsics.h>
  42:.\Generated_Source\PSoC4/cyfitter_cfg.c **** 
  43:.\Generated_Source\PSoC4/cyfitter_cfg.c ****     #define CYPACKED __packed
  44:.\Generated_Source\PSoC4/cyfitter_cfg.c ****     #define CYPACKED_ATTR 
  45:.\Generated_Source\PSoC4/cyfitter_cfg.c ****     #define CYALIGNED _Pragma("data_alignment=4")
  46:.\Generated_Source\PSoC4/cyfitter_cfg.c ****     #define CY_CFG_UNUSED _Pragma("diag_suppress=Pe177")
  47:.\Generated_Source\PSoC4/cyfitter_cfg.c ****     #define CY_CFG_SECTION _Pragma("location=\".psocinit\"")
  48:.\Generated_Source\PSoC4/cyfitter_cfg.c ****     
  49:.\Generated_Source\PSoC4/cyfitter_cfg.c ****     #define CY_CFG_MEMORY_BARRIER() __DMB()
  50:.\Generated_Source\PSoC4/cyfitter_cfg.c ****     
  51:.\Generated_Source\PSoC4/cyfitter_cfg.c **** #else
  52:.\Generated_Source\PSoC4/cyfitter_cfg.c ****     #error Unsupported toolchain
  53:.\Generated_Source\PSoC4/cyfitter_cfg.c **** #endif
  54:.\Generated_Source\PSoC4/cyfitter_cfg.c **** 
  55:.\Generated_Source\PSoC4/cyfitter_cfg.c **** 
  56:.\Generated_Source\PSoC4/cyfitter_cfg.c **** CY_CFG_UNUSED
  57:.\Generated_Source\PSoC4/cyfitter_cfg.c **** static void CYMEMZERO(void *s, size_t n);
  58:.\Generated_Source\PSoC4/cyfitter_cfg.c **** CY_CFG_UNUSED
  59:.\Generated_Source\PSoC4/cyfitter_cfg.c **** static void CYMEMZERO(void *s, size_t n)
  60:.\Generated_Source\PSoC4/cyfitter_cfg.c **** {
  25              		.loc 1 60 0
  26              		.cfi_startproc
  27              	.LVL0:
  28 0000 08B5     		push	{r3, lr}
  29              		.cfi_def_cfa_offset 8
  30              		.cfi_offset 3, -8
  31              		.cfi_offset 14, -4
  32 0002 0A1C     		mov	r2, r1
  61:.\Generated_Source\PSoC4/cyfitter_cfg.c **** 	(void)memset(s, 0, n);
  33              		.loc 1 61 0
  34 0004 0021     		mov	r1, #0
  35              	.LVL1:
  36 0006 FFF7FEFF 		bl	memset
  37              	.LVL2:
  62:.\Generated_Source\PSoC4/cyfitter_cfg.c **** }
  38              		.loc 1 62 0
  39              		@ sp needed
  40 000a 08BD     		pop	{r3, pc}
  41              		.cfi_endproc
  42              	.LFE0:
  43              		.size	CYMEMZERO, .-CYMEMZERO
  44              		.section	.psocinit,"ax",%progbits
  45              		.align	2
  46              		.code	16
  47              		.thumb_func
  48              		.type	ClockSetup, %function
  49              	ClockSetup:
  50              	.LFB3:
  63:.\Generated_Source\PSoC4/cyfitter_cfg.c **** CY_CFG_UNUSED
  64:.\Generated_Source\PSoC4/cyfitter_cfg.c **** static void CYCONFIGCPY(void *dest, const void *src, size_t n);
ARM GAS  C:\Users\Esmail\AppData\Local\Temp\ccGmfgXL.s 			page 3


  65:.\Generated_Source\PSoC4/cyfitter_cfg.c **** CY_CFG_UNUSED
  66:.\Generated_Source\PSoC4/cyfitter_cfg.c **** static void CYCONFIGCPY(void *dest, const void *src, size_t n)
  67:.\Generated_Source\PSoC4/cyfitter_cfg.c **** {
  68:.\Generated_Source\PSoC4/cyfitter_cfg.c **** 	(void)memcpy(dest, src, n);
  69:.\Generated_Source\PSoC4/cyfitter_cfg.c **** }
  70:.\Generated_Source\PSoC4/cyfitter_cfg.c **** CY_CFG_UNUSED
  71:.\Generated_Source\PSoC4/cyfitter_cfg.c **** static void CYCONFIGCPYCODE(void *dest, const void *src, size_t n);
  72:.\Generated_Source\PSoC4/cyfitter_cfg.c **** CY_CFG_UNUSED
  73:.\Generated_Source\PSoC4/cyfitter_cfg.c **** static void CYCONFIGCPYCODE(void *dest, const void *src, size_t n)
  74:.\Generated_Source\PSoC4/cyfitter_cfg.c **** {
  75:.\Generated_Source\PSoC4/cyfitter_cfg.c **** 	(void)memcpy(dest, src, n);
  76:.\Generated_Source\PSoC4/cyfitter_cfg.c **** }
  77:.\Generated_Source\PSoC4/cyfitter_cfg.c **** 
  78:.\Generated_Source\PSoC4/cyfitter_cfg.c **** 
  79:.\Generated_Source\PSoC4/cyfitter_cfg.c **** 
  80:.\Generated_Source\PSoC4/cyfitter_cfg.c **** /* Clock startup error codes                                                   */
  81:.\Generated_Source\PSoC4/cyfitter_cfg.c **** #define CYCLOCKSTART_NO_ERROR    0u
  82:.\Generated_Source\PSoC4/cyfitter_cfg.c **** #define CYCLOCKSTART_XTAL_ERROR  1u
  83:.\Generated_Source\PSoC4/cyfitter_cfg.c **** #define CYCLOCKSTART_32KHZ_ERROR 2u
  84:.\Generated_Source\PSoC4/cyfitter_cfg.c **** #define CYCLOCKSTART_PLL_ERROR   3u
  85:.\Generated_Source\PSoC4/cyfitter_cfg.c **** 
  86:.\Generated_Source\PSoC4/cyfitter_cfg.c **** #ifdef CY_NEED_CYCLOCKSTARTUPERROR
  87:.\Generated_Source\PSoC4/cyfitter_cfg.c **** /*******************************************************************************
  88:.\Generated_Source\PSoC4/cyfitter_cfg.c **** * Function Name: CyClockStartupError
  89:.\Generated_Source\PSoC4/cyfitter_cfg.c **** ********************************************************************************
  90:.\Generated_Source\PSoC4/cyfitter_cfg.c **** * Summary:
  91:.\Generated_Source\PSoC4/cyfitter_cfg.c **** *  If an error is encountered during clock configuration (crystal startup error,
  92:.\Generated_Source\PSoC4/cyfitter_cfg.c **** *  PLL lock error, etc.), the system will end up here.  Unless reimplemented by
  93:.\Generated_Source\PSoC4/cyfitter_cfg.c **** *  the customer, this function will stop in an infinite loop.
  94:.\Generated_Source\PSoC4/cyfitter_cfg.c **** *
  95:.\Generated_Source\PSoC4/cyfitter_cfg.c **** * Parameters:
  96:.\Generated_Source\PSoC4/cyfitter_cfg.c **** *   void
  97:.\Generated_Source\PSoC4/cyfitter_cfg.c **** *
  98:.\Generated_Source\PSoC4/cyfitter_cfg.c **** * Return:
  99:.\Generated_Source\PSoC4/cyfitter_cfg.c **** *   void
 100:.\Generated_Source\PSoC4/cyfitter_cfg.c **** *
 101:.\Generated_Source\PSoC4/cyfitter_cfg.c **** *******************************************************************************/
 102:.\Generated_Source\PSoC4/cyfitter_cfg.c **** CY_CFG_UNUSED
 103:.\Generated_Source\PSoC4/cyfitter_cfg.c **** static void CyClockStartupError(uint8 errorCode);
 104:.\Generated_Source\PSoC4/cyfitter_cfg.c **** CY_CFG_UNUSED
 105:.\Generated_Source\PSoC4/cyfitter_cfg.c **** static void CyClockStartupError(uint8 errorCode)
 106:.\Generated_Source\PSoC4/cyfitter_cfg.c **** {
 107:.\Generated_Source\PSoC4/cyfitter_cfg.c ****     /* To remove the compiler warning if errorCode not used.                */
 108:.\Generated_Source\PSoC4/cyfitter_cfg.c ****     errorCode = errorCode;
 109:.\Generated_Source\PSoC4/cyfitter_cfg.c **** 
 110:.\Generated_Source\PSoC4/cyfitter_cfg.c ****     /* `#START CyClockStartupError` */
 111:.\Generated_Source\PSoC4/cyfitter_cfg.c **** 
 112:.\Generated_Source\PSoC4/cyfitter_cfg.c ****     /* If we have a clock startup error (bad MHz crystal, PLL lock, etc.),  */
 113:.\Generated_Source\PSoC4/cyfitter_cfg.c ****     /* we will end up here to allow the customer to implement something to  */
 114:.\Generated_Source\PSoC4/cyfitter_cfg.c ****     /* deal with the clock condition.                                       */
 115:.\Generated_Source\PSoC4/cyfitter_cfg.c **** 
 116:.\Generated_Source\PSoC4/cyfitter_cfg.c ****     /* `#END` */
 117:.\Generated_Source\PSoC4/cyfitter_cfg.c **** 
 118:.\Generated_Source\PSoC4/cyfitter_cfg.c ****     /* If nothing else, stop here since the clocks have not started         */
 119:.\Generated_Source\PSoC4/cyfitter_cfg.c ****     /* correctly.                                                           */
 120:.\Generated_Source\PSoC4/cyfitter_cfg.c ****     while(1) {}
 121:.\Generated_Source\PSoC4/cyfitter_cfg.c **** }
ARM GAS  C:\Users\Esmail\AppData\Local\Temp\ccGmfgXL.s 			page 4


 122:.\Generated_Source\PSoC4/cyfitter_cfg.c **** #endif
 123:.\Generated_Source\PSoC4/cyfitter_cfg.c **** 
 124:.\Generated_Source\PSoC4/cyfitter_cfg.c **** 
 125:.\Generated_Source\PSoC4/cyfitter_cfg.c **** 
 126:.\Generated_Source\PSoC4/cyfitter_cfg.c **** /*******************************************************************************
 127:.\Generated_Source\PSoC4/cyfitter_cfg.c **** * Function Name: ClockSetup
 128:.\Generated_Source\PSoC4/cyfitter_cfg.c **** ********************************************************************************
 129:.\Generated_Source\PSoC4/cyfitter_cfg.c **** *
 130:.\Generated_Source\PSoC4/cyfitter_cfg.c **** * Summary:
 131:.\Generated_Source\PSoC4/cyfitter_cfg.c **** *   Performs the initialization of all of the clocks in the device based on the
 132:.\Generated_Source\PSoC4/cyfitter_cfg.c **** *   settings in the Clock tab of the DWR.  This includes enabling the requested
 133:.\Generated_Source\PSoC4/cyfitter_cfg.c **** *   clocks and setting the necessary dividers to produce the desired frequency. 
 134:.\Generated_Source\PSoC4/cyfitter_cfg.c **** *
 135:.\Generated_Source\PSoC4/cyfitter_cfg.c **** * Parameters:
 136:.\Generated_Source\PSoC4/cyfitter_cfg.c **** *   void
 137:.\Generated_Source\PSoC4/cyfitter_cfg.c **** *
 138:.\Generated_Source\PSoC4/cyfitter_cfg.c **** * Return:
 139:.\Generated_Source\PSoC4/cyfitter_cfg.c **** *   void
 140:.\Generated_Source\PSoC4/cyfitter_cfg.c **** *
 141:.\Generated_Source\PSoC4/cyfitter_cfg.c **** *******************************************************************************/
 142:.\Generated_Source\PSoC4/cyfitter_cfg.c **** static void ClockSetup(void);
 143:.\Generated_Source\PSoC4/cyfitter_cfg.c **** CY_CFG_SECTION
 144:.\Generated_Source\PSoC4/cyfitter_cfg.c **** static void ClockSetup(void)
 145:.\Generated_Source\PSoC4/cyfitter_cfg.c **** {
  51              		.loc 1 145 0
  52              		.cfi_startproc
  53 0000 10B5     		push	{r4, lr}
  54              		.cfi_def_cfa_offset 8
  55              		.cfi_offset 4, -8
  56              		.cfi_offset 14, -4
 146:.\Generated_Source\PSoC4/cyfitter_cfg.c **** 	/* Enable HALF_EN before trimming for the flash accelerator. */
 147:.\Generated_Source\PSoC4/cyfitter_cfg.c **** 	CY_SET_REG32((void CYXDATA *)(CYREG_CLK_SELECT), (CY_GET_REG32((void *)CYREG_CLK_SELECT) | 0x00040
  57              		.loc 1 147 0
  58 0002 154C     		ldr	r4, .L3
  59 0004 2368     		ldr	r3, [r4]
  60 0006 8022     		mov	r2, #128
  61 0008 D202     		lsl	r2, r2, #11
  62 000a 1343     		orr	r3, r2
  63 000c 2360     		str	r3, [r4]
 148:.\Generated_Source\PSoC4/cyfitter_cfg.c **** 
 149:.\Generated_Source\PSoC4/cyfitter_cfg.c **** 	/* Setup and trim IMO based on desired frequency. */
 150:.\Generated_Source\PSoC4/cyfitter_cfg.c **** 	CySysClkWriteImoFreq(24u);
  64              		.loc 1 150 0
  65 000e 1820     		mov	r0, #24
  66 0010 FFF7FEFF 		bl	CySysClkWriteImoFreq
  67              	.LVL3:
 151:.\Generated_Source\PSoC4/cyfitter_cfg.c **** 
 152:.\Generated_Source\PSoC4/cyfitter_cfg.c **** 	/* Disable HALF_EN since it is not required at this IMO frequency. */
 153:.\Generated_Source\PSoC4/cyfitter_cfg.c **** 	CY_SET_REG32((void CYXDATA *)(CYREG_CLK_SELECT), (CY_GET_REG32((void *)CYREG_CLK_SELECT) & 0xFFFBF
  68              		.loc 1 153 0
  69 0014 2268     		ldr	r2, [r4]
  70 0016 114B     		ldr	r3, .L3+4
  71 0018 1340     		and	r3, r2
  72 001a 2360     		str	r3, [r4]
 154:.\Generated_Source\PSoC4/cyfitter_cfg.c **** 	/* CYDEV_CLK_ILO_CONFIG Starting address: CYDEV_CLK_ILO_CONFIG */
 155:.\Generated_Source\PSoC4/cyfitter_cfg.c **** 	CY_SET_XTND_REG32((void CYFAR *)(CYREG_CLK_ILO_CONFIG), 0x80000006u);
  73              		.loc 1 155 0
ARM GAS  C:\Users\Esmail\AppData\Local\Temp\ccGmfgXL.s 			page 5


  74 001c 104A     		ldr	r2, .L3+8
  75 001e 114B     		ldr	r3, .L3+12
  76 0020 1A60     		str	r2, [r3]
 156:.\Generated_Source\PSoC4/cyfitter_cfg.c **** 
 157:.\Generated_Source\PSoC4/cyfitter_cfg.c **** 
 158:.\Generated_Source\PSoC4/cyfitter_cfg.c **** 	/* CYDEV_CLK_SELECT00 Starting address: CYDEV_CLK_SELECT00 */
 159:.\Generated_Source\PSoC4/cyfitter_cfg.c **** 	CY_SET_XTND_REG32((void CYFAR *)(CYREG_CLK_SELECT02), 0x00000010u);
  77              		.loc 1 159 0
  78 0022 1022     		mov	r2, #16
  79 0024 104B     		ldr	r3, .L3+16
  80 0026 1A60     		str	r2, [r3]
 160:.\Generated_Source\PSoC4/cyfitter_cfg.c **** 	CY_SET_XTND_REG32((void CYFAR *)(CYREG_CLK_SELECT03), 0x00000020u);
  81              		.loc 1 160 0
  82 0028 1032     		add	r2, r2, #16
  83 002a 104B     		ldr	r3, .L3+20
  84 002c 1A60     		str	r2, [r3]
 161:.\Generated_Source\PSoC4/cyfitter_cfg.c **** 
 162:.\Generated_Source\PSoC4/cyfitter_cfg.c **** 	/* CYDEV_CLK_IMO_CONFIG Starting address: CYDEV_CLK_IMO_CONFIG */
 163:.\Generated_Source\PSoC4/cyfitter_cfg.c **** 	CY_SET_XTND_REG32((void CYFAR *)(CYREG_CLK_IMO_CONFIG), 0x80000000u);
  85              		.loc 1 163 0
  86 002e 8022     		mov	r2, #128
  87 0030 1206     		lsl	r2, r2, #24
  88 0032 0F4B     		ldr	r3, .L3+24
  89 0034 1A60     		str	r2, [r3]
 164:.\Generated_Source\PSoC4/cyfitter_cfg.c **** 
 165:.\Generated_Source\PSoC4/cyfitter_cfg.c **** 	/* CYDEV_CLK_DIVIDER_A00 Starting address: CYDEV_CLK_DIVIDER_A00 */
 166:.\Generated_Source\PSoC4/cyfitter_cfg.c **** 	CY_SET_XTND_REG32((void CYFAR *)(CYREG_CLK_DIVIDER_A00), 0x8000000Eu);
  90              		.loc 1 166 0
  91 0036 0F4A     		ldr	r2, .L3+28
  92 0038 0F4B     		ldr	r3, .L3+32
  93 003a 1A60     		str	r2, [r3]
 167:.\Generated_Source\PSoC4/cyfitter_cfg.c **** 
 168:.\Generated_Source\PSoC4/cyfitter_cfg.c **** 	/* CYDEV_CLK_DIVIDER_B00 Starting address: CYDEV_CLK_DIVIDER_B00 */
 169:.\Generated_Source\PSoC4/cyfitter_cfg.c **** 	CY_SET_XTND_REG32((void CYFAR *)(CYREG_CLK_DIVIDER_B00), 0x800000CFu);
  94              		.loc 1 169 0
  95 003c 0F4A     		ldr	r2, .L3+36
  96 003e 104B     		ldr	r3, .L3+40
  97 0040 1A60     		str	r2, [r3]
 170:.\Generated_Source\PSoC4/cyfitter_cfg.c **** 
 171:.\Generated_Source\PSoC4/cyfitter_cfg.c **** 	(void)CyIntSetVector(9u, &CySysWdtIsr);
  98              		.loc 1 171 0
  99 0042 0920     		mov	r0, #9
 100 0044 0F49     		ldr	r1, .L3+44
 101 0046 FFF7FEFF 		bl	CyIntSetVector
 102              	.LVL4:
 172:.\Generated_Source\PSoC4/cyfitter_cfg.c **** 	CyIntEnable(9u);
 103              		.loc 1 172 0
 104 004a 0920     		mov	r0, #9
 105 004c FFF7FEFF 		bl	CyIntEnable
 106              	.LVL5:
 173:.\Generated_Source\PSoC4/cyfitter_cfg.c **** 	CY_SET_XTND_REG32((void CYFAR *)(CYREG_WDT_CONFIG), 0x00000000u);
 107              		.loc 1 173 0
 108 0050 0022     		mov	r2, #0
 109 0052 0D4B     		ldr	r3, .L3+48
 110 0054 1A60     		str	r2, [r3]
 174:.\Generated_Source\PSoC4/cyfitter_cfg.c **** }
 111              		.loc 1 174 0
ARM GAS  C:\Users\Esmail\AppData\Local\Temp\ccGmfgXL.s 			page 6


 112              		@ sp needed
 113 0056 10BD     		pop	{r4, pc}
 114              	.L4:
 115              		.align	2
 116              	.L3:
 117 0058 00010B40 		.word	1074462976
 118 005c FFFFFBFF 		.word	-262145
 119 0060 06000080 		.word	-2147483642
 120 0064 04010B40 		.word	1074462980
 121 0068 08020240 		.word	1073873416
 122 006c 0C020240 		.word	1073873420
 123 0070 08010B40 		.word	1074462984
 124 0074 0E000080 		.word	-2147483634
 125 0078 00000240 		.word	1073872896
 126 007c CF000080 		.word	-2147483441
 127 0080 40000240 		.word	1073872960
 128 0084 00000000 		.word	CySysWdtIsr
 129 0088 0C020B40 		.word	1074463244
 130              		.cfi_endproc
 131              	.LFE3:
 132              		.size	ClockSetup, .-ClockSetup
 133              		.align	2
 134              		.global	cyfitter_cfg
 135              		.code	16
 136              		.thumb_func
 137              		.type	cyfitter_cfg, %function
 138              	cyfitter_cfg:
 139              	.LFB5:
 175:.\Generated_Source\PSoC4/cyfitter_cfg.c **** 
 176:.\Generated_Source\PSoC4/cyfitter_cfg.c **** 
 177:.\Generated_Source\PSoC4/cyfitter_cfg.c **** /* Analog API Functions */
 178:.\Generated_Source\PSoC4/cyfitter_cfg.c **** 
 179:.\Generated_Source\PSoC4/cyfitter_cfg.c **** 
 180:.\Generated_Source\PSoC4/cyfitter_cfg.c **** /*******************************************************************************
 181:.\Generated_Source\PSoC4/cyfitter_cfg.c **** * Function Name: AnalogSetDefault
 182:.\Generated_Source\PSoC4/cyfitter_cfg.c **** ********************************************************************************
 183:.\Generated_Source\PSoC4/cyfitter_cfg.c **** *
 184:.\Generated_Source\PSoC4/cyfitter_cfg.c **** * Summary:
 185:.\Generated_Source\PSoC4/cyfitter_cfg.c **** *  Sets up the analog portions of the chip to default values based on chip
 186:.\Generated_Source\PSoC4/cyfitter_cfg.c **** *  configuration options from the project.
 187:.\Generated_Source\PSoC4/cyfitter_cfg.c **** *
 188:.\Generated_Source\PSoC4/cyfitter_cfg.c **** * Parameters:
 189:.\Generated_Source\PSoC4/cyfitter_cfg.c **** *  void
 190:.\Generated_Source\PSoC4/cyfitter_cfg.c **** *
 191:.\Generated_Source\PSoC4/cyfitter_cfg.c **** * Return:
 192:.\Generated_Source\PSoC4/cyfitter_cfg.c **** *  void
 193:.\Generated_Source\PSoC4/cyfitter_cfg.c **** *
 194:.\Generated_Source\PSoC4/cyfitter_cfg.c **** *******************************************************************************/
 195:.\Generated_Source\PSoC4/cyfitter_cfg.c **** static void AnalogSetDefault(void);
 196:.\Generated_Source\PSoC4/cyfitter_cfg.c **** static void AnalogSetDefault(void)
 197:.\Generated_Source\PSoC4/cyfitter_cfg.c **** {
 198:.\Generated_Source\PSoC4/cyfitter_cfg.c **** }
 199:.\Generated_Source\PSoC4/cyfitter_cfg.c **** 
 200:.\Generated_Source\PSoC4/cyfitter_cfg.c **** #define CY_AMUX_UNUSED CYREG_CM0_ROM_DWT
 201:.\Generated_Source\PSoC4/cyfitter_cfg.c **** 
 202:.\Generated_Source\PSoC4/cyfitter_cfg.c **** 
 203:.\Generated_Source\PSoC4/cyfitter_cfg.c **** /*******************************************************************************
ARM GAS  C:\Users\Esmail\AppData\Local\Temp\ccGmfgXL.s 			page 7


 204:.\Generated_Source\PSoC4/cyfitter_cfg.c **** * Function Name: cyfitter_cfg
 205:.\Generated_Source\PSoC4/cyfitter_cfg.c **** ********************************************************************************
 206:.\Generated_Source\PSoC4/cyfitter_cfg.c **** * Summary:
 207:.\Generated_Source\PSoC4/cyfitter_cfg.c **** *  This function is called by the start-up code for the selected device. It
 208:.\Generated_Source\PSoC4/cyfitter_cfg.c **** *  performs all of the necessary device configuration based on the design
 209:.\Generated_Source\PSoC4/cyfitter_cfg.c **** *  settings.  This includes settings from the Design Wide Resources (DWR) such
 210:.\Generated_Source\PSoC4/cyfitter_cfg.c **** *  as Clocks and Pins as well as any component configuration that is necessary.
 211:.\Generated_Source\PSoC4/cyfitter_cfg.c **** *
 212:.\Generated_Source\PSoC4/cyfitter_cfg.c **** * Parameters:  
 213:.\Generated_Source\PSoC4/cyfitter_cfg.c **** *   void
 214:.\Generated_Source\PSoC4/cyfitter_cfg.c **** *
 215:.\Generated_Source\PSoC4/cyfitter_cfg.c **** * Return:
 216:.\Generated_Source\PSoC4/cyfitter_cfg.c **** *   void
 217:.\Generated_Source\PSoC4/cyfitter_cfg.c **** *
 218:.\Generated_Source\PSoC4/cyfitter_cfg.c **** *******************************************************************************/
 219:.\Generated_Source\PSoC4/cyfitter_cfg.c **** CY_CFG_SECTION
 220:.\Generated_Source\PSoC4/cyfitter_cfg.c **** void cyfitter_cfg(void)
 221:.\Generated_Source\PSoC4/cyfitter_cfg.c **** {
 140              		.loc 1 221 0
 141              		.cfi_startproc
 142 008c 10B5     		push	{r4, lr}
 143              		.cfi_def_cfa_offset 8
 144              		.cfi_offset 4, -8
 145              		.cfi_offset 14, -4
 222:.\Generated_Source\PSoC4/cyfitter_cfg.c **** 	/* Disable interrupts by default. Let user enable if/when they want. */
 223:.\Generated_Source\PSoC4/cyfitter_cfg.c **** 	CyGlobalIntDisable;
 146              		.loc 1 223 0
 147              	@ 223 ".\Generated_Source\PSoC4\cyfitter_cfg.c" 1
 148 008e 72B6     		CPSID   i
 149              	@ 0 "" 2
 150              	.LVL6:
 151              		.code	16
 152              	.LBB2:
 224:.\Generated_Source\PSoC4/cyfitter_cfg.c **** 
 225:.\Generated_Source\PSoC4/cyfitter_cfg.c **** 	{
 226:.\Generated_Source\PSoC4/cyfitter_cfg.c **** 
 227:.\Generated_Source\PSoC4/cyfitter_cfg.c **** 		CYPACKED typedef struct {
 228:.\Generated_Source\PSoC4/cyfitter_cfg.c **** 			void CYFAR *address;
 229:.\Generated_Source\PSoC4/cyfitter_cfg.c **** 			uint16 size;
 230:.\Generated_Source\PSoC4/cyfitter_cfg.c **** 		} CYPACKED_ATTR cfg_memset_t;
 231:.\Generated_Source\PSoC4/cyfitter_cfg.c **** 
 232:.\Generated_Source\PSoC4/cyfitter_cfg.c **** 		static const cfg_memset_t CYCODE cfg_memset_list [] = {
 233:.\Generated_Source\PSoC4/cyfitter_cfg.c **** 			/* address, size */
 234:.\Generated_Source\PSoC4/cyfitter_cfg.c **** 			{(void CYFAR *)(CYDEV_UDB_P0_U0_BASE), 1024u},
 235:.\Generated_Source\PSoC4/cyfitter_cfg.c **** 			{(void CYFAR *)(CYDEV_UDB_DSI0_BASE), 1024u},
 236:.\Generated_Source\PSoC4/cyfitter_cfg.c **** 		};
 237:.\Generated_Source\PSoC4/cyfitter_cfg.c **** 
 238:.\Generated_Source\PSoC4/cyfitter_cfg.c **** 		uint8 CYDATA i;
 239:.\Generated_Source\PSoC4/cyfitter_cfg.c **** 
 240:.\Generated_Source\PSoC4/cyfitter_cfg.c **** 		/* Zero out critical memory blocks before beginning configuration */
 241:.\Generated_Source\PSoC4/cyfitter_cfg.c **** 		for (i = 0u; i < (sizeof(cfg_memset_list)/sizeof(cfg_memset_list[0])); i++)
 153              		.loc 1 241 0
 154 0090 0024     		mov	r4, #0
 155 0092 10E0     		b	.L6
 156              	.LVL7:
 157              	.L7:
 158              	.LBB3:
ARM GAS  C:\Users\Esmail\AppData\Local\Temp\ccGmfgXL.s 			page 8


 242:.\Generated_Source\PSoC4/cyfitter_cfg.c **** 		{
 243:.\Generated_Source\PSoC4/cyfitter_cfg.c **** 			const cfg_memset_t CYCODE * CYDATA ms = &cfg_memset_list[i];
 244:.\Generated_Source\PSoC4/cyfitter_cfg.c **** 			CYMEMZERO(ms->address, (size_t)(uint32)(ms->size));
 159              		.loc 1 244 0 discriminator 3
 160 0094 2648     		ldr	r0, .L8
 161 0096 6300     		lsl	r3, r4, #1
 162 0098 1A19     		add	r2, r3, r4
 163 009a 5200     		lsl	r2, r2, #1
 164 009c 8218     		add	r2, r0, r2
 165 009e 9188     		ldrh	r1, [r2, #4]
 166 00a0 1B19     		add	r3, r3, r4
 167 00a2 5B00     		lsl	r3, r3, #1
 168 00a4 1A5A     		ldrh	r2, [r3, r0]
 169 00a6 C318     		add	r3, r0, r3
 170 00a8 5888     		ldrh	r0, [r3, #2]
 171 00aa 0004     		lsl	r0, r0, #16
 172 00ac 1043     		orr	r0, r2
 173 00ae FFF7FEFF 		bl	CYMEMZERO
 174              	.LVL8:
 175              	.LBE3:
 241:.\Generated_Source\PSoC4/cyfitter_cfg.c **** 		{
 176              		.loc 1 241 0 discriminator 3
 177 00b2 0134     		add	r4, r4, #1
 178              	.LVL9:
 179 00b4 E4B2     		uxtb	r4, r4
 180              	.LVL10:
 181              	.L6:
 241:.\Generated_Source\PSoC4/cyfitter_cfg.c **** 		{
 182              		.loc 1 241 0 is_stmt 0 discriminator 1
 183 00b6 012C     		cmp	r4, #1
 184 00b8 ECD9     		bls	.L7
 245:.\Generated_Source\PSoC4/cyfitter_cfg.c **** 		}
 246:.\Generated_Source\PSoC4/cyfitter_cfg.c **** 
 247:.\Generated_Source\PSoC4/cyfitter_cfg.c **** 		/* HSIOM Starting address: CYDEV_HSIOM_BASE */
 248:.\Generated_Source\PSoC4/cyfitter_cfg.c **** 		CY_SET_XTND_REG32((void CYFAR *)(CYDEV_HSIOM_BASE), 0x00990000u);
 185              		.loc 1 248 0 is_stmt 1
 186 00ba 9923     		mov	r3, #153
 187 00bc 1B04     		lsl	r3, r3, #16
 188 00be 1D4A     		ldr	r2, .L8+4
 189 00c0 1360     		str	r3, [r2]
 249:.\Generated_Source\PSoC4/cyfitter_cfg.c **** 		CY_SET_XTND_REG32((void CYFAR *)(CYREG_HSIOM_PORT_SEL3), 0x0000EE00u);
 190              		.loc 1 249 0
 191 00c2 EE21     		mov	r1, #238
 192 00c4 0902     		lsl	r1, r1, #8
 193 00c6 1C4A     		ldr	r2, .L8+8
 194 00c8 1160     		str	r1, [r2]
 250:.\Generated_Source\PSoC4/cyfitter_cfg.c **** 		CY_SET_XTND_REG32((void CYFAR *)(CYREG_HSIOM_PORT_SEL4), 0x000000EEu);
 195              		.loc 1 250 0
 196 00ca EE21     		mov	r1, #238
 197 00cc 1B4A     		ldr	r2, .L8+12
 198 00ce 1160     		str	r1, [r2]
 251:.\Generated_Source\PSoC4/cyfitter_cfg.c **** 
 252:.\Generated_Source\PSoC4/cyfitter_cfg.c **** 		/* UDB_PA_0 Starting address: CYDEV_UDB_PA0_BASE */
 253:.\Generated_Source\PSoC4/cyfitter_cfg.c **** 		CY_SET_XTND_REG32((void CYFAR *)(CYDEV_UDB_PA0_BASE), 0x00990000u);
 199              		.loc 1 253 0
 200 00d0 1B4A     		ldr	r2, .L8+16
 201 00d2 1360     		str	r3, [r2]
ARM GAS  C:\Users\Esmail\AppData\Local\Temp\ccGmfgXL.s 			page 9


 254:.\Generated_Source\PSoC4/cyfitter_cfg.c **** 
 255:.\Generated_Source\PSoC4/cyfitter_cfg.c **** 		/* UDB_PA_1 Starting address: CYDEV_UDB_PA1_BASE */
 256:.\Generated_Source\PSoC4/cyfitter_cfg.c **** 		CY_SET_XTND_REG32((void CYFAR *)(CYDEV_UDB_PA1_BASE), 0x00990000u);
 202              		.loc 1 256 0
 203 00d4 1B4A     		ldr	r2, .L8+20
 204 00d6 1360     		str	r3, [r2]
 257:.\Generated_Source\PSoC4/cyfitter_cfg.c **** 
 258:.\Generated_Source\PSoC4/cyfitter_cfg.c **** 		/* UDB_PA_3 Starting address: CYDEV_UDB_PA3_BASE */
 259:.\Generated_Source\PSoC4/cyfitter_cfg.c **** 		CY_SET_XTND_REG32((void CYFAR *)(CYDEV_UDB_PA3_BASE), 0x00990000u);
 205              		.loc 1 259 0
 206 00d8 1B4A     		ldr	r2, .L8+24
 207 00da 1360     		str	r3, [r2]
 260:.\Generated_Source\PSoC4/cyfitter_cfg.c **** 
 261:.\Generated_Source\PSoC4/cyfitter_cfg.c **** 		/* Enable digital routing */
 262:.\Generated_Source\PSoC4/cyfitter_cfg.c **** 		CY_SET_XTND_REG8((void *)CYREG_UDB_UDBIF_BANK_CTL, CY_GET_XTND_REG8((void *)CYREG_UDB_UDBIF_BANK_
 208              		.loc 1 262 0
 209 00dc 1B4B     		ldr	r3, .L8+28
 210 00de 1978     		ldrb	r1, [r3]
 211 00e0 0222     		mov	r2, #2
 212 00e2 0A43     		orr	r2, r1
 213 00e4 1A70     		strb	r2, [r3]
 263:.\Generated_Source\PSoC4/cyfitter_cfg.c **** 
 264:.\Generated_Source\PSoC4/cyfitter_cfg.c **** 		/* Enable UDB array */
 265:.\Generated_Source\PSoC4/cyfitter_cfg.c **** 		CY_SET_XTND_REG8((void *)CYREG_UDB_UDBIF_WAIT_CFG, (uint8)((CY_GET_XTND_REG8((void *)CYREG_UDB_UD
 214              		.loc 1 265 0
 215 00e6 1A48     		ldr	r0, .L8+32
 216 00e8 0278     		ldrb	r2, [r0]
 217 00ea 3C21     		mov	r1, #60
 218 00ec 8A43     		bic	r2, r1
 219 00ee 2839     		sub	r1, r1, #40
 220 00f0 0A43     		orr	r2, r1
 221 00f2 0270     		strb	r2, [r0]
 266:.\Generated_Source\PSoC4/cyfitter_cfg.c **** 		CY_SET_XTND_REG8((void *)CYREG_UDB_UDBIF_BANK_CTL, (uint8)(CY_GET_XTND_REG8((void *)CYREG_UDB_UDB
 222              		.loc 1 266 0
 223 00f4 1978     		ldrb	r1, [r3]
 224 00f6 1622     		mov	r2, #22
 225 00f8 0A43     		orr	r2, r1
 226 00fa 1A70     		strb	r2, [r3]
 227              	.LBE2:
 267:.\Generated_Source\PSoC4/cyfitter_cfg.c **** 	}
 268:.\Generated_Source\PSoC4/cyfitter_cfg.c **** 
 269:.\Generated_Source\PSoC4/cyfitter_cfg.c **** 	/* Perform second pass device configuration. These items must be configured in specific order afte
 270:.\Generated_Source\PSoC4/cyfitter_cfg.c **** 	/* IOPINS0_0 Starting address: CYDEV_PRT0_BASE */
 271:.\Generated_Source\PSoC4/cyfitter_cfg.c **** 	CY_SET_XTND_REG32((void CYFAR *)(CYDEV_PRT0_BASE), 0x00000020u);
 228              		.loc 1 271 0
 229 00fc 2023     		mov	r3, #32
 230 00fe 154A     		ldr	r2, .L8+36
 231 0100 1360     		str	r3, [r2]
 272:.\Generated_Source\PSoC4/cyfitter_cfg.c **** 	CY_SET_XTND_REG32((void CYFAR *)(CYREG_PRT0_PC), 0x00031000u);
 232              		.loc 1 272 0
 233 0102 C421     		mov	r1, #196
 234 0104 8902     		lsl	r1, r1, #10
 235 0106 144A     		ldr	r2, .L8+40
 236 0108 1160     		str	r1, [r2]
 273:.\Generated_Source\PSoC4/cyfitter_cfg.c **** 	CY_SET_XTND_REG32((void CYFAR *)(CYREG_PRT0_PC2), 0x00000020u);
 237              		.loc 1 273 0
 238 010a 144A     		ldr	r2, .L8+44
ARM GAS  C:\Users\Esmail\AppData\Local\Temp\ccGmfgXL.s 			page 10


 239 010c 1360     		str	r3, [r2]
 274:.\Generated_Source\PSoC4/cyfitter_cfg.c **** 
 275:.\Generated_Source\PSoC4/cyfitter_cfg.c **** 	/* IOPINS0_1 Starting address: CYDEV_PRT1_BASE */
 276:.\Generated_Source\PSoC4/cyfitter_cfg.c **** 	CY_SET_XTND_REG32((void CYFAR *)(CYREG_PRT1_PC), 0x00180000u);
 240              		.loc 1 276 0
 241 010e C022     		mov	r2, #192
 242 0110 5203     		lsl	r2, r2, #13
 243 0112 134B     		ldr	r3, .L8+48
 244 0114 1A60     		str	r2, [r3]
 277:.\Generated_Source\PSoC4/cyfitter_cfg.c **** 
 278:.\Generated_Source\PSoC4/cyfitter_cfg.c **** 	/* IOPINS0_3 Starting address: CYDEV_PRT3_BASE */
 279:.\Generated_Source\PSoC4/cyfitter_cfg.c **** 	CY_SET_XTND_REG32((void CYFAR *)(CYREG_PRT3_PC), 0x00000D80u);
 245              		.loc 1 279 0
 246 0116 D822     		mov	r2, #216
 247 0118 1201     		lsl	r2, r2, #4
 248 011a 124B     		ldr	r3, .L8+52
 249 011c 1A60     		str	r2, [r3]
 280:.\Generated_Source\PSoC4/cyfitter_cfg.c **** 
 281:.\Generated_Source\PSoC4/cyfitter_cfg.c **** 	/* IOPINS0_4 Starting address: CYDEV_PRT4_BASE */
 282:.\Generated_Source\PSoC4/cyfitter_cfg.c **** 	CY_SET_XTND_REG32((void CYFAR *)(CYDEV_PRT4_BASE), 0x00000003u);
 250              		.loc 1 282 0
 251 011e 0322     		mov	r2, #3
 252 0120 114B     		ldr	r3, .L8+56
 253 0122 1A60     		str	r2, [r3]
 283:.\Generated_Source\PSoC4/cyfitter_cfg.c **** 	CY_SET_XTND_REG32((void CYFAR *)(CYREG_PRT4_PC), 0x00000024u);
 254              		.loc 1 283 0
 255 0124 2132     		add	r2, r2, #33
 256 0126 114B     		ldr	r3, .L8+60
 257 0128 1A60     		str	r2, [r3]
 284:.\Generated_Source\PSoC4/cyfitter_cfg.c **** 
 285:.\Generated_Source\PSoC4/cyfitter_cfg.c **** 	/* Setup clocks based on selections from Clock DWR */
 286:.\Generated_Source\PSoC4/cyfitter_cfg.c **** 	ClockSetup();
 258              		.loc 1 286 0
 259 012a FFF769FF 		bl	ClockSetup
 260              	.LVL11:
 287:.\Generated_Source\PSoC4/cyfitter_cfg.c **** 
 288:.\Generated_Source\PSoC4/cyfitter_cfg.c **** 	/* Perform basic analog initialization to defaults */
 289:.\Generated_Source\PSoC4/cyfitter_cfg.c **** 	AnalogSetDefault();
 290:.\Generated_Source\PSoC4/cyfitter_cfg.c **** 
 291:.\Generated_Source\PSoC4/cyfitter_cfg.c **** }
 261              		.loc 1 291 0
 262              		@ sp needed
 263              	.LVL12:
 264 012e 10BD     		pop	{r4, pc}
 265              	.L9:
 266              		.align	2
 267              	.L8:
 268 0130 00000000 		.word	.LANCHOR0
 269 0134 00000140 		.word	1073807360
 270 0138 0C000140 		.word	1073807372
 271 013c 10000140 		.word	1073807376
 272 0140 00500F40 		.word	1074745344
 273 0144 10500F40 		.word	1074745360
 274 0148 30500F40 		.word	1074745392
 275 014c 00700F40 		.word	1074753536
 276 0150 01700F40 		.word	1074753537
 277 0154 00000440 		.word	1074003968
ARM GAS  C:\Users\Esmail\AppData\Local\Temp\ccGmfgXL.s 			page 11


 278 0158 08000440 		.word	1074003976
 279 015c 18000440 		.word	1074003992
 280 0160 08010440 		.word	1074004232
 281 0164 08030440 		.word	1074004744
 282 0168 00040440 		.word	1074004992
 283 016c 08040440 		.word	1074005000
 284              		.cfi_endproc
 285              	.LFE5:
 286              		.size	cyfitter_cfg, .-cyfitter_cfg
 287              		.section	.rodata
 288              		.align	2
 289              		.set	.LANCHOR0,. + 0
 290              		.type	cfg_memset_list.4714, %object
 291              		.size	cfg_memset_list.4714, 12
 292              	cfg_memset_list.4714:
 293 0000 00300F40 		.word	1074737152
 294 0004 0004     		.short	1024
 295 0006 00400F40 		.4byte	1074741248
 296 000a 0004     		.short	1024
 297              		.text
 298              	.Letext0:
 299              		.file 2 "c:\\program files (x86)\\cypress\\psoc creator\\3.3\\psoc creator\\import\\gnu\\arm\\4.9.
 300              		.file 3 ".\\Generated_Source\\PSoC4\\cytypes.h"
 301              		.file 4 ".\\Generated_Source\\PSoC4\\CyLib.h"
 302              		.section	.debug_info,"",%progbits
 303              	.Ldebug_info0:
 304 0000 8C020000 		.4byte	0x28c
 305 0004 0400     		.2byte	0x4
 306 0006 00000000 		.4byte	.Ldebug_abbrev0
 307 000a 04       		.byte	0x4
 308 000b 01       		.uleb128 0x1
 309 000c 49010000 		.4byte	.LASF28
 310 0010 01       		.byte	0x1
 311 0011 05010000 		.4byte	.LASF29
 312 0015 0B020000 		.4byte	.LASF30
 313 0019 00000000 		.4byte	.Ldebug_ranges0+0
 314 001d 00000000 		.4byte	0
 315 0021 00000000 		.4byte	.Ldebug_line0
 316 0025 02       		.uleb128 0x2
 317 0026 04       		.byte	0x4
 318 0027 05       		.byte	0x5
 319 0028 696E7400 		.ascii	"int\000"
 320 002c 03       		.uleb128 0x3
 321 002d 06000000 		.4byte	.LASF11
 322 0031 02       		.byte	0x2
 323 0032 D4       		.byte	0xd4
 324 0033 37000000 		.4byte	0x37
 325 0037 04       		.uleb128 0x4
 326 0038 04       		.byte	0x4
 327 0039 07       		.byte	0x7
 328 003a B2000000 		.4byte	.LASF0
 329 003e 04       		.uleb128 0x4
 330 003f 01       		.byte	0x1
 331 0040 06       		.byte	0x6
 332 0041 FF010000 		.4byte	.LASF1
 333 0045 04       		.uleb128 0x4
 334 0046 01       		.byte	0x1
ARM GAS  C:\Users\Esmail\AppData\Local\Temp\ccGmfgXL.s 			page 12


 335 0047 08       		.byte	0x8
 336 0048 7C000000 		.4byte	.LASF2
 337 004c 04       		.uleb128 0x4
 338 004d 02       		.byte	0x2
 339 004e 05       		.byte	0x5
 340 004f D7010000 		.4byte	.LASF3
 341 0053 04       		.uleb128 0x4
 342 0054 02       		.byte	0x2
 343 0055 07       		.byte	0x7
 344 0056 37000000 		.4byte	.LASF4
 345 005a 04       		.uleb128 0x4
 346 005b 04       		.byte	0x4
 347 005c 05       		.byte	0x5
 348 005d F6010000 		.4byte	.LASF5
 349 0061 04       		.uleb128 0x4
 350 0062 04       		.byte	0x4
 351 0063 07       		.byte	0x7
 352 0064 5A000000 		.4byte	.LASF6
 353 0068 04       		.uleb128 0x4
 354 0069 08       		.byte	0x8
 355 006a 05       		.byte	0x5
 356 006b 36010000 		.4byte	.LASF7
 357 006f 04       		.uleb128 0x4
 358 0070 08       		.byte	0x8
 359 0071 07       		.byte	0x7
 360 0072 D4000000 		.4byte	.LASF8
 361 0076 04       		.uleb128 0x4
 362 0077 04       		.byte	0x4
 363 0078 07       		.byte	0x7
 364 0079 2D010000 		.4byte	.LASF9
 365 007d 05       		.uleb128 0x5
 366 007e 04       		.byte	0x4
 367 007f 06       		.uleb128 0x6
 368 0080 04       		.byte	0x4
 369 0081 85000000 		.4byte	0x85
 370 0085 07       		.uleb128 0x7
 371 0086 04       		.uleb128 0x4
 372 0087 01       		.byte	0x1
 373 0088 08       		.byte	0x8
 374 0089 44010000 		.4byte	.LASF10
 375 008d 03       		.uleb128 0x3
 376 008e 6C000000 		.4byte	.LASF12
 377 0092 03       		.byte	0x3
 378 0093 C1       		.byte	0xc1
 379 0094 45000000 		.4byte	0x45
 380 0098 03       		.uleb128 0x3
 381 0099 A4000000 		.4byte	.LASF13
 382 009d 03       		.byte	0x3
 383 009e C2       		.byte	0xc2
 384 009f 53000000 		.4byte	0x53
 385 00a3 03       		.uleb128 0x3
 386 00a4 AB000000 		.4byte	.LASF14
 387 00a8 03       		.byte	0x3
 388 00a9 C3       		.byte	0xc3
 389 00aa 61000000 		.4byte	0x61
 390 00ae 04       		.uleb128 0x4
 391 00af 04       		.byte	0x4
ARM GAS  C:\Users\Esmail\AppData\Local\Temp\ccGmfgXL.s 			page 13


 392 00b0 04       		.byte	0x4
 393 00b1 4A000000 		.4byte	.LASF15
 394 00b5 04       		.uleb128 0x4
 395 00b6 08       		.byte	0x8
 396 00b7 04       		.byte	0x4
 397 00b8 91000000 		.4byte	.LASF16
 398 00bc 08       		.uleb128 0x8
 399 00bd 55000000 		.4byte	.LASF17
 400 00c1 03       		.byte	0x3
 401 00c2 6B01     		.2byte	0x16b
 402 00c4 C8000000 		.4byte	0xc8
 403 00c8 09       		.uleb128 0x9
 404 00c9 8D000000 		.4byte	0x8d
 405 00cd 08       		.uleb128 0x8
 406 00ce 00000000 		.4byte	.LASF18
 407 00d2 03       		.byte	0x3
 408 00d3 6D01     		.2byte	0x16d
 409 00d5 D9000000 		.4byte	0xd9
 410 00d9 09       		.uleb128 0x9
 411 00da A3000000 		.4byte	0xa3
 412 00de 08       		.uleb128 0x8
 413 00df EB000000 		.4byte	.LASF19
 414 00e3 03       		.byte	0x3
 415 00e4 7D01     		.2byte	0x17d
 416 00e6 7F000000 		.4byte	0x7f
 417 00ea 0A       		.uleb128 0xa
 418 00eb 72000000 		.4byte	.LASF20
 419 00ef 01       		.byte	0x1
 420 00f0 3B       		.byte	0x3b
 421 00f1 00000000 		.4byte	.LFB0
 422 00f5 0C000000 		.4byte	.LFE0-.LFB0
 423 00f9 01       		.uleb128 0x1
 424 00fa 9C       		.byte	0x9c
 425 00fb 37010000 		.4byte	0x137
 426 00ff 0B       		.uleb128 0xb
 427 0100 7300     		.ascii	"s\000"
 428 0102 01       		.byte	0x1
 429 0103 3B       		.byte	0x3b
 430 0104 7D000000 		.4byte	0x7d
 431 0108 00000000 		.4byte	.LLST0
 432 010c 0B       		.uleb128 0xb
 433 010d 6E00     		.ascii	"n\000"
 434 010f 01       		.byte	0x1
 435 0110 3B       		.byte	0x3b
 436 0111 2C000000 		.4byte	0x2c
 437 0115 21000000 		.4byte	.LLST1
 438 0119 0C       		.uleb128 0xc
 439 011a 0A000000 		.4byte	.LVL2
 440 011e 3A020000 		.4byte	0x23a
 441 0122 0D       		.uleb128 0xd
 442 0123 01       		.uleb128 0x1
 443 0124 52       		.byte	0x52
 444 0125 03       		.uleb128 0x3
 445 0126 F3       		.byte	0xf3
 446 0127 01       		.uleb128 0x1
 447 0128 51       		.byte	0x51
 448 0129 0D       		.uleb128 0xd
ARM GAS  C:\Users\Esmail\AppData\Local\Temp\ccGmfgXL.s 			page 14


 449 012a 01       		.uleb128 0x1
 450 012b 51       		.byte	0x51
 451 012c 01       		.uleb128 0x1
 452 012d 30       		.byte	0x30
 453 012e 0D       		.uleb128 0xd
 454 012f 01       		.uleb128 0x1
 455 0130 50       		.byte	0x50
 456 0131 03       		.uleb128 0x3
 457 0132 F3       		.byte	0xf3
 458 0133 01       		.uleb128 0x1
 459 0134 50       		.byte	0x50
 460 0135 00       		.byte	0
 461 0136 00       		.byte	0
 462 0137 0A       		.uleb128 0xa
 463 0138 2C000000 		.4byte	.LASF21
 464 013c 01       		.byte	0x1
 465 013d 90       		.byte	0x90
 466 013e 00000000 		.4byte	.LFB3
 467 0142 8C000000 		.4byte	.LFE3-.LFB3
 468 0146 01       		.uleb128 0x1
 469 0147 9C       		.byte	0x9c
 470 0148 82010000 		.4byte	0x182
 471 014c 0E       		.uleb128 0xe
 472 014d 14000000 		.4byte	.LVL3
 473 0151 57020000 		.4byte	0x257
 474 0155 5F010000 		.4byte	0x15f
 475 0159 0D       		.uleb128 0xd
 476 015a 01       		.uleb128 0x1
 477 015b 50       		.byte	0x50
 478 015c 01       		.uleb128 0x1
 479 015d 48       		.byte	0x48
 480 015e 00       		.byte	0
 481 015f 0E       		.uleb128 0xe
 482 0160 4A000000 		.4byte	.LVL4
 483 0164 68020000 		.4byte	0x268
 484 0168 72010000 		.4byte	0x172
 485 016c 0D       		.uleb128 0xd
 486 016d 01       		.uleb128 0x1
 487 016e 50       		.byte	0x50
 488 016f 01       		.uleb128 0x1
 489 0170 39       		.byte	0x39
 490 0171 00       		.byte	0
 491 0172 0C       		.uleb128 0xc
 492 0173 50000000 		.4byte	.LVL5
 493 0177 82020000 		.4byte	0x282
 494 017b 0D       		.uleb128 0xd
 495 017c 01       		.uleb128 0x1
 496 017d 50       		.byte	0x50
 497 017e 01       		.uleb128 0x1
 498 017f 39       		.byte	0x39
 499 0180 00       		.byte	0
 500 0181 00       		.byte	0
 501 0182 0F       		.uleb128 0xf
 502 0183 BF000000 		.4byte	.LASF31
 503 0187 01       		.byte	0x1
 504 0188 DC       		.byte	0xdc
 505 0189 8C000000 		.4byte	.LFB5
ARM GAS  C:\Users\Esmail\AppData\Local\Temp\ccGmfgXL.s 			page 15


 506 018d E4000000 		.4byte	.LFE5-.LFB5
 507 0191 01       		.uleb128 0x1
 508 0192 9C       		.byte	0x9c
 509 0193 3A020000 		.4byte	0x23a
 510 0197 10       		.uleb128 0x10
 511 0198 90000000 		.4byte	.LBB2
 512 019c 6C000000 		.4byte	.LBE2-.LBB2
 513 01a0 30020000 		.4byte	0x230
 514 01a4 11       		.uleb128 0x11
 515 01a5 06       		.byte	0x6
 516 01a6 01       		.byte	0x1
 517 01a7 E3       		.byte	0xe3
 518 01a8 C5010000 		.4byte	0x1c5
 519 01ac 12       		.uleb128 0x12
 520 01ad CC000000 		.4byte	.LASF22
 521 01b1 01       		.byte	0x1
 522 01b2 E4       		.byte	0xe4
 523 01b3 7D000000 		.4byte	0x7d
 524 01b7 00       		.byte	0
 525 01b8 12       		.uleb128 0x12
 526 01b9 50000000 		.4byte	.LASF23
 527 01bd 01       		.byte	0x1
 528 01be E5       		.byte	0xe5
 529 01bf 98000000 		.4byte	0x98
 530 01c3 04       		.byte	0x4
 531 01c4 00       		.byte	0
 532 01c5 03       		.uleb128 0x3
 533 01c6 F8000000 		.4byte	.LASF24
 534 01ca 01       		.byte	0x1
 535 01cb E6       		.byte	0xe6
 536 01cc A4010000 		.4byte	0x1a4
 537 01d0 13       		.uleb128 0x13
 538 01d1 C5010000 		.4byte	0x1c5
 539 01d5 E0010000 		.4byte	0x1e0
 540 01d9 14       		.uleb128 0x14
 541 01da 76000000 		.4byte	0x76
 542 01de 01       		.byte	0x1
 543 01df 00       		.byte	0
 544 01e0 15       		.uleb128 0x15
 545 01e1 1C000000 		.4byte	.LASF25
 546 01e5 01       		.byte	0x1
 547 01e6 E8       		.byte	0xe8
 548 01e7 F1010000 		.4byte	0x1f1
 549 01eb 05       		.uleb128 0x5
 550 01ec 03       		.byte	0x3
 551 01ed 00000000 		.4byte	cfg_memset_list.4714
 552 01f1 16       		.uleb128 0x16
 553 01f2 D0010000 		.4byte	0x1d0
 554 01f6 17       		.uleb128 0x17
 555 01f7 6900     		.ascii	"i\000"
 556 01f9 01       		.byte	0x1
 557 01fa EE       		.byte	0xee
 558 01fb 8D000000 		.4byte	0x8d
 559 01ff 4D000000 		.4byte	.LLST2
 560 0203 18       		.uleb128 0x18
 561 0204 94000000 		.4byte	.LBB3
 562 0208 1E000000 		.4byte	.LBE3-.LBB3
ARM GAS  C:\Users\Esmail\AppData\Local\Temp\ccGmfgXL.s 			page 16


 563 020c 17       		.uleb128 0x17
 564 020d 6D7300   		.ascii	"ms\000"
 565 0210 01       		.byte	0x1
 566 0211 F3       		.byte	0xf3
 567 0212 1A020000 		.4byte	0x21a
 568 0216 77000000 		.4byte	.LLST3
 569 021a 06       		.uleb128 0x6
 570 021b 04       		.byte	0x4
 571 021c 20020000 		.4byte	0x220
 572 0220 16       		.uleb128 0x16
 573 0221 C5010000 		.4byte	0x1c5
 574 0225 19       		.uleb128 0x19
 575 0226 B2000000 		.4byte	.LVL8
 576 022a EA000000 		.4byte	0xea
 577 022e 00       		.byte	0
 578 022f 00       		.byte	0
 579 0230 19       		.uleb128 0x19
 580 0231 2E010000 		.4byte	.LVL11
 581 0235 37010000 		.4byte	0x137
 582 0239 00       		.byte	0
 583 023a 1A       		.uleb128 0x1a
 584 023b 8A000000 		.4byte	.LASF26
 585 023f 7D000000 		.4byte	0x7d
 586 0243 57020000 		.4byte	0x257
 587 0247 1B       		.uleb128 0x1b
 588 0248 7D000000 		.4byte	0x7d
 589 024c 1B       		.uleb128 0x1b
 590 024d 25000000 		.4byte	0x25
 591 0251 1B       		.uleb128 0x1b
 592 0252 76000000 		.4byte	0x76
 593 0256 00       		.byte	0
 594 0257 1C       		.uleb128 0x1c
 595 0258 E1010000 		.4byte	.LASF27
 596 025c 04       		.byte	0x4
 597 025d 31       		.byte	0x31
 598 025e 68020000 		.4byte	0x268
 599 0262 1B       		.uleb128 0x1b
 600 0263 A3000000 		.4byte	0xa3
 601 0267 00       		.byte	0
 602 0268 1D       		.uleb128 0x1d
 603 0269 0D000000 		.4byte	.LASF32
 604 026d 04       		.byte	0x4
 605 026e 46       		.byte	0x46
 606 026f DE000000 		.4byte	0xde
 607 0273 82020000 		.4byte	0x282
 608 0277 1B       		.uleb128 0x1b
 609 0278 8D000000 		.4byte	0x8d
 610 027c 1B       		.uleb128 0x1b
 611 027d DE000000 		.4byte	0xde
 612 0281 00       		.byte	0
 613 0282 1E       		.uleb128 0x1e
 614 0283 98000000 		.4byte	.LASF33
 615 0287 04       		.byte	0x4
 616 0288 4C       		.byte	0x4c
 617 0289 1B       		.uleb128 0x1b
 618 028a 8D000000 		.4byte	0x8d
 619 028e 00       		.byte	0
ARM GAS  C:\Users\Esmail\AppData\Local\Temp\ccGmfgXL.s 			page 17


 620 028f 00       		.byte	0
 621              		.section	.debug_abbrev,"",%progbits
 622              	.Ldebug_abbrev0:
 623 0000 01       		.uleb128 0x1
 624 0001 11       		.uleb128 0x11
 625 0002 01       		.byte	0x1
 626 0003 25       		.uleb128 0x25
 627 0004 0E       		.uleb128 0xe
 628 0005 13       		.uleb128 0x13
 629 0006 0B       		.uleb128 0xb
 630 0007 03       		.uleb128 0x3
 631 0008 0E       		.uleb128 0xe
 632 0009 1B       		.uleb128 0x1b
 633 000a 0E       		.uleb128 0xe
 634 000b 55       		.uleb128 0x55
 635 000c 17       		.uleb128 0x17
 636 000d 11       		.uleb128 0x11
 637 000e 01       		.uleb128 0x1
 638 000f 10       		.uleb128 0x10
 639 0010 17       		.uleb128 0x17
 640 0011 00       		.byte	0
 641 0012 00       		.byte	0
 642 0013 02       		.uleb128 0x2
 643 0014 24       		.uleb128 0x24
 644 0015 00       		.byte	0
 645 0016 0B       		.uleb128 0xb
 646 0017 0B       		.uleb128 0xb
 647 0018 3E       		.uleb128 0x3e
 648 0019 0B       		.uleb128 0xb
 649 001a 03       		.uleb128 0x3
 650 001b 08       		.uleb128 0x8
 651 001c 00       		.byte	0
 652 001d 00       		.byte	0
 653 001e 03       		.uleb128 0x3
 654 001f 16       		.uleb128 0x16
 655 0020 00       		.byte	0
 656 0021 03       		.uleb128 0x3
 657 0022 0E       		.uleb128 0xe
 658 0023 3A       		.uleb128 0x3a
 659 0024 0B       		.uleb128 0xb
 660 0025 3B       		.uleb128 0x3b
 661 0026 0B       		.uleb128 0xb
 662 0027 49       		.uleb128 0x49
 663 0028 13       		.uleb128 0x13
 664 0029 00       		.byte	0
 665 002a 00       		.byte	0
 666 002b 04       		.uleb128 0x4
 667 002c 24       		.uleb128 0x24
 668 002d 00       		.byte	0
 669 002e 0B       		.uleb128 0xb
 670 002f 0B       		.uleb128 0xb
 671 0030 3E       		.uleb128 0x3e
 672 0031 0B       		.uleb128 0xb
 673 0032 03       		.uleb128 0x3
 674 0033 0E       		.uleb128 0xe
 675 0034 00       		.byte	0
 676 0035 00       		.byte	0
ARM GAS  C:\Users\Esmail\AppData\Local\Temp\ccGmfgXL.s 			page 18


 677 0036 05       		.uleb128 0x5
 678 0037 0F       		.uleb128 0xf
 679 0038 00       		.byte	0
 680 0039 0B       		.uleb128 0xb
 681 003a 0B       		.uleb128 0xb
 682 003b 00       		.byte	0
 683 003c 00       		.byte	0
 684 003d 06       		.uleb128 0x6
 685 003e 0F       		.uleb128 0xf
 686 003f 00       		.byte	0
 687 0040 0B       		.uleb128 0xb
 688 0041 0B       		.uleb128 0xb
 689 0042 49       		.uleb128 0x49
 690 0043 13       		.uleb128 0x13
 691 0044 00       		.byte	0
 692 0045 00       		.byte	0
 693 0046 07       		.uleb128 0x7
 694 0047 15       		.uleb128 0x15
 695 0048 00       		.byte	0
 696 0049 27       		.uleb128 0x27
 697 004a 19       		.uleb128 0x19
 698 004b 00       		.byte	0
 699 004c 00       		.byte	0
 700 004d 08       		.uleb128 0x8
 701 004e 16       		.uleb128 0x16
 702 004f 00       		.byte	0
 703 0050 03       		.uleb128 0x3
 704 0051 0E       		.uleb128 0xe
 705 0052 3A       		.uleb128 0x3a
 706 0053 0B       		.uleb128 0xb
 707 0054 3B       		.uleb128 0x3b
 708 0055 05       		.uleb128 0x5
 709 0056 49       		.uleb128 0x49
 710 0057 13       		.uleb128 0x13
 711 0058 00       		.byte	0
 712 0059 00       		.byte	0
 713 005a 09       		.uleb128 0x9
 714 005b 35       		.uleb128 0x35
 715 005c 00       		.byte	0
 716 005d 49       		.uleb128 0x49
 717 005e 13       		.uleb128 0x13
 718 005f 00       		.byte	0
 719 0060 00       		.byte	0
 720 0061 0A       		.uleb128 0xa
 721 0062 2E       		.uleb128 0x2e
 722 0063 01       		.byte	0x1
 723 0064 03       		.uleb128 0x3
 724 0065 0E       		.uleb128 0xe
 725 0066 3A       		.uleb128 0x3a
 726 0067 0B       		.uleb128 0xb
 727 0068 3B       		.uleb128 0x3b
 728 0069 0B       		.uleb128 0xb
 729 006a 27       		.uleb128 0x27
 730 006b 19       		.uleb128 0x19
 731 006c 11       		.uleb128 0x11
 732 006d 01       		.uleb128 0x1
 733 006e 12       		.uleb128 0x12
ARM GAS  C:\Users\Esmail\AppData\Local\Temp\ccGmfgXL.s 			page 19


 734 006f 06       		.uleb128 0x6
 735 0070 40       		.uleb128 0x40
 736 0071 18       		.uleb128 0x18
 737 0072 9742     		.uleb128 0x2117
 738 0074 19       		.uleb128 0x19
 739 0075 01       		.uleb128 0x1
 740 0076 13       		.uleb128 0x13
 741 0077 00       		.byte	0
 742 0078 00       		.byte	0
 743 0079 0B       		.uleb128 0xb
 744 007a 05       		.uleb128 0x5
 745 007b 00       		.byte	0
 746 007c 03       		.uleb128 0x3
 747 007d 08       		.uleb128 0x8
 748 007e 3A       		.uleb128 0x3a
 749 007f 0B       		.uleb128 0xb
 750 0080 3B       		.uleb128 0x3b
 751 0081 0B       		.uleb128 0xb
 752 0082 49       		.uleb128 0x49
 753 0083 13       		.uleb128 0x13
 754 0084 02       		.uleb128 0x2
 755 0085 17       		.uleb128 0x17
 756 0086 00       		.byte	0
 757 0087 00       		.byte	0
 758 0088 0C       		.uleb128 0xc
 759 0089 898201   		.uleb128 0x4109
 760 008c 01       		.byte	0x1
 761 008d 11       		.uleb128 0x11
 762 008e 01       		.uleb128 0x1
 763 008f 31       		.uleb128 0x31
 764 0090 13       		.uleb128 0x13
 765 0091 00       		.byte	0
 766 0092 00       		.byte	0
 767 0093 0D       		.uleb128 0xd
 768 0094 8A8201   		.uleb128 0x410a
 769 0097 00       		.byte	0
 770 0098 02       		.uleb128 0x2
 771 0099 18       		.uleb128 0x18
 772 009a 9142     		.uleb128 0x2111
 773 009c 18       		.uleb128 0x18
 774 009d 00       		.byte	0
 775 009e 00       		.byte	0
 776 009f 0E       		.uleb128 0xe
 777 00a0 898201   		.uleb128 0x4109
 778 00a3 01       		.byte	0x1
 779 00a4 11       		.uleb128 0x11
 780 00a5 01       		.uleb128 0x1
 781 00a6 31       		.uleb128 0x31
 782 00a7 13       		.uleb128 0x13
 783 00a8 01       		.uleb128 0x1
 784 00a9 13       		.uleb128 0x13
 785 00aa 00       		.byte	0
 786 00ab 00       		.byte	0
 787 00ac 0F       		.uleb128 0xf
 788 00ad 2E       		.uleb128 0x2e
 789 00ae 01       		.byte	0x1
 790 00af 3F       		.uleb128 0x3f
ARM GAS  C:\Users\Esmail\AppData\Local\Temp\ccGmfgXL.s 			page 20


 791 00b0 19       		.uleb128 0x19
 792 00b1 03       		.uleb128 0x3
 793 00b2 0E       		.uleb128 0xe
 794 00b3 3A       		.uleb128 0x3a
 795 00b4 0B       		.uleb128 0xb
 796 00b5 3B       		.uleb128 0x3b
 797 00b6 0B       		.uleb128 0xb
 798 00b7 27       		.uleb128 0x27
 799 00b8 19       		.uleb128 0x19
 800 00b9 11       		.uleb128 0x11
 801 00ba 01       		.uleb128 0x1
 802 00bb 12       		.uleb128 0x12
 803 00bc 06       		.uleb128 0x6
 804 00bd 40       		.uleb128 0x40
 805 00be 18       		.uleb128 0x18
 806 00bf 9742     		.uleb128 0x2117
 807 00c1 19       		.uleb128 0x19
 808 00c2 01       		.uleb128 0x1
 809 00c3 13       		.uleb128 0x13
 810 00c4 00       		.byte	0
 811 00c5 00       		.byte	0
 812 00c6 10       		.uleb128 0x10
 813 00c7 0B       		.uleb128 0xb
 814 00c8 01       		.byte	0x1
 815 00c9 11       		.uleb128 0x11
 816 00ca 01       		.uleb128 0x1
 817 00cb 12       		.uleb128 0x12
 818 00cc 06       		.uleb128 0x6
 819 00cd 01       		.uleb128 0x1
 820 00ce 13       		.uleb128 0x13
 821 00cf 00       		.byte	0
 822 00d0 00       		.byte	0
 823 00d1 11       		.uleb128 0x11
 824 00d2 13       		.uleb128 0x13
 825 00d3 01       		.byte	0x1
 826 00d4 0B       		.uleb128 0xb
 827 00d5 0B       		.uleb128 0xb
 828 00d6 3A       		.uleb128 0x3a
 829 00d7 0B       		.uleb128 0xb
 830 00d8 3B       		.uleb128 0x3b
 831 00d9 0B       		.uleb128 0xb
 832 00da 01       		.uleb128 0x1
 833 00db 13       		.uleb128 0x13
 834 00dc 00       		.byte	0
 835 00dd 00       		.byte	0
 836 00de 12       		.uleb128 0x12
 837 00df 0D       		.uleb128 0xd
 838 00e0 00       		.byte	0
 839 00e1 03       		.uleb128 0x3
 840 00e2 0E       		.uleb128 0xe
 841 00e3 3A       		.uleb128 0x3a
 842 00e4 0B       		.uleb128 0xb
 843 00e5 3B       		.uleb128 0x3b
 844 00e6 0B       		.uleb128 0xb
 845 00e7 49       		.uleb128 0x49
 846 00e8 13       		.uleb128 0x13
 847 00e9 38       		.uleb128 0x38
ARM GAS  C:\Users\Esmail\AppData\Local\Temp\ccGmfgXL.s 			page 21


 848 00ea 0B       		.uleb128 0xb
 849 00eb 00       		.byte	0
 850 00ec 00       		.byte	0
 851 00ed 13       		.uleb128 0x13
 852 00ee 01       		.uleb128 0x1
 853 00ef 01       		.byte	0x1
 854 00f0 49       		.uleb128 0x49
 855 00f1 13       		.uleb128 0x13
 856 00f2 01       		.uleb128 0x1
 857 00f3 13       		.uleb128 0x13
 858 00f4 00       		.byte	0
 859 00f5 00       		.byte	0
 860 00f6 14       		.uleb128 0x14
 861 00f7 21       		.uleb128 0x21
 862 00f8 00       		.byte	0
 863 00f9 49       		.uleb128 0x49
 864 00fa 13       		.uleb128 0x13
 865 00fb 2F       		.uleb128 0x2f
 866 00fc 0B       		.uleb128 0xb
 867 00fd 00       		.byte	0
 868 00fe 00       		.byte	0
 869 00ff 15       		.uleb128 0x15
 870 0100 34       		.uleb128 0x34
 871 0101 00       		.byte	0
 872 0102 03       		.uleb128 0x3
 873 0103 0E       		.uleb128 0xe
 874 0104 3A       		.uleb128 0x3a
 875 0105 0B       		.uleb128 0xb
 876 0106 3B       		.uleb128 0x3b
 877 0107 0B       		.uleb128 0xb
 878 0108 49       		.uleb128 0x49
 879 0109 13       		.uleb128 0x13
 880 010a 02       		.uleb128 0x2
 881 010b 18       		.uleb128 0x18
 882 010c 00       		.byte	0
 883 010d 00       		.byte	0
 884 010e 16       		.uleb128 0x16
 885 010f 26       		.uleb128 0x26
 886 0110 00       		.byte	0
 887 0111 49       		.uleb128 0x49
 888 0112 13       		.uleb128 0x13
 889 0113 00       		.byte	0
 890 0114 00       		.byte	0
 891 0115 17       		.uleb128 0x17
 892 0116 34       		.uleb128 0x34
 893 0117 00       		.byte	0
 894 0118 03       		.uleb128 0x3
 895 0119 08       		.uleb128 0x8
 896 011a 3A       		.uleb128 0x3a
 897 011b 0B       		.uleb128 0xb
 898 011c 3B       		.uleb128 0x3b
 899 011d 0B       		.uleb128 0xb
 900 011e 49       		.uleb128 0x49
 901 011f 13       		.uleb128 0x13
 902 0120 02       		.uleb128 0x2
 903 0121 17       		.uleb128 0x17
 904 0122 00       		.byte	0
ARM GAS  C:\Users\Esmail\AppData\Local\Temp\ccGmfgXL.s 			page 22


 905 0123 00       		.byte	0
 906 0124 18       		.uleb128 0x18
 907 0125 0B       		.uleb128 0xb
 908 0126 01       		.byte	0x1
 909 0127 11       		.uleb128 0x11
 910 0128 01       		.uleb128 0x1
 911 0129 12       		.uleb128 0x12
 912 012a 06       		.uleb128 0x6
 913 012b 00       		.byte	0
 914 012c 00       		.byte	0
 915 012d 19       		.uleb128 0x19
 916 012e 898201   		.uleb128 0x4109
 917 0131 00       		.byte	0
 918 0132 11       		.uleb128 0x11
 919 0133 01       		.uleb128 0x1
 920 0134 31       		.uleb128 0x31
 921 0135 13       		.uleb128 0x13
 922 0136 00       		.byte	0
 923 0137 00       		.byte	0
 924 0138 1A       		.uleb128 0x1a
 925 0139 2E       		.uleb128 0x2e
 926 013a 01       		.byte	0x1
 927 013b 3F       		.uleb128 0x3f
 928 013c 19       		.uleb128 0x19
 929 013d 03       		.uleb128 0x3
 930 013e 0E       		.uleb128 0xe
 931 013f 27       		.uleb128 0x27
 932 0140 19       		.uleb128 0x19
 933 0141 49       		.uleb128 0x49
 934 0142 13       		.uleb128 0x13
 935 0143 34       		.uleb128 0x34
 936 0144 19       		.uleb128 0x19
 937 0145 3C       		.uleb128 0x3c
 938 0146 19       		.uleb128 0x19
 939 0147 01       		.uleb128 0x1
 940 0148 13       		.uleb128 0x13
 941 0149 00       		.byte	0
 942 014a 00       		.byte	0
 943 014b 1B       		.uleb128 0x1b
 944 014c 05       		.uleb128 0x5
 945 014d 00       		.byte	0
 946 014e 49       		.uleb128 0x49
 947 014f 13       		.uleb128 0x13
 948 0150 00       		.byte	0
 949 0151 00       		.byte	0
 950 0152 1C       		.uleb128 0x1c
 951 0153 2E       		.uleb128 0x2e
 952 0154 01       		.byte	0x1
 953 0155 3F       		.uleb128 0x3f
 954 0156 19       		.uleb128 0x19
 955 0157 03       		.uleb128 0x3
 956 0158 0E       		.uleb128 0xe
 957 0159 3A       		.uleb128 0x3a
 958 015a 0B       		.uleb128 0xb
 959 015b 3B       		.uleb128 0x3b
 960 015c 0B       		.uleb128 0xb
 961 015d 27       		.uleb128 0x27
ARM GAS  C:\Users\Esmail\AppData\Local\Temp\ccGmfgXL.s 			page 23


 962 015e 19       		.uleb128 0x19
 963 015f 3C       		.uleb128 0x3c
 964 0160 19       		.uleb128 0x19
 965 0161 01       		.uleb128 0x1
 966 0162 13       		.uleb128 0x13
 967 0163 00       		.byte	0
 968 0164 00       		.byte	0
 969 0165 1D       		.uleb128 0x1d
 970 0166 2E       		.uleb128 0x2e
 971 0167 01       		.byte	0x1
 972 0168 3F       		.uleb128 0x3f
 973 0169 19       		.uleb128 0x19
 974 016a 03       		.uleb128 0x3
 975 016b 0E       		.uleb128 0xe
 976 016c 3A       		.uleb128 0x3a
 977 016d 0B       		.uleb128 0xb
 978 016e 3B       		.uleb128 0x3b
 979 016f 0B       		.uleb128 0xb
 980 0170 27       		.uleb128 0x27
 981 0171 19       		.uleb128 0x19
 982 0172 49       		.uleb128 0x49
 983 0173 13       		.uleb128 0x13
 984 0174 3C       		.uleb128 0x3c
 985 0175 19       		.uleb128 0x19
 986 0176 01       		.uleb128 0x1
 987 0177 13       		.uleb128 0x13
 988 0178 00       		.byte	0
 989 0179 00       		.byte	0
 990 017a 1E       		.uleb128 0x1e
 991 017b 2E       		.uleb128 0x2e
 992 017c 01       		.byte	0x1
 993 017d 3F       		.uleb128 0x3f
 994 017e 19       		.uleb128 0x19
 995 017f 03       		.uleb128 0x3
 996 0180 0E       		.uleb128 0xe
 997 0181 3A       		.uleb128 0x3a
 998 0182 0B       		.uleb128 0xb
 999 0183 3B       		.uleb128 0x3b
 1000 0184 0B       		.uleb128 0xb
 1001 0185 27       		.uleb128 0x27
 1002 0186 19       		.uleb128 0x19
 1003 0187 3C       		.uleb128 0x3c
 1004 0188 19       		.uleb128 0x19
 1005 0189 00       		.byte	0
 1006 018a 00       		.byte	0
 1007 018b 00       		.byte	0
 1008              		.section	.debug_loc,"",%progbits
 1009              	.Ldebug_loc0:
 1010              	.LLST0:
 1011 0000 00000000 		.4byte	.LVL0
 1012 0004 09000000 		.4byte	.LVL2-1
 1013 0008 0100     		.2byte	0x1
 1014 000a 50       		.byte	0x50
 1015 000b 09000000 		.4byte	.LVL2-1
 1016 000f 0C000000 		.4byte	.LFE0
 1017 0013 0400     		.2byte	0x4
 1018 0015 F3       		.byte	0xf3
ARM GAS  C:\Users\Esmail\AppData\Local\Temp\ccGmfgXL.s 			page 24


 1019 0016 01       		.uleb128 0x1
 1020 0017 50       		.byte	0x50
 1021 0018 9F       		.byte	0x9f
 1022 0019 00000000 		.4byte	0
 1023 001d 00000000 		.4byte	0
 1024              	.LLST1:
 1025 0021 00000000 		.4byte	.LVL0
 1026 0025 06000000 		.4byte	.LVL1
 1027 0029 0100     		.2byte	0x1
 1028 002b 51       		.byte	0x51
 1029 002c 06000000 		.4byte	.LVL1
 1030 0030 09000000 		.4byte	.LVL2-1
 1031 0034 0100     		.2byte	0x1
 1032 0036 52       		.byte	0x52
 1033 0037 09000000 		.4byte	.LVL2-1
 1034 003b 0C000000 		.4byte	.LFE0
 1035 003f 0400     		.2byte	0x4
 1036 0041 F3       		.byte	0xf3
 1037 0042 01       		.uleb128 0x1
 1038 0043 51       		.byte	0x51
 1039 0044 9F       		.byte	0x9f
 1040 0045 00000000 		.4byte	0
 1041 0049 00000000 		.4byte	0
 1042              	.LLST2:
 1043 004d 90000000 		.4byte	.LVL6
 1044 0051 94000000 		.4byte	.LVL7
 1045 0055 0200     		.2byte	0x2
 1046 0057 30       		.byte	0x30
 1047 0058 9F       		.byte	0x9f
 1048 0059 94000000 		.4byte	.LVL7
 1049 005d B4000000 		.4byte	.LVL9
 1050 0061 0100     		.2byte	0x1
 1051 0063 54       		.byte	0x54
 1052 0064 B6000000 		.4byte	.LVL10
 1053 0068 2E010000 		.4byte	.LVL12
 1054 006c 0100     		.2byte	0x1
 1055 006e 54       		.byte	0x54
 1056 006f 00000000 		.4byte	0
 1057 0073 00000000 		.4byte	0
 1058              	.LLST3:
 1059 0077 94000000 		.4byte	.LVL7
 1060 007b B4000000 		.4byte	.LVL9
 1061 007f 0B00     		.2byte	0xb
 1062 0081 74       		.byte	0x74
 1063 0082 00       		.sleb128 0
 1064 0083 36       		.byte	0x36
 1065 0084 1E       		.byte	0x1e
 1066 0085 03       		.byte	0x3
 1067 0086 00000000 		.4byte	cfg_memset_list.4714
 1068 008a 22       		.byte	0x22
 1069 008b 9F       		.byte	0x9f
 1070 008c B4000000 		.4byte	.LVL9
 1071 0090 B6000000 		.4byte	.LVL10
 1072 0094 0B00     		.2byte	0xb
 1073 0096 74       		.byte	0x74
 1074 0097 7F       		.sleb128 -1
 1075 0098 36       		.byte	0x36
ARM GAS  C:\Users\Esmail\AppData\Local\Temp\ccGmfgXL.s 			page 25


 1076 0099 1E       		.byte	0x1e
 1077 009a 03       		.byte	0x3
 1078 009b 00000000 		.4byte	cfg_memset_list.4714
 1079 009f 22       		.byte	0x22
 1080 00a0 9F       		.byte	0x9f
 1081 00a1 00000000 		.4byte	0
 1082 00a5 00000000 		.4byte	0
 1083              		.section	.debug_aranges,"",%progbits
 1084 0000 2C000000 		.4byte	0x2c
 1085 0004 0200     		.2byte	0x2
 1086 0006 00000000 		.4byte	.Ldebug_info0
 1087 000a 04       		.byte	0x4
 1088 000b 00       		.byte	0
 1089 000c 0000     		.2byte	0
 1090 000e 0000     		.2byte	0
 1091 0010 00000000 		.4byte	.LFB0
 1092 0014 0C000000 		.4byte	.LFE0-.LFB0
 1093 0018 00000000 		.4byte	.LFB3
 1094 001c 8C000000 		.4byte	.LFE3-.LFB3
 1095 0020 8C000000 		.4byte	.LFB5
 1096 0024 E4000000 		.4byte	.LFE5-.LFB5
 1097 0028 00000000 		.4byte	0
 1098 002c 00000000 		.4byte	0
 1099              		.section	.debug_ranges,"",%progbits
 1100              	.Ldebug_ranges0:
 1101 0000 00000000 		.4byte	.LFB0
 1102 0004 0C000000 		.4byte	.LFE0
 1103 0008 00000000 		.4byte	.LFB3
 1104 000c 8C000000 		.4byte	.LFE3
 1105 0010 8C000000 		.4byte	.LFB5
 1106 0014 70010000 		.4byte	.LFE5
 1107 0018 00000000 		.4byte	0
 1108 001c 00000000 		.4byte	0
 1109              		.section	.debug_line,"",%progbits
 1110              	.Ldebug_line0:
 1111 0000 37010000 		.section	.debug_str,"MS",%progbits,1
 1111      0200D800 
 1111      00000201 
 1111      FB0E0D00 
 1111      01010101 
 1112              	.LASF18:
 1113 0000 72656733 		.ascii	"reg32\000"
 1113      3200
 1114              	.LASF11:
 1115 0006 73697A65 		.ascii	"size_t\000"
 1115      5F7400
 1116              	.LASF32:
 1117 000d 4379496E 		.ascii	"CyIntSetVector\000"
 1117      74536574 
 1117      56656374 
 1117      6F7200
 1118              	.LASF25:
 1119 001c 6366675F 		.ascii	"cfg_memset_list\000"
 1119      6D656D73 
 1119      65745F6C 
 1119      69737400 
 1120              	.LASF21:
ARM GAS  C:\Users\Esmail\AppData\Local\Temp\ccGmfgXL.s 			page 26


 1121 002c 436C6F63 		.ascii	"ClockSetup\000"
 1121      6B536574 
 1121      757000
 1122              	.LASF4:
 1123 0037 73686F72 		.ascii	"short unsigned int\000"
 1123      7420756E 
 1123      7369676E 
 1123      65642069 
 1123      6E7400
 1124              	.LASF15:
 1125 004a 666C6F61 		.ascii	"float\000"
 1125      7400
 1126              	.LASF23:
 1127 0050 73697A65 		.ascii	"size\000"
 1127      00
 1128              	.LASF17:
 1129 0055 72656738 		.ascii	"reg8\000"
 1129      00
 1130              	.LASF6:
 1131 005a 6C6F6E67 		.ascii	"long unsigned int\000"
 1131      20756E73 
 1131      69676E65 
 1131      6420696E 
 1131      7400
 1132              	.LASF12:
 1133 006c 75696E74 		.ascii	"uint8\000"
 1133      3800
 1134              	.LASF20:
 1135 0072 43594D45 		.ascii	"CYMEMZERO\000"
 1135      4D5A4552 
 1135      4F00
 1136              	.LASF2:
 1137 007c 756E7369 		.ascii	"unsigned char\000"
 1137      676E6564 
 1137      20636861 
 1137      7200
 1138              	.LASF26:
 1139 008a 6D656D73 		.ascii	"memset\000"
 1139      657400
 1140              	.LASF16:
 1141 0091 646F7562 		.ascii	"double\000"
 1141      6C6500
 1142              	.LASF33:
 1143 0098 4379496E 		.ascii	"CyIntEnable\000"
 1143      74456E61 
 1143      626C6500 
 1144              	.LASF13:
 1145 00a4 75696E74 		.ascii	"uint16\000"
 1145      313600
 1146              	.LASF14:
 1147 00ab 75696E74 		.ascii	"uint32\000"
 1147      333200
 1148              	.LASF0:
 1149 00b2 756E7369 		.ascii	"unsigned int\000"
 1149      676E6564 
 1149      20696E74 
 1149      00
ARM GAS  C:\Users\Esmail\AppData\Local\Temp\ccGmfgXL.s 			page 27


 1150              	.LASF31:
 1151 00bf 63796669 		.ascii	"cyfitter_cfg\000"
 1151      74746572 
 1151      5F636667 
 1151      00
 1152              	.LASF22:
 1153 00cc 61646472 		.ascii	"address\000"
 1153      65737300 
 1154              	.LASF8:
 1155 00d4 6C6F6E67 		.ascii	"long long unsigned int\000"
 1155      206C6F6E 
 1155      6720756E 
 1155      7369676E 
 1155      65642069 
 1156              	.LASF19:
 1157 00eb 63796973 		.ascii	"cyisraddress\000"
 1157      72616464 
 1157      72657373 
 1157      00
 1158              	.LASF24:
 1159 00f8 6366675F 		.ascii	"cfg_memset_t\000"
 1159      6D656D73 
 1159      65745F74 
 1159      00
 1160              	.LASF29:
 1161 0105 2E5C4765 		.ascii	".\\Generated_Source\\PSoC4\\cyfitter_cfg.c\000"
 1161      6E657261 
 1161      7465645F 
 1161      536F7572 
 1161      63655C50 
 1162              	.LASF9:
 1163 012d 73697A65 		.ascii	"sizetype\000"
 1163      74797065 
 1163      00
 1164              	.LASF7:
 1165 0136 6C6F6E67 		.ascii	"long long int\000"
 1165      206C6F6E 
 1165      6720696E 
 1165      7400
 1166              	.LASF10:
 1167 0144 63686172 		.ascii	"char\000"
 1167      00
 1168              	.LASF28:
 1169 0149 474E5520 		.ascii	"GNU C 4.9.3 20150303 (release) [ARM/embedded-4_9-br"
 1169      4320342E 
 1169      392E3320 
 1169      32303135 
 1169      30333033 
 1170 017c 616E6368 		.ascii	"anch revision 221220] -mcpu=cortex-m0 -mthumb -g -O"
 1170      20726576 
 1170      6973696F 
 1170      6E203232 
 1170      31323230 
 1171 01af 67202D66 		.ascii	"g -ffunction-sections -ffat-lto-objects\000"
 1171      66756E63 
 1171      74696F6E 
 1171      2D736563 
ARM GAS  C:\Users\Esmail\AppData\Local\Temp\ccGmfgXL.s 			page 28


 1171      74696F6E 
 1172              	.LASF3:
 1173 01d7 73686F72 		.ascii	"short int\000"
 1173      7420696E 
 1173      7400
 1174              	.LASF27:
 1175 01e1 43795379 		.ascii	"CySysClkWriteImoFreq\000"
 1175      73436C6B 
 1175      57726974 
 1175      65496D6F 
 1175      46726571 
 1176              	.LASF5:
 1177 01f6 6C6F6E67 		.ascii	"long int\000"
 1177      20696E74 
 1177      00
 1178              	.LASF1:
 1179 01ff 7369676E 		.ascii	"signed char\000"
 1179      65642063 
 1179      68617200 
 1180              	.LASF30:
 1181 020b 463A5C45 		.ascii	"F:\\ECEC304\\ledDynamicControl.cydsn\000"
 1181      43454333 
 1181      30345C6C 
 1181      65644479 
 1181      6E616D69 
 1182              		.ident	"GCC: (GNU Tools for ARM Embedded Processors) 4.9.3 20150303 (release) [ARM/embedded-4_9-br
