ARM GAS  C:\Users\Esmail\AppData\Local\Temp\ccvpsNj9.s 			page 1


   1              		.cpu cortex-m0
   2              		.fpu softvfp
   3              		.eabi_attribute 20, 1
   4              		.eabi_attribute 21, 1
   5              		.eabi_attribute 23, 3
   6              		.eabi_attribute 24, 1
   7              		.eabi_attribute 25, 1
   8              		.eabi_attribute 26, 1
   9              		.eabi_attribute 30, 1
  10              		.eabi_attribute 34, 0
  11              		.eabi_attribute 18, 4
  12              		.code	16
  13              		.file	"I2C_I2C.c"
  14              		.text
  15              	.Ltext0:
  16              		.cfi_sections	.debug_frame
  17              		.section	.text.I2C_I2CInit,"ax",%progbits
  18              		.align	2
  19              		.global	I2C_I2CInit
  20              		.code	16
  21              		.thumb_func
  22              		.type	I2C_I2CInit, %function
  23              	I2C_I2CInit:
  24              	.LFB0:
  25              		.file 1 ".\\Generated_Source\\PSoC4\\I2C_I2C.c"
   1:.\Generated_Source\PSoC4/I2C_I2C.c **** /*******************************************************************************
   2:.\Generated_Source\PSoC4/I2C_I2C.c **** * File Name: I2C_I2C.c
   3:.\Generated_Source\PSoC4/I2C_I2C.c **** * Version 3.0
   4:.\Generated_Source\PSoC4/I2C_I2C.c **** *
   5:.\Generated_Source\PSoC4/I2C_I2C.c **** * Description:
   6:.\Generated_Source\PSoC4/I2C_I2C.c **** *  This file provides the source code to the API for the SCB Component in
   7:.\Generated_Source\PSoC4/I2C_I2C.c **** *  I2C mode.
   8:.\Generated_Source\PSoC4/I2C_I2C.c **** *
   9:.\Generated_Source\PSoC4/I2C_I2C.c **** * Note:
  10:.\Generated_Source\PSoC4/I2C_I2C.c **** *
  11:.\Generated_Source\PSoC4/I2C_I2C.c **** *******************************************************************************
  12:.\Generated_Source\PSoC4/I2C_I2C.c **** * Copyright 2013-2015, Cypress Semiconductor Corporation.  All rights reserved.
  13:.\Generated_Source\PSoC4/I2C_I2C.c **** * You may use this file only in accordance with the license, terms, conditions,
  14:.\Generated_Source\PSoC4/I2C_I2C.c **** * disclaimers, and limitations in the end user license agreement accompanying
  15:.\Generated_Source\PSoC4/I2C_I2C.c **** * the software package with which this file was provided.
  16:.\Generated_Source\PSoC4/I2C_I2C.c **** *******************************************************************************/
  17:.\Generated_Source\PSoC4/I2C_I2C.c **** 
  18:.\Generated_Source\PSoC4/I2C_I2C.c **** #include "I2C_PVT.h"
  19:.\Generated_Source\PSoC4/I2C_I2C.c **** #include "I2C_I2C_PVT.h"
  20:.\Generated_Source\PSoC4/I2C_I2C.c **** 
  21:.\Generated_Source\PSoC4/I2C_I2C.c **** 
  22:.\Generated_Source\PSoC4/I2C_I2C.c **** /***************************************
  23:.\Generated_Source\PSoC4/I2C_I2C.c **** *      I2C Private Vars
  24:.\Generated_Source\PSoC4/I2C_I2C.c **** ***************************************/
  25:.\Generated_Source\PSoC4/I2C_I2C.c **** 
  26:.\Generated_Source\PSoC4/I2C_I2C.c **** volatile uint8 I2C_state;  /* Current state of I2C FSM */
  27:.\Generated_Source\PSoC4/I2C_I2C.c **** 
  28:.\Generated_Source\PSoC4/I2C_I2C.c **** #if(I2C_SCB_MODE_UNCONFIG_CONST_CFG)
  29:.\Generated_Source\PSoC4/I2C_I2C.c **** 
  30:.\Generated_Source\PSoC4/I2C_I2C.c ****     /***************************************
  31:.\Generated_Source\PSoC4/I2C_I2C.c ****     *  Configuration Structure Initialization
  32:.\Generated_Source\PSoC4/I2C_I2C.c ****     ***************************************/
ARM GAS  C:\Users\Esmail\AppData\Local\Temp\ccvpsNj9.s 			page 2


  33:.\Generated_Source\PSoC4/I2C_I2C.c **** 
  34:.\Generated_Source\PSoC4/I2C_I2C.c ****     /* Constant configuration of I2C */
  35:.\Generated_Source\PSoC4/I2C_I2C.c ****     const I2C_I2C_INIT_STRUCT I2C_configI2C =
  36:.\Generated_Source\PSoC4/I2C_I2C.c ****     {
  37:.\Generated_Source\PSoC4/I2C_I2C.c ****         I2C_I2C_MODE,
  38:.\Generated_Source\PSoC4/I2C_I2C.c ****         I2C_I2C_OVS_FACTOR_LOW,
  39:.\Generated_Source\PSoC4/I2C_I2C.c ****         I2C_I2C_OVS_FACTOR_HIGH,
  40:.\Generated_Source\PSoC4/I2C_I2C.c ****         I2C_I2C_MEDIAN_FILTER_ENABLE,
  41:.\Generated_Source\PSoC4/I2C_I2C.c ****         I2C_I2C_SLAVE_ADDRESS,
  42:.\Generated_Source\PSoC4/I2C_I2C.c ****         I2C_I2C_SLAVE_ADDRESS_MASK,
  43:.\Generated_Source\PSoC4/I2C_I2C.c ****         I2C_I2C_ACCEPT_ADDRESS,
  44:.\Generated_Source\PSoC4/I2C_I2C.c ****         I2C_I2C_WAKE_ENABLE,
  45:.\Generated_Source\PSoC4/I2C_I2C.c ****         I2C_I2C_BYTE_MODE_ENABLE,
  46:.\Generated_Source\PSoC4/I2C_I2C.c ****         I2C_I2C_DATA_RATE,
  47:.\Generated_Source\PSoC4/I2C_I2C.c ****         I2C_I2C_ACCEPT_GENERAL_CALL,
  48:.\Generated_Source\PSoC4/I2C_I2C.c ****     };
  49:.\Generated_Source\PSoC4/I2C_I2C.c **** 
  50:.\Generated_Source\PSoC4/I2C_I2C.c ****     /*******************************************************************************
  51:.\Generated_Source\PSoC4/I2C_I2C.c ****     * Function Name: I2C_I2CInit
  52:.\Generated_Source\PSoC4/I2C_I2C.c ****     ********************************************************************************
  53:.\Generated_Source\PSoC4/I2C_I2C.c ****     *
  54:.\Generated_Source\PSoC4/I2C_I2C.c ****     * Summary:
  55:.\Generated_Source\PSoC4/I2C_I2C.c ****     *  Configures the SCB for I2C operation.
  56:.\Generated_Source\PSoC4/I2C_I2C.c ****     *
  57:.\Generated_Source\PSoC4/I2C_I2C.c ****     * Parameters:
  58:.\Generated_Source\PSoC4/I2C_I2C.c ****     *  config:  Pointer to a structure that contains the following ordered list of
  59:.\Generated_Source\PSoC4/I2C_I2C.c ****     *           fields. These fields match the selections available in the
  60:.\Generated_Source\PSoC4/I2C_I2C.c ****     *           customizer.
  61:.\Generated_Source\PSoC4/I2C_I2C.c ****     *
  62:.\Generated_Source\PSoC4/I2C_I2C.c ****     * Return:
  63:.\Generated_Source\PSoC4/I2C_I2C.c ****     *  None
  64:.\Generated_Source\PSoC4/I2C_I2C.c ****     *
  65:.\Generated_Source\PSoC4/I2C_I2C.c ****     *******************************************************************************/
  66:.\Generated_Source\PSoC4/I2C_I2C.c ****     void I2C_I2CInit(const I2C_I2C_INIT_STRUCT *config)
  67:.\Generated_Source\PSoC4/I2C_I2C.c ****     {
  68:.\Generated_Source\PSoC4/I2C_I2C.c ****         uint32 medianFilter;
  69:.\Generated_Source\PSoC4/I2C_I2C.c ****         uint32 locEnableWake;
  70:.\Generated_Source\PSoC4/I2C_I2C.c **** 
  71:.\Generated_Source\PSoC4/I2C_I2C.c ****         if(NULL == config)
  72:.\Generated_Source\PSoC4/I2C_I2C.c ****         {
  73:.\Generated_Source\PSoC4/I2C_I2C.c ****             CYASSERT(0u != 0u); /* Halt execution due to bad function parameter */
  74:.\Generated_Source\PSoC4/I2C_I2C.c ****         }
  75:.\Generated_Source\PSoC4/I2C_I2C.c ****         else
  76:.\Generated_Source\PSoC4/I2C_I2C.c ****         {
  77:.\Generated_Source\PSoC4/I2C_I2C.c ****             /* Configure pins */
  78:.\Generated_Source\PSoC4/I2C_I2C.c ****             I2C_SetPins(I2C_SCB_MODE_I2C, I2C_DUMMY_PARAM,
  79:.\Generated_Source\PSoC4/I2C_I2C.c ****                                      I2C_DUMMY_PARAM);
  80:.\Generated_Source\PSoC4/I2C_I2C.c **** 
  81:.\Generated_Source\PSoC4/I2C_I2C.c ****             /* Store internal configuration */
  82:.\Generated_Source\PSoC4/I2C_I2C.c ****             I2C_scbMode       = (uint8) I2C_SCB_MODE_I2C;
  83:.\Generated_Source\PSoC4/I2C_I2C.c ****             I2C_scbEnableWake = (uint8) config->enableWake;
  84:.\Generated_Source\PSoC4/I2C_I2C.c ****             I2C_scbEnableIntr = (uint8) I2C_SCB_IRQ_INTERNAL;
  85:.\Generated_Source\PSoC4/I2C_I2C.c **** 
  86:.\Generated_Source\PSoC4/I2C_I2C.c ****             I2C_mode          = (uint8) config->mode;
  87:.\Generated_Source\PSoC4/I2C_I2C.c ****             I2C_acceptAddr    = (uint8) config->acceptAddr;
  88:.\Generated_Source\PSoC4/I2C_I2C.c **** 
  89:.\Generated_Source\PSoC4/I2C_I2C.c ****         #if (I2C_CY_SCBIP_V0)
ARM GAS  C:\Users\Esmail\AppData\Local\Temp\ccvpsNj9.s 			page 3


  90:.\Generated_Source\PSoC4/I2C_I2C.c ****             /* Adjust SDA filter settings. Ticket ID#150521 */
  91:.\Generated_Source\PSoC4/I2C_I2C.c ****             I2C_SET_I2C_CFG_SDA_FILT_TRIM(I2C_EC_AM_I2C_CFG_SDA_FILT_TRIM);
  92:.\Generated_Source\PSoC4/I2C_I2C.c ****         #endif /* (I2C_CY_SCBIP_V0) */
  93:.\Generated_Source\PSoC4/I2C_I2C.c **** 
  94:.\Generated_Source\PSoC4/I2C_I2C.c ****             /* Adjust AF and DF filter settings. Ticket ID#176179 */
  95:.\Generated_Source\PSoC4/I2C_I2C.c ****             if (((I2C_I2C_MODE_SLAVE != config->mode) &&
  96:.\Generated_Source\PSoC4/I2C_I2C.c ****                  (config->dataRate <= I2C_I2C_DATA_RATE_FS_MODE_MAX)) ||
  97:.\Generated_Source\PSoC4/I2C_I2C.c ****                  (I2C_I2C_MODE_SLAVE == config->mode))
  98:.\Generated_Source\PSoC4/I2C_I2C.c ****             {
  99:.\Generated_Source\PSoC4/I2C_I2C.c ****                 /* AF = 1, DF = 0 */
 100:.\Generated_Source\PSoC4/I2C_I2C.c ****                 I2C_I2C_CFG_ANALOG_FITER_ENABLE;
 101:.\Generated_Source\PSoC4/I2C_I2C.c ****                 medianFilter = I2C_DIGITAL_FILTER_DISABLE;
 102:.\Generated_Source\PSoC4/I2C_I2C.c ****             }
 103:.\Generated_Source\PSoC4/I2C_I2C.c ****             else
 104:.\Generated_Source\PSoC4/I2C_I2C.c ****             {
 105:.\Generated_Source\PSoC4/I2C_I2C.c ****                 /* AF = 0, DF = 1 */
 106:.\Generated_Source\PSoC4/I2C_I2C.c ****                 I2C_I2C_CFG_ANALOG_FITER_DISABLE;
 107:.\Generated_Source\PSoC4/I2C_I2C.c ****                 medianFilter = I2C_DIGITAL_FILTER_ENABLE;
 108:.\Generated_Source\PSoC4/I2C_I2C.c ****             }
 109:.\Generated_Source\PSoC4/I2C_I2C.c **** 
 110:.\Generated_Source\PSoC4/I2C_I2C.c ****         #if (!I2C_CY_SCBIP_V0)
 111:.\Generated_Source\PSoC4/I2C_I2C.c ****             locEnableWake = (I2C_I2C_MULTI_MASTER_SLAVE) ? (0u) : (config->enableWake);
 112:.\Generated_Source\PSoC4/I2C_I2C.c ****         #else
 113:.\Generated_Source\PSoC4/I2C_I2C.c ****             locEnableWake = config->enableWake;
 114:.\Generated_Source\PSoC4/I2C_I2C.c ****         #endif /* (!I2C_CY_SCBIP_V0) */
 115:.\Generated_Source\PSoC4/I2C_I2C.c **** 
 116:.\Generated_Source\PSoC4/I2C_I2C.c ****             /* Configure I2C interface */
 117:.\Generated_Source\PSoC4/I2C_I2C.c ****             I2C_CTRL_REG     = I2C_GET_CTRL_BYTE_MODE  (config->enableByteMode) |
 118:.\Generated_Source\PSoC4/I2C_I2C.c ****                                             I2C_GET_CTRL_ADDR_ACCEPT(config->acceptAddr)     |
 119:.\Generated_Source\PSoC4/I2C_I2C.c ****                                             I2C_GET_CTRL_EC_AM_MODE (locEnableWake);
 120:.\Generated_Source\PSoC4/I2C_I2C.c **** 
 121:.\Generated_Source\PSoC4/I2C_I2C.c ****             I2C_I2C_CTRL_REG = I2C_GET_I2C_CTRL_HIGH_PHASE_OVS(config->oversampleHigh) |
 122:.\Generated_Source\PSoC4/I2C_I2C.c ****                     I2C_GET_I2C_CTRL_LOW_PHASE_OVS (config->oversampleLow)                         
 123:.\Generated_Source\PSoC4/I2C_I2C.c ****                     I2C_GET_I2C_CTRL_S_GENERAL_IGNORE((uint32)(0u == config->acceptGeneralAddr))   
 124:.\Generated_Source\PSoC4/I2C_I2C.c ****                     I2C_GET_I2C_CTRL_SL_MSTR_MODE  (config->mode);
 125:.\Generated_Source\PSoC4/I2C_I2C.c **** 
 126:.\Generated_Source\PSoC4/I2C_I2C.c ****             /* Configure RX direction */
 127:.\Generated_Source\PSoC4/I2C_I2C.c ****             I2C_RX_CTRL_REG      = I2C_GET_RX_CTRL_MEDIAN(medianFilter) |
 128:.\Generated_Source\PSoC4/I2C_I2C.c ****                                                 I2C_I2C_RX_CTRL;
 129:.\Generated_Source\PSoC4/I2C_I2C.c ****             I2C_RX_FIFO_CTRL_REG = I2C_CLEAR_REG;
 130:.\Generated_Source\PSoC4/I2C_I2C.c **** 
 131:.\Generated_Source\PSoC4/I2C_I2C.c ****             /* Set default address and mask */
 132:.\Generated_Source\PSoC4/I2C_I2C.c ****             I2C_RX_MATCH_REG    = ((I2C_I2C_SLAVE) ?
 133:.\Generated_Source\PSoC4/I2C_I2C.c ****                                                 (I2C_GET_I2C_8BIT_ADDRESS(config->slaveAddr) |
 134:.\Generated_Source\PSoC4/I2C_I2C.c ****                                                  I2C_GET_RX_MATCH_MASK(config->slaveAddrMask)) :
 135:.\Generated_Source\PSoC4/I2C_I2C.c ****                                                 (I2C_CLEAR_REG));
 136:.\Generated_Source\PSoC4/I2C_I2C.c **** 
 137:.\Generated_Source\PSoC4/I2C_I2C.c **** 
 138:.\Generated_Source\PSoC4/I2C_I2C.c ****             /* Configure TX direction */
 139:.\Generated_Source\PSoC4/I2C_I2C.c ****             I2C_TX_CTRL_REG      = I2C_I2C_TX_CTRL;
 140:.\Generated_Source\PSoC4/I2C_I2C.c ****             I2C_TX_FIFO_CTRL_REG = I2C_CLEAR_REG;
 141:.\Generated_Source\PSoC4/I2C_I2C.c **** 
 142:.\Generated_Source\PSoC4/I2C_I2C.c ****             /* Configure interrupt with I2C handler but do not enable it */
 143:.\Generated_Source\PSoC4/I2C_I2C.c ****             CyIntDisable    (I2C_ISR_NUMBER);
 144:.\Generated_Source\PSoC4/I2C_I2C.c ****             CyIntSetPriority(I2C_ISR_NUMBER, I2C_ISR_PRIORITY);
 145:.\Generated_Source\PSoC4/I2C_I2C.c ****             (void) CyIntSetVector(I2C_ISR_NUMBER, &I2C_I2C_ISR);
 146:.\Generated_Source\PSoC4/I2C_I2C.c **** 
ARM GAS  C:\Users\Esmail\AppData\Local\Temp\ccvpsNj9.s 			page 4


 147:.\Generated_Source\PSoC4/I2C_I2C.c ****             /* Configure interrupt sources */
 148:.\Generated_Source\PSoC4/I2C_I2C.c ****         #if(!I2C_CY_SCBIP_V1)
 149:.\Generated_Source\PSoC4/I2C_I2C.c ****             I2C_INTR_SPI_EC_MASK_REG = I2C_NO_INTR_SOURCES;
 150:.\Generated_Source\PSoC4/I2C_I2C.c ****         #endif /* (!I2C_CY_SCBIP_V1) */
 151:.\Generated_Source\PSoC4/I2C_I2C.c **** 
 152:.\Generated_Source\PSoC4/I2C_I2C.c ****             I2C_INTR_I2C_EC_MASK_REG = I2C_NO_INTR_SOURCES;
 153:.\Generated_Source\PSoC4/I2C_I2C.c ****             I2C_INTR_RX_MASK_REG     = I2C_NO_INTR_SOURCES;
 154:.\Generated_Source\PSoC4/I2C_I2C.c ****             I2C_INTR_TX_MASK_REG     = I2C_NO_INTR_SOURCES;
 155:.\Generated_Source\PSoC4/I2C_I2C.c **** 
 156:.\Generated_Source\PSoC4/I2C_I2C.c ****             I2C_INTR_SLAVE_MASK_REG  = ((I2C_I2C_SLAVE) ?
 157:.\Generated_Source\PSoC4/I2C_I2C.c ****                             (I2C_GET_INTR_SLAVE_I2C_GENERAL(config->acceptGeneralAddr) |
 158:.\Generated_Source\PSoC4/I2C_I2C.c ****                              I2C_I2C_INTR_SLAVE_MASK) : (I2C_CLEAR_REG));
 159:.\Generated_Source\PSoC4/I2C_I2C.c **** 
 160:.\Generated_Source\PSoC4/I2C_I2C.c ****             I2C_INTR_MASTER_MASK_REG = ((I2C_I2C_MASTER) ?
 161:.\Generated_Source\PSoC4/I2C_I2C.c ****                                                      (I2C_I2C_INTR_MASTER_MASK) :
 162:.\Generated_Source\PSoC4/I2C_I2C.c ****                                                      (I2C_CLEAR_REG));
 163:.\Generated_Source\PSoC4/I2C_I2C.c **** 
 164:.\Generated_Source\PSoC4/I2C_I2C.c ****             /* Configure global variables */
 165:.\Generated_Source\PSoC4/I2C_I2C.c ****             I2C_state = I2C_I2C_FSM_IDLE;
 166:.\Generated_Source\PSoC4/I2C_I2C.c **** 
 167:.\Generated_Source\PSoC4/I2C_I2C.c ****             /* Internal slave variables */
 168:.\Generated_Source\PSoC4/I2C_I2C.c ****             I2C_slStatus        = 0u;
 169:.\Generated_Source\PSoC4/I2C_I2C.c ****             I2C_slRdBufIndex    = 0u;
 170:.\Generated_Source\PSoC4/I2C_I2C.c ****             I2C_slWrBufIndex    = 0u;
 171:.\Generated_Source\PSoC4/I2C_I2C.c ****             I2C_slOverFlowCount = 0u;
 172:.\Generated_Source\PSoC4/I2C_I2C.c **** 
 173:.\Generated_Source\PSoC4/I2C_I2C.c ****             /* Internal master variables */
 174:.\Generated_Source\PSoC4/I2C_I2C.c ****             I2C_mstrStatus     = 0u;
 175:.\Generated_Source\PSoC4/I2C_I2C.c ****             I2C_mstrRdBufIndex = 0u;
 176:.\Generated_Source\PSoC4/I2C_I2C.c ****             I2C_mstrWrBufIndex = 0u;
 177:.\Generated_Source\PSoC4/I2C_I2C.c ****         }
 178:.\Generated_Source\PSoC4/I2C_I2C.c ****     }
 179:.\Generated_Source\PSoC4/I2C_I2C.c **** 
 180:.\Generated_Source\PSoC4/I2C_I2C.c **** #else
 181:.\Generated_Source\PSoC4/I2C_I2C.c **** 
 182:.\Generated_Source\PSoC4/I2C_I2C.c ****     /*******************************************************************************
 183:.\Generated_Source\PSoC4/I2C_I2C.c ****     * Function Name: I2C_I2CInit
 184:.\Generated_Source\PSoC4/I2C_I2C.c ****     ********************************************************************************
 185:.\Generated_Source\PSoC4/I2C_I2C.c ****     *
 186:.\Generated_Source\PSoC4/I2C_I2C.c ****     * Summary:
 187:.\Generated_Source\PSoC4/I2C_I2C.c ****     *  Configures the SCB for the I2C operation.
 188:.\Generated_Source\PSoC4/I2C_I2C.c ****     *
 189:.\Generated_Source\PSoC4/I2C_I2C.c ****     * Parameters:
 190:.\Generated_Source\PSoC4/I2C_I2C.c ****     *  None
 191:.\Generated_Source\PSoC4/I2C_I2C.c ****     *
 192:.\Generated_Source\PSoC4/I2C_I2C.c ****     * Return:
 193:.\Generated_Source\PSoC4/I2C_I2C.c ****     *  None
 194:.\Generated_Source\PSoC4/I2C_I2C.c ****     *
 195:.\Generated_Source\PSoC4/I2C_I2C.c ****     *******************************************************************************/
 196:.\Generated_Source\PSoC4/I2C_I2C.c ****     void I2C_I2CInit(void)
 197:.\Generated_Source\PSoC4/I2C_I2C.c ****     {
  26              		.loc 1 197 0
  27              		.cfi_startproc
  28 0000 10B5     		push	{r4, lr}
  29              		.cfi_def_cfa_offset 8
  30              		.cfi_offset 4, -8
  31              		.cfi_offset 14, -4
ARM GAS  C:\Users\Esmail\AppData\Local\Temp\ccvpsNj9.s 			page 5


 198:.\Generated_Source\PSoC4/I2C_I2C.c ****     #if(I2C_CY_SCBIP_V0)
 199:.\Generated_Source\PSoC4/I2C_I2C.c ****         /* Adjust SDA filter settings. Ticket ID#150521 */
 200:.\Generated_Source\PSoC4/I2C_I2C.c ****         I2C_SET_I2C_CFG_SDA_FILT_TRIM(I2C_EC_AM_I2C_CFG_SDA_FILT_TRIM);
  32              		.loc 1 200 0
  33 0002 1F4A     		ldr	r2, .L2
  34 0004 1168     		ldr	r1, [r2]
  35 0006 0C23     		mov	r3, #12
  36 0008 0B43     		orr	r3, r1
  37 000a 1360     		str	r3, [r2]
 201:.\Generated_Source\PSoC4/I2C_I2C.c ****     #endif /* (I2C_CY_SCBIP_V0) */
 202:.\Generated_Source\PSoC4/I2C_I2C.c **** 
 203:.\Generated_Source\PSoC4/I2C_I2C.c ****         /* Adjust AF and DF filter settings. Ticket ID#176179 */
 204:.\Generated_Source\PSoC4/I2C_I2C.c ****         I2C_I2C_CFG_ANALOG_FITER_ENABLE_ADJ;
 205:.\Generated_Source\PSoC4/I2C_I2C.c **** 
 206:.\Generated_Source\PSoC4/I2C_I2C.c ****         /* Configure I2C interface */
 207:.\Generated_Source\PSoC4/I2C_I2C.c ****         I2C_CTRL_REG     = I2C_I2C_DEFAULT_CTRL;
  38              		.loc 1 207 0
  39 000c 8022     		mov	r2, #128
  40 000e 5200     		lsl	r2, r2, #1
  41 0010 1C4B     		ldr	r3, .L2+4
  42 0012 1A60     		str	r2, [r3]
 208:.\Generated_Source\PSoC4/I2C_I2C.c ****         I2C_I2C_CTRL_REG = I2C_I2C_DEFAULT_I2C_CTRL;
  43              		.loc 1 208 0
  44 0014 1C4A     		ldr	r2, .L2+8
  45 0016 1D4B     		ldr	r3, .L2+12
  46 0018 1A60     		str	r2, [r3]
 209:.\Generated_Source\PSoC4/I2C_I2C.c **** 
 210:.\Generated_Source\PSoC4/I2C_I2C.c ****         /* Configure RX direction */
 211:.\Generated_Source\PSoC4/I2C_I2C.c ****         I2C_RX_CTRL_REG      = I2C_I2C_DEFAULT_RX_CTRL;
  47              		.loc 1 211 0
  48 001a 1D4B     		ldr	r3, .L2+16
  49 001c 1D4A     		ldr	r2, .L2+20
  50 001e 1360     		str	r3, [r2]
 212:.\Generated_Source\PSoC4/I2C_I2C.c ****         I2C_RX_FIFO_CTRL_REG = I2C_I2C_DEFAULT_RX_FIFO_CTRL;
  51              		.loc 1 212 0
  52 0020 0024     		mov	r4, #0
  53 0022 1D4A     		ldr	r2, .L2+24
  54 0024 1460     		str	r4, [r2]
 213:.\Generated_Source\PSoC4/I2C_I2C.c **** 
 214:.\Generated_Source\PSoC4/I2C_I2C.c ****         /* Set default address and mask */
 215:.\Generated_Source\PSoC4/I2C_I2C.c ****         I2C_RX_MATCH_REG     = I2C_I2C_DEFAULT_RX_MATCH;
  55              		.loc 1 215 0
  56 0026 1D49     		ldr	r1, .L2+28
  57 0028 1D4A     		ldr	r2, .L2+32
  58 002a 1160     		str	r1, [r2]
 216:.\Generated_Source\PSoC4/I2C_I2C.c **** 
 217:.\Generated_Source\PSoC4/I2C_I2C.c ****         /* Configure TX direction */
 218:.\Generated_Source\PSoC4/I2C_I2C.c ****         I2C_TX_CTRL_REG      = I2C_I2C_DEFAULT_TX_CTRL;
  59              		.loc 1 218 0
  60 002c 1D4A     		ldr	r2, .L2+36
  61 002e 1360     		str	r3, [r2]
 219:.\Generated_Source\PSoC4/I2C_I2C.c ****         I2C_TX_FIFO_CTRL_REG = I2C_I2C_DEFAULT_TX_FIFO_CTRL;
  62              		.loc 1 219 0
  63 0030 1D4B     		ldr	r3, .L2+40
  64 0032 1C60     		str	r4, [r3]
 220:.\Generated_Source\PSoC4/I2C_I2C.c **** 
 221:.\Generated_Source\PSoC4/I2C_I2C.c ****         /* Configure interrupt with I2C handler but do not enable it */
ARM GAS  C:\Users\Esmail\AppData\Local\Temp\ccvpsNj9.s 			page 6


 222:.\Generated_Source\PSoC4/I2C_I2C.c ****         CyIntDisable    (I2C_ISR_NUMBER);
  65              		.loc 1 222 0
  66 0034 0A20     		mov	r0, #10
  67 0036 FFF7FEFF 		bl	CyIntDisable
  68              	.LVL0:
 223:.\Generated_Source\PSoC4/I2C_I2C.c ****         CyIntSetPriority(I2C_ISR_NUMBER, I2C_ISR_PRIORITY);
  69              		.loc 1 223 0
  70 003a 0A20     		mov	r0, #10
  71 003c 0321     		mov	r1, #3
  72 003e FFF7FEFF 		bl	CyIntSetPriority
  73              	.LVL1:
 224:.\Generated_Source\PSoC4/I2C_I2C.c ****     #if(!I2C_I2C_EXTERN_INTR_HANDLER)
 225:.\Generated_Source\PSoC4/I2C_I2C.c ****         (void) CyIntSetVector(I2C_ISR_NUMBER, &I2C_I2C_ISR);
  74              		.loc 1 225 0
  75 0042 0A20     		mov	r0, #10
  76 0044 1949     		ldr	r1, .L2+44
  77 0046 FFF7FEFF 		bl	CyIntSetVector
  78              	.LVL2:
 226:.\Generated_Source\PSoC4/I2C_I2C.c ****     #endif /* (I2C_I2C_EXTERN_INTR_HANDLER) */
 227:.\Generated_Source\PSoC4/I2C_I2C.c **** 
 228:.\Generated_Source\PSoC4/I2C_I2C.c ****         /* Configure interrupt sources */
 229:.\Generated_Source\PSoC4/I2C_I2C.c ****     #if(!I2C_CY_SCBIP_V1)
 230:.\Generated_Source\PSoC4/I2C_I2C.c ****         I2C_INTR_SPI_EC_MASK_REG = I2C_I2C_DEFAULT_INTR_SPI_EC_MASK;
  79              		.loc 1 230 0
  80 004a 194B     		ldr	r3, .L2+48
  81 004c 1C60     		str	r4, [r3]
 231:.\Generated_Source\PSoC4/I2C_I2C.c ****     #endif /* (!I2C_CY_SCBIP_V1) */
 232:.\Generated_Source\PSoC4/I2C_I2C.c **** 
 233:.\Generated_Source\PSoC4/I2C_I2C.c ****         I2C_INTR_I2C_EC_MASK_REG = I2C_I2C_DEFAULT_INTR_I2C_EC_MASK;
  82              		.loc 1 233 0
  83 004e 194B     		ldr	r3, .L2+52
  84 0050 1C60     		str	r4, [r3]
 234:.\Generated_Source\PSoC4/I2C_I2C.c ****         I2C_INTR_SLAVE_MASK_REG  = I2C_I2C_DEFAULT_INTR_SLAVE_MASK;
  85              		.loc 1 234 0
  86 0052 4C22     		mov	r2, #76
  87 0054 FF32     		add	r2, r2, #255
  88 0056 184B     		ldr	r3, .L2+56
  89 0058 1A60     		str	r2, [r3]
 235:.\Generated_Source\PSoC4/I2C_I2C.c ****         I2C_INTR_MASTER_MASK_REG = I2C_I2C_DEFAULT_INTR_MASTER_MASK;
  90              		.loc 1 235 0
  91 005a 184B     		ldr	r3, .L2+60
  92 005c 1C60     		str	r4, [r3]
 236:.\Generated_Source\PSoC4/I2C_I2C.c ****         I2C_INTR_RX_MASK_REG     = I2C_I2C_DEFAULT_INTR_RX_MASK;
  93              		.loc 1 236 0
  94 005e 184B     		ldr	r3, .L2+64
  95 0060 1C60     		str	r4, [r3]
 237:.\Generated_Source\PSoC4/I2C_I2C.c ****         I2C_INTR_TX_MASK_REG     = I2C_I2C_DEFAULT_INTR_TX_MASK;
  96              		.loc 1 237 0
  97 0062 184B     		ldr	r3, .L2+68
  98 0064 1C60     		str	r4, [r3]
 238:.\Generated_Source\PSoC4/I2C_I2C.c **** 
 239:.\Generated_Source\PSoC4/I2C_I2C.c ****         /* Configure global variables */
 240:.\Generated_Source\PSoC4/I2C_I2C.c ****         I2C_state = I2C_I2C_FSM_IDLE;
  99              		.loc 1 240 0
 100 0066 3C3A     		sub	r2, r2, #60
 101 0068 FF3A     		sub	r2, r2, #255
 102 006a 174B     		ldr	r3, .L2+72
ARM GAS  C:\Users\Esmail\AppData\Local\Temp\ccvpsNj9.s 			page 7


 103 006c 1A70     		strb	r2, [r3]
 241:.\Generated_Source\PSoC4/I2C_I2C.c **** 
 242:.\Generated_Source\PSoC4/I2C_I2C.c ****     #if(I2C_I2C_SLAVE)
 243:.\Generated_Source\PSoC4/I2C_I2C.c ****         /* Internal slave variable */
 244:.\Generated_Source\PSoC4/I2C_I2C.c ****         I2C_slStatus        = 0u;
 104              		.loc 1 244 0
 105 006e 174B     		ldr	r3, .L2+76
 106 0070 1C70     		strb	r4, [r3]
 245:.\Generated_Source\PSoC4/I2C_I2C.c ****         I2C_slRdBufIndex    = 0u;
 107              		.loc 1 245 0
 108 0072 174B     		ldr	r3, .L2+80
 109 0074 1C60     		str	r4, [r3]
 246:.\Generated_Source\PSoC4/I2C_I2C.c ****         I2C_slWrBufIndex    = 0u;
 110              		.loc 1 246 0
 111 0076 174B     		ldr	r3, .L2+84
 112 0078 1C60     		str	r4, [r3]
 247:.\Generated_Source\PSoC4/I2C_I2C.c ****         I2C_slOverFlowCount = 0u;
 113              		.loc 1 247 0
 114 007a 174B     		ldr	r3, .L2+88
 115 007c 1C70     		strb	r4, [r3]
 248:.\Generated_Source\PSoC4/I2C_I2C.c ****     #endif /* (I2C_I2C_SLAVE) */
 249:.\Generated_Source\PSoC4/I2C_I2C.c **** 
 250:.\Generated_Source\PSoC4/I2C_I2C.c ****     #if(I2C_I2C_MASTER)
 251:.\Generated_Source\PSoC4/I2C_I2C.c ****     /* Internal master variable */
 252:.\Generated_Source\PSoC4/I2C_I2C.c ****         I2C_mstrStatus     = 0u;
 253:.\Generated_Source\PSoC4/I2C_I2C.c ****         I2C_mstrRdBufIndex = 0u;
 254:.\Generated_Source\PSoC4/I2C_I2C.c ****         I2C_mstrWrBufIndex = 0u;
 255:.\Generated_Source\PSoC4/I2C_I2C.c ****     #endif /* (I2C_I2C_MASTER) */
 256:.\Generated_Source\PSoC4/I2C_I2C.c ****     }
 116              		.loc 1 256 0
 117              		@ sp needed
 118 007e 10BD     		pop	{r4, pc}
 119              	.L3:
 120              		.align	2
 121              	.L2:
 122 0080 70000640 		.word	1074135152
 123 0084 00000640 		.word	1074135040
 124 0088 77080040 		.word	1073743991
 125 008c 60000640 		.word	1074135136
 126 0090 07010080 		.word	-2147483385
 127 0094 00030640 		.word	1074135808
 128 0098 04030640 		.word	1074135812
 129 009c 1000FE00 		.word	16646160
 130 00a0 10030640 		.word	1074135824
 131 00a4 00020640 		.word	1074135552
 132 00a8 04020640 		.word	1074135556
 133 00ac 00000000 		.word	I2C_I2C_ISR
 134 00b0 C80E0640 		.word	1074138824
 135 00b4 880E0640 		.word	1074138760
 136 00b8 480F0640 		.word	1074138952
 137 00bc 080F0640 		.word	1074138888
 138 00c0 C80F0640 		.word	1074139080
 139 00c4 880F0640 		.word	1074139016
 140 00c8 00000000 		.word	I2C_state
 141 00cc 00000000 		.word	I2C_slStatus
 142 00d0 00000000 		.word	I2C_slRdBufIndex
 143 00d4 00000000 		.word	I2C_slWrBufIndex
ARM GAS  C:\Users\Esmail\AppData\Local\Temp\ccvpsNj9.s 			page 8


 144 00d8 00000000 		.word	I2C_slOverFlowCount
 145              		.cfi_endproc
 146              	.LFE0:
 147              		.size	I2C_I2CInit, .-I2C_I2CInit
 148              		.section	.text.I2C_I2CStop,"ax",%progbits
 149              		.align	2
 150              		.global	I2C_I2CStop
 151              		.code	16
 152              		.thumb_func
 153              		.type	I2C_I2CStop, %function
 154              	I2C_I2CStop:
 155              	.LFB1:
 257:.\Generated_Source\PSoC4/I2C_I2C.c **** #endif /* (I2C_SCB_MODE_UNCONFIG_CONST_CFG) */
 258:.\Generated_Source\PSoC4/I2C_I2C.c **** 
 259:.\Generated_Source\PSoC4/I2C_I2C.c **** 
 260:.\Generated_Source\PSoC4/I2C_I2C.c **** /*******************************************************************************
 261:.\Generated_Source\PSoC4/I2C_I2C.c **** * Function Name: I2C_I2CStop
 262:.\Generated_Source\PSoC4/I2C_I2C.c **** ********************************************************************************
 263:.\Generated_Source\PSoC4/I2C_I2C.c **** *
 264:.\Generated_Source\PSoC4/I2C_I2C.c **** * Summary:
 265:.\Generated_Source\PSoC4/I2C_I2C.c **** *  Resets the I2C FSM into the default state.
 266:.\Generated_Source\PSoC4/I2C_I2C.c **** *
 267:.\Generated_Source\PSoC4/I2C_I2C.c **** * Parameters:
 268:.\Generated_Source\PSoC4/I2C_I2C.c **** *  None
 269:.\Generated_Source\PSoC4/I2C_I2C.c **** *
 270:.\Generated_Source\PSoC4/I2C_I2C.c **** * Return:
 271:.\Generated_Source\PSoC4/I2C_I2C.c **** *  None
 272:.\Generated_Source\PSoC4/I2C_I2C.c **** *
 273:.\Generated_Source\PSoC4/I2C_I2C.c **** *******************************************************************************/
 274:.\Generated_Source\PSoC4/I2C_I2C.c **** void I2C_I2CStop(void)
 275:.\Generated_Source\PSoC4/I2C_I2C.c **** {
 156              		.loc 1 275 0
 157              		.cfi_startproc
 276:.\Generated_Source\PSoC4/I2C_I2C.c ****     I2C_state = I2C_I2C_FSM_IDLE;
 158              		.loc 1 276 0
 159 0000 1022     		mov	r2, #16
 160 0002 014B     		ldr	r3, .L5
 161 0004 1A70     		strb	r2, [r3]
 277:.\Generated_Source\PSoC4/I2C_I2C.c **** }
 162              		.loc 1 277 0
 163              		@ sp needed
 164 0006 7047     		bx	lr
 165              	.L6:
 166              		.align	2
 167              	.L5:
 168 0008 00000000 		.word	I2C_state
 169              		.cfi_endproc
 170              	.LFE1:
 171              		.size	I2C_I2CStop, .-I2C_I2CStop
 172              		.section	.text.I2C_I2CSaveConfig,"ax",%progbits
 173              		.align	2
 174              		.global	I2C_I2CSaveConfig
 175              		.code	16
 176              		.thumb_func
 177              		.type	I2C_I2CSaveConfig, %function
 178              	I2C_I2CSaveConfig:
 179              	.LFB2:
ARM GAS  C:\Users\Esmail\AppData\Local\Temp\ccvpsNj9.s 			page 9


 278:.\Generated_Source\PSoC4/I2C_I2C.c **** 
 279:.\Generated_Source\PSoC4/I2C_I2C.c **** 
 280:.\Generated_Source\PSoC4/I2C_I2C.c **** #if(I2C_I2C_WAKE_ENABLE_CONST)
 281:.\Generated_Source\PSoC4/I2C_I2C.c ****     /*******************************************************************************
 282:.\Generated_Source\PSoC4/I2C_I2C.c ****     * Function Name: I2C_I2CSaveConfig
 283:.\Generated_Source\PSoC4/I2C_I2C.c ****     ********************************************************************************
 284:.\Generated_Source\PSoC4/I2C_I2C.c ****     *
 285:.\Generated_Source\PSoC4/I2C_I2C.c ****     * Summary:
 286:.\Generated_Source\PSoC4/I2C_I2C.c ****     *  Enables I2C_INTR_I2C_EC_WAKE_UP interrupt source. This interrupt
 287:.\Generated_Source\PSoC4/I2C_I2C.c ****     *  triggers on address match and wakes up device.
 288:.\Generated_Source\PSoC4/I2C_I2C.c ****     *
 289:.\Generated_Source\PSoC4/I2C_I2C.c ****     * Parameters:
 290:.\Generated_Source\PSoC4/I2C_I2C.c ****     *  None
 291:.\Generated_Source\PSoC4/I2C_I2C.c ****     *
 292:.\Generated_Source\PSoC4/I2C_I2C.c ****     * Return:
 293:.\Generated_Source\PSoC4/I2C_I2C.c ****     *  None
 294:.\Generated_Source\PSoC4/I2C_I2C.c ****     *
 295:.\Generated_Source\PSoC4/I2C_I2C.c ****     *******************************************************************************/
 296:.\Generated_Source\PSoC4/I2C_I2C.c ****     void I2C_I2CSaveConfig(void)
 297:.\Generated_Source\PSoC4/I2C_I2C.c ****     {
 180              		.loc 1 297 0
 181              		.cfi_startproc
 298:.\Generated_Source\PSoC4/I2C_I2C.c ****     #if (!I2C_CY_SCBIP_V0)
 299:.\Generated_Source\PSoC4/I2C_I2C.c ****         #if (I2C_I2C_MULTI_MASTER_SLAVE_CONST && I2C_I2C_WAKE_ENABLE_CONST)
 300:.\Generated_Source\PSoC4/I2C_I2C.c ****             /* Enable externally clocked address match if it was not enabled before.
 301:.\Generated_Source\PSoC4/I2C_I2C.c ****             * This applicable only for Multi-Master-Slave. Ticket ID#192742 */
 302:.\Generated_Source\PSoC4/I2C_I2C.c ****             if (0u == (I2C_CTRL_REG & I2C_CTRL_EC_AM_MODE))
 303:.\Generated_Source\PSoC4/I2C_I2C.c ****             {
 304:.\Generated_Source\PSoC4/I2C_I2C.c ****                 /* Enable external address match logic */
 305:.\Generated_Source\PSoC4/I2C_I2C.c ****                 I2C_Stop();
 306:.\Generated_Source\PSoC4/I2C_I2C.c ****                 I2C_CTRL_REG |= I2C_CTRL_EC_AM_MODE;
 307:.\Generated_Source\PSoC4/I2C_I2C.c ****                 I2C_Enable();
 308:.\Generated_Source\PSoC4/I2C_I2C.c ****             }
 309:.\Generated_Source\PSoC4/I2C_I2C.c ****         #endif /* (I2C_I2C_MULTI_MASTER_SLAVE_CONST) */
 310:.\Generated_Source\PSoC4/I2C_I2C.c **** 
 311:.\Generated_Source\PSoC4/I2C_I2C.c ****         #if (I2C_SCB_CLK_INTERNAL)
 312:.\Generated_Source\PSoC4/I2C_I2C.c ****             /* Disable clock to internal address match logic. Ticket ID#187931 */
 313:.\Generated_Source\PSoC4/I2C_I2C.c ****             I2C_SCBCLK_Stop();
 314:.\Generated_Source\PSoC4/I2C_I2C.c ****         #endif /* (I2C_SCB_CLK_INTERNAL) */
 315:.\Generated_Source\PSoC4/I2C_I2C.c ****     #endif /* (!I2C_CY_SCBIP_V0) */
 316:.\Generated_Source\PSoC4/I2C_I2C.c **** 
 317:.\Generated_Source\PSoC4/I2C_I2C.c ****         I2C_SetI2CExtClkInterruptMode(I2C_INTR_I2C_EC_WAKE_UP);
 182              		.loc 1 317 0
 183 0000 0122     		mov	r2, #1
 184 0002 014B     		ldr	r3, .L8
 185 0004 1A60     		str	r2, [r3]
 318:.\Generated_Source\PSoC4/I2C_I2C.c ****     }
 186              		.loc 1 318 0
 187              		@ sp needed
 188 0006 7047     		bx	lr
 189              	.L9:
 190              		.align	2
 191              	.L8:
 192 0008 880E0640 		.word	1074138760
 193              		.cfi_endproc
 194              	.LFE2:
 195              		.size	I2C_I2CSaveConfig, .-I2C_I2CSaveConfig
ARM GAS  C:\Users\Esmail\AppData\Local\Temp\ccvpsNj9.s 			page 10


 196              		.section	.text.I2C_I2CRestoreConfig,"ax",%progbits
 197              		.align	2
 198              		.global	I2C_I2CRestoreConfig
 199              		.code	16
 200              		.thumb_func
 201              		.type	I2C_I2CRestoreConfig, %function
 202              	I2C_I2CRestoreConfig:
 203              	.LFB3:
 319:.\Generated_Source\PSoC4/I2C_I2C.c **** 
 320:.\Generated_Source\PSoC4/I2C_I2C.c **** 
 321:.\Generated_Source\PSoC4/I2C_I2C.c ****     /*******************************************************************************
 322:.\Generated_Source\PSoC4/I2C_I2C.c ****     * Function Name: I2C_I2CRestoreConfig
 323:.\Generated_Source\PSoC4/I2C_I2C.c ****     ********************************************************************************
 324:.\Generated_Source\PSoC4/I2C_I2C.c ****     *
 325:.\Generated_Source\PSoC4/I2C_I2C.c ****     * Summary:
 326:.\Generated_Source\PSoC4/I2C_I2C.c ****     *  Disables I2C_INTR_I2C_EC_WAKE_UP interrupt source. This interrupt
 327:.\Generated_Source\PSoC4/I2C_I2C.c ****     *  triggers on address match and wakes up device.
 328:.\Generated_Source\PSoC4/I2C_I2C.c ****     *
 329:.\Generated_Source\PSoC4/I2C_I2C.c ****     * Parameters:
 330:.\Generated_Source\PSoC4/I2C_I2C.c ****     *  None
 331:.\Generated_Source\PSoC4/I2C_I2C.c ****     *
 332:.\Generated_Source\PSoC4/I2C_I2C.c ****     * Return:
 333:.\Generated_Source\PSoC4/I2C_I2C.c ****     *  None
 334:.\Generated_Source\PSoC4/I2C_I2C.c ****     *
 335:.\Generated_Source\PSoC4/I2C_I2C.c ****     *******************************************************************************/
 336:.\Generated_Source\PSoC4/I2C_I2C.c ****     void I2C_I2CRestoreConfig(void)
 337:.\Generated_Source\PSoC4/I2C_I2C.c ****     {
 204              		.loc 1 337 0
 205              		.cfi_startproc
 338:.\Generated_Source\PSoC4/I2C_I2C.c ****         /* Disable wakeup interrupt on address match */
 339:.\Generated_Source\PSoC4/I2C_I2C.c ****         I2C_SetI2CExtClkInterruptMode(I2C_NO_INTR_SOURCES);
 206              		.loc 1 339 0
 207 0000 0022     		mov	r2, #0
 208 0002 014B     		ldr	r3, .L11
 209 0004 1A60     		str	r2, [r3]
 340:.\Generated_Source\PSoC4/I2C_I2C.c **** 
 341:.\Generated_Source\PSoC4/I2C_I2C.c ****     #if (!I2C_CY_SCBIP_V0)
 342:.\Generated_Source\PSoC4/I2C_I2C.c ****         #if (I2C_SCB_CLK_INTERNAL)
 343:.\Generated_Source\PSoC4/I2C_I2C.c ****             /* Enable clock to internal address match logic. Ticket ID#187931 */
 344:.\Generated_Source\PSoC4/I2C_I2C.c ****             I2C_SCBCLK_Start();
 345:.\Generated_Source\PSoC4/I2C_I2C.c ****         #endif /* (I2C_SCB_CLK_INTERNAL) */
 346:.\Generated_Source\PSoC4/I2C_I2C.c ****     #endif /* (!I2C_CY_SCBIP_V0) */
 347:.\Generated_Source\PSoC4/I2C_I2C.c ****     }
 210              		.loc 1 347 0
 211              		@ sp needed
 212 0006 7047     		bx	lr
 213              	.L12:
 214              		.align	2
 215              	.L11:
 216 0008 880E0640 		.word	1074138760
 217              		.cfi_endproc
 218              	.LFE3:
 219              		.size	I2C_I2CRestoreConfig, .-I2C_I2CRestoreConfig
 220              		.comm	I2C_state,1,1
 221              		.text
 222              	.Letext0:
 223              		.file 2 "Generated_Source\\PSoC4/cytypes.h"
ARM GAS  C:\Users\Esmail\AppData\Local\Temp\ccvpsNj9.s 			page 11


 224              		.file 3 ".\\Generated_Source\\PSoC4\\I2C_I2C_PVT.h"
 225              		.file 4 "Generated_Source\\PSoC4/CyLib.h"
 226              		.section	.debug_info,"",%progbits
 227              	.Ldebug_info0:
 228 0000 C3010000 		.4byte	0x1c3
 229 0004 0400     		.2byte	0x4
 230 0006 00000000 		.4byte	.Ldebug_abbrev0
 231 000a 04       		.byte	0x4
 232 000b 01       		.uleb128 0x1
 233 000c 2F010000 		.4byte	.LASF28
 234 0010 01       		.byte	0x1
 235 0011 29020000 		.4byte	.LASF29
 236 0015 06020000 		.4byte	.LASF30
 237 0019 00000000 		.4byte	.Ldebug_ranges0+0
 238 001d 00000000 		.4byte	0
 239 0021 00000000 		.4byte	.Ldebug_line0
 240 0025 02       		.uleb128 0x2
 241 0026 01       		.byte	0x1
 242 0027 06       		.byte	0x6
 243 0028 FA010000 		.4byte	.LASF0
 244 002c 02       		.uleb128 0x2
 245 002d 01       		.byte	0x1
 246 002e 08       		.byte	0x8
 247 002f 3B000000 		.4byte	.LASF1
 248 0033 02       		.uleb128 0x2
 249 0034 02       		.byte	0x2
 250 0035 05       		.byte	0x5
 251 0036 AB000000 		.4byte	.LASF2
 252 003a 02       		.uleb128 0x2
 253 003b 02       		.byte	0x2
 254 003c 07       		.byte	0x7
 255 003d 15000000 		.4byte	.LASF3
 256 0041 02       		.uleb128 0x2
 257 0042 04       		.byte	0x4
 258 0043 05       		.byte	0x5
 259 0044 F1010000 		.4byte	.LASF4
 260 0048 02       		.uleb128 0x2
 261 0049 04       		.byte	0x4
 262 004a 07       		.byte	0x7
 263 004b 5B000000 		.4byte	.LASF5
 264 004f 02       		.uleb128 0x2
 265 0050 08       		.byte	0x8
 266 0051 05       		.byte	0x5
 267 0052 1C010000 		.4byte	.LASF6
 268 0056 02       		.uleb128 0x2
 269 0057 08       		.byte	0x8
 270 0058 07       		.byte	0x7
 271 0059 C9000000 		.4byte	.LASF7
 272 005d 03       		.uleb128 0x3
 273 005e 04       		.byte	0x4
 274 005f 05       		.byte	0x5
 275 0060 696E7400 		.ascii	"int\000"
 276 0064 02       		.uleb128 0x2
 277 0065 04       		.byte	0x4
 278 0066 07       		.byte	0x7
 279 0067 BC000000 		.4byte	.LASF8
 280 006b 04       		.uleb128 0x4
ARM GAS  C:\Users\Esmail\AppData\Local\Temp\ccvpsNj9.s 			page 12


 281 006c 6D000000 		.4byte	.LASF9
 282 0070 02       		.byte	0x2
 283 0071 C1       		.byte	0xc1
 284 0072 2C000000 		.4byte	0x2c
 285 0076 04       		.uleb128 0x4
 286 0077 B5000000 		.4byte	.LASF10
 287 007b 02       		.byte	0x2
 288 007c C3       		.byte	0xc3
 289 007d 48000000 		.4byte	0x48
 290 0081 02       		.uleb128 0x2
 291 0082 04       		.byte	0x4
 292 0083 04       		.byte	0x4
 293 0084 28000000 		.4byte	.LASF11
 294 0088 02       		.uleb128 0x2
 295 0089 08       		.byte	0x8
 296 008a 04       		.byte	0x4
 297 008b 87000000 		.4byte	.LASF12
 298 008f 02       		.uleb128 0x2
 299 0090 01       		.byte	0x1
 300 0091 08       		.byte	0x8
 301 0092 2A010000 		.4byte	.LASF13
 302 0096 05       		.uleb128 0x5
 303 0097 6B000000 		.4byte	0x6b
 304 009b 06       		.uleb128 0x6
 305 009c 00000000 		.4byte	.LASF14
 306 00a0 02       		.byte	0x2
 307 00a1 6D01     		.2byte	0x16d
 308 00a3 A7000000 		.4byte	0xa7
 309 00a7 05       		.uleb128 0x5
 310 00a8 76000000 		.4byte	0x76
 311 00ac 06       		.uleb128 0x6
 312 00ad F1000000 		.4byte	.LASF15
 313 00b1 02       		.byte	0x2
 314 00b2 7D01     		.2byte	0x17d
 315 00b4 B8000000 		.4byte	0xb8
 316 00b8 07       		.uleb128 0x7
 317 00b9 04       		.byte	0x4
 318 00ba BE000000 		.4byte	0xbe
 319 00be 08       		.uleb128 0x8
 320 00bf 02       		.uleb128 0x2
 321 00c0 04       		.byte	0x4
 322 00c1 07       		.byte	0x7
 323 00c2 13010000 		.4byte	.LASF16
 324 00c6 09       		.uleb128 0x9
 325 00c7 8E000000 		.4byte	.LASF31
 326 00cb 01       		.byte	0x1
 327 00cc C4       		.byte	0xc4
 328 00cd 00000000 		.4byte	.LFB0
 329 00d1 DC000000 		.4byte	.LFE0-.LFB0
 330 00d5 01       		.uleb128 0x1
 331 00d6 9C       		.byte	0x9c
 332 00d7 16010000 		.4byte	0x116
 333 00db 0A       		.uleb128 0xa
 334 00dc 3A000000 		.4byte	.LVL0
 335 00e0 89010000 		.4byte	0x189
 336 00e4 EE000000 		.4byte	0xee
 337 00e8 0B       		.uleb128 0xb
ARM GAS  C:\Users\Esmail\AppData\Local\Temp\ccvpsNj9.s 			page 13


 338 00e9 01       		.uleb128 0x1
 339 00ea 50       		.byte	0x50
 340 00eb 01       		.uleb128 0x1
 341 00ec 3A       		.byte	0x3a
 342 00ed 00       		.byte	0
 343 00ee 0A       		.uleb128 0xa
 344 00ef 42000000 		.4byte	.LVL1
 345 00f3 9A010000 		.4byte	0x19a
 346 00f7 06010000 		.4byte	0x106
 347 00fb 0B       		.uleb128 0xb
 348 00fc 01       		.uleb128 0x1
 349 00fd 51       		.byte	0x51
 350 00fe 01       		.uleb128 0x1
 351 00ff 33       		.byte	0x33
 352 0100 0B       		.uleb128 0xb
 353 0101 01       		.uleb128 0x1
 354 0102 50       		.byte	0x50
 355 0103 01       		.uleb128 0x1
 356 0104 3A       		.byte	0x3a
 357 0105 00       		.byte	0
 358 0106 0C       		.uleb128 0xc
 359 0107 4A000000 		.4byte	.LVL2
 360 010b B0010000 		.4byte	0x1b0
 361 010f 0B       		.uleb128 0xb
 362 0110 01       		.uleb128 0x1
 363 0111 50       		.byte	0x50
 364 0112 01       		.uleb128 0x1
 365 0113 3A       		.byte	0x3a
 366 0114 00       		.byte	0
 367 0115 00       		.byte	0
 368 0116 0D       		.uleb128 0xd
 369 0117 CA010000 		.4byte	.LASF17
 370 011b 01       		.byte	0x1
 371 011c 1201     		.2byte	0x112
 372 011e 00000000 		.4byte	.LFB1
 373 0122 0C000000 		.4byte	.LFE1-.LFB1
 374 0126 01       		.uleb128 0x1
 375 0127 9C       		.byte	0x9c
 376 0128 0D       		.uleb128 0xd
 377 0129 49000000 		.4byte	.LASF18
 378 012d 01       		.byte	0x1
 379 012e 2801     		.2byte	0x128
 380 0130 00000000 		.4byte	.LFB2
 381 0134 0C000000 		.4byte	.LFE2-.LFB2
 382 0138 01       		.uleb128 0x1
 383 0139 9C       		.byte	0x9c
 384 013a 0D       		.uleb128 0xd
 385 013b FE000000 		.4byte	.LASF19
 386 013f 01       		.byte	0x1
 387 0140 5001     		.2byte	0x150
 388 0142 00000000 		.4byte	.LFB3
 389 0146 0C000000 		.4byte	.LFE3-.LFB3
 390 014a 01       		.uleb128 0x1
 391 014b 9C       		.byte	0x9c
 392 014c 0E       		.uleb128 0xe
 393 014d E7010000 		.4byte	.LASF20
 394 0151 01       		.byte	0x1
ARM GAS  C:\Users\Esmail\AppData\Local\Temp\ccvpsNj9.s 			page 14


 395 0152 1A       		.byte	0x1a
 396 0153 96000000 		.4byte	0x96
 397 0157 05       		.uleb128 0x5
 398 0158 03       		.byte	0x3
 399 0159 00000000 		.4byte	I2C_state
 400 015d 0F       		.uleb128 0xf
 401 015e 2E000000 		.4byte	.LASF21
 402 0162 03       		.byte	0x3
 403 0163 20       		.byte	0x20
 404 0164 96000000 		.4byte	0x96
 405 0168 0F       		.uleb128 0xf
 406 0169 9A000000 		.4byte	.LASF22
 407 016d 03       		.byte	0x3
 408 016e 25       		.byte	0x25
 409 016f A7000000 		.4byte	0xa7
 410 0173 0F       		.uleb128 0xf
 411 0174 D6010000 		.4byte	.LASF23
 412 0178 03       		.byte	0x3
 413 0179 2A       		.byte	0x2a
 414 017a A7000000 		.4byte	0xa7
 415 017e 0F       		.uleb128 0xf
 416 017f 73000000 		.4byte	.LASF24
 417 0183 03       		.byte	0x3
 418 0184 2C       		.byte	0x2c
 419 0185 96000000 		.4byte	0x96
 420 0189 10       		.uleb128 0x10
 421 018a BD010000 		.4byte	.LASF25
 422 018e 04       		.byte	0x4
 423 018f 4E       		.byte	0x4e
 424 0190 9A010000 		.4byte	0x19a
 425 0194 11       		.uleb128 0x11
 426 0195 6B000000 		.4byte	0x6b
 427 0199 00       		.byte	0
 428 019a 10       		.uleb128 0x10
 429 019b E0000000 		.4byte	.LASF26
 430 019f 04       		.byte	0x4
 431 01a0 49       		.byte	0x49
 432 01a1 B0010000 		.4byte	0x1b0
 433 01a5 11       		.uleb128 0x11
 434 01a6 6B000000 		.4byte	0x6b
 435 01aa 11       		.uleb128 0x11
 436 01ab 6B000000 		.4byte	0x6b
 437 01af 00       		.byte	0
 438 01b0 12       		.uleb128 0x12
 439 01b1 06000000 		.4byte	.LASF27
 440 01b5 04       		.byte	0x4
 441 01b6 46       		.byte	0x46
 442 01b7 AC000000 		.4byte	0xac
 443 01bb 11       		.uleb128 0x11
 444 01bc 6B000000 		.4byte	0x6b
 445 01c0 11       		.uleb128 0x11
 446 01c1 AC000000 		.4byte	0xac
 447 01c5 00       		.byte	0
 448 01c6 00       		.byte	0
 449              		.section	.debug_abbrev,"",%progbits
 450              	.Ldebug_abbrev0:
 451 0000 01       		.uleb128 0x1
ARM GAS  C:\Users\Esmail\AppData\Local\Temp\ccvpsNj9.s 			page 15


 452 0001 11       		.uleb128 0x11
 453 0002 01       		.byte	0x1
 454 0003 25       		.uleb128 0x25
 455 0004 0E       		.uleb128 0xe
 456 0005 13       		.uleb128 0x13
 457 0006 0B       		.uleb128 0xb
 458 0007 03       		.uleb128 0x3
 459 0008 0E       		.uleb128 0xe
 460 0009 1B       		.uleb128 0x1b
 461 000a 0E       		.uleb128 0xe
 462 000b 55       		.uleb128 0x55
 463 000c 17       		.uleb128 0x17
 464 000d 11       		.uleb128 0x11
 465 000e 01       		.uleb128 0x1
 466 000f 10       		.uleb128 0x10
 467 0010 17       		.uleb128 0x17
 468 0011 00       		.byte	0
 469 0012 00       		.byte	0
 470 0013 02       		.uleb128 0x2
 471 0014 24       		.uleb128 0x24
 472 0015 00       		.byte	0
 473 0016 0B       		.uleb128 0xb
 474 0017 0B       		.uleb128 0xb
 475 0018 3E       		.uleb128 0x3e
 476 0019 0B       		.uleb128 0xb
 477 001a 03       		.uleb128 0x3
 478 001b 0E       		.uleb128 0xe
 479 001c 00       		.byte	0
 480 001d 00       		.byte	0
 481 001e 03       		.uleb128 0x3
 482 001f 24       		.uleb128 0x24
 483 0020 00       		.byte	0
 484 0021 0B       		.uleb128 0xb
 485 0022 0B       		.uleb128 0xb
 486 0023 3E       		.uleb128 0x3e
 487 0024 0B       		.uleb128 0xb
 488 0025 03       		.uleb128 0x3
 489 0026 08       		.uleb128 0x8
 490 0027 00       		.byte	0
 491 0028 00       		.byte	0
 492 0029 04       		.uleb128 0x4
 493 002a 16       		.uleb128 0x16
 494 002b 00       		.byte	0
 495 002c 03       		.uleb128 0x3
 496 002d 0E       		.uleb128 0xe
 497 002e 3A       		.uleb128 0x3a
 498 002f 0B       		.uleb128 0xb
 499 0030 3B       		.uleb128 0x3b
 500 0031 0B       		.uleb128 0xb
 501 0032 49       		.uleb128 0x49
 502 0033 13       		.uleb128 0x13
 503 0034 00       		.byte	0
 504 0035 00       		.byte	0
 505 0036 05       		.uleb128 0x5
 506 0037 35       		.uleb128 0x35
 507 0038 00       		.byte	0
 508 0039 49       		.uleb128 0x49
ARM GAS  C:\Users\Esmail\AppData\Local\Temp\ccvpsNj9.s 			page 16


 509 003a 13       		.uleb128 0x13
 510 003b 00       		.byte	0
 511 003c 00       		.byte	0
 512 003d 06       		.uleb128 0x6
 513 003e 16       		.uleb128 0x16
 514 003f 00       		.byte	0
 515 0040 03       		.uleb128 0x3
 516 0041 0E       		.uleb128 0xe
 517 0042 3A       		.uleb128 0x3a
 518 0043 0B       		.uleb128 0xb
 519 0044 3B       		.uleb128 0x3b
 520 0045 05       		.uleb128 0x5
 521 0046 49       		.uleb128 0x49
 522 0047 13       		.uleb128 0x13
 523 0048 00       		.byte	0
 524 0049 00       		.byte	0
 525 004a 07       		.uleb128 0x7
 526 004b 0F       		.uleb128 0xf
 527 004c 00       		.byte	0
 528 004d 0B       		.uleb128 0xb
 529 004e 0B       		.uleb128 0xb
 530 004f 49       		.uleb128 0x49
 531 0050 13       		.uleb128 0x13
 532 0051 00       		.byte	0
 533 0052 00       		.byte	0
 534 0053 08       		.uleb128 0x8
 535 0054 15       		.uleb128 0x15
 536 0055 00       		.byte	0
 537 0056 27       		.uleb128 0x27
 538 0057 19       		.uleb128 0x19
 539 0058 00       		.byte	0
 540 0059 00       		.byte	0
 541 005a 09       		.uleb128 0x9
 542 005b 2E       		.uleb128 0x2e
 543 005c 01       		.byte	0x1
 544 005d 3F       		.uleb128 0x3f
 545 005e 19       		.uleb128 0x19
 546 005f 03       		.uleb128 0x3
 547 0060 0E       		.uleb128 0xe
 548 0061 3A       		.uleb128 0x3a
 549 0062 0B       		.uleb128 0xb
 550 0063 3B       		.uleb128 0x3b
 551 0064 0B       		.uleb128 0xb
 552 0065 27       		.uleb128 0x27
 553 0066 19       		.uleb128 0x19
 554 0067 11       		.uleb128 0x11
 555 0068 01       		.uleb128 0x1
 556 0069 12       		.uleb128 0x12
 557 006a 06       		.uleb128 0x6
 558 006b 40       		.uleb128 0x40
 559 006c 18       		.uleb128 0x18
 560 006d 9742     		.uleb128 0x2117
 561 006f 19       		.uleb128 0x19
 562 0070 01       		.uleb128 0x1
 563 0071 13       		.uleb128 0x13
 564 0072 00       		.byte	0
 565 0073 00       		.byte	0
ARM GAS  C:\Users\Esmail\AppData\Local\Temp\ccvpsNj9.s 			page 17


 566 0074 0A       		.uleb128 0xa
 567 0075 898201   		.uleb128 0x4109
 568 0078 01       		.byte	0x1
 569 0079 11       		.uleb128 0x11
 570 007a 01       		.uleb128 0x1
 571 007b 31       		.uleb128 0x31
 572 007c 13       		.uleb128 0x13
 573 007d 01       		.uleb128 0x1
 574 007e 13       		.uleb128 0x13
 575 007f 00       		.byte	0
 576 0080 00       		.byte	0
 577 0081 0B       		.uleb128 0xb
 578 0082 8A8201   		.uleb128 0x410a
 579 0085 00       		.byte	0
 580 0086 02       		.uleb128 0x2
 581 0087 18       		.uleb128 0x18
 582 0088 9142     		.uleb128 0x2111
 583 008a 18       		.uleb128 0x18
 584 008b 00       		.byte	0
 585 008c 00       		.byte	0
 586 008d 0C       		.uleb128 0xc
 587 008e 898201   		.uleb128 0x4109
 588 0091 01       		.byte	0x1
 589 0092 11       		.uleb128 0x11
 590 0093 01       		.uleb128 0x1
 591 0094 31       		.uleb128 0x31
 592 0095 13       		.uleb128 0x13
 593 0096 00       		.byte	0
 594 0097 00       		.byte	0
 595 0098 0D       		.uleb128 0xd
 596 0099 2E       		.uleb128 0x2e
 597 009a 00       		.byte	0
 598 009b 3F       		.uleb128 0x3f
 599 009c 19       		.uleb128 0x19
 600 009d 03       		.uleb128 0x3
 601 009e 0E       		.uleb128 0xe
 602 009f 3A       		.uleb128 0x3a
 603 00a0 0B       		.uleb128 0xb
 604 00a1 3B       		.uleb128 0x3b
 605 00a2 05       		.uleb128 0x5
 606 00a3 27       		.uleb128 0x27
 607 00a4 19       		.uleb128 0x19
 608 00a5 11       		.uleb128 0x11
 609 00a6 01       		.uleb128 0x1
 610 00a7 12       		.uleb128 0x12
 611 00a8 06       		.uleb128 0x6
 612 00a9 40       		.uleb128 0x40
 613 00aa 18       		.uleb128 0x18
 614 00ab 9742     		.uleb128 0x2117
 615 00ad 19       		.uleb128 0x19
 616 00ae 00       		.byte	0
 617 00af 00       		.byte	0
 618 00b0 0E       		.uleb128 0xe
 619 00b1 34       		.uleb128 0x34
 620 00b2 00       		.byte	0
 621 00b3 03       		.uleb128 0x3
 622 00b4 0E       		.uleb128 0xe
ARM GAS  C:\Users\Esmail\AppData\Local\Temp\ccvpsNj9.s 			page 18


 623 00b5 3A       		.uleb128 0x3a
 624 00b6 0B       		.uleb128 0xb
 625 00b7 3B       		.uleb128 0x3b
 626 00b8 0B       		.uleb128 0xb
 627 00b9 49       		.uleb128 0x49
 628 00ba 13       		.uleb128 0x13
 629 00bb 3F       		.uleb128 0x3f
 630 00bc 19       		.uleb128 0x19
 631 00bd 02       		.uleb128 0x2
 632 00be 18       		.uleb128 0x18
 633 00bf 00       		.byte	0
 634 00c0 00       		.byte	0
 635 00c1 0F       		.uleb128 0xf
 636 00c2 34       		.uleb128 0x34
 637 00c3 00       		.byte	0
 638 00c4 03       		.uleb128 0x3
 639 00c5 0E       		.uleb128 0xe
 640 00c6 3A       		.uleb128 0x3a
 641 00c7 0B       		.uleb128 0xb
 642 00c8 3B       		.uleb128 0x3b
 643 00c9 0B       		.uleb128 0xb
 644 00ca 49       		.uleb128 0x49
 645 00cb 13       		.uleb128 0x13
 646 00cc 3F       		.uleb128 0x3f
 647 00cd 19       		.uleb128 0x19
 648 00ce 3C       		.uleb128 0x3c
 649 00cf 19       		.uleb128 0x19
 650 00d0 00       		.byte	0
 651 00d1 00       		.byte	0
 652 00d2 10       		.uleb128 0x10
 653 00d3 2E       		.uleb128 0x2e
 654 00d4 01       		.byte	0x1
 655 00d5 3F       		.uleb128 0x3f
 656 00d6 19       		.uleb128 0x19
 657 00d7 03       		.uleb128 0x3
 658 00d8 0E       		.uleb128 0xe
 659 00d9 3A       		.uleb128 0x3a
 660 00da 0B       		.uleb128 0xb
 661 00db 3B       		.uleb128 0x3b
 662 00dc 0B       		.uleb128 0xb
 663 00dd 27       		.uleb128 0x27
 664 00de 19       		.uleb128 0x19
 665 00df 3C       		.uleb128 0x3c
 666 00e0 19       		.uleb128 0x19
 667 00e1 01       		.uleb128 0x1
 668 00e2 13       		.uleb128 0x13
 669 00e3 00       		.byte	0
 670 00e4 00       		.byte	0
 671 00e5 11       		.uleb128 0x11
 672 00e6 05       		.uleb128 0x5
 673 00e7 00       		.byte	0
 674 00e8 49       		.uleb128 0x49
 675 00e9 13       		.uleb128 0x13
 676 00ea 00       		.byte	0
 677 00eb 00       		.byte	0
 678 00ec 12       		.uleb128 0x12
 679 00ed 2E       		.uleb128 0x2e
ARM GAS  C:\Users\Esmail\AppData\Local\Temp\ccvpsNj9.s 			page 19


 680 00ee 01       		.byte	0x1
 681 00ef 3F       		.uleb128 0x3f
 682 00f0 19       		.uleb128 0x19
 683 00f1 03       		.uleb128 0x3
 684 00f2 0E       		.uleb128 0xe
 685 00f3 3A       		.uleb128 0x3a
 686 00f4 0B       		.uleb128 0xb
 687 00f5 3B       		.uleb128 0x3b
 688 00f6 0B       		.uleb128 0xb
 689 00f7 27       		.uleb128 0x27
 690 00f8 19       		.uleb128 0x19
 691 00f9 49       		.uleb128 0x49
 692 00fa 13       		.uleb128 0x13
 693 00fb 3C       		.uleb128 0x3c
 694 00fc 19       		.uleb128 0x19
 695 00fd 00       		.byte	0
 696 00fe 00       		.byte	0
 697 00ff 00       		.byte	0
 698              		.section	.debug_aranges,"",%progbits
 699 0000 34000000 		.4byte	0x34
 700 0004 0200     		.2byte	0x2
 701 0006 00000000 		.4byte	.Ldebug_info0
 702 000a 04       		.byte	0x4
 703 000b 00       		.byte	0
 704 000c 0000     		.2byte	0
 705 000e 0000     		.2byte	0
 706 0010 00000000 		.4byte	.LFB0
 707 0014 DC000000 		.4byte	.LFE0-.LFB0
 708 0018 00000000 		.4byte	.LFB1
 709 001c 0C000000 		.4byte	.LFE1-.LFB1
 710 0020 00000000 		.4byte	.LFB2
 711 0024 0C000000 		.4byte	.LFE2-.LFB2
 712 0028 00000000 		.4byte	.LFB3
 713 002c 0C000000 		.4byte	.LFE3-.LFB3
 714 0030 00000000 		.4byte	0
 715 0034 00000000 		.4byte	0
 716              		.section	.debug_ranges,"",%progbits
 717              	.Ldebug_ranges0:
 718 0000 00000000 		.4byte	.LFB0
 719 0004 DC000000 		.4byte	.LFE0
 720 0008 00000000 		.4byte	.LFB1
 721 000c 0C000000 		.4byte	.LFE1
 722 0010 00000000 		.4byte	.LFB2
 723 0014 0C000000 		.4byte	.LFE2
 724 0018 00000000 		.4byte	.LFB3
 725 001c 0C000000 		.4byte	.LFE3
 726 0020 00000000 		.4byte	0
 727 0024 00000000 		.4byte	0
 728              		.section	.debug_line,"",%progbits
 729              	.Ldebug_line0:
 730 0000 E0000000 		.section	.debug_str,"MS",%progbits,1
 730      02007900 
 730      00000201 
 730      FB0E0D00 
 730      01010101 
 731              	.LASF14:
 732 0000 72656733 		.ascii	"reg32\000"
ARM GAS  C:\Users\Esmail\AppData\Local\Temp\ccvpsNj9.s 			page 20


 732      3200
 733              	.LASF27:
 734 0006 4379496E 		.ascii	"CyIntSetVector\000"
 734      74536574 
 734      56656374 
 734      6F7200
 735              	.LASF3:
 736 0015 73686F72 		.ascii	"short unsigned int\000"
 736      7420756E 
 736      7369676E 
 736      65642069 
 736      6E7400
 737              	.LASF11:
 738 0028 666C6F61 		.ascii	"float\000"
 738      7400
 739              	.LASF21:
 740 002e 4932435F 		.ascii	"I2C_slStatus\000"
 740      736C5374 
 740      61747573 
 740      00
 741              	.LASF1:
 742 003b 756E7369 		.ascii	"unsigned char\000"
 742      676E6564 
 742      20636861 
 742      7200
 743              	.LASF18:
 744 0049 4932435F 		.ascii	"I2C_I2CSaveConfig\000"
 744      49324353 
 744      61766543 
 744      6F6E6669 
 744      6700
 745              	.LASF5:
 746 005b 6C6F6E67 		.ascii	"long unsigned int\000"
 746      20756E73 
 746      69676E65 
 746      6420696E 
 746      7400
 747              	.LASF9:
 748 006d 75696E74 		.ascii	"uint8\000"
 748      3800
 749              	.LASF24:
 750 0073 4932435F 		.ascii	"I2C_slOverFlowCount\000"
 750      736C4F76 
 750      6572466C 
 750      6F77436F 
 750      756E7400 
 751              	.LASF12:
 752 0087 646F7562 		.ascii	"double\000"
 752      6C6500
 753              	.LASF31:
 754 008e 4932435F 		.ascii	"I2C_I2CInit\000"
 754      49324349 
 754      6E697400 
 755              	.LASF22:
 756 009a 4932435F 		.ascii	"I2C_slWrBufIndex\000"
 756      736C5772 
 756      42756649 
ARM GAS  C:\Users\Esmail\AppData\Local\Temp\ccvpsNj9.s 			page 21


 756      6E646578 
 756      00
 757              	.LASF2:
 758 00ab 73686F72 		.ascii	"short int\000"
 758      7420696E 
 758      7400
 759              	.LASF10:
 760 00b5 75696E74 		.ascii	"uint32\000"
 760      333200
 761              	.LASF8:
 762 00bc 756E7369 		.ascii	"unsigned int\000"
 762      676E6564 
 762      20696E74 
 762      00
 763              	.LASF7:
 764 00c9 6C6F6E67 		.ascii	"long long unsigned int\000"
 764      206C6F6E 
 764      6720756E 
 764      7369676E 
 764      65642069 
 765              	.LASF26:
 766 00e0 4379496E 		.ascii	"CyIntSetPriority\000"
 766      74536574 
 766      5072696F 
 766      72697479 
 766      00
 767              	.LASF15:
 768 00f1 63796973 		.ascii	"cyisraddress\000"
 768      72616464 
 768      72657373 
 768      00
 769              	.LASF19:
 770 00fe 4932435F 		.ascii	"I2C_I2CRestoreConfig\000"
 770      49324352 
 770      6573746F 
 770      7265436F 
 770      6E666967 
 771              	.LASF16:
 772 0113 73697A65 		.ascii	"sizetype\000"
 772      74797065 
 772      00
 773              	.LASF6:
 774 011c 6C6F6E67 		.ascii	"long long int\000"
 774      206C6F6E 
 774      6720696E 
 774      7400
 775              	.LASF13:
 776 012a 63686172 		.ascii	"char\000"
 776      00
 777              	.LASF28:
 778 012f 474E5520 		.ascii	"GNU C 4.9.3 20150303 (release) [ARM/embedded-4_9-br"
 778      4320342E 
 778      392E3320 
 778      32303135 
 778      30333033 
 779 0162 616E6368 		.ascii	"anch revision 221220] -mcpu=cortex-m0 -mthumb -g -O"
 779      20726576 
ARM GAS  C:\Users\Esmail\AppData\Local\Temp\ccvpsNj9.s 			page 22


 779      6973696F 
 779      6E203232 
 779      31323230 
 780 0195 67202D66 		.ascii	"g -ffunction-sections -ffat-lto-objects\000"
 780      66756E63 
 780      74696F6E 
 780      2D736563 
 780      74696F6E 
 781              	.LASF25:
 782 01bd 4379496E 		.ascii	"CyIntDisable\000"
 782      74446973 
 782      61626C65 
 782      00
 783              	.LASF17:
 784 01ca 4932435F 		.ascii	"I2C_I2CStop\000"
 784      49324353 
 784      746F7000 
 785              	.LASF23:
 786 01d6 4932435F 		.ascii	"I2C_slRdBufIndex\000"
 786      736C5264 
 786      42756649 
 786      6E646578 
 786      00
 787              	.LASF20:
 788 01e7 4932435F 		.ascii	"I2C_state\000"
 788      73746174 
 788      6500
 789              	.LASF4:
 790 01f1 6C6F6E67 		.ascii	"long int\000"
 790      20696E74 
 790      00
 791              	.LASF0:
 792 01fa 7369676E 		.ascii	"signed char\000"
 792      65642063 
 792      68617200 
 793              	.LASF30:
 794 0206 463A5C45 		.ascii	"F:\\ECEC304\\ledDynamicControl.cydsn\000"
 794      43454333 
 794      30345C6C 
 794      65644479 
 794      6E616D69 
 795              	.LASF29:
 796 0229 2E5C4765 		.ascii	".\\Generated_Source\\PSoC4\\I2C_I2C.c\000"
 796      6E657261 
 796      7465645F 
 796      536F7572 
 796      63655C50 
 797              		.ident	"GCC: (GNU Tools for ARM Embedded Processors) 4.9.3 20150303 (release) [ARM/embedded-4_9-br
