ARM GAS  C:\Users\Esmail\AppData\Local\Temp\ccY1ljKg.s 			page 1


   1              		.cpu cortex-m0
   2              		.fpu softvfp
   3              		.eabi_attribute 20, 1
   4              		.eabi_attribute 21, 1
   5              		.eabi_attribute 23, 3
   6              		.eabi_attribute 24, 1
   7              		.eabi_attribute 25, 1
   8              		.eabi_attribute 26, 1
   9              		.eabi_attribute 30, 1
  10              		.eabi_attribute 34, 0
  11              		.eabi_attribute 18, 4
  12              		.code	16
  13              		.file	"main.c"
  14              		.text
  15              	.Ltext0:
  16              		.cfi_sections	.debug_frame
  17              		.section	.text.main,"ax",%progbits
  18              		.align	2
  19              		.global	main
  20              		.code	16
  21              		.thumb_func
  22              		.type	main, %function
  23              	main:
  24              	.LFB33:
  25              		.file 1 ".\\main.c"
   1:.\main.c      **** /* ========================================
   2:.\main.c      ****  *
   3:.\main.c      ****  * Copyright YOUR COMPANY, THE YEAR
   4:.\main.c      ****  * All Rights Reserved
   5:.\main.c      ****  * UNPUBLISHED, LICENSED SOFTWARE.
   6:.\main.c      ****  *
   7:.\main.c      ****  * CONFIDENTIAL AND PROPRIETARY INFORMATION
   8:.\main.c      ****  * WHICH IS THE PROPERTY OF your company.
   9:.\main.c      ****  *
  10:.\main.c      ****  * ========================================
  11:.\main.c      **** */
  12:.\main.c      **** #include <project.h>
  13:.\main.c      **** 
  14:.\main.c      **** void main(void)
  15:.\main.c      **** {
  26              		.loc 1 15 0
  27              		.cfi_startproc
  28 0000 30B5     		push	{r4, r5, lr}
  29              		.cfi_def_cfa_offset 12
  30              		.cfi_offset 4, -12
  31              		.cfi_offset 5, -8
  32              		.cfi_offset 14, -4
  33 0002 85B0     		sub	sp, sp, #20
  34              		.cfi_def_cfa_offset 32
  16:.\main.c      **** UART_1_Start(); 
  35              		.loc 1 16 0
  36 0004 FFF7FEFF 		bl	UART_1_Start
  37              	.LVL0:
  17:.\main.c      **** uint32 rxData;
  18:.\main.c      **** int delaytime = 1000;
  19:.\main.c      **** char buf[15];
  20:.\main.c      **** strcpy(buf, "Hello world \n \r");
ARM GAS  C:\Users\Esmail\AppData\Local\Temp\ccY1ljKg.s 			page 2


  38              		.loc 1 20 0
  39 0008 6846     		mov	r0, sp
  40 000a 164B     		ldr	r3, .L13
  41 000c 6A46     		mov	r2, sp
  42 000e 32CB     		ldmia	r3!, {r1, r4, r5}
  43 0010 32C2     		stmia	r2!, {r1, r4, r5}
  44 0012 1B68     		ldr	r3, [r3]
  45 0014 1360     		str	r3, [r2]
  21:.\main.c      **** UART_1_UartPutString(buf);
  46              		.loc 1 21 0
  47 0016 FFF7FEFF 		bl	UART_1_UartPutString
  48              	.LVL1:
  18:.\main.c      **** char buf[15];
  49              		.loc 1 18 0
  50 001a FA24     		mov	r4, #250
  51 001c A400     		lsl	r4, r4, #2
  52              	.LVL2:
  53              	.L7:
  22:.\main.c      **** for(;;){
  23:.\main.c      **** /* Check if data is available in the UART buffer.
  24:.\main.c      **** The function returns an ASCII char where 1 to 255 are
  25:.\main.c      **** valid and 0 indicates that an error occurred or no data
  26:.\main.c      **** was present in the UART’s receive buffer. */
  27:.\main.c      **** rxData = UART_1_UartGetChar();
  54              		.loc 1 27 0
  55 001e FFF7FEFF 		bl	UART_1_UartGetChar
  56              	.LVL3:
  57 0022 051E     		sub	r5, r0, #0
  58              	.LVL4:
  28:.\main.c      **** if(rxData){
  59              		.loc 1 28 0
  60 0024 13D0     		beq	.L2
  29:.\main.c      **** /* Echo character back to terminal. */
  30:.\main.c      **** UART_1_UartPutChar(rxData);
  61              		.loc 1 30 0
  62 0026 FFF7FEFF 		bl	UART_1_SpiUartWriteTxData
  63              	.LVL5:
  31:.\main.c      **** /* Processing code goes here. */
  32:.\main.c      **** if(rxData == 65) /*1 Hz -A */
  64              		.loc 1 32 0
  65 002a 412D     		cmp	r5, #65
  66 002c 01D1     		bne	.L3
  33:.\main.c      **** {
  34:.\main.c      ****    delaytime = 1000;
  67              		.loc 1 34 0
  68 002e FA24     		mov	r4, #250
  69              	.LVL6:
  70 0030 A400     		lsl	r4, r4, #2
  71              	.L3:
  72              	.LVL7:
  35:.\main.c      **** }
  36:.\main.c      **** if(rxData == 66)/*2 Hz- B */
  73              		.loc 1 36 0
  74 0032 422D     		cmp	r5, #66
  75 0034 01D1     		bne	.L4
  37:.\main.c      **** {
  38:.\main.c      ****    delaytime = 500;
ARM GAS  C:\Users\Esmail\AppData\Local\Temp\ccY1ljKg.s 			page 3


  76              		.loc 1 38 0
  77 0036 FA24     		mov	r4, #250
  78              	.LVL8:
  79 0038 6400     		lsl	r4, r4, #1
  80              	.L4:
  81              	.LVL9:
  39:.\main.c      **** }
  40:.\main.c      **** if(rxData == 67)/*3 Hz - C*/
  82              		.loc 1 40 0
  83 003a 432D     		cmp	r5, #67
  84 003c 01D1     		bne	.L5
  41:.\main.c      **** {
  42:.\main.c      ****    delaytime = 333;
  85              		.loc 1 42 0
  86 003e 4E24     		mov	r4, #78
  87              	.LVL10:
  88 0040 FF34     		add	r4, r4, #255
  89              	.L5:
  90              	.LVL11:
  43:.\main.c      **** }
  44:.\main.c      **** if(rxData == 68)/*4 Hz - D*/
  91              		.loc 1 44 0
  92 0042 442D     		cmp	r5, #68
  93 0044 00D1     		bne	.L6
  45:.\main.c      **** {
  46:.\main.c      ****    delaytime = 250;
  94              		.loc 1 46 0
  95 0046 FA24     		mov	r4, #250
  96              	.LVL12:
  97              	.L6:
  47:.\main.c      **** }
  48:.\main.c      **** if(rxData == 69)/*5 Hz - E*/
  98              		.loc 1 48 0
  99 0048 452D     		cmp	r5, #69
 100 004a 00D1     		bne	.L2
  49:.\main.c      **** {
  50:.\main.c      ****    delaytime = 200;
 101              		.loc 1 50 0
 102 004c C824     		mov	r4, #200
 103              	.LVL13:
 104              	.L2:
  51:.\main.c      **** }
  52:.\main.c      **** 
  53:.\main.c      **** 
  54:.\main.c      **** } /* End if */
  55:.\main.c      **** LED_PIN_Write(~LED_PIN_Read());
 105              		.loc 1 55 0
 106 004e FFF7FEFF 		bl	LED_PIN_Read
 107              	.LVL14:
 108 0052 C043     		mvn	r0, r0
 109 0054 C0B2     		uxtb	r0, r0
 110 0056 FFF7FEFF 		bl	LED_PIN_Write
 111              	.LVL15:
  56:.\main.c      ****  CyDelay(delaytime);
 112              		.loc 1 56 0
 113 005a 201C     		mov	r0, r4
 114 005c FFF7FEFF 		bl	CyDelay
ARM GAS  C:\Users\Esmail\AppData\Local\Temp\ccY1ljKg.s 			page 4


 115              	.LVL16:
  57:.\main.c      **** 
  58:.\main.c      **** 
  59:.\main.c      **** } /* End for */
 116              		.loc 1 59 0
 117 0060 DDE7     		b	.L7
 118              	.L14:
 119 0062 C046     		.align	2
 120              	.L13:
 121 0064 00000000 		.word	.LC0
 122              		.cfi_endproc
 123              	.LFE33:
 124              		.size	main, .-main
 125              		.section	.rodata.str1.4,"aMS",%progbits,1
 126              		.align	2
 127              	.LC0:
 128 0000 48656C6C 		.ascii	"Hello world \012 \015\000"
 128      6F20776F 
 128      726C6420 
 128      0A200D00 
 129              		.text
 130              	.Letext0:
 131              		.file 2 "Generated_Source\\PSoC4/cytypes.h"
 132              		.file 3 "Generated_Source\\PSoC4/UART_1_SPI_UART.h"
 133              		.file 4 "Generated_Source\\PSoC4/LED_PIN.h"
 134              		.file 5 "Generated_Source\\PSoC4/UART_1.h"
 135              		.file 6 "Generated_Source\\PSoC4/CyLib.h"
 136              		.section	.debug_info,"",%progbits
 137              	.Ldebug_info0:
 138 0000 BE010000 		.4byte	0x1be
 139 0004 0400     		.2byte	0x4
 140 0006 00000000 		.4byte	.Ldebug_abbrev0
 141 000a 04       		.byte	0x4
 142 000b 01       		.uleb128 0x1
 143 000c 0A010000 		.4byte	.LASF23
 144 0010 01       		.byte	0x1
 145 0011 A8000000 		.4byte	.LASF24
 146 0015 D1010000 		.4byte	.LASF25
 147 0019 00000000 		.4byte	.Ldebug_ranges0+0
 148 001d 00000000 		.4byte	0
 149 0021 00000000 		.4byte	.Ldebug_line0
 150 0025 02       		.uleb128 0x2
 151 0026 01       		.byte	0x1
 152 0027 06       		.byte	0x6
 153 0028 AB010000 		.4byte	.LASF0
 154 002c 02       		.uleb128 0x2
 155 002d 01       		.byte	0x1
 156 002e 08       		.byte	0x8
 157 002f 43000000 		.4byte	.LASF1
 158 0033 02       		.uleb128 0x2
 159 0034 02       		.byte	0x2
 160 0035 05       		.byte	0x5
 161 0036 98010000 		.4byte	.LASF2
 162 003a 02       		.uleb128 0x2
 163 003b 02       		.byte	0x2
 164 003c 07       		.byte	0x7
 165 003d 22000000 		.4byte	.LASF3
ARM GAS  C:\Users\Esmail\AppData\Local\Temp\ccY1ljKg.s 			page 5


 166 0041 02       		.uleb128 0x2
 167 0042 04       		.byte	0x4
 168 0043 05       		.byte	0x5
 169 0044 A2010000 		.4byte	.LASF4
 170 0048 02       		.uleb128 0x2
 171 0049 04       		.byte	0x4
 172 004a 07       		.byte	0x7
 173 004b 57000000 		.4byte	.LASF5
 174 004f 02       		.uleb128 0x2
 175 0050 08       		.byte	0x8
 176 0051 05       		.byte	0x5
 177 0052 F7000000 		.4byte	.LASF6
 178 0056 02       		.uleb128 0x2
 179 0057 08       		.byte	0x8
 180 0058 07       		.byte	0x7
 181 0059 D7000000 		.4byte	.LASF7
 182 005d 03       		.uleb128 0x3
 183 005e 04       		.byte	0x4
 184 005f 05       		.byte	0x5
 185 0060 696E7400 		.ascii	"int\000"
 186 0064 02       		.uleb128 0x2
 187 0065 04       		.byte	0x4
 188 0066 07       		.byte	0x7
 189 0067 CA000000 		.4byte	.LASF8
 190 006b 04       		.uleb128 0x4
 191 006c 69000000 		.4byte	.LASF9
 192 0070 02       		.byte	0x2
 193 0071 C1       		.byte	0xc1
 194 0072 2C000000 		.4byte	0x2c
 195 0076 04       		.uleb128 0x4
 196 0077 BE000000 		.4byte	.LASF10
 197 007b 02       		.byte	0x2
 198 007c C3       		.byte	0xc3
 199 007d 48000000 		.4byte	0x48
 200 0081 02       		.uleb128 0x2
 201 0082 04       		.byte	0x4
 202 0083 04       		.byte	0x4
 203 0084 3D000000 		.4byte	.LASF11
 204 0088 02       		.uleb128 0x2
 205 0089 08       		.byte	0x8
 206 008a 04       		.byte	0x4
 207 008b A1000000 		.4byte	.LASF12
 208 008f 04       		.uleb128 0x4
 209 0090 51000000 		.4byte	.LASF13
 210 0094 02       		.byte	0x2
 211 0095 D2       		.byte	0xd2
 212 0096 9A000000 		.4byte	0x9a
 213 009a 02       		.uleb128 0x2
 214 009b 01       		.byte	0x1
 215 009c 08       		.byte	0x8
 216 009d 05010000 		.4byte	.LASF14
 217 00a1 02       		.uleb128 0x2
 218 00a2 04       		.byte	0x4
 219 00a3 07       		.byte	0x7
 220 00a4 EE000000 		.4byte	.LASF15
 221 00a8 05       		.uleb128 0x5
 222 00a9 C5000000 		.4byte	.LASF26
ARM GAS  C:\Users\Esmail\AppData\Local\Temp\ccY1ljKg.s 			page 6


 223 00ad 01       		.byte	0x1
 224 00ae 0E       		.byte	0xe
 225 00af 00000000 		.4byte	.LFB33
 226 00b3 68000000 		.4byte	.LFE33-.LFB33
 227 00b7 01       		.uleb128 0x1
 228 00b8 9C       		.byte	0x9c
 229 00b9 46010000 		.4byte	0x146
 230 00bd 06       		.uleb128 0x6
 231 00be 82000000 		.4byte	.LASF16
 232 00c2 01       		.byte	0x1
 233 00c3 11       		.byte	0x11
 234 00c4 76000000 		.4byte	0x76
 235 00c8 00000000 		.4byte	.LLST0
 236 00cc 06       		.uleb128 0x6
 237 00cd 89000000 		.4byte	.LASF17
 238 00d1 01       		.byte	0x1
 239 00d2 12       		.byte	0x12
 240 00d3 5D000000 		.4byte	0x5d
 241 00d7 1E000000 		.4byte	.LLST1
 242 00db 07       		.uleb128 0x7
 243 00dc 62756600 		.ascii	"buf\000"
 244 00e0 01       		.byte	0x1
 245 00e1 13       		.byte	0x13
 246 00e2 46010000 		.4byte	0x146
 247 00e6 02       		.uleb128 0x2
 248 00e7 91       		.byte	0x91
 249 00e8 60       		.sleb128 -32
 250 00e9 08       		.uleb128 0x8
 251 00ea 08000000 		.4byte	.LVL0
 252 00ee 56010000 		.4byte	0x156
 253 00f2 09       		.uleb128 0x9
 254 00f3 1A000000 		.4byte	.LVL1
 255 00f7 5D010000 		.4byte	0x15d
 256 00fb 06010000 		.4byte	0x106
 257 00ff 0A       		.uleb128 0xa
 258 0100 01       		.uleb128 0x1
 259 0101 50       		.byte	0x50
 260 0102 02       		.uleb128 0x2
 261 0103 7D       		.byte	0x7d
 262 0104 00       		.sleb128 0
 263 0105 00       		.byte	0
 264 0106 08       		.uleb128 0x8
 265 0107 22000000 		.4byte	.LVL3
 266 010b 7A010000 		.4byte	0x17a
 267 010f 09       		.uleb128 0x9
 268 0110 2A000000 		.4byte	.LVL5
 269 0114 86010000 		.4byte	0x186
 270 0118 23010000 		.4byte	0x123
 271 011c 0A       		.uleb128 0xa
 272 011d 01       		.uleb128 0x1
 273 011e 50       		.byte	0x50
 274 011f 02       		.uleb128 0x2
 275 0120 75       		.byte	0x75
 276 0121 00       		.sleb128 0
 277 0122 00       		.byte	0
 278 0123 08       		.uleb128 0x8
 279 0124 52000000 		.4byte	.LVL14
ARM GAS  C:\Users\Esmail\AppData\Local\Temp\ccY1ljKg.s 			page 7


 280 0128 98010000 		.4byte	0x198
 281 012c 08       		.uleb128 0x8
 282 012d 5A000000 		.4byte	.LVL15
 283 0131 A3010000 		.4byte	0x1a3
 284 0135 0B       		.uleb128 0xb
 285 0136 60000000 		.4byte	.LVL16
 286 013a B4010000 		.4byte	0x1b4
 287 013e 0A       		.uleb128 0xa
 288 013f 01       		.uleb128 0x1
 289 0140 50       		.byte	0x50
 290 0141 02       		.uleb128 0x2
 291 0142 74       		.byte	0x74
 292 0143 00       		.sleb128 0
 293 0144 00       		.byte	0
 294 0145 00       		.byte	0
 295 0146 0C       		.uleb128 0xc
 296 0147 9A000000 		.4byte	0x9a
 297 014b 56010000 		.4byte	0x156
 298 014f 0D       		.uleb128 0xd
 299 0150 A1000000 		.4byte	0xa1
 300 0154 0E       		.byte	0xe
 301 0155 00       		.byte	0
 302 0156 0E       		.uleb128 0xe
 303 0157 00000000 		.4byte	.LASF27
 304 015b 05       		.byte	0x5
 305 015c 68       		.byte	0x68
 306 015d 0F       		.uleb128 0xf
 307 015e 0D000000 		.4byte	.LASF18
 308 0162 03       		.byte	0x3
 309 0163 7701     		.2byte	0x177
 310 0165 6F010000 		.4byte	0x16f
 311 0169 10       		.uleb128 0x10
 312 016a 6F010000 		.4byte	0x16f
 313 016e 00       		.byte	0
 314 016f 11       		.uleb128 0x11
 315 0170 04       		.byte	0x4
 316 0171 75010000 		.4byte	0x175
 317 0175 12       		.uleb128 0x12
 318 0176 8F000000 		.4byte	0x8f
 319 017a 13       		.uleb128 0x13
 320 017b 6F000000 		.4byte	.LASF20
 321 017f 03       		.byte	0x3
 322 0180 6A01     		.2byte	0x16a
 323 0182 76000000 		.4byte	0x76
 324 0186 0F       		.uleb128 0xf
 325 0187 B7010000 		.4byte	.LASF19
 326 018b 03       		.byte	0x3
 327 018c 8C01     		.2byte	0x18c
 328 018e 98010000 		.4byte	0x198
 329 0192 10       		.uleb128 0x10
 330 0193 76000000 		.4byte	0x76
 331 0197 00       		.byte	0
 332 0198 14       		.uleb128 0x14
 333 0199 B1000000 		.4byte	.LASF21
 334 019d 04       		.byte	0x4
 335 019e 20       		.byte	0x20
 336 019f 6B000000 		.4byte	0x6b
ARM GAS  C:\Users\Esmail\AppData\Local\Temp\ccY1ljKg.s 			page 8


 337 01a3 15       		.uleb128 0x15
 338 01a4 93000000 		.4byte	.LASF22
 339 01a8 04       		.byte	0x4
 340 01a9 1D       		.byte	0x1d
 341 01aa B4010000 		.4byte	0x1b4
 342 01ae 10       		.uleb128 0x10
 343 01af 6B000000 		.4byte	0x6b
 344 01b3 00       		.byte	0
 345 01b4 16       		.uleb128 0x16
 346 01b5 35000000 		.4byte	.LASF28
 347 01b9 06       		.byte	0x6
 348 01ba 57       		.byte	0x57
 349 01bb 10       		.uleb128 0x10
 350 01bc 76000000 		.4byte	0x76
 351 01c0 00       		.byte	0
 352 01c1 00       		.byte	0
 353              		.section	.debug_abbrev,"",%progbits
 354              	.Ldebug_abbrev0:
 355 0000 01       		.uleb128 0x1
 356 0001 11       		.uleb128 0x11
 357 0002 01       		.byte	0x1
 358 0003 25       		.uleb128 0x25
 359 0004 0E       		.uleb128 0xe
 360 0005 13       		.uleb128 0x13
 361 0006 0B       		.uleb128 0xb
 362 0007 03       		.uleb128 0x3
 363 0008 0E       		.uleb128 0xe
 364 0009 1B       		.uleb128 0x1b
 365 000a 0E       		.uleb128 0xe
 366 000b 55       		.uleb128 0x55
 367 000c 17       		.uleb128 0x17
 368 000d 11       		.uleb128 0x11
 369 000e 01       		.uleb128 0x1
 370 000f 10       		.uleb128 0x10
 371 0010 17       		.uleb128 0x17
 372 0011 00       		.byte	0
 373 0012 00       		.byte	0
 374 0013 02       		.uleb128 0x2
 375 0014 24       		.uleb128 0x24
 376 0015 00       		.byte	0
 377 0016 0B       		.uleb128 0xb
 378 0017 0B       		.uleb128 0xb
 379 0018 3E       		.uleb128 0x3e
 380 0019 0B       		.uleb128 0xb
 381 001a 03       		.uleb128 0x3
 382 001b 0E       		.uleb128 0xe
 383 001c 00       		.byte	0
 384 001d 00       		.byte	0
 385 001e 03       		.uleb128 0x3
 386 001f 24       		.uleb128 0x24
 387 0020 00       		.byte	0
 388 0021 0B       		.uleb128 0xb
 389 0022 0B       		.uleb128 0xb
 390 0023 3E       		.uleb128 0x3e
 391 0024 0B       		.uleb128 0xb
 392 0025 03       		.uleb128 0x3
 393 0026 08       		.uleb128 0x8
ARM GAS  C:\Users\Esmail\AppData\Local\Temp\ccY1ljKg.s 			page 9


 394 0027 00       		.byte	0
 395 0028 00       		.byte	0
 396 0029 04       		.uleb128 0x4
 397 002a 16       		.uleb128 0x16
 398 002b 00       		.byte	0
 399 002c 03       		.uleb128 0x3
 400 002d 0E       		.uleb128 0xe
 401 002e 3A       		.uleb128 0x3a
 402 002f 0B       		.uleb128 0xb
 403 0030 3B       		.uleb128 0x3b
 404 0031 0B       		.uleb128 0xb
 405 0032 49       		.uleb128 0x49
 406 0033 13       		.uleb128 0x13
 407 0034 00       		.byte	0
 408 0035 00       		.byte	0
 409 0036 05       		.uleb128 0x5
 410 0037 2E       		.uleb128 0x2e
 411 0038 01       		.byte	0x1
 412 0039 3F       		.uleb128 0x3f
 413 003a 19       		.uleb128 0x19
 414 003b 03       		.uleb128 0x3
 415 003c 0E       		.uleb128 0xe
 416 003d 3A       		.uleb128 0x3a
 417 003e 0B       		.uleb128 0xb
 418 003f 3B       		.uleb128 0x3b
 419 0040 0B       		.uleb128 0xb
 420 0041 27       		.uleb128 0x27
 421 0042 19       		.uleb128 0x19
 422 0043 11       		.uleb128 0x11
 423 0044 01       		.uleb128 0x1
 424 0045 12       		.uleb128 0x12
 425 0046 06       		.uleb128 0x6
 426 0047 40       		.uleb128 0x40
 427 0048 18       		.uleb128 0x18
 428 0049 9742     		.uleb128 0x2117
 429 004b 19       		.uleb128 0x19
 430 004c 01       		.uleb128 0x1
 431 004d 13       		.uleb128 0x13
 432 004e 00       		.byte	0
 433 004f 00       		.byte	0
 434 0050 06       		.uleb128 0x6
 435 0051 34       		.uleb128 0x34
 436 0052 00       		.byte	0
 437 0053 03       		.uleb128 0x3
 438 0054 0E       		.uleb128 0xe
 439 0055 3A       		.uleb128 0x3a
 440 0056 0B       		.uleb128 0xb
 441 0057 3B       		.uleb128 0x3b
 442 0058 0B       		.uleb128 0xb
 443 0059 49       		.uleb128 0x49
 444 005a 13       		.uleb128 0x13
 445 005b 02       		.uleb128 0x2
 446 005c 17       		.uleb128 0x17
 447 005d 00       		.byte	0
 448 005e 00       		.byte	0
 449 005f 07       		.uleb128 0x7
 450 0060 34       		.uleb128 0x34
ARM GAS  C:\Users\Esmail\AppData\Local\Temp\ccY1ljKg.s 			page 10


 451 0061 00       		.byte	0
 452 0062 03       		.uleb128 0x3
 453 0063 08       		.uleb128 0x8
 454 0064 3A       		.uleb128 0x3a
 455 0065 0B       		.uleb128 0xb
 456 0066 3B       		.uleb128 0x3b
 457 0067 0B       		.uleb128 0xb
 458 0068 49       		.uleb128 0x49
 459 0069 13       		.uleb128 0x13
 460 006a 02       		.uleb128 0x2
 461 006b 18       		.uleb128 0x18
 462 006c 00       		.byte	0
 463 006d 00       		.byte	0
 464 006e 08       		.uleb128 0x8
 465 006f 898201   		.uleb128 0x4109
 466 0072 00       		.byte	0
 467 0073 11       		.uleb128 0x11
 468 0074 01       		.uleb128 0x1
 469 0075 31       		.uleb128 0x31
 470 0076 13       		.uleb128 0x13
 471 0077 00       		.byte	0
 472 0078 00       		.byte	0
 473 0079 09       		.uleb128 0x9
 474 007a 898201   		.uleb128 0x4109
 475 007d 01       		.byte	0x1
 476 007e 11       		.uleb128 0x11
 477 007f 01       		.uleb128 0x1
 478 0080 31       		.uleb128 0x31
 479 0081 13       		.uleb128 0x13
 480 0082 01       		.uleb128 0x1
 481 0083 13       		.uleb128 0x13
 482 0084 00       		.byte	0
 483 0085 00       		.byte	0
 484 0086 0A       		.uleb128 0xa
 485 0087 8A8201   		.uleb128 0x410a
 486 008a 00       		.byte	0
 487 008b 02       		.uleb128 0x2
 488 008c 18       		.uleb128 0x18
 489 008d 9142     		.uleb128 0x2111
 490 008f 18       		.uleb128 0x18
 491 0090 00       		.byte	0
 492 0091 00       		.byte	0
 493 0092 0B       		.uleb128 0xb
 494 0093 898201   		.uleb128 0x4109
 495 0096 01       		.byte	0x1
 496 0097 11       		.uleb128 0x11
 497 0098 01       		.uleb128 0x1
 498 0099 31       		.uleb128 0x31
 499 009a 13       		.uleb128 0x13
 500 009b 00       		.byte	0
 501 009c 00       		.byte	0
 502 009d 0C       		.uleb128 0xc
 503 009e 01       		.uleb128 0x1
 504 009f 01       		.byte	0x1
 505 00a0 49       		.uleb128 0x49
 506 00a1 13       		.uleb128 0x13
 507 00a2 01       		.uleb128 0x1
ARM GAS  C:\Users\Esmail\AppData\Local\Temp\ccY1ljKg.s 			page 11


 508 00a3 13       		.uleb128 0x13
 509 00a4 00       		.byte	0
 510 00a5 00       		.byte	0
 511 00a6 0D       		.uleb128 0xd
 512 00a7 21       		.uleb128 0x21
 513 00a8 00       		.byte	0
 514 00a9 49       		.uleb128 0x49
 515 00aa 13       		.uleb128 0x13
 516 00ab 2F       		.uleb128 0x2f
 517 00ac 0B       		.uleb128 0xb
 518 00ad 00       		.byte	0
 519 00ae 00       		.byte	0
 520 00af 0E       		.uleb128 0xe
 521 00b0 2E       		.uleb128 0x2e
 522 00b1 00       		.byte	0
 523 00b2 3F       		.uleb128 0x3f
 524 00b3 19       		.uleb128 0x19
 525 00b4 03       		.uleb128 0x3
 526 00b5 0E       		.uleb128 0xe
 527 00b6 3A       		.uleb128 0x3a
 528 00b7 0B       		.uleb128 0xb
 529 00b8 3B       		.uleb128 0x3b
 530 00b9 0B       		.uleb128 0xb
 531 00ba 27       		.uleb128 0x27
 532 00bb 19       		.uleb128 0x19
 533 00bc 3C       		.uleb128 0x3c
 534 00bd 19       		.uleb128 0x19
 535 00be 00       		.byte	0
 536 00bf 00       		.byte	0
 537 00c0 0F       		.uleb128 0xf
 538 00c1 2E       		.uleb128 0x2e
 539 00c2 01       		.byte	0x1
 540 00c3 3F       		.uleb128 0x3f
 541 00c4 19       		.uleb128 0x19
 542 00c5 03       		.uleb128 0x3
 543 00c6 0E       		.uleb128 0xe
 544 00c7 3A       		.uleb128 0x3a
 545 00c8 0B       		.uleb128 0xb
 546 00c9 3B       		.uleb128 0x3b
 547 00ca 05       		.uleb128 0x5
 548 00cb 27       		.uleb128 0x27
 549 00cc 19       		.uleb128 0x19
 550 00cd 3C       		.uleb128 0x3c
 551 00ce 19       		.uleb128 0x19
 552 00cf 01       		.uleb128 0x1
 553 00d0 13       		.uleb128 0x13
 554 00d1 00       		.byte	0
 555 00d2 00       		.byte	0
 556 00d3 10       		.uleb128 0x10
 557 00d4 05       		.uleb128 0x5
 558 00d5 00       		.byte	0
 559 00d6 49       		.uleb128 0x49
 560 00d7 13       		.uleb128 0x13
 561 00d8 00       		.byte	0
 562 00d9 00       		.byte	0
 563 00da 11       		.uleb128 0x11
 564 00db 0F       		.uleb128 0xf
ARM GAS  C:\Users\Esmail\AppData\Local\Temp\ccY1ljKg.s 			page 12


 565 00dc 00       		.byte	0
 566 00dd 0B       		.uleb128 0xb
 567 00de 0B       		.uleb128 0xb
 568 00df 49       		.uleb128 0x49
 569 00e0 13       		.uleb128 0x13
 570 00e1 00       		.byte	0
 571 00e2 00       		.byte	0
 572 00e3 12       		.uleb128 0x12
 573 00e4 26       		.uleb128 0x26
 574 00e5 00       		.byte	0
 575 00e6 49       		.uleb128 0x49
 576 00e7 13       		.uleb128 0x13
 577 00e8 00       		.byte	0
 578 00e9 00       		.byte	0
 579 00ea 13       		.uleb128 0x13
 580 00eb 2E       		.uleb128 0x2e
 581 00ec 00       		.byte	0
 582 00ed 3F       		.uleb128 0x3f
 583 00ee 19       		.uleb128 0x19
 584 00ef 03       		.uleb128 0x3
 585 00f0 0E       		.uleb128 0xe
 586 00f1 3A       		.uleb128 0x3a
 587 00f2 0B       		.uleb128 0xb
 588 00f3 3B       		.uleb128 0x3b
 589 00f4 05       		.uleb128 0x5
 590 00f5 27       		.uleb128 0x27
 591 00f6 19       		.uleb128 0x19
 592 00f7 49       		.uleb128 0x49
 593 00f8 13       		.uleb128 0x13
 594 00f9 3C       		.uleb128 0x3c
 595 00fa 19       		.uleb128 0x19
 596 00fb 00       		.byte	0
 597 00fc 00       		.byte	0
 598 00fd 14       		.uleb128 0x14
 599 00fe 2E       		.uleb128 0x2e
 600 00ff 00       		.byte	0
 601 0100 3F       		.uleb128 0x3f
 602 0101 19       		.uleb128 0x19
 603 0102 03       		.uleb128 0x3
 604 0103 0E       		.uleb128 0xe
 605 0104 3A       		.uleb128 0x3a
 606 0105 0B       		.uleb128 0xb
 607 0106 3B       		.uleb128 0x3b
 608 0107 0B       		.uleb128 0xb
 609 0108 27       		.uleb128 0x27
 610 0109 19       		.uleb128 0x19
 611 010a 49       		.uleb128 0x49
 612 010b 13       		.uleb128 0x13
 613 010c 3C       		.uleb128 0x3c
 614 010d 19       		.uleb128 0x19
 615 010e 00       		.byte	0
 616 010f 00       		.byte	0
 617 0110 15       		.uleb128 0x15
 618 0111 2E       		.uleb128 0x2e
 619 0112 01       		.byte	0x1
 620 0113 3F       		.uleb128 0x3f
 621 0114 19       		.uleb128 0x19
ARM GAS  C:\Users\Esmail\AppData\Local\Temp\ccY1ljKg.s 			page 13


 622 0115 03       		.uleb128 0x3
 623 0116 0E       		.uleb128 0xe
 624 0117 3A       		.uleb128 0x3a
 625 0118 0B       		.uleb128 0xb
 626 0119 3B       		.uleb128 0x3b
 627 011a 0B       		.uleb128 0xb
 628 011b 27       		.uleb128 0x27
 629 011c 19       		.uleb128 0x19
 630 011d 3C       		.uleb128 0x3c
 631 011e 19       		.uleb128 0x19
 632 011f 01       		.uleb128 0x1
 633 0120 13       		.uleb128 0x13
 634 0121 00       		.byte	0
 635 0122 00       		.byte	0
 636 0123 16       		.uleb128 0x16
 637 0124 2E       		.uleb128 0x2e
 638 0125 01       		.byte	0x1
 639 0126 3F       		.uleb128 0x3f
 640 0127 19       		.uleb128 0x19
 641 0128 03       		.uleb128 0x3
 642 0129 0E       		.uleb128 0xe
 643 012a 3A       		.uleb128 0x3a
 644 012b 0B       		.uleb128 0xb
 645 012c 3B       		.uleb128 0x3b
 646 012d 0B       		.uleb128 0xb
 647 012e 27       		.uleb128 0x27
 648 012f 19       		.uleb128 0x19
 649 0130 3C       		.uleb128 0x3c
 650 0131 19       		.uleb128 0x19
 651 0132 00       		.byte	0
 652 0133 00       		.byte	0
 653 0134 00       		.byte	0
 654              		.section	.debug_loc,"",%progbits
 655              	.Ldebug_loc0:
 656              	.LLST0:
 657 0000 24000000 		.4byte	.LVL4
 658 0004 29000000 		.4byte	.LVL5-1
 659 0008 0100     		.2byte	0x1
 660 000a 50       		.byte	0x50
 661 000b 29000000 		.4byte	.LVL5-1
 662 000f 68000000 		.4byte	.LFE33
 663 0013 0100     		.2byte	0x1
 664 0015 55       		.byte	0x55
 665 0016 00000000 		.4byte	0
 666 001a 00000000 		.4byte	0
 667              	.LLST1:
 668 001e 08000000 		.4byte	.LVL0
 669 0022 1E000000 		.4byte	.LVL2
 670 0026 0400     		.2byte	0x4
 671 0028 0A       		.byte	0xa
 672 0029 E803     		.2byte	0x3e8
 673 002b 9F       		.byte	0x9f
 674 002c 1E000000 		.4byte	.LVL2
 675 0030 30000000 		.4byte	.LVL6
 676 0034 0100     		.2byte	0x1
 677 0036 54       		.byte	0x54
 678 0037 32000000 		.4byte	.LVL7
ARM GAS  C:\Users\Esmail\AppData\Local\Temp\ccY1ljKg.s 			page 14


 679 003b 38000000 		.4byte	.LVL8
 680 003f 0100     		.2byte	0x1
 681 0041 54       		.byte	0x54
 682 0042 3A000000 		.4byte	.LVL9
 683 0046 40000000 		.4byte	.LVL10
 684 004a 0100     		.2byte	0x1
 685 004c 54       		.byte	0x54
 686 004d 42000000 		.4byte	.LVL11
 687 0051 68000000 		.4byte	.LFE33
 688 0055 0100     		.2byte	0x1
 689 0057 54       		.byte	0x54
 690 0058 00000000 		.4byte	0
 691 005c 00000000 		.4byte	0
 692              		.section	.debug_aranges,"",%progbits
 693 0000 1C000000 		.4byte	0x1c
 694 0004 0200     		.2byte	0x2
 695 0006 00000000 		.4byte	.Ldebug_info0
 696 000a 04       		.byte	0x4
 697 000b 00       		.byte	0
 698 000c 0000     		.2byte	0
 699 000e 0000     		.2byte	0
 700 0010 00000000 		.4byte	.LFB33
 701 0014 68000000 		.4byte	.LFE33-.LFB33
 702 0018 00000000 		.4byte	0
 703 001c 00000000 		.4byte	0
 704              		.section	.debug_ranges,"",%progbits
 705              	.Ldebug_ranges0:
 706 0000 00000000 		.4byte	.LFB33
 707 0004 68000000 		.4byte	.LFE33
 708 0008 00000000 		.4byte	0
 709 000c 00000000 		.4byte	0
 710              		.section	.debug_line,"",%progbits
 711              	.Ldebug_line0:
 712 0000 A7000000 		.section	.debug_str,"MS",%progbits,1
 712      02007C00 
 712      00000201 
 712      FB0E0D00 
 712      01010101 
 713              	.LASF27:
 714 0000 55415254 		.ascii	"UART_1_Start\000"
 714      5F315F53 
 714      74617274 
 714      00
 715              	.LASF18:
 716 000d 55415254 		.ascii	"UART_1_UartPutString\000"
 716      5F315F55 
 716      61727450 
 716      75745374 
 716      72696E67 
 717              	.LASF3:
 718 0022 73686F72 		.ascii	"short unsigned int\000"
 718      7420756E 
 718      7369676E 
 718      65642069 
 718      6E7400
 719              	.LASF28:
 720 0035 43794465 		.ascii	"CyDelay\000"
ARM GAS  C:\Users\Esmail\AppData\Local\Temp\ccY1ljKg.s 			page 15


 720      6C617900 
 721              	.LASF11:
 722 003d 666C6F61 		.ascii	"float\000"
 722      7400
 723              	.LASF1:
 724 0043 756E7369 		.ascii	"unsigned char\000"
 724      676E6564 
 724      20636861 
 724      7200
 725              	.LASF13:
 726 0051 63686172 		.ascii	"char8\000"
 726      3800
 727              	.LASF5:
 728 0057 6C6F6E67 		.ascii	"long unsigned int\000"
 728      20756E73 
 728      69676E65 
 728      6420696E 
 728      7400
 729              	.LASF9:
 730 0069 75696E74 		.ascii	"uint8\000"
 730      3800
 731              	.LASF20:
 732 006f 55415254 		.ascii	"UART_1_UartGetChar\000"
 732      5F315F55 
 732      61727447 
 732      65744368 
 732      617200
 733              	.LASF16:
 734 0082 72784461 		.ascii	"rxData\000"
 734      746100
 735              	.LASF17:
 736 0089 64656C61 		.ascii	"delaytime\000"
 736      7974696D 
 736      6500
 737              	.LASF22:
 738 0093 4C45445F 		.ascii	"LED_PIN_Write\000"
 738      50494E5F 
 738      57726974 
 738      6500
 739              	.LASF12:
 740 00a1 646F7562 		.ascii	"double\000"
 740      6C6500
 741              	.LASF24:
 742 00a8 2E5C6D61 		.ascii	".\\main.c\000"
 742      696E2E63 
 742      00
 743              	.LASF21:
 744 00b1 4C45445F 		.ascii	"LED_PIN_Read\000"
 744      50494E5F 
 744      52656164 
 744      00
 745              	.LASF10:
 746 00be 75696E74 		.ascii	"uint32\000"
 746      333200
 747              	.LASF26:
 748 00c5 6D61696E 		.ascii	"main\000"
 748      00
ARM GAS  C:\Users\Esmail\AppData\Local\Temp\ccY1ljKg.s 			page 16


 749              	.LASF8:
 750 00ca 756E7369 		.ascii	"unsigned int\000"
 750      676E6564 
 750      20696E74 
 750      00
 751              	.LASF7:
 752 00d7 6C6F6E67 		.ascii	"long long unsigned int\000"
 752      206C6F6E 
 752      6720756E 
 752      7369676E 
 752      65642069 
 753              	.LASF15:
 754 00ee 73697A65 		.ascii	"sizetype\000"
 754      74797065 
 754      00
 755              	.LASF6:
 756 00f7 6C6F6E67 		.ascii	"long long int\000"
 756      206C6F6E 
 756      6720696E 
 756      7400
 757              	.LASF14:
 758 0105 63686172 		.ascii	"char\000"
 758      00
 759              	.LASF23:
 760 010a 474E5520 		.ascii	"GNU C 4.9.3 20150303 (release) [ARM/embedded-4_9-br"
 760      4320342E 
 760      392E3320 
 760      32303135 
 760      30333033 
 761 013d 616E6368 		.ascii	"anch revision 221220] -mcpu=cortex-m0 -mthumb -g -O"
 761      20726576 
 761      6973696F 
 761      6E203232 
 761      31323230 
 762 0170 67202D66 		.ascii	"g -ffunction-sections -ffat-lto-objects\000"
 762      66756E63 
 762      74696F6E 
 762      2D736563 
 762      74696F6E 
 763              	.LASF2:
 764 0198 73686F72 		.ascii	"short int\000"
 764      7420696E 
 764      7400
 765              	.LASF4:
 766 01a2 6C6F6E67 		.ascii	"long int\000"
 766      20696E74 
 766      00
 767              	.LASF0:
 768 01ab 7369676E 		.ascii	"signed char\000"
 768      65642063 
 768      68617200 
 769              	.LASF19:
 770 01b7 55415254 		.ascii	"UART_1_SpiUartWriteTxData\000"
 770      5F315F53 
 770      70695561 
 770      72745772 
 770      69746554 
ARM GAS  C:\Users\Esmail\AppData\Local\Temp\ccY1ljKg.s 			page 17


 771              	.LASF25:
 772 01d1 463A5C45 		.ascii	"F:\\ECEC304\\ledDynamicControl.cydsn\000"
 772      43454333 
 772      30345C6C 
 772      65644479 
 772      6E616D69 
 773              		.ident	"GCC: (GNU Tools for ARM Embedded Processors) 4.9.3 20150303 (release) [ARM/embedded-4_9-br
