--------------- Build Started: 01/05/2016 15:19:05 Project: blink, Configuration: ARM GCC 4.8.4 Debug ---------------
The code generation step is up to date.
arm-none-eabi-gcc.exe -mcpu=cortex-m0 -mthumb -Wno-main -I. -IGenerated_Source\PSoC4 -Wa,-alh=.\CortexM0\ARM_GCC_484\Debug/main.lst -g -D DEBUG -Wall -ffunction-sections -Og -c .\main.c -o .\CortexM0\ARM_GCC_484\Debug\main.o
arm-none-eabi-gcc.exe -mcpu=cortex-m0 -mthumb -Wno-main -I. -IGenerated_Source\PSoC4 -Wa,-alh=.\CortexM0\ARM_GCC_484\Debug/cyfitter_cfg.lst -g -D DEBUG -Wall -ffunction-sections -Og -c .\Generated_Source\PSoC4\cyfitter_cfg.c -o .\CortexM0\ARM_GCC_484\Debug\cyfitter_cfg.o
arm-none-eabi-gcc.exe -mcpu=cortex-m0 -mthumb -Wno-main -I. -IGenerated_Source\PSoC4 -Wa,-alh=.\CortexM0\ARM_GCC_484\Debug/cymetadata.lst -g -D DEBUG -Wall -ffunction-sections -Og -c .\Generated_Source\PSoC4\cymetadata.c -o .\CortexM0\ARM_GCC_484\Debug\cymetadata.o
arm-none-eabi-gcc.exe -mcpu=cortex-m0 -mthumb -Wno-main -I. -IGenerated_Source\PSoC4 -Wa,-alh=.\CortexM0\ARM_GCC_484\Debug/PWM_0.lst -g -D DEBUG -Wall -ffunction-sections -Og -c .\Generated_Source\PSoC4\PWM_0.c -o .\CortexM0\ARM_GCC_484\Debug\PWM_0.o
arm-none-eabi-gcc.exe -mcpu=cortex-m0 -mthumb -Wno-main -I. -IGenerated_Source\PSoC4 -Wa,-alh=.\CortexM0\ARM_GCC_484\Debug/PWM_0_PM.lst -g -D DEBUG -Wall -ffunction-sections -Og -c .\Generated_Source\PSoC4\PWM_0_PM.c -o .\CortexM0\ARM_GCC_484\Debug\PWM_0_PM.o
arm-none-eabi-gcc.exe -mcpu=cortex-m0 -mthumb -Wno-main -I. -IGenerated_Source\PSoC4 -Wa,-alh=.\CortexM0\ARM_GCC_484\Debug/Pin_Red.lst -g -D DEBUG -Wall -ffunction-sections -Og -c .\Generated_Source\PSoC4\Pin_Red.c -o .\CortexM0\ARM_GCC_484\Debug\Pin_Red.o
arm-none-eabi-gcc.exe -mcpu=cortex-m0 -mthumb -Wno-main -I. -IGenerated_Source\PSoC4 -Wa,-alh=.\CortexM0\ARM_GCC_484\Debug/PWM_1.lst -g -D DEBUG -Wall -ffunction-sections -Og -c .\Generated_Source\PSoC4\PWM_1.c -o .\CortexM0\ARM_GCC_484\Debug\PWM_1.o
arm-none-eabi-gcc.exe -mcpu=cortex-m0 -mthumb -Wno-main -I. -IGenerated_Source\PSoC4 -Wa,-alh=.\CortexM0\ARM_GCC_484\Debug/PWM_1_PM.lst -g -D DEBUG -Wall -ffunction-sections -Og -c .\Generated_Source\PSoC4\PWM_1_PM.c -o .\CortexM0\ARM_GCC_484\Debug\PWM_1_PM.o
arm-none-eabi-gcc.exe -mcpu=cortex-m0 -mthumb -Wno-main -I. -IGenerated_Source\PSoC4 -Wa,-alh=.\CortexM0\ARM_GCC_484\Debug/PWM_2.lst -g -D DEBUG -Wall -ffunction-sections -Og -c .\Generated_Source\PSoC4\PWM_2.c -o .\CortexM0\ARM_GCC_484\Debug\PWM_2.o
arm-none-eabi-gcc.exe -mcpu=cortex-m0 -mthumb -Wno-main -I. -IGenerated_Source\PSoC4 -Wa,-alh=.\CortexM0\ARM_GCC_484\Debug/PWM_2_PM.lst -g -D DEBUG -Wall -ffunction-sections -Og -c .\Generated_Source\PSoC4\PWM_2_PM.c -o .\CortexM0\ARM_GCC_484\Debug\PWM_2_PM.o
arm-none-eabi-gcc.exe -mcpu=cortex-m0 -mthumb -Wno-main -I. -IGenerated_Source\PSoC4 -Wa,-alh=.\CortexM0\ARM_GCC_484\Debug/Timer.lst -g -D DEBUG -Wall -ffunction-sections -Og -c .\Generated_Source\PSoC4\Timer.c -o .\CortexM0\ARM_GCC_484\Debug\Timer.o
arm-none-eabi-gcc.exe -mcpu=cortex-m0 -mthumb -Wno-main -I. -IGenerated_Source\PSoC4 -Wa,-alh=.\CortexM0\ARM_GCC_484\Debug/Timer_PM.lst -g -D DEBUG -Wall -ffunction-sections -Og -c .\Generated_Source\PSoC4\Timer_PM.c -o .\CortexM0\ARM_GCC_484\Debug\Timer_PM.o
arm-none-eabi-gcc.exe -mcpu=cortex-m0 -mthumb -Wno-main -I. -IGenerated_Source\PSoC4 -Wa,-alh=.\CortexM0\ARM_GCC_484\Debug/PWM_2_Out.lst -g -D DEBUG -Wall -ffunction-sections -Og -c .\Generated_Source\PSoC4\PWM_2_Out.c -o .\CortexM0\ARM_GCC_484\Debug\PWM_2_Out.o
arm-none-eabi-gcc.exe -mcpu=cortex-m0 -mthumb -Wno-main -I. -IGenerated_Source\PSoC4 -Wa,-alh=.\CortexM0\ARM_GCC_484\Debug/PWM_1_Out.lst -g -D DEBUG -Wall -ffunction-sections -Og -c .\Generated_Source\PSoC4\PWM_1_Out.c -o .\CortexM0\ARM_GCC_484\Debug\PWM_1_Out.o
arm-none-eabi-gcc.exe -mcpu=cortex-m0 -mthumb -Wno-main -I. -IGenerated_Source\PSoC4 -Wa,-alh=.\CortexM0\ARM_GCC_484\Debug/PWM_0_Out.lst -g -D DEBUG -Wall -ffunction-sections -Og -c .\Generated_Source\PSoC4\PWM_0_Out.c -o .\CortexM0\ARM_GCC_484\Debug\PWM_0_Out.o
arm-none-eabi-gcc.exe -mcpu=cortex-m0 -mthumb -Wno-main -I. -IGenerated_Source\PSoC4 -Wa,-alh=.\CortexM0\ARM_GCC_484\Debug/PWM_0_Int.lst -g -D DEBUG -Wall -ffunction-sections -Og -c .\Generated_Source\PSoC4\PWM_0_Int.c -o .\CortexM0\ARM_GCC_484\Debug\PWM_0_Int.o
arm-none-eabi-gcc.exe -mcpu=cortex-m0 -mthumb -Wno-main -I. -IGenerated_Source\PSoC4 -Wa,-alh=.\CortexM0\ARM_GCC_484\Debug/Clock_1MHz.lst -g -D DEBUG -Wall -ffunction-sections -Og -c .\Generated_Source\PSoC4\Clock_1MHz.c -o .\CortexM0\ARM_GCC_484\Debug\Clock_1MHz.o
arm-none-eabi-gcc.exe -mcpu=cortex-m0 -mthumb -Wno-main -I. -IGenerated_Source\PSoC4 -Wa,-alh=.\CortexM0\ARM_GCC_484\Debug/Timer_Int.lst -g -D DEBUG -Wall -ffunction-sections -Og -c .\Generated_Source\PSoC4\Timer_Int.c -o .\CortexM0\ARM_GCC_484\Debug\Timer_Int.o
arm-none-eabi-gcc.exe -mcpu=cortex-m0 -mthumb -Wno-main -I. -IGenerated_Source\PSoC4 -Wa,-alh=.\CortexM0\ARM_GCC_484\Debug/Timer_Pin.lst -g -D DEBUG -Wall -ffunction-sections -Og -c .\Generated_Source\PSoC4\Timer_Pin.c -o .\CortexM0\ARM_GCC_484\Debug\Timer_Pin.o
arm-none-eabi-gcc.exe -mcpu=cortex-m0 -mthumb -Wno-main -I. -IGenerated_Source\PSoC4 -Wa,-alh=.\CortexM0\ARM_GCC_484\Debug/Cm0Start.lst -g -D DEBUG -Wall -ffunction-sections -Og -c .\Generated_Source\PSoC4\Cm0Start.c -o .\CortexM0\ARM_GCC_484\Debug\Cm0Start.o
arm-none-eabi-as.exe -mcpu=cortex-m0 -mthumb -I. -IGenerated_Source\PSoC4 -alh=.\CortexM0\ARM_GCC_484\Debug/CyBootAsmGnu.lst -g -W -o .\CortexM0\ARM_GCC_484\Debug\CyBootAsmGnu.o .\Generated_Source\PSoC4\CyBootAsmGnu.s
arm-none-eabi-gcc.exe -mcpu=cortex-m0 -mthumb -Wno-main -I. -IGenerated_Source\PSoC4 -Wa,-alh=.\CortexM0\ARM_GCC_484\Debug/CyFlash.lst -g -D DEBUG -Wall -ffunction-sections -Og -c .\Generated_Source\PSoC4\CyFlash.c -o .\CortexM0\ARM_GCC_484\Debug\CyFlash.o
arm-none-eabi-gcc.exe -mcpu=cortex-m0 -mthumb -Wno-main -I. -IGenerated_Source\PSoC4 -Wa,-alh=.\CortexM0\ARM_GCC_484\Debug/CyLib.lst -g -D DEBUG -Wall -ffunction-sections -Og -c .\Generated_Source\PSoC4\CyLib.c -o .\CortexM0\ARM_GCC_484\Debug\CyLib.o
arm-none-eabi-gcc.exe -mcpu=cortex-m0 -mthumb -Wno-main -I. -IGenerated_Source\PSoC4 -Wa,-alh=.\CortexM0\ARM_GCC_484\Debug/cyPm.lst -g -D DEBUG -Wall -ffunction-sections -Og -c .\Generated_Source\PSoC4\cyPm.c -o .\CortexM0\ARM_GCC_484\Debug\cyPm.o
arm-none-eabi-gcc.exe -mcpu=cortex-m0 -mthumb -Wno-main -I. -IGenerated_Source\PSoC4 -Wa,-alh=.\CortexM0\ARM_GCC_484\Debug/cyutils.lst -g -D DEBUG -Wall -ffunction-sections -Og -c .\Generated_Source\PSoC4\cyutils.c -o .\CortexM0\ARM_GCC_484\Debug\cyutils.o
arm-none-eabi-gcc.exe -mcpu=cortex-m0 -mthumb -Wno-main -I. -IGenerated_Source\PSoC4 -Wa,-alh=.\CortexM0\ARM_GCC_484\Debug/CyLFClk.lst -g -D DEBUG -Wall -ffunction-sections -Og -c .\Generated_Source\PSoC4\CyLFClk.c -o .\CortexM0\ARM_GCC_484\Debug\CyLFClk.o
arm-none-eabi-ar.exe -rs .\CortexM0\ARM_GCC_484\Debug\blink.a .\CortexM0\ARM_GCC_484\Debug\cyfitter_cfg.o .\CortexM0\ARM_GCC_484\Debug\PWM_0.o .\CortexM0\ARM_GCC_484\Debug\PWM_0_PM.o .\CortexM0\ARM_GCC_484\Debug\Pin_Red.o .\CortexM0\ARM_GCC_484\Debug\PWM_1.o .\CortexM0\ARM_GCC_484\Debug\PWM_1_PM.o .\CortexM0\ARM_GCC_484\Debug\PWM_2.o .\CortexM0\ARM_GCC_484\Debug\PWM_2_PM.o .\CortexM0\ARM_GCC_484\Debug\Timer.o .\CortexM0\ARM_GCC_484\Debug\Timer_PM.o .\CortexM0\ARM_GCC_484\Debug\PWM_2_Out.o .\CortexM0\ARM_GCC_484\Debug\PWM_1_Out.o .\CortexM0\ARM_GCC_484\Debug\PWM_0_Out.o .\CortexM0\ARM_GCC_484\Debug\PWM_0_Int.o .\CortexM0\ARM_GCC_484\Debug\Clock_1MHz.o .\CortexM0\ARM_GCC_484\Debug\Timer_Int.o .\CortexM0\ARM_GCC_484\Debug\Timer_Pin.o .\CortexM0\ARM_GCC_484\Debug\CyBootAsmGnu.o .\CortexM0\ARM_GCC_484\Debug\CyFlash.o .\CortexM0\ARM_GCC_484\Debug\CyLib.o .\CortexM0\ARM_GCC_484\Debug\cyPm.o .\CortexM0\ARM_GCC_484\Debug\cyutils.o .\CortexM0\ARM_GCC_484\Debug\CyLFClk.o
arm-none-eabi-ar.exe: creating .\CortexM0\ARM_GCC_484\Debug\blink.a
arm-none-eabi-gcc.exe -Wl,--start-group -o .\CortexM0\ARM_GCC_484\Debug\blink.elf .\CortexM0\ARM_GCC_484\Debug\main.o .\CortexM0\ARM_GCC_484\Debug\cymetadata.o .\CortexM0\ARM_GCC_484\Debug\Cm0Start.o .\CortexM0\ARM_GCC_484\Debug\blink.a "C:\Program Files (x86)\Cypress\PSoC Creator\3.2\PSoC Creator\psoc\content\cycomponentlibrary\CyComponentLibrary.cylib\CortexM0\ARM_GCC_484\Debug\CyComponentLibrary.a" -mcpu=cortex-m0 -mthumb -g -ffunction-sections -Og -Wl,-Map,.\CortexM0\ARM_GCC_484\Debug/blink.map -T Generated_Source\PSoC4\cm0gcc.ld -specs=nano.specs -Wl,--gc-sections -Wl,--end-group
cyelftool.exe -C E:\ECEC304\blink\blink.cydsn\CortexM0\ARM_GCC_484\Debug\blink.elf --flash_row_size 128 --flash_size 32768
cyelftool.exe -S E:\ECEC304\blink\blink.cydsn\CortexM0\ARM_GCC_484\Debug\blink.elf
Flash used: 1920 of 32768 bytes (5.9 %).
SRAM used: 1428 of 4096 bytes (34.9 %). Stack: 1024 bytes. Heap: 128 bytes.
--------------- Build Succeeded: 01/05/2016 15:19:18 ---------------
