ARM GAS  C:\Users\EGH35~1.DRE\AppData\Local\Temp\ccCzBSW0.s 			page 1


   1              		.cpu cortex-m0
   2              		.fpu softvfp
   3              		.eabi_attribute 20, 1
   4              		.eabi_attribute 21, 1
   5              		.eabi_attribute 23, 3
   6              		.eabi_attribute 24, 1
   7              		.eabi_attribute 25, 1
   8              		.eabi_attribute 26, 1
   9              		.eabi_attribute 30, 1
  10              		.eabi_attribute 34, 0
  11              		.eabi_attribute 18, 4
  12              		.code	16
  13              		.file	"cyfitter_cfg.c"
  14              		.text
  15              	.Ltext0:
  16              		.cfi_sections	.debug_frame
  17              		.section	.text.cfg_write_bytes32,"ax",%progbits
  18              		.align	2
  19              		.code	16
  20              		.thumb_func
  21              		.type	cfg_write_bytes32, %function
  22              	cfg_write_bytes32:
  23              	.LFB3:
  24              		.file 1 ".\\Generated_Source\\PSoC4\\cyfitter_cfg.c"
   1:.\Generated_Source\PSoC4/cyfitter_cfg.c **** /*******************************************************************************
   2:.\Generated_Source\PSoC4/cyfitter_cfg.c **** * FILENAME: cyfitter_cfg.c
   3:.\Generated_Source\PSoC4/cyfitter_cfg.c **** * 
   4:.\Generated_Source\PSoC4/cyfitter_cfg.c **** * PSoC Creator  3.2 SP1
   5:.\Generated_Source\PSoC4/cyfitter_cfg.c **** *
   6:.\Generated_Source\PSoC4/cyfitter_cfg.c **** * DESCRIPTION:
   7:.\Generated_Source\PSoC4/cyfitter_cfg.c **** * This file contains device initialization code.
   8:.\Generated_Source\PSoC4/cyfitter_cfg.c **** * Except for the user defined sections in CyClockStartupError(), this file should not be modified.
   9:.\Generated_Source\PSoC4/cyfitter_cfg.c **** * This file is automatically generated by PSoC Creator.
  10:.\Generated_Source\PSoC4/cyfitter_cfg.c **** *
  11:.\Generated_Source\PSoC4/cyfitter_cfg.c **** ********************************************************************************
  12:.\Generated_Source\PSoC4/cyfitter_cfg.c **** * Copyright (c) 2007-2015 Cypress Semiconductor.  All rights reserved.
  13:.\Generated_Source\PSoC4/cyfitter_cfg.c **** * You may use this file only in accordance with the license, terms, conditions, 
  14:.\Generated_Source\PSoC4/cyfitter_cfg.c **** * disclaimers, and limitations in the end user license agreement accompanying 
  15:.\Generated_Source\PSoC4/cyfitter_cfg.c **** * the software package with which this file was provided.
  16:.\Generated_Source\PSoC4/cyfitter_cfg.c **** ********************************************************************************/
  17:.\Generated_Source\PSoC4/cyfitter_cfg.c **** 
  18:.\Generated_Source\PSoC4/cyfitter_cfg.c **** #include <string.h>
  19:.\Generated_Source\PSoC4/cyfitter_cfg.c **** #include "cytypes.h"
  20:.\Generated_Source\PSoC4/cyfitter_cfg.c **** #include "cydevice_trm.h"
  21:.\Generated_Source\PSoC4/cyfitter_cfg.c **** #include "cyfitter.h"
  22:.\Generated_Source\PSoC4/cyfitter_cfg.c **** #include "CyLib.h"
  23:.\Generated_Source\PSoC4/cyfitter_cfg.c **** #include "CyLFClk.h"
  24:.\Generated_Source\PSoC4/cyfitter_cfg.c **** #include "cyfitter_cfg.h"
  25:.\Generated_Source\PSoC4/cyfitter_cfg.c **** 
  26:.\Generated_Source\PSoC4/cyfitter_cfg.c **** 
  27:.\Generated_Source\PSoC4/cyfitter_cfg.c **** #if defined(__GNUC__) || defined(__ARMCC_VERSION)
  28:.\Generated_Source\PSoC4/cyfitter_cfg.c ****     #define CYPACKED 
  29:.\Generated_Source\PSoC4/cyfitter_cfg.c ****     #define CYPACKED_ATTR __attribute__ ((packed))
  30:.\Generated_Source\PSoC4/cyfitter_cfg.c ****     #define CYALIGNED __attribute__ ((aligned))
  31:.\Generated_Source\PSoC4/cyfitter_cfg.c ****     #define CY_CFG_UNUSED __attribute__ ((unused))
  32:.\Generated_Source\PSoC4/cyfitter_cfg.c ****     #define CY_CFG_SECTION __attribute__ ((section(".psocinit")))
  33:.\Generated_Source\PSoC4/cyfitter_cfg.c ****     
ARM GAS  C:\Users\EGH35~1.DRE\AppData\Local\Temp\ccCzBSW0.s 			page 2


  34:.\Generated_Source\PSoC4/cyfitter_cfg.c ****     #if defined(__ARMCC_VERSION)
  35:.\Generated_Source\PSoC4/cyfitter_cfg.c ****         #define CY_CFG_MEMORY_BARRIER() __memory_changed()
  36:.\Generated_Source\PSoC4/cyfitter_cfg.c ****     #else
  37:.\Generated_Source\PSoC4/cyfitter_cfg.c ****         #define CY_CFG_MEMORY_BARRIER() __sync_synchronize()
  38:.\Generated_Source\PSoC4/cyfitter_cfg.c ****     #endif
  39:.\Generated_Source\PSoC4/cyfitter_cfg.c ****     
  40:.\Generated_Source\PSoC4/cyfitter_cfg.c **** #elif defined(__ICCARM__)
  41:.\Generated_Source\PSoC4/cyfitter_cfg.c ****     #include <intrinsics.h>
  42:.\Generated_Source\PSoC4/cyfitter_cfg.c **** 
  43:.\Generated_Source\PSoC4/cyfitter_cfg.c ****     #define CYPACKED __packed
  44:.\Generated_Source\PSoC4/cyfitter_cfg.c ****     #define CYPACKED_ATTR 
  45:.\Generated_Source\PSoC4/cyfitter_cfg.c ****     #define CYALIGNED _Pragma("data_alignment=4")
  46:.\Generated_Source\PSoC4/cyfitter_cfg.c ****     #define CY_CFG_UNUSED _Pragma("diag_suppress=Pe177")
  47:.\Generated_Source\PSoC4/cyfitter_cfg.c ****     #define CY_CFG_SECTION _Pragma("location=\".psocinit\"")
  48:.\Generated_Source\PSoC4/cyfitter_cfg.c ****     
  49:.\Generated_Source\PSoC4/cyfitter_cfg.c ****     #define CY_CFG_MEMORY_BARRIER() __DMB()
  50:.\Generated_Source\PSoC4/cyfitter_cfg.c ****     
  51:.\Generated_Source\PSoC4/cyfitter_cfg.c **** #else
  52:.\Generated_Source\PSoC4/cyfitter_cfg.c ****     #error Unsupported toolchain
  53:.\Generated_Source\PSoC4/cyfitter_cfg.c **** #endif
  54:.\Generated_Source\PSoC4/cyfitter_cfg.c **** 
  55:.\Generated_Source\PSoC4/cyfitter_cfg.c **** 
  56:.\Generated_Source\PSoC4/cyfitter_cfg.c **** CY_CFG_UNUSED
  57:.\Generated_Source\PSoC4/cyfitter_cfg.c **** static void CYMEMZERO(void *s, size_t n);
  58:.\Generated_Source\PSoC4/cyfitter_cfg.c **** CY_CFG_UNUSED
  59:.\Generated_Source\PSoC4/cyfitter_cfg.c **** static void CYMEMZERO(void *s, size_t n)
  60:.\Generated_Source\PSoC4/cyfitter_cfg.c **** {
  61:.\Generated_Source\PSoC4/cyfitter_cfg.c **** 	(void)memset(s, 0, n);
  62:.\Generated_Source\PSoC4/cyfitter_cfg.c **** }
  63:.\Generated_Source\PSoC4/cyfitter_cfg.c **** CY_CFG_UNUSED
  64:.\Generated_Source\PSoC4/cyfitter_cfg.c **** static void CYCONFIGCPY(void *dest, const void *src, size_t n);
  65:.\Generated_Source\PSoC4/cyfitter_cfg.c **** CY_CFG_UNUSED
  66:.\Generated_Source\PSoC4/cyfitter_cfg.c **** static void CYCONFIGCPY(void *dest, const void *src, size_t n)
  67:.\Generated_Source\PSoC4/cyfitter_cfg.c **** {
  68:.\Generated_Source\PSoC4/cyfitter_cfg.c **** 	(void)memcpy(dest, src, n);
  69:.\Generated_Source\PSoC4/cyfitter_cfg.c **** }
  70:.\Generated_Source\PSoC4/cyfitter_cfg.c **** CY_CFG_UNUSED
  71:.\Generated_Source\PSoC4/cyfitter_cfg.c **** static void CYCONFIGCPYCODE(void *dest, const void *src, size_t n);
  72:.\Generated_Source\PSoC4/cyfitter_cfg.c **** CY_CFG_UNUSED
  73:.\Generated_Source\PSoC4/cyfitter_cfg.c **** static void CYCONFIGCPYCODE(void *dest, const void *src, size_t n)
  74:.\Generated_Source\PSoC4/cyfitter_cfg.c **** {
  75:.\Generated_Source\PSoC4/cyfitter_cfg.c **** 	(void)memcpy(dest, src, n);
  76:.\Generated_Source\PSoC4/cyfitter_cfg.c **** }
  77:.\Generated_Source\PSoC4/cyfitter_cfg.c **** 
  78:.\Generated_Source\PSoC4/cyfitter_cfg.c **** 
  79:.\Generated_Source\PSoC4/cyfitter_cfg.c **** 
  80:.\Generated_Source\PSoC4/cyfitter_cfg.c **** /* Clock startup error codes                                                   */
  81:.\Generated_Source\PSoC4/cyfitter_cfg.c **** #define CYCLOCKSTART_NO_ERROR    0u
  82:.\Generated_Source\PSoC4/cyfitter_cfg.c **** #define CYCLOCKSTART_XTAL_ERROR  1u
  83:.\Generated_Source\PSoC4/cyfitter_cfg.c **** #define CYCLOCKSTART_32KHZ_ERROR 2u
  84:.\Generated_Source\PSoC4/cyfitter_cfg.c **** #define CYCLOCKSTART_PLL_ERROR   3u
  85:.\Generated_Source\PSoC4/cyfitter_cfg.c **** 
  86:.\Generated_Source\PSoC4/cyfitter_cfg.c **** #ifdef CY_NEED_CYCLOCKSTARTUPERROR
  87:.\Generated_Source\PSoC4/cyfitter_cfg.c **** /*******************************************************************************
  88:.\Generated_Source\PSoC4/cyfitter_cfg.c **** * Function Name: CyClockStartupError
  89:.\Generated_Source\PSoC4/cyfitter_cfg.c **** ********************************************************************************
  90:.\Generated_Source\PSoC4/cyfitter_cfg.c **** * Summary:
ARM GAS  C:\Users\EGH35~1.DRE\AppData\Local\Temp\ccCzBSW0.s 			page 3


  91:.\Generated_Source\PSoC4/cyfitter_cfg.c **** *  If an error is encountered during clock configuration (crystal startup error,
  92:.\Generated_Source\PSoC4/cyfitter_cfg.c **** *  PLL lock error, etc.), the system will end up here.  Unless reimplemented by
  93:.\Generated_Source\PSoC4/cyfitter_cfg.c **** *  the customer, this function will stop in an infinite loop.
  94:.\Generated_Source\PSoC4/cyfitter_cfg.c **** *
  95:.\Generated_Source\PSoC4/cyfitter_cfg.c **** * Parameters:
  96:.\Generated_Source\PSoC4/cyfitter_cfg.c **** *   void
  97:.\Generated_Source\PSoC4/cyfitter_cfg.c **** *
  98:.\Generated_Source\PSoC4/cyfitter_cfg.c **** * Return:
  99:.\Generated_Source\PSoC4/cyfitter_cfg.c **** *   void
 100:.\Generated_Source\PSoC4/cyfitter_cfg.c **** *
 101:.\Generated_Source\PSoC4/cyfitter_cfg.c **** *******************************************************************************/
 102:.\Generated_Source\PSoC4/cyfitter_cfg.c **** CY_CFG_UNUSED
 103:.\Generated_Source\PSoC4/cyfitter_cfg.c **** static void CyClockStartupError(uint8 errorCode);
 104:.\Generated_Source\PSoC4/cyfitter_cfg.c **** CY_CFG_UNUSED
 105:.\Generated_Source\PSoC4/cyfitter_cfg.c **** static void CyClockStartupError(uint8 errorCode)
 106:.\Generated_Source\PSoC4/cyfitter_cfg.c **** {
 107:.\Generated_Source\PSoC4/cyfitter_cfg.c ****     /* To remove the compiler warning if errorCode not used.                */
 108:.\Generated_Source\PSoC4/cyfitter_cfg.c ****     errorCode = errorCode;
 109:.\Generated_Source\PSoC4/cyfitter_cfg.c **** 
 110:.\Generated_Source\PSoC4/cyfitter_cfg.c ****     /* `#START CyClockStartupError` */
 111:.\Generated_Source\PSoC4/cyfitter_cfg.c **** 
 112:.\Generated_Source\PSoC4/cyfitter_cfg.c ****     /* If we have a clock startup error (bad MHz crystal, PLL lock, etc.),  */
 113:.\Generated_Source\PSoC4/cyfitter_cfg.c ****     /* we will end up here to allow the customer to implement something to  */
 114:.\Generated_Source\PSoC4/cyfitter_cfg.c ****     /* deal with the clock condition.                                       */
 115:.\Generated_Source\PSoC4/cyfitter_cfg.c **** 
 116:.\Generated_Source\PSoC4/cyfitter_cfg.c ****     /* `#END` */
 117:.\Generated_Source\PSoC4/cyfitter_cfg.c **** 
 118:.\Generated_Source\PSoC4/cyfitter_cfg.c ****     /* If nothing else, stop here since the clocks have not started         */
 119:.\Generated_Source\PSoC4/cyfitter_cfg.c ****     /* correctly.                                                           */
 120:.\Generated_Source\PSoC4/cyfitter_cfg.c ****     while(1) {}
 121:.\Generated_Source\PSoC4/cyfitter_cfg.c **** }
 122:.\Generated_Source\PSoC4/cyfitter_cfg.c **** #endif
 123:.\Generated_Source\PSoC4/cyfitter_cfg.c **** 
 124:.\Generated_Source\PSoC4/cyfitter_cfg.c **** #define CY_CFG_BASE_ADDR_COUNT 3u
 125:.\Generated_Source\PSoC4/cyfitter_cfg.c **** CYPACKED typedef struct
 126:.\Generated_Source\PSoC4/cyfitter_cfg.c **** {
 127:.\Generated_Source\PSoC4/cyfitter_cfg.c **** 	uint8 offset;
 128:.\Generated_Source\PSoC4/cyfitter_cfg.c **** 	uint8 value;
 129:.\Generated_Source\PSoC4/cyfitter_cfg.c **** } CYPACKED_ATTR cy_cfg_addrvalue_t;
 130:.\Generated_Source\PSoC4/cyfitter_cfg.c **** 
 131:.\Generated_Source\PSoC4/cyfitter_cfg.c **** 
 132:.\Generated_Source\PSoC4/cyfitter_cfg.c **** 
 133:.\Generated_Source\PSoC4/cyfitter_cfg.c **** /*******************************************************************************
 134:.\Generated_Source\PSoC4/cyfitter_cfg.c **** * Function Name: cfg_write_bytes32
 135:.\Generated_Source\PSoC4/cyfitter_cfg.c **** ********************************************************************************
 136:.\Generated_Source\PSoC4/cyfitter_cfg.c **** * Summary:
 137:.\Generated_Source\PSoC4/cyfitter_cfg.c **** *  This function is used for setting up the chip configuration areas that
 138:.\Generated_Source\PSoC4/cyfitter_cfg.c **** *  contain relatively sparse data.
 139:.\Generated_Source\PSoC4/cyfitter_cfg.c **** *
 140:.\Generated_Source\PSoC4/cyfitter_cfg.c **** * Parameters:
 141:.\Generated_Source\PSoC4/cyfitter_cfg.c **** *   void
 142:.\Generated_Source\PSoC4/cyfitter_cfg.c **** *
 143:.\Generated_Source\PSoC4/cyfitter_cfg.c **** * Return:
 144:.\Generated_Source\PSoC4/cyfitter_cfg.c **** *   void
 145:.\Generated_Source\PSoC4/cyfitter_cfg.c **** *
 146:.\Generated_Source\PSoC4/cyfitter_cfg.c **** *******************************************************************************/
 147:.\Generated_Source\PSoC4/cyfitter_cfg.c **** static void cfg_write_bytes32(const uint32 addr_table[], const cy_cfg_addrvalue_t data_table[]);
ARM GAS  C:\Users\EGH35~1.DRE\AppData\Local\Temp\ccCzBSW0.s 			page 4


 148:.\Generated_Source\PSoC4/cyfitter_cfg.c **** static void cfg_write_bytes32(const uint32 addr_table[], const cy_cfg_addrvalue_t data_table[])
 149:.\Generated_Source\PSoC4/cyfitter_cfg.c **** {
  25              		.loc 1 149 0
  26              		.cfi_startproc
  27              	.LVL0:
  28 0000 F0B5     		push	{r4, r5, r6, r7, lr}
  29              		.cfi_def_cfa_offset 20
  30              		.cfi_offset 4, -20
  31              		.cfi_offset 5, -16
  32              		.cfi_offset 6, -12
  33              		.cfi_offset 7, -8
  34              		.cfi_offset 14, -4
  35              	.LVL1:
 150:.\Generated_Source\PSoC4/cyfitter_cfg.c **** 	/* For 32-bit little-endian architectures */
 151:.\Generated_Source\PSoC4/cyfitter_cfg.c **** 	uint32 i, j = 0u;
  36              		.loc 1 151 0
  37 0002 0022     		mov	r2, #0
 152:.\Generated_Source\PSoC4/cyfitter_cfg.c **** 	for (i = 0u; i < CY_CFG_BASE_ADDR_COUNT; i++)
  38              		.loc 1 152 0
  39 0004 0027     		mov	r7, #0
  40              	.LBB2:
 153:.\Generated_Source\PSoC4/cyfitter_cfg.c **** 	{
 154:.\Generated_Source\PSoC4/cyfitter_cfg.c **** 		uint32 baseAddr = addr_table[i];
 155:.\Generated_Source\PSoC4/cyfitter_cfg.c **** 		uint8 count = (uint8)baseAddr;
 156:.\Generated_Source\PSoC4/cyfitter_cfg.c **** 		baseAddr &= 0xFFFFFF00u;
  41              		.loc 1 156 0
  42 0006 FF23     		mov	r3, #255
  43 0008 9C46     		mov	ip, r3
  44              	.LBE2:
 152:.\Generated_Source\PSoC4/cyfitter_cfg.c **** 	for (i = 0u; i < CY_CFG_BASE_ADDR_COUNT; i++)
  45              		.loc 1 152 0
  46 000a 11E0     		b	.L2
  47              	.LVL2:
  48              	.L5:
  49              	.LBB3:
 154:.\Generated_Source\PSoC4/cyfitter_cfg.c **** 		uint32 baseAddr = addr_table[i];
  50              		.loc 1 154 0
  51 000c BB00     		lsl	r3, r7, #2
  52 000e C658     		ldr	r6, [r0, r3]
  53              	.LVL3:
 155:.\Generated_Source\PSoC4/cyfitter_cfg.c **** 		uint8 count = (uint8)baseAddr;
  54              		.loc 1 155 0
  55 0010 F3B2     		uxtb	r3, r6
  56              	.LVL4:
  57              		.loc 1 156 0
  58 0012 6446     		mov	r4, ip
  59 0014 A643     		bic	r6, r4
  60              	.LVL5:
 157:.\Generated_Source\PSoC4/cyfitter_cfg.c **** 		while (count != 0u)
  61              		.loc 1 157 0
  62 0016 08E0     		b	.L3
  63              	.L4:
 158:.\Generated_Source\PSoC4/cyfitter_cfg.c **** 		{
 159:.\Generated_Source\PSoC4/cyfitter_cfg.c **** 			CY_SET_XTND_REG8((void CYFAR *)(baseAddr + data_table[j].offset), data_table[j].value);
  64              		.loc 1 159 0
  65 0018 5400     		lsl	r4, r2, #1
  66 001a 0C19     		add	r4, r1, r4
ARM GAS  C:\Users\EGH35~1.DRE\AppData\Local\Temp\ccCzBSW0.s 			page 5


  67 001c 2578     		ldrb	r5, [r4]
  68 001e AD19     		add	r5, r5, r6
  69 0020 6478     		ldrb	r4, [r4, #1]
  70 0022 2C70     		strb	r4, [r5]
 160:.\Generated_Source\PSoC4/cyfitter_cfg.c **** 			j++;
  71              		.loc 1 160 0
  72 0024 0132     		add	r2, r2, #1
  73              	.LVL6:
 161:.\Generated_Source\PSoC4/cyfitter_cfg.c **** 			count--;
  74              		.loc 1 161 0
  75 0026 013B     		sub	r3, r3, #1
  76              	.LVL7:
  77 0028 DBB2     		uxtb	r3, r3
  78              	.LVL8:
  79              	.L3:
 157:.\Generated_Source\PSoC4/cyfitter_cfg.c **** 		while (count != 0u)
  80              		.loc 1 157 0 discriminator 1
  81 002a 002B     		cmp	r3, #0
  82 002c F4D1     		bne	.L4
  83              	.LBE3:
 152:.\Generated_Source\PSoC4/cyfitter_cfg.c **** 	for (i = 0u; i < CY_CFG_BASE_ADDR_COUNT; i++)
  84              		.loc 1 152 0
  85 002e 0137     		add	r7, r7, #1
  86              	.LVL9:
  87              	.L2:
 152:.\Generated_Source\PSoC4/cyfitter_cfg.c **** 	for (i = 0u; i < CY_CFG_BASE_ADDR_COUNT; i++)
  88              		.loc 1 152 0 is_stmt 0 discriminator 1
  89 0030 022F     		cmp	r7, #2
  90 0032 EBD9     		bls	.L5
 162:.\Generated_Source\PSoC4/cyfitter_cfg.c **** 		}
 163:.\Generated_Source\PSoC4/cyfitter_cfg.c **** 	}
 164:.\Generated_Source\PSoC4/cyfitter_cfg.c **** }
  91              		.loc 1 164 0 is_stmt 1
  92              		@ sp needed
  93              	.LVL10:
  94 0034 F0BD     		pop	{r4, r5, r6, r7, pc}
  95              		.cfi_endproc
  96              	.LFE3:
  97              		.size	cfg_write_bytes32, .-cfg_write_bytes32
  98 0036 C046     		.section	.text.CYMEMZERO,"ax",%progbits
  99              		.align	2
 100              		.code	16
 101              		.thumb_func
 102              		.type	CYMEMZERO, %function
 103              	CYMEMZERO:
 104              	.LFB0:
  60:.\Generated_Source\PSoC4/cyfitter_cfg.c **** {
 105              		.loc 1 60 0
 106              		.cfi_startproc
 107              	.LVL11:
 108 0000 08B5     		push	{r3, lr}
 109              		.cfi_def_cfa_offset 8
 110              		.cfi_offset 3, -8
 111              		.cfi_offset 14, -4
 112 0002 0A1C     		mov	r2, r1
  61:.\Generated_Source\PSoC4/cyfitter_cfg.c **** 	(void)memset(s, 0, n);
 113              		.loc 1 61 0
ARM GAS  C:\Users\EGH35~1.DRE\AppData\Local\Temp\ccCzBSW0.s 			page 6


 114 0004 0021     		mov	r1, #0
 115              	.LVL12:
 116 0006 FFF7FEFF 		bl	memset
 117              	.LVL13:
  62:.\Generated_Source\PSoC4/cyfitter_cfg.c **** }
 118              		.loc 1 62 0
 119              		@ sp needed
 120 000a 08BD     		pop	{r3, pc}
 121              		.cfi_endproc
 122              	.LFE0:
 123              		.size	CYMEMZERO, .-CYMEMZERO
 124              		.section	.psocinit,"ax",%progbits
 125              		.align	2
 126              		.code	16
 127              		.thumb_func
 128              		.type	ClockSetup, %function
 129              	ClockSetup:
 130              	.LFB4:
 165:.\Generated_Source\PSoC4/cyfitter_cfg.c **** 
 166:.\Generated_Source\PSoC4/cyfitter_cfg.c **** 
 167:.\Generated_Source\PSoC4/cyfitter_cfg.c **** /*******************************************************************************
 168:.\Generated_Source\PSoC4/cyfitter_cfg.c **** * Function Name: ClockSetup
 169:.\Generated_Source\PSoC4/cyfitter_cfg.c **** ********************************************************************************
 170:.\Generated_Source\PSoC4/cyfitter_cfg.c **** *
 171:.\Generated_Source\PSoC4/cyfitter_cfg.c **** * Summary:
 172:.\Generated_Source\PSoC4/cyfitter_cfg.c **** *   Performs the initialization of all of the clocks in the device based on the
 173:.\Generated_Source\PSoC4/cyfitter_cfg.c **** *   settings in the Clock tab of the DWR.  This includes enabling the requested
 174:.\Generated_Source\PSoC4/cyfitter_cfg.c **** *   clocks and setting the necessary dividers to produce the desired frequency. 
 175:.\Generated_Source\PSoC4/cyfitter_cfg.c **** *
 176:.\Generated_Source\PSoC4/cyfitter_cfg.c **** * Parameters:
 177:.\Generated_Source\PSoC4/cyfitter_cfg.c **** *   void
 178:.\Generated_Source\PSoC4/cyfitter_cfg.c **** *
 179:.\Generated_Source\PSoC4/cyfitter_cfg.c **** * Return:
 180:.\Generated_Source\PSoC4/cyfitter_cfg.c **** *   void
 181:.\Generated_Source\PSoC4/cyfitter_cfg.c **** *
 182:.\Generated_Source\PSoC4/cyfitter_cfg.c **** *******************************************************************************/
 183:.\Generated_Source\PSoC4/cyfitter_cfg.c **** static void ClockSetup(void);
 184:.\Generated_Source\PSoC4/cyfitter_cfg.c **** CY_CFG_SECTION
 185:.\Generated_Source\PSoC4/cyfitter_cfg.c **** static void ClockSetup(void)
 186:.\Generated_Source\PSoC4/cyfitter_cfg.c **** {
 131              		.loc 1 186 0
 132              		.cfi_startproc
 133 0000 10B5     		push	{r4, lr}
 134              		.cfi_def_cfa_offset 8
 135              		.cfi_offset 4, -8
 136              		.cfi_offset 14, -4
 187:.\Generated_Source\PSoC4/cyfitter_cfg.c **** 	/* Enable HALF_EN before trimming for the flash accelerator. */
 188:.\Generated_Source\PSoC4/cyfitter_cfg.c **** 	CY_SET_REG32((void CYXDATA *)(CYREG_CLK_SELECT), (CY_GET_REG32((void *)CYREG_CLK_SELECT) | 0x00040
 137              		.loc 1 188 0
 138 0002 154C     		ldr	r4, .L8
 139 0004 2268     		ldr	r2, [r4]
 140 0006 8023     		mov	r3, #128
 141 0008 DB02     		lsl	r3, r3, #11
 142 000a 1343     		orr	r3, r2
 143 000c 2360     		str	r3, [r4]
 189:.\Generated_Source\PSoC4/cyfitter_cfg.c **** 
 190:.\Generated_Source\PSoC4/cyfitter_cfg.c **** 	/* Setup and trim IMO based on desired frequency. */
ARM GAS  C:\Users\EGH35~1.DRE\AppData\Local\Temp\ccCzBSW0.s 			page 7


 191:.\Generated_Source\PSoC4/cyfitter_cfg.c **** 	CySysClkWriteImoFreq(24u);
 144              		.loc 1 191 0
 145 000e 1820     		mov	r0, #24
 146 0010 FFF7FEFF 		bl	CySysClkWriteImoFreq
 147              	.LVL14:
 192:.\Generated_Source\PSoC4/cyfitter_cfg.c **** 
 193:.\Generated_Source\PSoC4/cyfitter_cfg.c **** 	/* Disable HALF_EN since it is not required at this IMO frequency. */
 194:.\Generated_Source\PSoC4/cyfitter_cfg.c **** 	CY_SET_REG32((void CYXDATA *)(CYREG_CLK_SELECT), (CY_GET_REG32((void *)CYREG_CLK_SELECT) & 0xFFFBF
 148              		.loc 1 194 0
 149 0014 2268     		ldr	r2, [r4]
 150 0016 114B     		ldr	r3, .L8+4
 151 0018 1340     		and	r3, r2
 152 001a 2360     		str	r3, [r4]
 195:.\Generated_Source\PSoC4/cyfitter_cfg.c **** 	/* CYDEV_CLK_ILO_CONFIG Starting address: CYDEV_CLK_ILO_CONFIG */
 196:.\Generated_Source\PSoC4/cyfitter_cfg.c **** 	CY_SET_XTND_REG32((void CYFAR *)(CYREG_CLK_ILO_CONFIG), 0x80000006u);
 153              		.loc 1 196 0
 154 001c 104A     		ldr	r2, .L8+8
 155 001e 114B     		ldr	r3, .L8+12
 156 0020 1A60     		str	r2, [r3]
 197:.\Generated_Source\PSoC4/cyfitter_cfg.c **** 
 198:.\Generated_Source\PSoC4/cyfitter_cfg.c **** 
 199:.\Generated_Source\PSoC4/cyfitter_cfg.c **** 	/* CYDEV_CLK_SELECT00 Starting address: CYDEV_CLK_SELECT00 */
 200:.\Generated_Source\PSoC4/cyfitter_cfg.c **** 	CY_SET_XTND_REG32((void CYFAR *)(CYREG_CLK_SELECT08), 0x00000010u);
 157              		.loc 1 200 0
 158 0022 1023     		mov	r3, #16
 159 0024 104A     		ldr	r2, .L8+16
 160 0026 1360     		str	r3, [r2]
 201:.\Generated_Source\PSoC4/cyfitter_cfg.c **** 	CY_SET_XTND_REG32((void CYFAR *)(CYREG_CLK_SELECT09), 0x00000010u);
 161              		.loc 1 201 0
 162 0028 104A     		ldr	r2, .L8+20
 163 002a 1360     		str	r3, [r2]
 202:.\Generated_Source\PSoC4/cyfitter_cfg.c **** 	CY_SET_XTND_REG32((void CYFAR *)(CYREG_CLK_SELECT10), 0x00000010u);
 164              		.loc 1 202 0
 165 002c 104A     		ldr	r2, .L8+24
 166 002e 1360     		str	r3, [r2]
 203:.\Generated_Source\PSoC4/cyfitter_cfg.c **** 	CY_SET_XTND_REG32((void CYFAR *)(CYREG_CLK_SELECT11), 0x00000010u);
 167              		.loc 1 203 0
 168 0030 104A     		ldr	r2, .L8+28
 169 0032 1360     		str	r3, [r2]
 204:.\Generated_Source\PSoC4/cyfitter_cfg.c **** 
 205:.\Generated_Source\PSoC4/cyfitter_cfg.c **** 	/* CYDEV_CLK_IMO_CONFIG Starting address: CYDEV_CLK_IMO_CONFIG */
 206:.\Generated_Source\PSoC4/cyfitter_cfg.c **** 	CY_SET_XTND_REG32((void CYFAR *)(CYREG_CLK_IMO_CONFIG), 0x80000000u);
 170              		.loc 1 206 0
 171 0034 8022     		mov	r2, #128
 172 0036 1206     		lsl	r2, r2, #24
 173 0038 0F4B     		ldr	r3, .L8+32
 174 003a 1A60     		str	r2, [r3]
 207:.\Generated_Source\PSoC4/cyfitter_cfg.c **** 
 208:.\Generated_Source\PSoC4/cyfitter_cfg.c **** 	/* CYDEV_CLK_DIVIDER_A00 Starting address: CYDEV_CLK_DIVIDER_A00 */
 209:.\Generated_Source\PSoC4/cyfitter_cfg.c **** 	CY_SET_XTND_REG32((void CYFAR *)(CYREG_CLK_DIVIDER_A00), 0x80000017u);
 175              		.loc 1 209 0
 176 003c 0F4A     		ldr	r2, .L8+36
 177 003e 104B     		ldr	r3, .L8+40
 178 0040 1A60     		str	r2, [r3]
 210:.\Generated_Source\PSoC4/cyfitter_cfg.c **** 
 211:.\Generated_Source\PSoC4/cyfitter_cfg.c **** 	(void)CyIntSetVector(9u, &CySysWdtIsr);
 179              		.loc 1 211 0
ARM GAS  C:\Users\EGH35~1.DRE\AppData\Local\Temp\ccCzBSW0.s 			page 8


 180 0042 0920     		mov	r0, #9
 181 0044 0F49     		ldr	r1, .L8+44
 182 0046 FFF7FEFF 		bl	CyIntSetVector
 183              	.LVL15:
 212:.\Generated_Source\PSoC4/cyfitter_cfg.c **** 	CyIntEnable(9u);
 184              		.loc 1 212 0
 185 004a 0920     		mov	r0, #9
 186 004c FFF7FEFF 		bl	CyIntEnable
 187              	.LVL16:
 213:.\Generated_Source\PSoC4/cyfitter_cfg.c **** 	CY_SET_XTND_REG32((void CYFAR *)(CYREG_WDT_CONFIG), 0x00000000u);
 188              		.loc 1 213 0
 189 0050 0022     		mov	r2, #0
 190 0052 0D4B     		ldr	r3, .L8+48
 191 0054 1A60     		str	r2, [r3]
 214:.\Generated_Source\PSoC4/cyfitter_cfg.c **** }
 192              		.loc 1 214 0
 193              		@ sp needed
 194 0056 10BD     		pop	{r4, pc}
 195              	.L9:
 196              		.align	2
 197              	.L8:
 198 0058 00010B40 		.word	1074462976
 199 005c FFFFFBFF 		.word	-262145
 200 0060 06000080 		.word	-2147483642
 201 0064 04010B40 		.word	1074462980
 202 0068 20020240 		.word	1073873440
 203 006c 24020240 		.word	1073873444
 204 0070 28020240 		.word	1073873448
 205 0074 2C020240 		.word	1073873452
 206 0078 08010B40 		.word	1074462984
 207 007c 17000080 		.word	-2147483625
 208 0080 00000240 		.word	1073872896
 209 0084 00000000 		.word	CySysWdtIsr
 210 0088 0C020B40 		.word	1074463244
 211              		.cfi_endproc
 212              	.LFE4:
 213              		.size	ClockSetup, .-ClockSetup
 214              		.align	2
 215              		.global	cyfitter_cfg
 216              		.code	16
 217              		.thumb_func
 218              		.type	cyfitter_cfg, %function
 219              	cyfitter_cfg:
 220              	.LFB6:
 215:.\Generated_Source\PSoC4/cyfitter_cfg.c **** 
 216:.\Generated_Source\PSoC4/cyfitter_cfg.c **** 
 217:.\Generated_Source\PSoC4/cyfitter_cfg.c **** /* Analog API Functions */
 218:.\Generated_Source\PSoC4/cyfitter_cfg.c **** 
 219:.\Generated_Source\PSoC4/cyfitter_cfg.c **** 
 220:.\Generated_Source\PSoC4/cyfitter_cfg.c **** /*******************************************************************************
 221:.\Generated_Source\PSoC4/cyfitter_cfg.c **** * Function Name: AnalogSetDefault
 222:.\Generated_Source\PSoC4/cyfitter_cfg.c **** ********************************************************************************
 223:.\Generated_Source\PSoC4/cyfitter_cfg.c **** *
 224:.\Generated_Source\PSoC4/cyfitter_cfg.c **** * Summary:
 225:.\Generated_Source\PSoC4/cyfitter_cfg.c **** *  Sets up the analog portions of the chip to default values based on chip
 226:.\Generated_Source\PSoC4/cyfitter_cfg.c **** *  configuration options from the project.
 227:.\Generated_Source\PSoC4/cyfitter_cfg.c **** *
ARM GAS  C:\Users\EGH35~1.DRE\AppData\Local\Temp\ccCzBSW0.s 			page 9


 228:.\Generated_Source\PSoC4/cyfitter_cfg.c **** * Parameters:
 229:.\Generated_Source\PSoC4/cyfitter_cfg.c **** *  void
 230:.\Generated_Source\PSoC4/cyfitter_cfg.c **** *
 231:.\Generated_Source\PSoC4/cyfitter_cfg.c **** * Return:
 232:.\Generated_Source\PSoC4/cyfitter_cfg.c **** *  void
 233:.\Generated_Source\PSoC4/cyfitter_cfg.c **** *
 234:.\Generated_Source\PSoC4/cyfitter_cfg.c **** *******************************************************************************/
 235:.\Generated_Source\PSoC4/cyfitter_cfg.c **** static void AnalogSetDefault(void);
 236:.\Generated_Source\PSoC4/cyfitter_cfg.c **** static void AnalogSetDefault(void)
 237:.\Generated_Source\PSoC4/cyfitter_cfg.c **** {
 238:.\Generated_Source\PSoC4/cyfitter_cfg.c **** }
 239:.\Generated_Source\PSoC4/cyfitter_cfg.c **** 
 240:.\Generated_Source\PSoC4/cyfitter_cfg.c **** #define CY_AMUX_UNUSED CYREG_CM0_ROM_DWT
 241:.\Generated_Source\PSoC4/cyfitter_cfg.c **** 
 242:.\Generated_Source\PSoC4/cyfitter_cfg.c **** 
 243:.\Generated_Source\PSoC4/cyfitter_cfg.c **** /*******************************************************************************
 244:.\Generated_Source\PSoC4/cyfitter_cfg.c **** * Function Name: cyfitter_cfg
 245:.\Generated_Source\PSoC4/cyfitter_cfg.c **** ********************************************************************************
 246:.\Generated_Source\PSoC4/cyfitter_cfg.c **** * Summary:
 247:.\Generated_Source\PSoC4/cyfitter_cfg.c **** *  This function is called by the start-up code for the selected device. It
 248:.\Generated_Source\PSoC4/cyfitter_cfg.c **** *  performs all of the necessary device configuration based on the design
 249:.\Generated_Source\PSoC4/cyfitter_cfg.c **** *  settings.  This includes settings from the Design Wide Resources (DWR) such
 250:.\Generated_Source\PSoC4/cyfitter_cfg.c **** *  as Clocks and Pins as well as any component configuration that is necessary.
 251:.\Generated_Source\PSoC4/cyfitter_cfg.c **** *
 252:.\Generated_Source\PSoC4/cyfitter_cfg.c **** * Parameters:  
 253:.\Generated_Source\PSoC4/cyfitter_cfg.c **** *   void
 254:.\Generated_Source\PSoC4/cyfitter_cfg.c **** *
 255:.\Generated_Source\PSoC4/cyfitter_cfg.c **** * Return:
 256:.\Generated_Source\PSoC4/cyfitter_cfg.c **** *   void
 257:.\Generated_Source\PSoC4/cyfitter_cfg.c **** *
 258:.\Generated_Source\PSoC4/cyfitter_cfg.c **** *******************************************************************************/
 259:.\Generated_Source\PSoC4/cyfitter_cfg.c **** CY_CFG_SECTION
 260:.\Generated_Source\PSoC4/cyfitter_cfg.c **** void cyfitter_cfg(void)
 261:.\Generated_Source\PSoC4/cyfitter_cfg.c **** {
 221              		.loc 1 261 0
 222              		.cfi_startproc
 223 008c 38B5     		push	{r3, r4, r5, lr}
 224              		.cfi_def_cfa_offset 16
 225              		.cfi_offset 3, -16
 226              		.cfi_offset 4, -12
 227              		.cfi_offset 5, -8
 228              		.cfi_offset 14, -4
 262:.\Generated_Source\PSoC4/cyfitter_cfg.c **** 	/* Disable interrupts by default. Let user enable if/when they want. */
 263:.\Generated_Source\PSoC4/cyfitter_cfg.c **** 	CyGlobalIntDisable;
 229              		.loc 1 263 0
 230              	@ 263 ".\Generated_Source\PSoC4\cyfitter_cfg.c" 1
 231 008e 72B6     		CPSID   i
 232              	@ 0 "" 2
 233              	.LVL17:
 234              		.code	16
 235              	.LBB4:
 264:.\Generated_Source\PSoC4/cyfitter_cfg.c **** 
 265:.\Generated_Source\PSoC4/cyfitter_cfg.c **** 	{
 266:.\Generated_Source\PSoC4/cyfitter_cfg.c **** 		static const uint32 CYCODE cy_cfg_addr_table[] = {
 267:.\Generated_Source\PSoC4/cyfitter_cfg.c **** 			0x400F4002u, /* Base address: 0x400F4000 Count: 2 */
 268:.\Generated_Source\PSoC4/cyfitter_cfg.c **** 			0x400F4103u, /* Base address: 0x400F4100 Count: 3 */
 269:.\Generated_Source\PSoC4/cyfitter_cfg.c **** 			0x400F6002u, /* Base address: 0x400F6000 Count: 2 */
ARM GAS  C:\Users\EGH35~1.DRE\AppData\Local\Temp\ccCzBSW0.s 			page 10


 270:.\Generated_Source\PSoC4/cyfitter_cfg.c **** 		};
 271:.\Generated_Source\PSoC4/cyfitter_cfg.c **** 
 272:.\Generated_Source\PSoC4/cyfitter_cfg.c **** 		static const cy_cfg_addrvalue_t CYCODE cy_cfg_data_table[] = {
 273:.\Generated_Source\PSoC4/cyfitter_cfg.c **** 			{0x02u, 0x40u},
 274:.\Generated_Source\PSoC4/cyfitter_cfg.c **** 			{0xC0u, 0x10u},
 275:.\Generated_Source\PSoC4/cyfitter_cfg.c **** 			{0x46u, 0x40u},
 276:.\Generated_Source\PSoC4/cyfitter_cfg.c **** 			{0x9Au, 0x40u},
 277:.\Generated_Source\PSoC4/cyfitter_cfg.c **** 			{0xD0u, 0x80u},
 278:.\Generated_Source\PSoC4/cyfitter_cfg.c **** 			{0x02u, 0x01u},
 279:.\Generated_Source\PSoC4/cyfitter_cfg.c **** 			{0x11u, 0x01u},
 280:.\Generated_Source\PSoC4/cyfitter_cfg.c **** 		};
 281:.\Generated_Source\PSoC4/cyfitter_cfg.c **** 
 282:.\Generated_Source\PSoC4/cyfitter_cfg.c **** 
 283:.\Generated_Source\PSoC4/cyfitter_cfg.c **** 
 284:.\Generated_Source\PSoC4/cyfitter_cfg.c **** 		CYPACKED typedef struct {
 285:.\Generated_Source\PSoC4/cyfitter_cfg.c **** 			void CYFAR *address;
 286:.\Generated_Source\PSoC4/cyfitter_cfg.c **** 			uint16 size;
 287:.\Generated_Source\PSoC4/cyfitter_cfg.c **** 		} CYPACKED_ATTR cfg_memset_t;
 288:.\Generated_Source\PSoC4/cyfitter_cfg.c **** 
 289:.\Generated_Source\PSoC4/cyfitter_cfg.c **** 		static const cfg_memset_t CYCODE cfg_memset_list [] = {
 290:.\Generated_Source\PSoC4/cyfitter_cfg.c **** 			/* address, size */
 291:.\Generated_Source\PSoC4/cyfitter_cfg.c **** 			{(void CYFAR *)(CYDEV_UDB_P0_U0_BASE), 1024u},
 292:.\Generated_Source\PSoC4/cyfitter_cfg.c **** 			{(void CYFAR *)(CYDEV_UDB_DSI0_BASE), 1024u},
 293:.\Generated_Source\PSoC4/cyfitter_cfg.c **** 		};
 294:.\Generated_Source\PSoC4/cyfitter_cfg.c **** 
 295:.\Generated_Source\PSoC4/cyfitter_cfg.c **** 		uint8 CYDATA i;
 296:.\Generated_Source\PSoC4/cyfitter_cfg.c **** 
 297:.\Generated_Source\PSoC4/cyfitter_cfg.c **** 		/* Zero out critical memory blocks before beginning configuration */
 298:.\Generated_Source\PSoC4/cyfitter_cfg.c **** 		for (i = 0u; i < (sizeof(cfg_memset_list)/sizeof(cfg_memset_list[0])); i++)
 236              		.loc 1 298 0
 237 0090 0024     		mov	r4, #0
 238              	.LBB5:
 299:.\Generated_Source\PSoC4/cyfitter_cfg.c **** 		{
 300:.\Generated_Source\PSoC4/cyfitter_cfg.c **** 			const cfg_memset_t CYCODE * CYDATA ms = &cfg_memset_list[i];
 239              		.loc 1 300 0
 240 0092 2E4D     		ldr	r5, .L13
 241              	.LBE5:
 298:.\Generated_Source\PSoC4/cyfitter_cfg.c **** 		for (i = 0u; i < (sizeof(cfg_memset_list)/sizeof(cfg_memset_list[0])); i++)
 242              		.loc 1 298 0
 243 0094 0CE0     		b	.L11
 244              	.LVL18:
 245              	.L12:
 246              	.LBB6:
 247              		.loc 1 300 0 discriminator 2
 248 0096 6300     		lsl	r3, r4, #1
 249 0098 1B19     		add	r3, r3, r4
 250 009a 5B00     		lsl	r3, r3, #1
 251 009c EB18     		add	r3, r5, r3
 252              	.LVL19:
 301:.\Generated_Source\PSoC4/cyfitter_cfg.c **** 			CYMEMZERO(ms->address, (size_t)(uint32)(ms->size));
 253              		.loc 1 301 0 discriminator 2
 254 009e 9988     		ldrh	r1, [r3, #4]
 255 00a0 1A88     		ldrh	r2, [r3]
 256 00a2 5888     		ldrh	r0, [r3, #2]
 257 00a4 0004     		lsl	r0, r0, #16
 258 00a6 1043     		orr	r0, r2
 259 00a8 FFF7FEFF 		bl	CYMEMZERO
ARM GAS  C:\Users\EGH35~1.DRE\AppData\Local\Temp\ccCzBSW0.s 			page 11


 260              	.LVL20:
 261              	.LBE6:
 298:.\Generated_Source\PSoC4/cyfitter_cfg.c **** 		for (i = 0u; i < (sizeof(cfg_memset_list)/sizeof(cfg_memset_list[0])); i++)
 262              		.loc 1 298 0 discriminator 2
 263 00ac 0134     		add	r4, r4, #1
 264              	.LVL21:
 265 00ae E4B2     		uxtb	r4, r4
 266              	.LVL22:
 267              	.L11:
 298:.\Generated_Source\PSoC4/cyfitter_cfg.c **** 		for (i = 0u; i < (sizeof(cfg_memset_list)/sizeof(cfg_memset_list[0])); i++)
 268              		.loc 1 298 0 is_stmt 0 discriminator 1
 269 00b0 012C     		cmp	r4, #1
 270 00b2 F0D9     		bls	.L12
 302:.\Generated_Source\PSoC4/cyfitter_cfg.c **** 		}
 303:.\Generated_Source\PSoC4/cyfitter_cfg.c **** 
 304:.\Generated_Source\PSoC4/cyfitter_cfg.c **** 		cfg_write_bytes32(cy_cfg_addr_table, cy_cfg_data_table);
 271              		.loc 1 304 0 is_stmt 1
 272 00b4 2549     		ldr	r1, .L13
 273 00b6 081C     		mov	r0, r1
 274 00b8 0C30     		add	r0, r0, #12
 275 00ba 1831     		add	r1, r1, #24
 276 00bc FFF7FEFF 		bl	cfg_write_bytes32
 277              	.LVL23:
 305:.\Generated_Source\PSoC4/cyfitter_cfg.c **** 
 306:.\Generated_Source\PSoC4/cyfitter_cfg.c **** 		/* HSIOM Starting address: CYDEV_HSIOM_BASE */
 307:.\Generated_Source\PSoC4/cyfitter_cfg.c **** 		CY_SET_XTND_REG32((void CYFAR *)(CYREG_HSIOM_PORT_SEL1), 0x00000808u);
 278              		.loc 1 307 0
 279 00c0 234A     		ldr	r2, .L13+4
 280 00c2 244B     		ldr	r3, .L13+8
 281 00c4 1A60     		str	r2, [r3]
 308:.\Generated_Source\PSoC4/cyfitter_cfg.c **** 		CY_SET_XTND_REG32((void CYFAR *)(CYREG_HSIOM_PORT_SEL2), 0x08000000u);
 282              		.loc 1 308 0
 283 00c6 8022     		mov	r2, #128
 284 00c8 1205     		lsl	r2, r2, #20
 285 00ca 234B     		ldr	r3, .L13+12
 286 00cc 1A60     		str	r2, [r3]
 309:.\Generated_Source\PSoC4/cyfitter_cfg.c **** 		CY_SET_XTND_REG32((void CYFAR *)(CYREG_HSIOM_PORT_SEL3), 0x0000EE00u);
 287              		.loc 1 309 0
 288 00ce EE22     		mov	r2, #238
 289 00d0 1202     		lsl	r2, r2, #8
 290 00d2 224B     		ldr	r3, .L13+16
 291 00d4 1A60     		str	r2, [r3]
 310:.\Generated_Source\PSoC4/cyfitter_cfg.c **** 
 311:.\Generated_Source\PSoC4/cyfitter_cfg.c **** 		/* UDB_PA_0 Starting address: CYDEV_UDB_PA0_BASE */
 312:.\Generated_Source\PSoC4/cyfitter_cfg.c **** 		CY_SET_XTND_REG32((void CYFAR *)(CYDEV_UDB_PA0_BASE), 0x00990004u);
 292              		.loc 1 312 0
 293 00d6 224A     		ldr	r2, .L13+20
 294 00d8 224B     		ldr	r3, .L13+24
 295 00da 1A60     		str	r2, [r3]
 313:.\Generated_Source\PSoC4/cyfitter_cfg.c **** 		CY_SET_XTND_REG32((void CYFAR *)(CYREG_UDB_PA0_CFG4), 0x00020000u);
 296              		.loc 1 313 0
 297 00dc 8022     		mov	r2, #128
 298 00de 9202     		lsl	r2, r2, #10
 299 00e0 214B     		ldr	r3, .L13+28
 300 00e2 1A60     		str	r2, [r3]
 314:.\Generated_Source\PSoC4/cyfitter_cfg.c **** 
 315:.\Generated_Source\PSoC4/cyfitter_cfg.c **** 		/* UDB_PA_1 Starting address: CYDEV_UDB_PA1_BASE */
ARM GAS  C:\Users\EGH35~1.DRE\AppData\Local\Temp\ccCzBSW0.s 			page 12


 316:.\Generated_Source\PSoC4/cyfitter_cfg.c **** 		CY_SET_XTND_REG32((void CYFAR *)(CYDEV_UDB_PA1_BASE), 0x00990000u);
 301              		.loc 1 316 0
 302 00e4 9923     		mov	r3, #153
 303 00e6 1B04     		lsl	r3, r3, #16
 304 00e8 204A     		ldr	r2, .L13+32
 305 00ea 1360     		str	r3, [r2]
 317:.\Generated_Source\PSoC4/cyfitter_cfg.c **** 
 318:.\Generated_Source\PSoC4/cyfitter_cfg.c **** 		/* UDB_PA_2 Starting address: CYDEV_UDB_PA2_BASE */
 319:.\Generated_Source\PSoC4/cyfitter_cfg.c **** 		CY_SET_XTND_REG32((void CYFAR *)(CYDEV_UDB_PA2_BASE), 0x00990000u);
 306              		.loc 1 319 0
 307 00ec 204A     		ldr	r2, .L13+36
 308 00ee 1360     		str	r3, [r2]
 320:.\Generated_Source\PSoC4/cyfitter_cfg.c **** 
 321:.\Generated_Source\PSoC4/cyfitter_cfg.c **** 		/* UDB_PA_3 Starting address: CYDEV_UDB_PA3_BASE */
 322:.\Generated_Source\PSoC4/cyfitter_cfg.c **** 		CY_SET_XTND_REG32((void CYFAR *)(CYDEV_UDB_PA3_BASE), 0x00990000u);
 309              		.loc 1 322 0
 310 00f0 204A     		ldr	r2, .L13+40
 311 00f2 1360     		str	r3, [r2]
 323:.\Generated_Source\PSoC4/cyfitter_cfg.c **** 
 324:.\Generated_Source\PSoC4/cyfitter_cfg.c **** 		/* TCPWM_CNT0 Starting address: CYDEV_TCPWM_CNT0_TR_CTRL0 */
 325:.\Generated_Source\PSoC4/cyfitter_cfg.c **** 		CY_SET_XTND_REG32((void CYFAR *)(CYREG_TCPWM_CNT0_TR_CTRL0), 0x000DDD10u);
 312              		.loc 1 325 0
 313 00f4 204A     		ldr	r2, .L13+44
 314 00f6 214B     		ldr	r3, .L13+48
 315 00f8 1A60     		str	r2, [r3]
 326:.\Generated_Source\PSoC4/cyfitter_cfg.c **** 
 327:.\Generated_Source\PSoC4/cyfitter_cfg.c **** 		/* Enable digital routing */
 328:.\Generated_Source\PSoC4/cyfitter_cfg.c **** 		CY_SET_XTND_REG8((void *)CYREG_UDB_UDBIF_BANK_CTL, CY_GET_XTND_REG8((void *)CYREG_UDB_UDBIF_BANK_
 316              		.loc 1 328 0
 317 00fa 214B     		ldr	r3, .L13+52
 318 00fc 1978     		ldrb	r1, [r3]
 319 00fe 0222     		mov	r2, #2
 320 0100 0A43     		orr	r2, r1
 321 0102 1A70     		strb	r2, [r3]
 329:.\Generated_Source\PSoC4/cyfitter_cfg.c **** 
 330:.\Generated_Source\PSoC4/cyfitter_cfg.c **** 		/* Enable UDB array */
 331:.\Generated_Source\PSoC4/cyfitter_cfg.c **** 		CY_SET_XTND_REG8((void *)CYREG_UDB_UDBIF_WAIT_CFG, (uint8)((CY_GET_XTND_REG8((void *)CYREG_UDB_UD
 322              		.loc 1 331 0
 323 0104 1F4A     		ldr	r2, .L13+56
 324 0106 1178     		ldrb	r1, [r2]
 325 0108 3C20     		mov	r0, #60
 326 010a 8143     		bic	r1, r0
 327 010c 1420     		mov	r0, #20
 328 010e 0143     		orr	r1, r0
 329 0110 1170     		strb	r1, [r2]
 332:.\Generated_Source\PSoC4/cyfitter_cfg.c **** 		CY_SET_XTND_REG8((void *)CYREG_UDB_UDBIF_BANK_CTL, (uint8)(CY_GET_XTND_REG8((void *)CYREG_UDB_UDB
 330              		.loc 1 332 0
 331 0112 1978     		ldrb	r1, [r3]
 332 0114 1622     		mov	r2, #22
 333 0116 0A43     		orr	r2, r1
 334 0118 1A70     		strb	r2, [r3]
 335              	.LBE4:
 333:.\Generated_Source\PSoC4/cyfitter_cfg.c **** 	}
 334:.\Generated_Source\PSoC4/cyfitter_cfg.c **** 
 335:.\Generated_Source\PSoC4/cyfitter_cfg.c **** 	/* Perform second pass device configuration. These items must be configured in specific order afte
 336:.\Generated_Source\PSoC4/cyfitter_cfg.c **** 	/* IOPINS0_0 Starting address: CYDEV_PRT0_DR */
 337:.\Generated_Source\PSoC4/cyfitter_cfg.c **** 	CY_SET_XTND_REG32((void CYFAR *)(CYREG_PRT0_PC), 0x00000181u);
ARM GAS  C:\Users\EGH35~1.DRE\AppData\Local\Temp\ccCzBSW0.s 			page 13


 336              		.loc 1 337 0
 337 011a 8222     		mov	r2, #130
 338 011c FF32     		add	r2, r2, #255
 339 011e 1A4B     		ldr	r3, .L13+60
 340 0120 1A60     		str	r2, [r3]
 338:.\Generated_Source\PSoC4/cyfitter_cfg.c **** 
 339:.\Generated_Source\PSoC4/cyfitter_cfg.c **** 	/* IOPINS0_1 Starting address: CYDEV_PRT1_DR */
 340:.\Generated_Source\PSoC4/cyfitter_cfg.c **** 	CY_SET_XTND_REG32((void CYFAR *)(CYREG_PRT1_DR), 0x00000005u);
 341              		.loc 1 340 0
 342 0122 0522     		mov	r2, #5
 343 0124 194B     		ldr	r3, .L13+64
 344 0126 1A60     		str	r2, [r3]
 341:.\Generated_Source\PSoC4/cyfitter_cfg.c **** 	CY_SET_XTND_REG32((void CYFAR *)(CYREG_PRT1_PC), 0x00000186u);
 345              		.loc 1 341 0
 346 0128 C322     		mov	r2, #195
 347 012a 5200     		lsl	r2, r2, #1
 348 012c 184B     		ldr	r3, .L13+68
 349 012e 1A60     		str	r2, [r3]
 342:.\Generated_Source\PSoC4/cyfitter_cfg.c **** 
 343:.\Generated_Source\PSoC4/cyfitter_cfg.c **** 	/* IOPINS0_2 Starting address: CYDEV_PRT2_DR */
 344:.\Generated_Source\PSoC4/cyfitter_cfg.c **** 	CY_SET_XTND_REG32((void CYFAR *)(CYREG_PRT2_DR), 0x00000040u);
 350              		.loc 1 344 0
 351 0130 4022     		mov	r2, #64
 352 0132 184B     		ldr	r3, .L13+72
 353 0134 1A60     		str	r2, [r3]
 345:.\Generated_Source\PSoC4/cyfitter_cfg.c **** 	CY_SET_XTND_REG32((void CYFAR *)(CYREG_PRT2_PC), 0x00180000u);
 354              		.loc 1 345 0
 355 0136 C022     		mov	r2, #192
 356 0138 5203     		lsl	r2, r2, #13
 357 013a 174B     		ldr	r3, .L13+76
 358 013c 1A60     		str	r2, [r3]
 346:.\Generated_Source\PSoC4/cyfitter_cfg.c **** 
 347:.\Generated_Source\PSoC4/cyfitter_cfg.c **** 	/* IOPINS0_3 Starting address: CYDEV_PRT3_DR */
 348:.\Generated_Source\PSoC4/cyfitter_cfg.c **** 	CY_SET_XTND_REG32((void CYFAR *)(CYREG_PRT3_PC), 0x00000D80u);
 359              		.loc 1 348 0
 360 013e D822     		mov	r2, #216
 361 0140 1201     		lsl	r2, r2, #4
 362 0142 164B     		ldr	r3, .L13+80
 363 0144 1A60     		str	r2, [r3]
 349:.\Generated_Source\PSoC4/cyfitter_cfg.c **** 
 350:.\Generated_Source\PSoC4/cyfitter_cfg.c **** 	/* Setup clocks based on selections from Clock DWR */
 351:.\Generated_Source\PSoC4/cyfitter_cfg.c **** 	ClockSetup();
 364              		.loc 1 351 0
 365 0146 FFF75BFF 		bl	ClockSetup
 366              	.LVL24:
 352:.\Generated_Source\PSoC4/cyfitter_cfg.c **** 
 353:.\Generated_Source\PSoC4/cyfitter_cfg.c **** 	/* Perform basic analog initialization to defaults */
 354:.\Generated_Source\PSoC4/cyfitter_cfg.c **** 	AnalogSetDefault();
 355:.\Generated_Source\PSoC4/cyfitter_cfg.c **** 
 356:.\Generated_Source\PSoC4/cyfitter_cfg.c **** }
 367              		.loc 1 356 0
 368              		@ sp needed
 369              	.LVL25:
 370 014a 38BD     		pop	{r3, r4, r5, pc}
 371              	.L14:
 372              		.align	2
 373              	.L13:
ARM GAS  C:\Users\EGH35~1.DRE\AppData\Local\Temp\ccCzBSW0.s 			page 14


 374 014c 00000000 		.word	.LANCHOR0
 375 0150 08080000 		.word	2056
 376 0154 04000140 		.word	1073807364
 377 0158 08000140 		.word	1073807368
 378 015c 0C000140 		.word	1073807372
 379 0160 04009900 		.word	10027012
 380 0164 00500F40 		.word	1074745344
 381 0168 04500F40 		.word	1074745348
 382 016c 10500F40 		.word	1074745360
 383 0170 20500F40 		.word	1074745376
 384 0174 30500F40 		.word	1074745392
 385 0178 10DD0D00 		.word	908560
 386 017c 20010540 		.word	1074069792
 387 0180 00700F40 		.word	1074753536
 388 0184 01700F40 		.word	1074753537
 389 0188 08000440 		.word	1074003976
 390 018c 00010440 		.word	1074004224
 391 0190 08010440 		.word	1074004232
 392 0194 00020440 		.word	1074004480
 393 0198 08020440 		.word	1074004488
 394 019c 08030440 		.word	1074004744
 395              		.cfi_endproc
 396              	.LFE6:
 397              		.size	cyfitter_cfg, .-cyfitter_cfg
 398              		.section	.rodata
 399              		.align	2
 400              		.set	.LANCHOR0,. + 0
 401              		.type	cfg_memset_list.4740, %object
 402              		.size	cfg_memset_list.4740, 12
 403              	cfg_memset_list.4740:
 404 0000 00300F40 		.word	1074737152
 405 0004 0004     		.short	1024
 406 0006 00400F40 		.4byte	1074741248
 407 000a 0004     		.short	1024
 408              		.type	cy_cfg_addr_table.4734, %object
 409              		.size	cy_cfg_addr_table.4734, 12
 410              	cy_cfg_addr_table.4734:
 411 000c 02400F40 		.word	1074741250
 412 0010 03410F40 		.word	1074741507
 413 0014 02600F40 		.word	1074749442
 414              		.type	cy_cfg_data_table.4735, %object
 415              		.size	cy_cfg_data_table.4735, 14
 416              	cy_cfg_data_table.4735:
 417 0018 02       		.byte	2
 418 0019 40       		.byte	64
 419 001a C0       		.byte	-64
 420 001b 10       		.byte	16
 421 001c 46       		.byte	70
 422 001d 40       		.byte	64
 423 001e 9A       		.byte	-102
 424 001f 40       		.byte	64
 425 0020 D0       		.byte	-48
 426 0021 80       		.byte	-128
 427 0022 02       		.byte	2
 428 0023 01       		.byte	1
 429 0024 11       		.byte	17
 430 0025 01       		.byte	1
ARM GAS  C:\Users\EGH35~1.DRE\AppData\Local\Temp\ccCzBSW0.s 			page 15


 431 0026 0000     		.text
 432              	.Letext0:
 433              		.file 2 "c:\\program files (x86)\\cypress\\psoc creator\\3.2\\psoc creator\\import\\gnu\\arm\\4.8.
 434              		.file 3 ".\\Generated_Source\\PSoC4\\cytypes.h"
 435              		.file 4 ".\\Generated_Source\\PSoC4\\CyLib.h"
 436              		.section	.debug_info,"",%progbits
 437              	.Ldebug_info0:
 438 0000 A8030000 		.4byte	0x3a8
 439 0004 0400     		.2byte	0x4
 440 0006 00000000 		.4byte	.Ldebug_abbrev0
 441 000a 04       		.byte	0x4
 442 000b 01       		.uleb128 0x1
 443 000c 30010000 		.4byte	.LASF38
 444 0010 01       		.byte	0x1
 445 0011 D8010000 		.4byte	.LASF39
 446 0015 74020000 		.4byte	.LASF40
 447 0019 30000000 		.4byte	.Ldebug_ranges0+0x30
 448 001d 00000000 		.4byte	0
 449 0021 00000000 		.4byte	.Ldebug_line0
 450 0025 02       		.uleb128 0x2
 451 0026 04       		.byte	0x4
 452 0027 05       		.byte	0x5
 453 0028 696E7400 		.ascii	"int\000"
 454 002c 03       		.uleb128 0x3
 455 002d 06000000 		.4byte	.LASF11
 456 0031 02       		.byte	0x2
 457 0032 D4       		.byte	0xd4
 458 0033 37000000 		.4byte	0x37
 459 0037 04       		.uleb128 0x4
 460 0038 04       		.byte	0x4
 461 0039 07       		.byte	0x7
 462 003a F7000000 		.4byte	.LASF0
 463 003e 04       		.uleb128 0x4
 464 003f 01       		.byte	0x1
 465 0040 06       		.byte	0x6
 466 0041 55020000 		.4byte	.LASF1
 467 0045 04       		.uleb128 0x4
 468 0046 01       		.byte	0x1
 469 0047 08       		.byte	0x8
 470 0048 99000000 		.4byte	.LASF2
 471 004c 04       		.uleb128 0x4
 472 004d 02       		.byte	0x2
 473 004e 05       		.byte	0x5
 474 004f 2D020000 		.4byte	.LASF3
 475 0053 04       		.uleb128 0x4
 476 0054 02       		.byte	0x2
 477 0055 07       		.byte	0x7
 478 0056 61020000 		.4byte	.LASF4
 479 005a 04       		.uleb128 0x4
 480 005b 04       		.byte	0x4
 481 005c 05       		.byte	0x5
 482 005d 4C020000 		.4byte	.LASF5
 483 0061 04       		.uleb128 0x4
 484 0062 04       		.byte	0x4
 485 0063 07       		.byte	0x7
 486 0064 77000000 		.4byte	.LASF6
 487 0068 04       		.uleb128 0x4
ARM GAS  C:\Users\EGH35~1.DRE\AppData\Local\Temp\ccCzBSW0.s 			page 16


 488 0069 08       		.byte	0x8
 489 006a 05       		.byte	0x5
 490 006b 00020000 		.4byte	.LASF7
 491 006f 04       		.uleb128 0x4
 492 0070 08       		.byte	0x8
 493 0071 07       		.byte	0x7
 494 0072 19010000 		.4byte	.LASF8
 495 0076 04       		.uleb128 0x4
 496 0077 04       		.byte	0x4
 497 0078 07       		.byte	0x7
 498 0079 CF010000 		.4byte	.LASF9
 499 007d 05       		.uleb128 0x5
 500 007e 04       		.byte	0x4
 501 007f 06       		.uleb128 0x6
 502 0080 04       		.byte	0x4
 503 0081 85000000 		.4byte	0x85
 504 0085 07       		.uleb128 0x7
 505 0086 04       		.uleb128 0x4
 506 0087 01       		.byte	0x1
 507 0088 08       		.byte	0x8
 508 0089 0E020000 		.4byte	.LASF10
 509 008d 03       		.uleb128 0x3
 510 008e 89000000 		.4byte	.LASF12
 511 0092 03       		.byte	0x3
 512 0093 C1       		.byte	0xc1
 513 0094 45000000 		.4byte	0x45
 514 0098 03       		.uleb128 0x3
 515 0099 DE000000 		.4byte	.LASF13
 516 009d 03       		.byte	0x3
 517 009e C2       		.byte	0xc2
 518 009f 53000000 		.4byte	0x53
 519 00a3 03       		.uleb128 0x3
 520 00a4 F0000000 		.4byte	.LASF14
 521 00a8 03       		.byte	0x3
 522 00a9 C3       		.byte	0xc3
 523 00aa 61000000 		.4byte	0x61
 524 00ae 04       		.uleb128 0x4
 525 00af 04       		.byte	0x4
 526 00b0 04       		.byte	0x4
 527 00b1 57000000 		.4byte	.LASF15
 528 00b5 04       		.uleb128 0x4
 529 00b6 08       		.byte	0x8
 530 00b7 04       		.byte	0x4
 531 00b8 AE000000 		.4byte	.LASF16
 532 00bc 08       		.uleb128 0x8
 533 00bd 72000000 		.4byte	.LASF17
 534 00c1 03       		.byte	0x3
 535 00c2 6B01     		.2byte	0x16b
 536 00c4 C8000000 		.4byte	0xc8
 537 00c8 09       		.uleb128 0x9
 538 00c9 8D000000 		.4byte	0x8d
 539 00cd 08       		.uleb128 0x8
 540 00ce 00000000 		.4byte	.LASF18
 541 00d2 03       		.byte	0x3
 542 00d3 6D01     		.2byte	0x16d
 543 00d5 D9000000 		.4byte	0xd9
 544 00d9 09       		.uleb128 0x9
ARM GAS  C:\Users\EGH35~1.DRE\AppData\Local\Temp\ccCzBSW0.s 			page 17


 545 00da A3000000 		.4byte	0xa3
 546 00de 08       		.uleb128 0x8
 547 00df AC010000 		.4byte	.LASF19
 548 00e3 03       		.byte	0x3
 549 00e4 7D01     		.2byte	0x17d
 550 00e6 7F000000 		.4byte	0x7f
 551 00ea 0A       		.uleb128 0xa
 552 00eb 02       		.byte	0x2
 553 00ec 01       		.byte	0x1
 554 00ed 7D       		.byte	0x7d
 555 00ee 0B010000 		.4byte	0x10b
 556 00f2 0B       		.uleb128 0xb
 557 00f3 26020000 		.4byte	.LASF20
 558 00f7 01       		.byte	0x1
 559 00f8 7F       		.byte	0x7f
 560 00f9 8D000000 		.4byte	0x8d
 561 00fd 00       		.byte	0
 562 00fe 0B       		.uleb128 0xb
 563 00ff 1C000000 		.4byte	.LASF21
 564 0103 01       		.byte	0x1
 565 0104 80       		.byte	0x80
 566 0105 8D000000 		.4byte	0x8d
 567 0109 01       		.byte	0x1
 568 010a 00       		.byte	0
 569 010b 03       		.uleb128 0x3
 570 010c 13020000 		.4byte	.LASF22
 571 0110 01       		.byte	0x1
 572 0111 81       		.byte	0x81
 573 0112 EA000000 		.4byte	0xea
 574 0116 0C       		.uleb128 0xc
 575 0117 B5000000 		.4byte	.LASF27
 576 011b 01       		.byte	0x1
 577 011c 94       		.byte	0x94
 578 011d 00000000 		.4byte	.LFB3
 579 0121 36000000 		.4byte	.LFE3-.LFB3
 580 0125 01       		.uleb128 0x1
 581 0126 9C       		.byte	0x9c
 582 0127 84010000 		.4byte	0x184
 583 012b 0D       		.uleb128 0xd
 584 012c D3000000 		.4byte	.LASF23
 585 0130 01       		.byte	0x1
 586 0131 94       		.byte	0x94
 587 0132 84010000 		.4byte	0x184
 588 0136 01       		.uleb128 0x1
 589 0137 50       		.byte	0x50
 590 0138 0D       		.uleb128 0xd
 591 0139 E5000000 		.4byte	.LASF24
 592 013d 01       		.byte	0x1
 593 013e 94       		.byte	0x94
 594 013f 8F010000 		.4byte	0x18f
 595 0143 01       		.uleb128 0x1
 596 0144 51       		.byte	0x51
 597 0145 0E       		.uleb128 0xe
 598 0146 6900     		.ascii	"i\000"
 599 0148 01       		.byte	0x1
 600 0149 97       		.byte	0x97
 601 014a A3000000 		.4byte	0xa3
ARM GAS  C:\Users\EGH35~1.DRE\AppData\Local\Temp\ccCzBSW0.s 			page 18


 602 014e 00000000 		.4byte	.LLST0
 603 0152 0E       		.uleb128 0xe
 604 0153 6A00     		.ascii	"j\000"
 605 0155 01       		.byte	0x1
 606 0156 97       		.byte	0x97
 607 0157 A3000000 		.4byte	0xa3
 608 015b 1F000000 		.4byte	.LLST1
 609 015f 0F       		.uleb128 0xf
 610 0160 00000000 		.4byte	.Ldebug_ranges0+0
 611 0164 10       		.uleb128 0x10
 612 0165 C6010000 		.4byte	.LASF25
 613 0169 01       		.byte	0x1
 614 016a 9A       		.byte	0x9a
 615 016b A3000000 		.4byte	0xa3
 616 016f 3E000000 		.4byte	.LLST2
 617 0173 10       		.uleb128 0x10
 618 0174 22000000 		.4byte	.LASF26
 619 0178 01       		.byte	0x1
 620 0179 9B       		.byte	0x9b
 621 017a 8D000000 		.4byte	0x8d
 622 017e 51000000 		.4byte	.LLST3
 623 0182 00       		.byte	0
 624 0183 00       		.byte	0
 625 0184 06       		.uleb128 0x6
 626 0185 04       		.byte	0x4
 627 0186 8A010000 		.4byte	0x18a
 628 018a 11       		.uleb128 0x11
 629 018b A3000000 		.4byte	0xa3
 630 018f 06       		.uleb128 0x6
 631 0190 04       		.byte	0x4
 632 0191 95010000 		.4byte	0x195
 633 0195 11       		.uleb128 0x11
 634 0196 0B010000 		.4byte	0x10b
 635 019a 0C       		.uleb128 0xc
 636 019b 8F000000 		.4byte	.LASF28
 637 019f 01       		.byte	0x1
 638 01a0 3B       		.byte	0x3b
 639 01a1 00000000 		.4byte	.LFB0
 640 01a5 0C000000 		.4byte	.LFE0-.LFB0
 641 01a9 01       		.uleb128 0x1
 642 01aa 9C       		.byte	0x9c
 643 01ab E7010000 		.4byte	0x1e7
 644 01af 12       		.uleb128 0x12
 645 01b0 7300     		.ascii	"s\000"
 646 01b2 01       		.byte	0x1
 647 01b3 3B       		.byte	0x3b
 648 01b4 7D000000 		.4byte	0x7d
 649 01b8 87000000 		.4byte	.LLST4
 650 01bc 12       		.uleb128 0x12
 651 01bd 6E00     		.ascii	"n\000"
 652 01bf 01       		.byte	0x1
 653 01c0 3B       		.byte	0x3b
 654 01c1 2C000000 		.4byte	0x2c
 655 01c5 A8000000 		.4byte	.LLST5
 656 01c9 13       		.uleb128 0x13
 657 01ca 0A000000 		.4byte	.LVL13
 658 01ce 56030000 		.4byte	0x356
ARM GAS  C:\Users\EGH35~1.DRE\AppData\Local\Temp\ccCzBSW0.s 			page 19


 659 01d2 14       		.uleb128 0x14
 660 01d3 01       		.uleb128 0x1
 661 01d4 52       		.byte	0x52
 662 01d5 03       		.uleb128 0x3
 663 01d6 F3       		.byte	0xf3
 664 01d7 01       		.uleb128 0x1
 665 01d8 51       		.byte	0x51
 666 01d9 14       		.uleb128 0x14
 667 01da 01       		.uleb128 0x1
 668 01db 51       		.byte	0x51
 669 01dc 01       		.uleb128 0x1
 670 01dd 30       		.byte	0x30
 671 01de 14       		.uleb128 0x14
 672 01df 01       		.uleb128 0x1
 673 01e0 50       		.byte	0x50
 674 01e1 03       		.uleb128 0x3
 675 01e2 F3       		.byte	0xf3
 676 01e3 01       		.uleb128 0x1
 677 01e4 50       		.byte	0x50
 678 01e5 00       		.byte	0
 679 01e6 00       		.byte	0
 680 01e7 0C       		.uleb128 0xc
 681 01e8 28000000 		.4byte	.LASF29
 682 01ec 01       		.byte	0x1
 683 01ed B9       		.byte	0xb9
 684 01ee 00000000 		.4byte	.LFB4
 685 01f2 8C000000 		.4byte	.LFE4-.LFB4
 686 01f6 01       		.uleb128 0x1
 687 01f7 9C       		.byte	0x9c
 688 01f8 32020000 		.4byte	0x232
 689 01fc 15       		.uleb128 0x15
 690 01fd 14000000 		.4byte	.LVL14
 691 0201 73030000 		.4byte	0x373
 692 0205 0F020000 		.4byte	0x20f
 693 0209 14       		.uleb128 0x14
 694 020a 01       		.uleb128 0x1
 695 020b 50       		.byte	0x50
 696 020c 01       		.uleb128 0x1
 697 020d 48       		.byte	0x48
 698 020e 00       		.byte	0
 699 020f 15       		.uleb128 0x15
 700 0210 4A000000 		.4byte	.LVL15
 701 0214 84030000 		.4byte	0x384
 702 0218 22020000 		.4byte	0x222
 703 021c 14       		.uleb128 0x14
 704 021d 01       		.uleb128 0x1
 705 021e 50       		.byte	0x50
 706 021f 01       		.uleb128 0x1
 707 0220 39       		.byte	0x39
 708 0221 00       		.byte	0
 709 0222 13       		.uleb128 0x13
 710 0223 50000000 		.4byte	.LVL16
 711 0227 9E030000 		.4byte	0x39e
 712 022b 14       		.uleb128 0x14
 713 022c 01       		.uleb128 0x1
 714 022d 50       		.byte	0x50
 715 022e 01       		.uleb128 0x1
ARM GAS  C:\Users\EGH35~1.DRE\AppData\Local\Temp\ccCzBSW0.s 			page 20


 716 022f 39       		.byte	0x39
 717 0230 00       		.byte	0
 718 0231 00       		.byte	0
 719 0232 16       		.uleb128 0x16
 720 0233 04010000 		.4byte	.LASF41
 721 0237 01       		.byte	0x1
 722 0238 0401     		.2byte	0x104
 723 023a 8C000000 		.4byte	.LFB6
 724 023e 14010000 		.4byte	.LFE6-.LFB6
 725 0242 01       		.uleb128 0x1
 726 0243 9C       		.byte	0x9c
 727 0244 2C030000 		.4byte	0x32c
 728 0248 17       		.uleb128 0x17
 729 0249 90000000 		.4byte	.LBB4
 730 024d 8A000000 		.4byte	.LBE4-.LBB4
 731 0251 22030000 		.4byte	0x322
 732 0255 18       		.uleb128 0x18
 733 0256 33000000 		.4byte	.LASF30
 734 025a 01       		.byte	0x1
 735 025b 0A01     		.2byte	0x10a
 736 025d 3C030000 		.4byte	0x33c
 737 0261 05       		.uleb128 0x5
 738 0262 03       		.byte	0x3
 739 0263 0C000000 		.4byte	cy_cfg_addr_table.4734
 740 0267 18       		.uleb128 0x18
 741 0268 45000000 		.4byte	.LASF31
 742 026c 01       		.byte	0x1
 743 026d 1001     		.2byte	0x110
 744 026f 51030000 		.4byte	0x351
 745 0273 05       		.uleb128 0x5
 746 0274 03       		.byte	0x3
 747 0275 18000000 		.4byte	cy_cfg_data_table.4735
 748 0279 19       		.uleb128 0x19
 749 027a 06       		.byte	0x6
 750 027b 01       		.byte	0x1
 751 027c 1C01     		.2byte	0x11c
 752 027e 9D020000 		.4byte	0x29d
 753 0282 1A       		.uleb128 0x1a
 754 0283 11010000 		.4byte	.LASF32
 755 0287 01       		.byte	0x1
 756 0288 1D01     		.2byte	0x11d
 757 028a 7D000000 		.4byte	0x7d
 758 028e 00       		.byte	0
 759 028f 1A       		.uleb128 0x1a
 760 0290 6D000000 		.4byte	.LASF33
 761 0294 01       		.byte	0x1
 762 0295 1E01     		.2byte	0x11e
 763 0297 98000000 		.4byte	0x98
 764 029b 04       		.byte	0x4
 765 029c 00       		.byte	0
 766 029d 08       		.uleb128 0x8
 767 029e B9010000 		.4byte	.LASF34
 768 02a2 01       		.byte	0x1
 769 02a3 1F01     		.2byte	0x11f
 770 02a5 79020000 		.4byte	0x279
 771 02a9 1B       		.uleb128 0x1b
 772 02aa 9D020000 		.4byte	0x29d
ARM GAS  C:\Users\EGH35~1.DRE\AppData\Local\Temp\ccCzBSW0.s 			page 21


 773 02ae B9020000 		.4byte	0x2b9
 774 02b2 1C       		.uleb128 0x1c
 775 02b3 76000000 		.4byte	0x76
 776 02b7 01       		.byte	0x1
 777 02b8 00       		.byte	0
 778 02b9 18       		.uleb128 0x18
 779 02ba 5D000000 		.4byte	.LASF35
 780 02be 01       		.byte	0x1
 781 02bf 2101     		.2byte	0x121
 782 02c1 CB020000 		.4byte	0x2cb
 783 02c5 05       		.uleb128 0x5
 784 02c6 03       		.byte	0x3
 785 02c7 00000000 		.4byte	cfg_memset_list.4740
 786 02cb 11       		.uleb128 0x11
 787 02cc A9020000 		.4byte	0x2a9
 788 02d0 1D       		.uleb128 0x1d
 789 02d1 6900     		.ascii	"i\000"
 790 02d3 01       		.byte	0x1
 791 02d4 2701     		.2byte	0x127
 792 02d6 8D000000 		.4byte	0x8d
 793 02da D4000000 		.4byte	.LLST6
 794 02de 1E       		.uleb128 0x1e
 795 02df 18000000 		.4byte	.Ldebug_ranges0+0x18
 796 02e3 0B030000 		.4byte	0x30b
 797 02e7 1D       		.uleb128 0x1d
 798 02e8 6D7300   		.ascii	"ms\000"
 799 02eb 01       		.byte	0x1
 800 02ec 2C01     		.2byte	0x12c
 801 02ee F6020000 		.4byte	0x2f6
 802 02f2 0B010000 		.4byte	.LLST7
 803 02f6 06       		.uleb128 0x6
 804 02f7 04       		.byte	0x4
 805 02f8 FC020000 		.4byte	0x2fc
 806 02fc 11       		.uleb128 0x11
 807 02fd 9D020000 		.4byte	0x29d
 808 0301 1F       		.uleb128 0x1f
 809 0302 AC000000 		.4byte	.LVL20
 810 0306 9A010000 		.4byte	0x19a
 811 030a 00       		.byte	0
 812 030b 13       		.uleb128 0x13
 813 030c C0000000 		.4byte	.LVL23
 814 0310 16010000 		.4byte	0x116
 815 0314 14       		.uleb128 0x14
 816 0315 01       		.uleb128 0x1
 817 0316 51       		.byte	0x51
 818 0317 02       		.uleb128 0x2
 819 0318 75       		.byte	0x75
 820 0319 18       		.sleb128 24
 821 031a 14       		.uleb128 0x14
 822 031b 01       		.uleb128 0x1
 823 031c 50       		.byte	0x50
 824 031d 02       		.uleb128 0x2
 825 031e 75       		.byte	0x75
 826 031f 0C       		.sleb128 12
 827 0320 00       		.byte	0
 828 0321 00       		.byte	0
 829 0322 1F       		.uleb128 0x1f
ARM GAS  C:\Users\EGH35~1.DRE\AppData\Local\Temp\ccCzBSW0.s 			page 22


 830 0323 4A010000 		.4byte	.LVL24
 831 0327 E7010000 		.4byte	0x1e7
 832 032b 00       		.byte	0
 833 032c 1B       		.uleb128 0x1b
 834 032d A3000000 		.4byte	0xa3
 835 0331 3C030000 		.4byte	0x33c
 836 0335 1C       		.uleb128 0x1c
 837 0336 76000000 		.4byte	0x76
 838 033a 02       		.byte	0x2
 839 033b 00       		.byte	0
 840 033c 11       		.uleb128 0x11
 841 033d 2C030000 		.4byte	0x32c
 842 0341 1B       		.uleb128 0x1b
 843 0342 0B010000 		.4byte	0x10b
 844 0346 51030000 		.4byte	0x351
 845 034a 1C       		.uleb128 0x1c
 846 034b 76000000 		.4byte	0x76
 847 034f 06       		.byte	0x6
 848 0350 00       		.byte	0
 849 0351 11       		.uleb128 0x11
 850 0352 41030000 		.4byte	0x341
 851 0356 20       		.uleb128 0x20
 852 0357 A7000000 		.4byte	.LASF36
 853 035b 7D000000 		.4byte	0x7d
 854 035f 73030000 		.4byte	0x373
 855 0363 21       		.uleb128 0x21
 856 0364 7D000000 		.4byte	0x7d
 857 0368 21       		.uleb128 0x21
 858 0369 25000000 		.4byte	0x25
 859 036d 21       		.uleb128 0x21
 860 036e 76000000 		.4byte	0x76
 861 0372 00       		.byte	0
 862 0373 22       		.uleb128 0x22
 863 0374 37020000 		.4byte	.LASF37
 864 0378 04       		.byte	0x4
 865 0379 31       		.byte	0x31
 866 037a 84030000 		.4byte	0x384
 867 037e 21       		.uleb128 0x21
 868 037f A3000000 		.4byte	0xa3
 869 0383 00       		.byte	0
 870 0384 23       		.uleb128 0x23
 871 0385 0D000000 		.4byte	.LASF42
 872 0389 04       		.byte	0x4
 873 038a 46       		.byte	0x46
 874 038b DE000000 		.4byte	0xde
 875 038f 9E030000 		.4byte	0x39e
 876 0393 21       		.uleb128 0x21
 877 0394 8D000000 		.4byte	0x8d
 878 0398 21       		.uleb128 0x21
 879 0399 DE000000 		.4byte	0xde
 880 039d 00       		.byte	0
 881 039e 24       		.uleb128 0x24
 882 039f C7000000 		.4byte	.LASF43
 883 03a3 04       		.byte	0x4
 884 03a4 4C       		.byte	0x4c
 885 03a5 21       		.uleb128 0x21
 886 03a6 8D000000 		.4byte	0x8d
ARM GAS  C:\Users\EGH35~1.DRE\AppData\Local\Temp\ccCzBSW0.s 			page 23


 887 03aa 00       		.byte	0
 888 03ab 00       		.byte	0
 889              		.section	.debug_abbrev,"",%progbits
 890              	.Ldebug_abbrev0:
 891 0000 01       		.uleb128 0x1
 892 0001 11       		.uleb128 0x11
 893 0002 01       		.byte	0x1
 894 0003 25       		.uleb128 0x25
 895 0004 0E       		.uleb128 0xe
 896 0005 13       		.uleb128 0x13
 897 0006 0B       		.uleb128 0xb
 898 0007 03       		.uleb128 0x3
 899 0008 0E       		.uleb128 0xe
 900 0009 1B       		.uleb128 0x1b
 901 000a 0E       		.uleb128 0xe
 902 000b 55       		.uleb128 0x55
 903 000c 17       		.uleb128 0x17
 904 000d 11       		.uleb128 0x11
 905 000e 01       		.uleb128 0x1
 906 000f 10       		.uleb128 0x10
 907 0010 17       		.uleb128 0x17
 908 0011 00       		.byte	0
 909 0012 00       		.byte	0
 910 0013 02       		.uleb128 0x2
 911 0014 24       		.uleb128 0x24
 912 0015 00       		.byte	0
 913 0016 0B       		.uleb128 0xb
 914 0017 0B       		.uleb128 0xb
 915 0018 3E       		.uleb128 0x3e
 916 0019 0B       		.uleb128 0xb
 917 001a 03       		.uleb128 0x3
 918 001b 08       		.uleb128 0x8
 919 001c 00       		.byte	0
 920 001d 00       		.byte	0
 921 001e 03       		.uleb128 0x3
 922 001f 16       		.uleb128 0x16
 923 0020 00       		.byte	0
 924 0021 03       		.uleb128 0x3
 925 0022 0E       		.uleb128 0xe
 926 0023 3A       		.uleb128 0x3a
 927 0024 0B       		.uleb128 0xb
 928 0025 3B       		.uleb128 0x3b
 929 0026 0B       		.uleb128 0xb
 930 0027 49       		.uleb128 0x49
 931 0028 13       		.uleb128 0x13
 932 0029 00       		.byte	0
 933 002a 00       		.byte	0
 934 002b 04       		.uleb128 0x4
 935 002c 24       		.uleb128 0x24
 936 002d 00       		.byte	0
 937 002e 0B       		.uleb128 0xb
 938 002f 0B       		.uleb128 0xb
 939 0030 3E       		.uleb128 0x3e
 940 0031 0B       		.uleb128 0xb
 941 0032 03       		.uleb128 0x3
 942 0033 0E       		.uleb128 0xe
 943 0034 00       		.byte	0
ARM GAS  C:\Users\EGH35~1.DRE\AppData\Local\Temp\ccCzBSW0.s 			page 24


 944 0035 00       		.byte	0
 945 0036 05       		.uleb128 0x5
 946 0037 0F       		.uleb128 0xf
 947 0038 00       		.byte	0
 948 0039 0B       		.uleb128 0xb
 949 003a 0B       		.uleb128 0xb
 950 003b 00       		.byte	0
 951 003c 00       		.byte	0
 952 003d 06       		.uleb128 0x6
 953 003e 0F       		.uleb128 0xf
 954 003f 00       		.byte	0
 955 0040 0B       		.uleb128 0xb
 956 0041 0B       		.uleb128 0xb
 957 0042 49       		.uleb128 0x49
 958 0043 13       		.uleb128 0x13
 959 0044 00       		.byte	0
 960 0045 00       		.byte	0
 961 0046 07       		.uleb128 0x7
 962 0047 15       		.uleb128 0x15
 963 0048 00       		.byte	0
 964 0049 27       		.uleb128 0x27
 965 004a 19       		.uleb128 0x19
 966 004b 00       		.byte	0
 967 004c 00       		.byte	0
 968 004d 08       		.uleb128 0x8
 969 004e 16       		.uleb128 0x16
 970 004f 00       		.byte	0
 971 0050 03       		.uleb128 0x3
 972 0051 0E       		.uleb128 0xe
 973 0052 3A       		.uleb128 0x3a
 974 0053 0B       		.uleb128 0xb
 975 0054 3B       		.uleb128 0x3b
 976 0055 05       		.uleb128 0x5
 977 0056 49       		.uleb128 0x49
 978 0057 13       		.uleb128 0x13
 979 0058 00       		.byte	0
 980 0059 00       		.byte	0
 981 005a 09       		.uleb128 0x9
 982 005b 35       		.uleb128 0x35
 983 005c 00       		.byte	0
 984 005d 49       		.uleb128 0x49
 985 005e 13       		.uleb128 0x13
 986 005f 00       		.byte	0
 987 0060 00       		.byte	0
 988 0061 0A       		.uleb128 0xa
 989 0062 13       		.uleb128 0x13
 990 0063 01       		.byte	0x1
 991 0064 0B       		.uleb128 0xb
 992 0065 0B       		.uleb128 0xb
 993 0066 3A       		.uleb128 0x3a
 994 0067 0B       		.uleb128 0xb
 995 0068 3B       		.uleb128 0x3b
 996 0069 0B       		.uleb128 0xb
 997 006a 01       		.uleb128 0x1
 998 006b 13       		.uleb128 0x13
 999 006c 00       		.byte	0
 1000 006d 00       		.byte	0
ARM GAS  C:\Users\EGH35~1.DRE\AppData\Local\Temp\ccCzBSW0.s 			page 25


 1001 006e 0B       		.uleb128 0xb
 1002 006f 0D       		.uleb128 0xd
 1003 0070 00       		.byte	0
 1004 0071 03       		.uleb128 0x3
 1005 0072 0E       		.uleb128 0xe
 1006 0073 3A       		.uleb128 0x3a
 1007 0074 0B       		.uleb128 0xb
 1008 0075 3B       		.uleb128 0x3b
 1009 0076 0B       		.uleb128 0xb
 1010 0077 49       		.uleb128 0x49
 1011 0078 13       		.uleb128 0x13
 1012 0079 38       		.uleb128 0x38
 1013 007a 0B       		.uleb128 0xb
 1014 007b 00       		.byte	0
 1015 007c 00       		.byte	0
 1016 007d 0C       		.uleb128 0xc
 1017 007e 2E       		.uleb128 0x2e
 1018 007f 01       		.byte	0x1
 1019 0080 03       		.uleb128 0x3
 1020 0081 0E       		.uleb128 0xe
 1021 0082 3A       		.uleb128 0x3a
 1022 0083 0B       		.uleb128 0xb
 1023 0084 3B       		.uleb128 0x3b
 1024 0085 0B       		.uleb128 0xb
 1025 0086 27       		.uleb128 0x27
 1026 0087 19       		.uleb128 0x19
 1027 0088 11       		.uleb128 0x11
 1028 0089 01       		.uleb128 0x1
 1029 008a 12       		.uleb128 0x12
 1030 008b 06       		.uleb128 0x6
 1031 008c 40       		.uleb128 0x40
 1032 008d 18       		.uleb128 0x18
 1033 008e 9742     		.uleb128 0x2117
 1034 0090 19       		.uleb128 0x19
 1035 0091 01       		.uleb128 0x1
 1036 0092 13       		.uleb128 0x13
 1037 0093 00       		.byte	0
 1038 0094 00       		.byte	0
 1039 0095 0D       		.uleb128 0xd
 1040 0096 05       		.uleb128 0x5
 1041 0097 00       		.byte	0
 1042 0098 03       		.uleb128 0x3
 1043 0099 0E       		.uleb128 0xe
 1044 009a 3A       		.uleb128 0x3a
 1045 009b 0B       		.uleb128 0xb
 1046 009c 3B       		.uleb128 0x3b
 1047 009d 0B       		.uleb128 0xb
 1048 009e 49       		.uleb128 0x49
 1049 009f 13       		.uleb128 0x13
 1050 00a0 02       		.uleb128 0x2
 1051 00a1 18       		.uleb128 0x18
 1052 00a2 00       		.byte	0
 1053 00a3 00       		.byte	0
 1054 00a4 0E       		.uleb128 0xe
 1055 00a5 34       		.uleb128 0x34
 1056 00a6 00       		.byte	0
 1057 00a7 03       		.uleb128 0x3
ARM GAS  C:\Users\EGH35~1.DRE\AppData\Local\Temp\ccCzBSW0.s 			page 26


 1058 00a8 08       		.uleb128 0x8
 1059 00a9 3A       		.uleb128 0x3a
 1060 00aa 0B       		.uleb128 0xb
 1061 00ab 3B       		.uleb128 0x3b
 1062 00ac 0B       		.uleb128 0xb
 1063 00ad 49       		.uleb128 0x49
 1064 00ae 13       		.uleb128 0x13
 1065 00af 02       		.uleb128 0x2
 1066 00b0 17       		.uleb128 0x17
 1067 00b1 00       		.byte	0
 1068 00b2 00       		.byte	0
 1069 00b3 0F       		.uleb128 0xf
 1070 00b4 0B       		.uleb128 0xb
 1071 00b5 01       		.byte	0x1
 1072 00b6 55       		.uleb128 0x55
 1073 00b7 17       		.uleb128 0x17
 1074 00b8 00       		.byte	0
 1075 00b9 00       		.byte	0
 1076 00ba 10       		.uleb128 0x10
 1077 00bb 34       		.uleb128 0x34
 1078 00bc 00       		.byte	0
 1079 00bd 03       		.uleb128 0x3
 1080 00be 0E       		.uleb128 0xe
 1081 00bf 3A       		.uleb128 0x3a
 1082 00c0 0B       		.uleb128 0xb
 1083 00c1 3B       		.uleb128 0x3b
 1084 00c2 0B       		.uleb128 0xb
 1085 00c3 49       		.uleb128 0x49
 1086 00c4 13       		.uleb128 0x13
 1087 00c5 02       		.uleb128 0x2
 1088 00c6 17       		.uleb128 0x17
 1089 00c7 00       		.byte	0
 1090 00c8 00       		.byte	0
 1091 00c9 11       		.uleb128 0x11
 1092 00ca 26       		.uleb128 0x26
 1093 00cb 00       		.byte	0
 1094 00cc 49       		.uleb128 0x49
 1095 00cd 13       		.uleb128 0x13
 1096 00ce 00       		.byte	0
 1097 00cf 00       		.byte	0
 1098 00d0 12       		.uleb128 0x12
 1099 00d1 05       		.uleb128 0x5
 1100 00d2 00       		.byte	0
 1101 00d3 03       		.uleb128 0x3
 1102 00d4 08       		.uleb128 0x8
 1103 00d5 3A       		.uleb128 0x3a
 1104 00d6 0B       		.uleb128 0xb
 1105 00d7 3B       		.uleb128 0x3b
 1106 00d8 0B       		.uleb128 0xb
 1107 00d9 49       		.uleb128 0x49
 1108 00da 13       		.uleb128 0x13
 1109 00db 02       		.uleb128 0x2
 1110 00dc 17       		.uleb128 0x17
 1111 00dd 00       		.byte	0
 1112 00de 00       		.byte	0
 1113 00df 13       		.uleb128 0x13
 1114 00e0 898201   		.uleb128 0x4109
ARM GAS  C:\Users\EGH35~1.DRE\AppData\Local\Temp\ccCzBSW0.s 			page 27


 1115 00e3 01       		.byte	0x1
 1116 00e4 11       		.uleb128 0x11
 1117 00e5 01       		.uleb128 0x1
 1118 00e6 31       		.uleb128 0x31
 1119 00e7 13       		.uleb128 0x13
 1120 00e8 00       		.byte	0
 1121 00e9 00       		.byte	0
 1122 00ea 14       		.uleb128 0x14
 1123 00eb 8A8201   		.uleb128 0x410a
 1124 00ee 00       		.byte	0
 1125 00ef 02       		.uleb128 0x2
 1126 00f0 18       		.uleb128 0x18
 1127 00f1 9142     		.uleb128 0x2111
 1128 00f3 18       		.uleb128 0x18
 1129 00f4 00       		.byte	0
 1130 00f5 00       		.byte	0
 1131 00f6 15       		.uleb128 0x15
 1132 00f7 898201   		.uleb128 0x4109
 1133 00fa 01       		.byte	0x1
 1134 00fb 11       		.uleb128 0x11
 1135 00fc 01       		.uleb128 0x1
 1136 00fd 31       		.uleb128 0x31
 1137 00fe 13       		.uleb128 0x13
 1138 00ff 01       		.uleb128 0x1
 1139 0100 13       		.uleb128 0x13
 1140 0101 00       		.byte	0
 1141 0102 00       		.byte	0
 1142 0103 16       		.uleb128 0x16
 1143 0104 2E       		.uleb128 0x2e
 1144 0105 01       		.byte	0x1
 1145 0106 3F       		.uleb128 0x3f
 1146 0107 19       		.uleb128 0x19
 1147 0108 03       		.uleb128 0x3
 1148 0109 0E       		.uleb128 0xe
 1149 010a 3A       		.uleb128 0x3a
 1150 010b 0B       		.uleb128 0xb
 1151 010c 3B       		.uleb128 0x3b
 1152 010d 05       		.uleb128 0x5
 1153 010e 27       		.uleb128 0x27
 1154 010f 19       		.uleb128 0x19
 1155 0110 11       		.uleb128 0x11
 1156 0111 01       		.uleb128 0x1
 1157 0112 12       		.uleb128 0x12
 1158 0113 06       		.uleb128 0x6
 1159 0114 40       		.uleb128 0x40
 1160 0115 18       		.uleb128 0x18
 1161 0116 9742     		.uleb128 0x2117
 1162 0118 19       		.uleb128 0x19
 1163 0119 01       		.uleb128 0x1
 1164 011a 13       		.uleb128 0x13
 1165 011b 00       		.byte	0
 1166 011c 00       		.byte	0
 1167 011d 17       		.uleb128 0x17
 1168 011e 0B       		.uleb128 0xb
 1169 011f 01       		.byte	0x1
 1170 0120 11       		.uleb128 0x11
 1171 0121 01       		.uleb128 0x1
ARM GAS  C:\Users\EGH35~1.DRE\AppData\Local\Temp\ccCzBSW0.s 			page 28


 1172 0122 12       		.uleb128 0x12
 1173 0123 06       		.uleb128 0x6
 1174 0124 01       		.uleb128 0x1
 1175 0125 13       		.uleb128 0x13
 1176 0126 00       		.byte	0
 1177 0127 00       		.byte	0
 1178 0128 18       		.uleb128 0x18
 1179 0129 34       		.uleb128 0x34
 1180 012a 00       		.byte	0
 1181 012b 03       		.uleb128 0x3
 1182 012c 0E       		.uleb128 0xe
 1183 012d 3A       		.uleb128 0x3a
 1184 012e 0B       		.uleb128 0xb
 1185 012f 3B       		.uleb128 0x3b
 1186 0130 05       		.uleb128 0x5
 1187 0131 49       		.uleb128 0x49
 1188 0132 13       		.uleb128 0x13
 1189 0133 02       		.uleb128 0x2
 1190 0134 18       		.uleb128 0x18
 1191 0135 00       		.byte	0
 1192 0136 00       		.byte	0
 1193 0137 19       		.uleb128 0x19
 1194 0138 13       		.uleb128 0x13
 1195 0139 01       		.byte	0x1
 1196 013a 0B       		.uleb128 0xb
 1197 013b 0B       		.uleb128 0xb
 1198 013c 3A       		.uleb128 0x3a
 1199 013d 0B       		.uleb128 0xb
 1200 013e 3B       		.uleb128 0x3b
 1201 013f 05       		.uleb128 0x5
 1202 0140 01       		.uleb128 0x1
 1203 0141 13       		.uleb128 0x13
 1204 0142 00       		.byte	0
 1205 0143 00       		.byte	0
 1206 0144 1A       		.uleb128 0x1a
 1207 0145 0D       		.uleb128 0xd
 1208 0146 00       		.byte	0
 1209 0147 03       		.uleb128 0x3
 1210 0148 0E       		.uleb128 0xe
 1211 0149 3A       		.uleb128 0x3a
 1212 014a 0B       		.uleb128 0xb
 1213 014b 3B       		.uleb128 0x3b
 1214 014c 05       		.uleb128 0x5
 1215 014d 49       		.uleb128 0x49
 1216 014e 13       		.uleb128 0x13
 1217 014f 38       		.uleb128 0x38
 1218 0150 0B       		.uleb128 0xb
 1219 0151 00       		.byte	0
 1220 0152 00       		.byte	0
 1221 0153 1B       		.uleb128 0x1b
 1222 0154 01       		.uleb128 0x1
 1223 0155 01       		.byte	0x1
 1224 0156 49       		.uleb128 0x49
 1225 0157 13       		.uleb128 0x13
 1226 0158 01       		.uleb128 0x1
 1227 0159 13       		.uleb128 0x13
 1228 015a 00       		.byte	0
ARM GAS  C:\Users\EGH35~1.DRE\AppData\Local\Temp\ccCzBSW0.s 			page 29


 1229 015b 00       		.byte	0
 1230 015c 1C       		.uleb128 0x1c
 1231 015d 21       		.uleb128 0x21
 1232 015e 00       		.byte	0
 1233 015f 49       		.uleb128 0x49
 1234 0160 13       		.uleb128 0x13
 1235 0161 2F       		.uleb128 0x2f
 1236 0162 0B       		.uleb128 0xb
 1237 0163 00       		.byte	0
 1238 0164 00       		.byte	0
 1239 0165 1D       		.uleb128 0x1d
 1240 0166 34       		.uleb128 0x34
 1241 0167 00       		.byte	0
 1242 0168 03       		.uleb128 0x3
 1243 0169 08       		.uleb128 0x8
 1244 016a 3A       		.uleb128 0x3a
 1245 016b 0B       		.uleb128 0xb
 1246 016c 3B       		.uleb128 0x3b
 1247 016d 05       		.uleb128 0x5
 1248 016e 49       		.uleb128 0x49
 1249 016f 13       		.uleb128 0x13
 1250 0170 02       		.uleb128 0x2
 1251 0171 17       		.uleb128 0x17
 1252 0172 00       		.byte	0
 1253 0173 00       		.byte	0
 1254 0174 1E       		.uleb128 0x1e
 1255 0175 0B       		.uleb128 0xb
 1256 0176 01       		.byte	0x1
 1257 0177 55       		.uleb128 0x55
 1258 0178 17       		.uleb128 0x17
 1259 0179 01       		.uleb128 0x1
 1260 017a 13       		.uleb128 0x13
 1261 017b 00       		.byte	0
 1262 017c 00       		.byte	0
 1263 017d 1F       		.uleb128 0x1f
 1264 017e 898201   		.uleb128 0x4109
 1265 0181 00       		.byte	0
 1266 0182 11       		.uleb128 0x11
 1267 0183 01       		.uleb128 0x1
 1268 0184 31       		.uleb128 0x31
 1269 0185 13       		.uleb128 0x13
 1270 0186 00       		.byte	0
 1271 0187 00       		.byte	0
 1272 0188 20       		.uleb128 0x20
 1273 0189 2E       		.uleb128 0x2e
 1274 018a 01       		.byte	0x1
 1275 018b 3F       		.uleb128 0x3f
 1276 018c 19       		.uleb128 0x19
 1277 018d 03       		.uleb128 0x3
 1278 018e 0E       		.uleb128 0xe
 1279 018f 27       		.uleb128 0x27
 1280 0190 19       		.uleb128 0x19
 1281 0191 49       		.uleb128 0x49
 1282 0192 13       		.uleb128 0x13
 1283 0193 34       		.uleb128 0x34
 1284 0194 19       		.uleb128 0x19
 1285 0195 3C       		.uleb128 0x3c
ARM GAS  C:\Users\EGH35~1.DRE\AppData\Local\Temp\ccCzBSW0.s 			page 30


 1286 0196 19       		.uleb128 0x19
 1287 0197 01       		.uleb128 0x1
 1288 0198 13       		.uleb128 0x13
 1289 0199 00       		.byte	0
 1290 019a 00       		.byte	0
 1291 019b 21       		.uleb128 0x21
 1292 019c 05       		.uleb128 0x5
 1293 019d 00       		.byte	0
 1294 019e 49       		.uleb128 0x49
 1295 019f 13       		.uleb128 0x13
 1296 01a0 00       		.byte	0
 1297 01a1 00       		.byte	0
 1298 01a2 22       		.uleb128 0x22
 1299 01a3 2E       		.uleb128 0x2e
 1300 01a4 01       		.byte	0x1
 1301 01a5 3F       		.uleb128 0x3f
 1302 01a6 19       		.uleb128 0x19
 1303 01a7 03       		.uleb128 0x3
 1304 01a8 0E       		.uleb128 0xe
 1305 01a9 3A       		.uleb128 0x3a
 1306 01aa 0B       		.uleb128 0xb
 1307 01ab 3B       		.uleb128 0x3b
 1308 01ac 0B       		.uleb128 0xb
 1309 01ad 27       		.uleb128 0x27
 1310 01ae 19       		.uleb128 0x19
 1311 01af 3C       		.uleb128 0x3c
 1312 01b0 19       		.uleb128 0x19
 1313 01b1 01       		.uleb128 0x1
 1314 01b2 13       		.uleb128 0x13
 1315 01b3 00       		.byte	0
 1316 01b4 00       		.byte	0
 1317 01b5 23       		.uleb128 0x23
 1318 01b6 2E       		.uleb128 0x2e
 1319 01b7 01       		.byte	0x1
 1320 01b8 3F       		.uleb128 0x3f
 1321 01b9 19       		.uleb128 0x19
 1322 01ba 03       		.uleb128 0x3
 1323 01bb 0E       		.uleb128 0xe
 1324 01bc 3A       		.uleb128 0x3a
 1325 01bd 0B       		.uleb128 0xb
 1326 01be 3B       		.uleb128 0x3b
 1327 01bf 0B       		.uleb128 0xb
 1328 01c0 27       		.uleb128 0x27
 1329 01c1 19       		.uleb128 0x19
 1330 01c2 49       		.uleb128 0x49
 1331 01c3 13       		.uleb128 0x13
 1332 01c4 3C       		.uleb128 0x3c
 1333 01c5 19       		.uleb128 0x19
 1334 01c6 01       		.uleb128 0x1
 1335 01c7 13       		.uleb128 0x13
 1336 01c8 00       		.byte	0
 1337 01c9 00       		.byte	0
 1338 01ca 24       		.uleb128 0x24
 1339 01cb 2E       		.uleb128 0x2e
 1340 01cc 01       		.byte	0x1
 1341 01cd 3F       		.uleb128 0x3f
 1342 01ce 19       		.uleb128 0x19
ARM GAS  C:\Users\EGH35~1.DRE\AppData\Local\Temp\ccCzBSW0.s 			page 31


 1343 01cf 03       		.uleb128 0x3
 1344 01d0 0E       		.uleb128 0xe
 1345 01d1 3A       		.uleb128 0x3a
 1346 01d2 0B       		.uleb128 0xb
 1347 01d3 3B       		.uleb128 0x3b
 1348 01d4 0B       		.uleb128 0xb
 1349 01d5 27       		.uleb128 0x27
 1350 01d6 19       		.uleb128 0x19
 1351 01d7 3C       		.uleb128 0x3c
 1352 01d8 19       		.uleb128 0x19
 1353 01d9 00       		.byte	0
 1354 01da 00       		.byte	0
 1355 01db 00       		.byte	0
 1356              		.section	.debug_loc,"",%progbits
 1357              	.Ldebug_loc0:
 1358              	.LLST0:
 1359 0000 02000000 		.4byte	.LVL1
 1360 0004 0C000000 		.4byte	.LVL2
 1361 0008 0200     		.2byte	0x2
 1362 000a 30       		.byte	0x30
 1363 000b 9F       		.byte	0x9f
 1364 000c 0C000000 		.4byte	.LVL2
 1365 0010 34000000 		.4byte	.LVL10
 1366 0014 0100     		.2byte	0x1
 1367 0016 57       		.byte	0x57
 1368 0017 00000000 		.4byte	0
 1369 001b 00000000 		.4byte	0
 1370              	.LLST1:
 1371 001f 02000000 		.4byte	.LVL1
 1372 0023 0C000000 		.4byte	.LVL2
 1373 0027 0200     		.2byte	0x2
 1374 0029 30       		.byte	0x30
 1375 002a 9F       		.byte	0x9f
 1376 002b 0C000000 		.4byte	.LVL2
 1377 002f 36000000 		.4byte	.LFE3
 1378 0033 0100     		.2byte	0x1
 1379 0035 52       		.byte	0x52
 1380 0036 00000000 		.4byte	0
 1381 003a 00000000 		.4byte	0
 1382              	.LLST2:
 1383 003e 10000000 		.4byte	.LVL3
 1384 0042 30000000 		.4byte	.LVL9
 1385 0046 0100     		.2byte	0x1
 1386 0048 56       		.byte	0x56
 1387 0049 00000000 		.4byte	0
 1388 004d 00000000 		.4byte	0
 1389              	.LLST3:
 1390 0051 12000000 		.4byte	.LVL4
 1391 0055 16000000 		.4byte	.LVL5
 1392 0059 0100     		.2byte	0x1
 1393 005b 56       		.byte	0x56
 1394 005c 16000000 		.4byte	.LVL5
 1395 0060 28000000 		.4byte	.LVL7
 1396 0064 0100     		.2byte	0x1
 1397 0066 53       		.byte	0x53
 1398 0067 28000000 		.4byte	.LVL7
 1399 006b 2A000000 		.4byte	.LVL8
ARM GAS  C:\Users\EGH35~1.DRE\AppData\Local\Temp\ccCzBSW0.s 			page 32


 1400 006f 0300     		.2byte	0x3
 1401 0071 73       		.byte	0x73
 1402 0072 01       		.sleb128 1
 1403 0073 9F       		.byte	0x9f
 1404 0074 2A000000 		.4byte	.LVL8
 1405 0078 30000000 		.4byte	.LVL9
 1406 007c 0100     		.2byte	0x1
 1407 007e 53       		.byte	0x53
 1408 007f 00000000 		.4byte	0
 1409 0083 00000000 		.4byte	0
 1410              	.LLST4:
 1411 0087 00000000 		.4byte	.LVL11
 1412 008b 09000000 		.4byte	.LVL13-1
 1413 008f 0100     		.2byte	0x1
 1414 0091 50       		.byte	0x50
 1415 0092 09000000 		.4byte	.LVL13-1
 1416 0096 0C000000 		.4byte	.LFE0
 1417 009a 0400     		.2byte	0x4
 1418 009c F3       		.byte	0xf3
 1419 009d 01       		.uleb128 0x1
 1420 009e 50       		.byte	0x50
 1421 009f 9F       		.byte	0x9f
 1422 00a0 00000000 		.4byte	0
 1423 00a4 00000000 		.4byte	0
 1424              	.LLST5:
 1425 00a8 00000000 		.4byte	.LVL11
 1426 00ac 06000000 		.4byte	.LVL12
 1427 00b0 0100     		.2byte	0x1
 1428 00b2 51       		.byte	0x51
 1429 00b3 06000000 		.4byte	.LVL12
 1430 00b7 09000000 		.4byte	.LVL13-1
 1431 00bb 0100     		.2byte	0x1
 1432 00bd 52       		.byte	0x52
 1433 00be 09000000 		.4byte	.LVL13-1
 1434 00c2 0C000000 		.4byte	.LFE0
 1435 00c6 0400     		.2byte	0x4
 1436 00c8 F3       		.byte	0xf3
 1437 00c9 01       		.uleb128 0x1
 1438 00ca 51       		.byte	0x51
 1439 00cb 9F       		.byte	0x9f
 1440 00cc 00000000 		.4byte	0
 1441 00d0 00000000 		.4byte	0
 1442              	.LLST6:
 1443 00d4 90000000 		.4byte	.LVL17
 1444 00d8 96000000 		.4byte	.LVL18
 1445 00dc 0200     		.2byte	0x2
 1446 00de 30       		.byte	0x30
 1447 00df 9F       		.byte	0x9f
 1448 00e0 96000000 		.4byte	.LVL18
 1449 00e4 AE000000 		.4byte	.LVL21
 1450 00e8 0100     		.2byte	0x1
 1451 00ea 54       		.byte	0x54
 1452 00eb AE000000 		.4byte	.LVL21
 1453 00ef B0000000 		.4byte	.LVL22
 1454 00f3 0300     		.2byte	0x3
 1455 00f5 74       		.byte	0x74
 1456 00f6 7F       		.sleb128 -1
ARM GAS  C:\Users\EGH35~1.DRE\AppData\Local\Temp\ccCzBSW0.s 			page 33


 1457 00f7 9F       		.byte	0x9f
 1458 00f8 B0000000 		.4byte	.LVL22
 1459 00fc 4A010000 		.4byte	.LVL25
 1460 0100 0100     		.2byte	0x1
 1461 0102 54       		.byte	0x54
 1462 0103 00000000 		.4byte	0
 1463 0107 00000000 		.4byte	0
 1464              	.LLST7:
 1465 010b 9E000000 		.4byte	.LVL19
 1466 010f AB000000 		.4byte	.LVL20-1
 1467 0113 0100     		.2byte	0x1
 1468 0115 53       		.byte	0x53
 1469 0116 AB000000 		.4byte	.LVL20-1
 1470 011a AE000000 		.4byte	.LVL21
 1471 011e 0D00     		.2byte	0xd
 1472 0120 74       		.byte	0x74
 1473 0121 00       		.sleb128 0
 1474 0122 31       		.byte	0x31
 1475 0123 24       		.byte	0x24
 1476 0124 74       		.byte	0x74
 1477 0125 00       		.sleb128 0
 1478 0126 22       		.byte	0x22
 1479 0127 31       		.byte	0x31
 1480 0128 24       		.byte	0x24
 1481 0129 75       		.byte	0x75
 1482 012a 00       		.sleb128 0
 1483 012b 22       		.byte	0x22
 1484 012c 9F       		.byte	0x9f
 1485 012d AE000000 		.4byte	.LVL21
 1486 0131 B0000000 		.4byte	.LVL22
 1487 0135 0D00     		.2byte	0xd
 1488 0137 74       		.byte	0x74
 1489 0138 7F       		.sleb128 -1
 1490 0139 74       		.byte	0x74
 1491 013a 7F       		.sleb128 -1
 1492 013b 31       		.byte	0x31
 1493 013c 24       		.byte	0x24
 1494 013d 22       		.byte	0x22
 1495 013e 31       		.byte	0x31
 1496 013f 24       		.byte	0x24
 1497 0140 75       		.byte	0x75
 1498 0141 00       		.sleb128 0
 1499 0142 22       		.byte	0x22
 1500 0143 9F       		.byte	0x9f
 1501 0144 00000000 		.4byte	0
 1502 0148 00000000 		.4byte	0
 1503              		.section	.debug_aranges,"",%progbits
 1504 0000 34000000 		.4byte	0x34
 1505 0004 0200     		.2byte	0x2
 1506 0006 00000000 		.4byte	.Ldebug_info0
 1507 000a 04       		.byte	0x4
 1508 000b 00       		.byte	0
 1509 000c 0000     		.2byte	0
 1510 000e 0000     		.2byte	0
 1511 0010 00000000 		.4byte	.LFB3
 1512 0014 36000000 		.4byte	.LFE3-.LFB3
 1513 0018 00000000 		.4byte	.LFB0
ARM GAS  C:\Users\EGH35~1.DRE\AppData\Local\Temp\ccCzBSW0.s 			page 34


 1514 001c 0C000000 		.4byte	.LFE0-.LFB0
 1515 0020 00000000 		.4byte	.LFB4
 1516 0024 8C000000 		.4byte	.LFE4-.LFB4
 1517 0028 8C000000 		.4byte	.LFB6
 1518 002c 14010000 		.4byte	.LFE6-.LFB6
 1519 0030 00000000 		.4byte	0
 1520 0034 00000000 		.4byte	0
 1521              		.section	.debug_ranges,"",%progbits
 1522              	.Ldebug_ranges0:
 1523 0000 06000000 		.4byte	.LBB2
 1524 0004 0A000000 		.4byte	.LBE2
 1525 0008 0C000000 		.4byte	.LBB3
 1526 000c 2E000000 		.4byte	.LBE3
 1527 0010 00000000 		.4byte	0
 1528 0014 00000000 		.4byte	0
 1529 0018 92000000 		.4byte	.LBB5
 1530 001c 94000000 		.4byte	.LBE5
 1531 0020 96000000 		.4byte	.LBB6
 1532 0024 AC000000 		.4byte	.LBE6
 1533 0028 00000000 		.4byte	0
 1534 002c 00000000 		.4byte	0
 1535 0030 00000000 		.4byte	.LFB3
 1536 0034 36000000 		.4byte	.LFE3
 1537 0038 00000000 		.4byte	.LFB0
 1538 003c 0C000000 		.4byte	.LFE0
 1539 0040 00000000 		.4byte	.LFB4
 1540 0044 8C000000 		.4byte	.LFE4
 1541 0048 8C000000 		.4byte	.LFB6
 1542 004c A0010000 		.4byte	.LFE6
 1543 0050 00000000 		.4byte	0
 1544 0054 00000000 		.4byte	0
 1545              		.section	.debug_line,"",%progbits
 1546              	.Ldebug_line0:
 1547 0000 6D010000 		.section	.debug_str,"MS",%progbits,1
 1547      0200D800 
 1547      00000201 
 1547      FB0E0D00 
 1547      01010101 
 1548              	.LASF18:
 1549 0000 72656733 		.ascii	"reg32\000"
 1549      3200
 1550              	.LASF11:
 1551 0006 73697A65 		.ascii	"size_t\000"
 1551      5F7400
 1552              	.LASF42:
 1553 000d 4379496E 		.ascii	"CyIntSetVector\000"
 1553      74536574 
 1553      56656374 
 1553      6F7200
 1554              	.LASF21:
 1555 001c 76616C75 		.ascii	"value\000"
 1555      6500
 1556              	.LASF26:
 1557 0022 636F756E 		.ascii	"count\000"
 1557      7400
 1558              	.LASF29:
 1559 0028 436C6F63 		.ascii	"ClockSetup\000"
ARM GAS  C:\Users\EGH35~1.DRE\AppData\Local\Temp\ccCzBSW0.s 			page 35


 1559      6B536574 
 1559      757000
 1560              	.LASF30:
 1561 0033 63795F63 		.ascii	"cy_cfg_addr_table\000"
 1561      66675F61 
 1561      6464725F 
 1561      7461626C 
 1561      6500
 1562              	.LASF31:
 1563 0045 63795F63 		.ascii	"cy_cfg_data_table\000"
 1563      66675F64 
 1563      6174615F 
 1563      7461626C 
 1563      6500
 1564              	.LASF15:
 1565 0057 666C6F61 		.ascii	"float\000"
 1565      7400
 1566              	.LASF35:
 1567 005d 6366675F 		.ascii	"cfg_memset_list\000"
 1567      6D656D73 
 1567      65745F6C 
 1567      69737400 
 1568              	.LASF33:
 1569 006d 73697A65 		.ascii	"size\000"
 1569      00
 1570              	.LASF17:
 1571 0072 72656738 		.ascii	"reg8\000"
 1571      00
 1572              	.LASF6:
 1573 0077 6C6F6E67 		.ascii	"long unsigned int\000"
 1573      20756E73 
 1573      69676E65 
 1573      6420696E 
 1573      7400
 1574              	.LASF12:
 1575 0089 75696E74 		.ascii	"uint8\000"
 1575      3800
 1576              	.LASF28:
 1577 008f 43594D45 		.ascii	"CYMEMZERO\000"
 1577      4D5A4552 
 1577      4F00
 1578              	.LASF2:
 1579 0099 756E7369 		.ascii	"unsigned char\000"
 1579      676E6564 
 1579      20636861 
 1579      7200
 1580              	.LASF36:
 1581 00a7 6D656D73 		.ascii	"memset\000"
 1581      657400
 1582              	.LASF16:
 1583 00ae 646F7562 		.ascii	"double\000"
 1583      6C6500
 1584              	.LASF27:
 1585 00b5 6366675F 		.ascii	"cfg_write_bytes32\000"
 1585      77726974 
 1585      655F6279 
 1585      74657333 
ARM GAS  C:\Users\EGH35~1.DRE\AppData\Local\Temp\ccCzBSW0.s 			page 36


 1585      3200
 1586              	.LASF43:
 1587 00c7 4379496E 		.ascii	"CyIntEnable\000"
 1587      74456E61 
 1587      626C6500 
 1588              	.LASF23:
 1589 00d3 61646472 		.ascii	"addr_table\000"
 1589      5F746162 
 1589      6C6500
 1590              	.LASF13:
 1591 00de 75696E74 		.ascii	"uint16\000"
 1591      313600
 1592              	.LASF24:
 1593 00e5 64617461 		.ascii	"data_table\000"
 1593      5F746162 
 1593      6C6500
 1594              	.LASF14:
 1595 00f0 75696E74 		.ascii	"uint32\000"
 1595      333200
 1596              	.LASF0:
 1597 00f7 756E7369 		.ascii	"unsigned int\000"
 1597      676E6564 
 1597      20696E74 
 1597      00
 1598              	.LASF41:
 1599 0104 63796669 		.ascii	"cyfitter_cfg\000"
 1599      74746572 
 1599      5F636667 
 1599      00
 1600              	.LASF32:
 1601 0111 61646472 		.ascii	"address\000"
 1601      65737300 
 1602              	.LASF8:
 1603 0119 6C6F6E67 		.ascii	"long long unsigned int\000"
 1603      206C6F6E 
 1603      6720756E 
 1603      7369676E 
 1603      65642069 
 1604              	.LASF38:
 1605 0130 474E5520 		.ascii	"GNU C 4.8.4 20140526 (release) [ARM/embedded-4_8-br"
 1605      4320342E 
 1605      382E3420 
 1605      32303134 
 1605      30353236 
 1606 0163 616E6368 		.ascii	"anch revision 211358] -mcpu=cortex-m0 -mthumb -g -O"
 1606      20726576 
 1606      6973696F 
 1606      6E203231 
 1606      31333538 
 1607 0196 67202D66 		.ascii	"g -ffunction-sections\000"
 1607      66756E63 
 1607      74696F6E 
 1607      2D736563 
 1607      74696F6E 
 1608              	.LASF19:
 1609 01ac 63796973 		.ascii	"cyisraddress\000"
 1609      72616464 
ARM GAS  C:\Users\EGH35~1.DRE\AppData\Local\Temp\ccCzBSW0.s 			page 37


 1609      72657373 
 1609      00
 1610              	.LASF34:
 1611 01b9 6366675F 		.ascii	"cfg_memset_t\000"
 1611      6D656D73 
 1611      65745F74 
 1611      00
 1612              	.LASF25:
 1613 01c6 62617365 		.ascii	"baseAddr\000"
 1613      41646472 
 1613      00
 1614              	.LASF9:
 1615 01cf 73697A65 		.ascii	"sizetype\000"
 1615      74797065 
 1615      00
 1616              	.LASF39:
 1617 01d8 2E5C4765 		.ascii	".\\Generated_Source\\PSoC4\\cyfitter_cfg.c\000"
 1617      6E657261 
 1617      7465645F 
 1617      536F7572 
 1617      63655C50 
 1618              	.LASF7:
 1619 0200 6C6F6E67 		.ascii	"long long int\000"
 1619      206C6F6E 
 1619      6720696E 
 1619      7400
 1620              	.LASF10:
 1621 020e 63686172 		.ascii	"char\000"
 1621      00
 1622              	.LASF22:
 1623 0213 63795F63 		.ascii	"cy_cfg_addrvalue_t\000"
 1623      66675F61 
 1623      64647276 
 1623      616C7565 
 1623      5F7400
 1624              	.LASF20:
 1625 0226 6F666673 		.ascii	"offset\000"
 1625      657400
 1626              	.LASF3:
 1627 022d 73686F72 		.ascii	"short int\000"
 1627      7420696E 
 1627      7400
 1628              	.LASF37:
 1629 0237 43795379 		.ascii	"CySysClkWriteImoFreq\000"
 1629      73436C6B 
 1629      57726974 
 1629      65496D6F 
 1629      46726571 
 1630              	.LASF5:
 1631 024c 6C6F6E67 		.ascii	"long int\000"
 1631      20696E74 
 1631      00
 1632              	.LASF1:
 1633 0255 7369676E 		.ascii	"signed char\000"
 1633      65642063 
 1633      68617200 
 1634              	.LASF4:
ARM GAS  C:\Users\EGH35~1.DRE\AppData\Local\Temp\ccCzBSW0.s 			page 38


 1635 0261 73686F72 		.ascii	"short unsigned int\000"
 1635      7420756E 
 1635      7369676E 
 1635      65642069 
 1635      6E7400
 1636              	.LASF40:
 1637 0274 453A5C45 		.ascii	"E:\\ECEC304\\blink\\blink.cydsn\000"
 1637      43454333 
 1637      30345C62 
 1637      6C696E6B 
 1637      5C626C69 
 1638              		.ident	"GCC: (GNU Tools for ARM Embedded Processors) 4.8.4 20140526 (release) [ARM/embedded-4_8-br
