ARM GAS  C:\Users\egh35\AppData\Local\Temp\ccQqA1sl.s 			page 1


   1              		.cpu cortex-m0
   2              		.fpu softvfp
   3              		.eabi_attribute 20, 1
   4              		.eabi_attribute 21, 1
   5              		.eabi_attribute 23, 3
   6              		.eabi_attribute 24, 1
   7              		.eabi_attribute 25, 1
   8              		.eabi_attribute 26, 1
   9              		.eabi_attribute 30, 1
  10              		.eabi_attribute 34, 0
  11              		.eabi_attribute 18, 4
  12              		.code	16
  13              		.file	"main.c"
  14              		.text
  15              	.Ltext0:
  16              		.cfi_sections	.debug_frame
  17              		.section	.text.SW_Int,"ax",%progbits
  18              		.align	2
  19              		.global	SW_Int
  20              		.code	16
  21              		.thumb_func
  22              		.type	SW_Int, %function
  23              	SW_Int:
  24              	.LFB34:
  25              		.file 1 ".\\main.c"
   1:.\main.c      **** /* ========================================
   2:.\main.c      ****  *
   3:.\main.c      ****  * Copyright YOUR COMPANY, THE YEAR
   4:.\main.c      ****  * All Rights Reserved
   5:.\main.c      ****  * UNPUBLISHED, LICENSED SOFTWARE.
   6:.\main.c      ****  *
   7:.\main.c      ****  * CONFIDENTIAL AND PROPRIETARY INFORMATION
   8:.\main.c      ****  * WHICH IS THE PROPERTY OF your company.
   9:.\main.c      ****  *
  10:.\main.c      ****  * ========================================
  11:.\main.c      **** */
  12:.\main.c      **** #include <project.h>
  13:.\main.c      **** #include <stdio.h>
  14:.\main.c      **** 
  15:.\main.c      **** 
  16:.\main.c      **** int press = 0; 
  17:.\main.c      **** int seconds_new, seconds_old, ms_new, ms_old, time_s, time_ms;
  18:.\main.c      **** 
  19:.\main.c      **** 
  20:.\main.c      **** void PrintInt(int b){
  21:.\main.c      ****     char buf[10];
  22:.\main.c      ****     sprintf(buf, "%d", b); 
  23:.\main.c      ****     UART_1_UartPutString(buf);
  24:.\main.c      **** 
  25:.\main.c      **** }
  26:.\main.c      **** 
  27:.\main.c      **** 
  28:.\main.c      **** 
  29:.\main.c      **** 
  30:.\main.c      **** 
  31:.\main.c      **** CY_ISR(SW_Int){
  26              		.loc 1 31 0
ARM GAS  C:\Users\egh35\AppData\Local\Temp\ccQqA1sl.s 			page 2


  27              		.cfi_startproc
  28 0000 10B5     		push	{r4, lr}
  29              		.cfi_def_cfa_offset 8
  30              		.cfi_offset 4, -8
  31              		.cfi_offset 14, -4
  32:.\main.c      ****  if(SW_Read() == 0){
  32              		.loc 1 32 0
  33 0002 FFF7FEFF 		bl	SW_Read
  34              	.LVL0:
  35 0006 0028     		cmp	r0, #0
  36 0008 1DD1     		bne	.L1
  33:.\main.c      ****     CyDelay(90);
  37              		.loc 1 33 0
  38 000a 5A20     		mov	r0, #90
  39 000c FFF7FEFF 		bl	CyDelay
  40              	.LVL1:
  34:.\main.c      ****     if(SW_Read() == 0){
  41              		.loc 1 34 0
  42 0010 FFF7FEFF 		bl	SW_Read
  43              	.LVL2:
  44 0014 0028     		cmp	r0, #0
  45 0016 16D1     		bne	.L1
  35:.\main.c      ****         UART_1_UartPutString("\n \r press");
  46              		.loc 1 35 0
  47 0018 0B48     		ldr	r0, .L3
  48 001a FFF7FEFF 		bl	UART_1_UartPutString
  49              	.LVL3:
  36:.\main.c      ****         ms_old = ms_new;
  50              		.loc 1 36 0
  51 001e 0B4C     		ldr	r4, .L3+4
  52 0020 0B4B     		ldr	r3, .L3+8
  53 0022 2268     		ldr	r2, [r4]
  54 0024 1A60     		str	r2, [r3]
  37:.\main.c      ****         ms_new = Timer_1_ReadCounter();
  55              		.loc 1 37 0
  56 0026 FFF7FEFF 		bl	Timer_1_ReadCounter
  57              	.LVL4:
  58 002a 2060     		str	r0, [r4]
  38:.\main.c      ****         
  39:.\main.c      ****         
  40:.\main.c      ****         seconds_old = seconds_new;
  59              		.loc 1 40 0
  60 002c 094C     		ldr	r4, .L3+12
  61 002e 0A4B     		ldr	r3, .L3+16
  62 0030 2268     		ldr	r2, [r4]
  63 0032 1A60     		str	r2, [r3]
  41:.\main.c      ****         seconds_new = Timer_2_ReadCounter();
  64              		.loc 1 41 0
  65 0034 FFF7FEFF 		bl	Timer_2_ReadCounter
  66              	.LVL5:
  67 0038 2060     		str	r0, [r4]
  42:.\main.c      ****         
  43:.\main.c      **** 
  44:.\main.c      ****         press++;
  68              		.loc 1 44 0
  69 003a 084B     		ldr	r3, .L3+20
  70 003c 1A68     		ldr	r2, [r3]
ARM GAS  C:\Users\egh35\AppData\Local\Temp\ccQqA1sl.s 			page 3


  71 003e 0132     		add	r2, r2, #1
  72 0040 1A60     		str	r2, [r3]
  45:.\main.c      ****         SW_ClearInterrupt();
  73              		.loc 1 45 0
  74 0042 FFF7FEFF 		bl	SW_ClearInterrupt
  75              	.LVL6:
  76              	.L1:
  46:.\main.c      ****         }
  47:.\main.c      ****     }   
  48:.\main.c      ****     
  49:.\main.c      ****     
  50:.\main.c      ****     }
  77              		.loc 1 50 0
  78              		@ sp needed
  79 0046 10BD     		pop	{r4, pc}
  80              	.L4:
  81              		.align	2
  82              	.L3:
  83 0048 00000000 		.word	.LC0
  84 004c 00000000 		.word	ms_new
  85 0050 00000000 		.word	ms_old
  86 0054 00000000 		.word	seconds_new
  87 0058 00000000 		.word	seconds_old
  88 005c 00000000 		.word	.LANCHOR0
  89              		.cfi_endproc
  90              	.LFE34:
  91              		.size	SW_Int, .-SW_Int
  92              		.section	.text.PrintInt,"ax",%progbits
  93              		.align	2
  94              		.global	PrintInt
  95              		.code	16
  96              		.thumb_func
  97              		.type	PrintInt, %function
  98              	PrintInt:
  99              	.LFB33:
  20:.\main.c      **** void PrintInt(int b){
 100              		.loc 1 20 0
 101              		.cfi_startproc
 102              	.LVL7:
 103 0000 00B5     		push	{lr}
 104              		.cfi_def_cfa_offset 4
 105              		.cfi_offset 14, -4
 106 0002 85B0     		sub	sp, sp, #20
 107              		.cfi_def_cfa_offset 24
 108 0004 021C     		mov	r2, r0
  22:.\main.c      ****     sprintf(buf, "%d", b); 
 109              		.loc 1 22 0
 110 0006 01A8     		add	r0, sp, #4
 111              	.LVL8:
 112 0008 0349     		ldr	r1, .L6
 113 000a FFF7FEFF 		bl	sprintf
 114              	.LVL9:
  23:.\main.c      ****     UART_1_UartPutString(buf);
 115              		.loc 1 23 0
 116 000e 01A8     		add	r0, sp, #4
 117 0010 FFF7FEFF 		bl	UART_1_UartPutString
 118              	.LVL10:
ARM GAS  C:\Users\egh35\AppData\Local\Temp\ccQqA1sl.s 			page 4


  25:.\main.c      **** }
 119              		.loc 1 25 0
 120 0014 05B0     		add	sp, sp, #20
 121              		@ sp needed
 122 0016 00BD     		pop	{pc}
 123              	.L7:
 124              		.align	2
 125              	.L6:
 126 0018 0C000000 		.word	.LC7
 127              		.cfi_endproc
 128              	.LFE33:
 129              		.size	PrintInt, .-PrintInt
 130              		.global	__aeabi_idiv
 131              		.section	.text.main,"ax",%progbits
 132              		.align	2
 133              		.global	main
 134              		.code	16
 135              		.thumb_func
 136              		.type	main, %function
 137              	main:
 138              	.LFB35:
  51:.\main.c      **** 
  52:.\main.c      **** 
  53:.\main.c      **** int main()
  54:.\main.c      **** {
 139              		.loc 1 54 0
 140              		.cfi_startproc
 141 0000 F0B5     		push	{r4, r5, r6, r7, lr}
 142              		.cfi_def_cfa_offset 20
 143              		.cfi_offset 4, -20
 144              		.cfi_offset 5, -16
 145              		.cfi_offset 6, -12
 146              		.cfi_offset 7, -8
 147              		.cfi_offset 14, -4
 148 0002 4746     		mov	r7, r8
 149 0004 80B4     		push	{r7}
 150              		.cfi_def_cfa_offset 24
 151              		.cfi_offset 8, -24
  55:.\main.c      ****     CyGlobalIntDisable;
 152              		.loc 1 55 0
 153              	@ 55 ".\main.c" 1
 154 0006 72B6     		CPSID   i
 155              	@ 0 "" 2
  56:.\main.c      ****     isr_sw_StartEx(SW_Int);
 156              		.loc 1 56 0
 157              		.code	16
 158 0008 1C48     		ldr	r0, .L12
 159 000a FFF7FEFF 		bl	isr_sw_StartEx
 160              	.LVL11:
  57:.\main.c      **** 
  58:.\main.c      ****     
  59:.\main.c      ****     CyGlobalIntEnable;      /* Enable global interrupts */
 161              		.loc 1 59 0
 162              	@ 59 ".\main.c" 1
 163 000e 62B6     		CPSIE   i
 164              	@ 0 "" 2
  60:.\main.c      **** 
ARM GAS  C:\Users\egh35\AppData\Local\Temp\ccQqA1sl.s 			page 5


  61:.\main.c      ****     UART_1_Start();
 165              		.loc 1 61 0
 166              		.code	16
 167 0010 FFF7FEFF 		bl	UART_1_Start
 168              	.LVL12:
  62:.\main.c      ****     Timer_1_Start();
 169              		.loc 1 62 0
 170 0014 FFF7FEFF 		bl	Timer_1_Start
 171              	.LVL13:
  63:.\main.c      ****     Timer_2_Start();
 172              		.loc 1 63 0
 173 0018 FFF7FEFF 		bl	Timer_2_Start
 174              	.LVL14:
  64:.\main.c      ****     
  65:.\main.c      ****     
  66:.\main.c      ****     for(;;)
  67:.\main.c      ****     {
  68:.\main.c      **** 
  69:.\main.c      ****       if(press == 2){
 175              		.loc 1 69 0
 176 001c 184C     		ldr	r4, .L12+4
 177              	.LBB2:
  70:.\main.c      ****             
  71:.\main.c      ****                         
  72:.\main.c      ****             time_s = abs(seconds_new - seconds_old)/1000;
 178              		.loc 1 72 0
 179 001e 194A     		ldr	r2, .L12+8
 180 0020 9046     		mov	r8, r2
 181 0022 194F     		ldr	r7, .L12+12
 182              	.L11:
 183              	.LBE2:
  69:.\main.c      ****       if(press == 2){
 184              		.loc 1 69 0
 185 0024 2368     		ldr	r3, [r4]
 186 0026 022B     		cmp	r3, #2
 187 0028 FCD1     		bne	.L11
 188              	.LBB3:
 189              		.loc 1 72 0
 190 002a 4246     		mov	r2, r8
 191 002c 1268     		ldr	r2, [r2]
 192 002e 3B68     		ldr	r3, [r7]
 193 0030 D01A     		sub	r0, r2, r3
 194 0032 C317     		asr	r3, r0, #31
 195 0034 C018     		add	r0, r0, r3
 196 0036 5840     		eor	r0, r3
 197 0038 FA21     		mov	r1, #250
 198 003a 8900     		lsl	r1, r1, #2
 199 003c FFF7FEFF 		bl	__aeabi_idiv
 200              	.LVL15:
 201 0040 124E     		ldr	r6, .L12+16
 202 0042 3060     		str	r0, [r6]
  73:.\main.c      ****             time_ms = (ms_old + 24000 - ms_new);
 203              		.loc 1 73 0
 204 0044 124B     		ldr	r3, .L12+20
 205 0046 1B68     		ldr	r3, [r3]
 206 0048 124A     		ldr	r2, .L12+24
 207 004a 9B18     		add	r3, r3, r2
ARM GAS  C:\Users\egh35\AppData\Local\Temp\ccQqA1sl.s 			page 6


 208 004c 124A     		ldr	r2, .L12+28
 209 004e 1268     		ldr	r2, [r2]
 210 0050 9B1A     		sub	r3, r3, r2
 211 0052 124D     		ldr	r5, .L12+32
 212 0054 2B60     		str	r3, [r5]
  74:.\main.c      ****             
  75:.\main.c      ****             UART_1_UartPutString("\n \r Time Between Presses: ");
 213              		.loc 1 75 0
 214 0056 1248     		ldr	r0, .L12+36
 215 0058 FFF7FEFF 		bl	UART_1_UartPutString
 216              	.LVL16:
  76:.\main.c      ****             PrintInt(time_s);
 217              		.loc 1 76 0
 218 005c 3068     		ldr	r0, [r6]
 219 005e FFF7FEFF 		bl	PrintInt
 220              	.LVL17:
  77:.\main.c      ****             UART_1_UartPutString(".");
 221              		.loc 1 77 0
 222 0062 1048     		ldr	r0, .L12+40
 223 0064 FFF7FEFF 		bl	UART_1_UartPutString
 224              	.LVL18:
  78:.\main.c      ****             PrintInt(time_ms);
 225              		.loc 1 78 0
 226 0068 2868     		ldr	r0, [r5]
 227 006a FFF7FEFF 		bl	PrintInt
 228              	.LVL19:
  79:.\main.c      ****             UART_1_UartPutString(" s");
 229              		.loc 1 79 0
 230 006e 0E48     		ldr	r0, .L12+44
 231 0070 FFF7FEFF 		bl	UART_1_UartPutString
 232              	.LVL20:
  80:.\main.c      ****             press = 0; 
 233              		.loc 1 80 0
 234 0074 0022     		mov	r2, #0
 235 0076 024B     		ldr	r3, .L12+4
 236 0078 1A60     		str	r2, [r3]
 237 007a D3E7     		b	.L11
 238              	.L13:
 239              		.align	2
 240              	.L12:
 241 007c 00000000 		.word	SW_Int
 242 0080 00000000 		.word	.LANCHOR0
 243 0084 00000000 		.word	seconds_new
 244 0088 00000000 		.word	seconds_old
 245 008c 00000000 		.word	time_s
 246 0090 00000000 		.word	ms_old
 247 0094 C05D0000 		.word	24000
 248 0098 00000000 		.word	ms_new
 249 009c 00000000 		.word	time_ms
 250 00a0 10000000 		.word	.LC17
 251 00a4 2C000000 		.word	.LC19
 252 00a8 30000000 		.word	.LC21
 253              	.LBE3:
 254              		.cfi_endproc
 255              	.LFE35:
 256              		.size	main, .-main
 257              		.comm	time_ms,4,4
ARM GAS  C:\Users\egh35\AppData\Local\Temp\ccQqA1sl.s 			page 7


 258              		.comm	time_s,4,4
 259              		.comm	ms_old,4,4
 260              		.comm	ms_new,4,4
 261              		.comm	seconds_old,4,4
 262              		.comm	seconds_new,4,4
 263              		.global	press
 264              		.section	.rodata.str1.4,"aMS",%progbits,1
 265              		.align	2
 266              	.LC0:
 267 0000 0A200D20 		.ascii	"\012 \015 press\000"
 267      70726573 
 267      7300
 268 000a 0000     		.space	2
 269              	.LC7:
 270 000c 256400   		.ascii	"%d\000"
 271 000f 00       		.space	1
 272              	.LC17:
 273 0010 0A200D20 		.ascii	"\012 \015 Time Between Presses: \000"
 273      54696D65 
 273      20426574 
 273      7765656E 
 273      20507265 
 274 002b 00       		.space	1
 275              	.LC19:
 276 002c 2E00     		.ascii	".\000"
 277 002e 0000     		.space	2
 278              	.LC21:
 279 0030 207300   		.ascii	" s\000"
 280 0033 00       		.bss
 281              		.align	2
 282              		.set	.LANCHOR0,. + 0
 283              		.type	press, %object
 284              		.size	press, 4
 285              	press:
 286 0000 00000000 		.space	4
 287              		.text
 288              	.Letext0:
 289              		.file 2 "Generated_Source\\PSoC4/cytypes.h"
 290              		.file 3 "Generated_Source\\PSoC4/CyLib.h"
 291              		.file 4 "Generated_Source\\PSoC4/UART_1_SPI_UART.h"
 292              		.file 5 "Generated_Source\\PSoC4/SW.h"
 293              		.file 6 "Generated_Source\\PSoC4/Timer_1.h"
 294              		.file 7 "Generated_Source\\PSoC4/Timer_2.h"
 295              		.file 8 "Generated_Source\\PSoC4/isr_sw.h"
 296              		.file 9 "Generated_Source\\PSoC4/UART_1.h"
 297              		.file 10 "<built-in>"
 298              		.file 11 "c:\\program files (x86)\\cypress\\psoc creator\\3.2\\psoc creator\\import\\gnu\\arm\\4.8
 299              		.section	.debug_info,"",%progbits
 300              	.Ldebug_info0:
 301 0000 83030000 		.4byte	0x383
 302 0004 0400     		.2byte	0x4
 303 0006 00000000 		.4byte	.Ldebug_abbrev0
 304 000a 04       		.byte	0x4
 305 000b 01       		.uleb128 0x1
 306 000c 16010000 		.4byte	.LASF38
 307 0010 01       		.byte	0x1
 308 0011 9F000000 		.4byte	.LASF39
ARM GAS  C:\Users\egh35\AppData\Local\Temp\ccQqA1sl.s 			page 8


 309 0015 A8000000 		.4byte	.LASF40
 310 0019 18000000 		.4byte	.Ldebug_ranges0+0x18
 311 001d 00000000 		.4byte	0
 312 0021 00000000 		.4byte	.Ldebug_line0
 313 0025 02       		.uleb128 0x2
 314 0026 01       		.byte	0x1
 315 0027 06       		.byte	0x6
 316 0028 33020000 		.4byte	.LASF0
 317 002c 02       		.uleb128 0x2
 318 002d 01       		.byte	0x1
 319 002e 08       		.byte	0x8
 320 002f 5D000000 		.4byte	.LASF1
 321 0033 02       		.uleb128 0x2
 322 0034 02       		.byte	0x2
 323 0035 05       		.byte	0x5
 324 0036 0B020000 		.4byte	.LASF2
 325 003a 02       		.uleb128 0x2
 326 003b 02       		.byte	0x2
 327 003c 07       		.byte	0x7
 328 003d 8C000000 		.4byte	.LASF3
 329 0041 02       		.uleb128 0x2
 330 0042 04       		.byte	0x4
 331 0043 05       		.byte	0x5
 332 0044 1B020000 		.4byte	.LASF4
 333 0048 02       		.uleb128 0x2
 334 0049 04       		.byte	0x4
 335 004a 07       		.byte	0x7
 336 004b 7A000000 		.4byte	.LASF5
 337 004f 02       		.uleb128 0x2
 338 0050 08       		.byte	0x8
 339 0051 05       		.byte	0x5
 340 0052 E4010000 		.4byte	.LASF6
 341 0056 02       		.uleb128 0x2
 342 0057 08       		.byte	0x8
 343 0058 07       		.byte	0x7
 344 0059 F8000000 		.4byte	.LASF7
 345 005d 03       		.uleb128 0x3
 346 005e 04       		.byte	0x4
 347 005f 05       		.byte	0x5
 348 0060 696E7400 		.ascii	"int\000"
 349 0064 02       		.uleb128 0x2
 350 0065 04       		.byte	0x4
 351 0066 07       		.byte	0x7
 352 0067 EB000000 		.4byte	.LASF8
 353 006b 04       		.uleb128 0x4
 354 006c 15020000 		.4byte	.LASF9
 355 0070 02       		.byte	0x2
 356 0071 C1       		.byte	0xc1
 357 0072 2C000000 		.4byte	0x2c
 358 0076 04       		.uleb128 0x4
 359 0077 DD000000 		.4byte	.LASF10
 360 007b 02       		.byte	0x2
 361 007c C2       		.byte	0xc2
 362 007d 3A000000 		.4byte	0x3a
 363 0081 04       		.uleb128 0x4
 364 0082 E4000000 		.4byte	.LASF11
 365 0086 02       		.byte	0x2
ARM GAS  C:\Users\egh35\AppData\Local\Temp\ccQqA1sl.s 			page 9


 366 0087 C3       		.byte	0xc3
 367 0088 48000000 		.4byte	0x48
 368 008c 02       		.uleb128 0x2
 369 008d 04       		.byte	0x4
 370 008e 04       		.byte	0x4
 371 008f 43000000 		.4byte	.LASF12
 372 0093 02       		.uleb128 0x2
 373 0094 08       		.byte	0x8
 374 0095 04       		.byte	0x4
 375 0096 D1000000 		.4byte	.LASF13
 376 009a 04       		.uleb128 0x4
 377 009b 6B000000 		.4byte	.LASF14
 378 009f 02       		.byte	0x2
 379 00a0 D2       		.byte	0xd2
 380 00a1 A5000000 		.4byte	0xa5
 381 00a5 02       		.uleb128 0x2
 382 00a6 01       		.byte	0x1
 383 00a7 08       		.byte	0x8
 384 00a8 F2010000 		.4byte	.LASF15
 385 00ac 05       		.uleb128 0x5
 386 00ad A6010000 		.4byte	.LASF16
 387 00b1 02       		.byte	0x2
 388 00b2 7D01     		.2byte	0x17d
 389 00b4 B8000000 		.4byte	0xb8
 390 00b8 06       		.uleb128 0x6
 391 00b9 04       		.byte	0x4
 392 00ba BE000000 		.4byte	0xbe
 393 00be 07       		.uleb128 0x7
 394 00bf 02       		.uleb128 0x2
 395 00c0 04       		.byte	0x4
 396 00c1 07       		.byte	0x7
 397 00c2 C9010000 		.4byte	.LASF17
 398 00c6 06       		.uleb128 0x6
 399 00c7 04       		.byte	0x4
 400 00c8 A5000000 		.4byte	0xa5
 401 00cc 06       		.uleb128 0x6
 402 00cd 04       		.byte	0x4
 403 00ce D2000000 		.4byte	0xd2
 404 00d2 08       		.uleb128 0x8
 405 00d3 A5000000 		.4byte	0xa5
 406 00d7 09       		.uleb128 0x9
 407 00d8 19000000 		.4byte	.LASF18
 408 00dc 01       		.byte	0x1
 409 00dd 1F       		.byte	0x1f
 410 00de 00000000 		.4byte	.LFB34
 411 00e2 60000000 		.4byte	.LFE34-.LFB34
 412 00e6 01       		.uleb128 0x1
 413 00e7 9C       		.byte	0x9c
 414 00e8 45010000 		.4byte	0x145
 415 00ec 0A       		.uleb128 0xa
 416 00ed 06000000 		.4byte	.LVL0
 417 00f1 EB020000 		.4byte	0x2eb
 418 00f5 0B       		.uleb128 0xb
 419 00f6 10000000 		.4byte	.LVL1
 420 00fa F6020000 		.4byte	0x2f6
 421 00fe 09010000 		.4byte	0x109
 422 0102 0C       		.uleb128 0xc
ARM GAS  C:\Users\egh35\AppData\Local\Temp\ccQqA1sl.s 			page 10


 423 0103 01       		.uleb128 0x1
 424 0104 50       		.byte	0x50
 425 0105 02       		.uleb128 0x2
 426 0106 08       		.byte	0x8
 427 0107 5A       		.byte	0x5a
 428 0108 00       		.byte	0
 429 0109 0A       		.uleb128 0xa
 430 010a 14000000 		.4byte	.LVL2
 431 010e EB020000 		.4byte	0x2eb
 432 0112 0B       		.uleb128 0xb
 433 0113 1E000000 		.4byte	.LVL3
 434 0117 07030000 		.4byte	0x307
 435 011b 29010000 		.4byte	0x129
 436 011f 0C       		.uleb128 0xc
 437 0120 01       		.uleb128 0x1
 438 0121 50       		.byte	0x50
 439 0122 05       		.uleb128 0x5
 440 0123 03       		.byte	0x3
 441 0124 00000000 		.4byte	.LC0
 442 0128 00       		.byte	0
 443 0129 0A       		.uleb128 0xa
 444 012a 2A000000 		.4byte	.LVL4
 445 012e 24030000 		.4byte	0x324
 446 0132 0A       		.uleb128 0xa
 447 0133 38000000 		.4byte	.LVL5
 448 0137 2F030000 		.4byte	0x32f
 449 013b 0A       		.uleb128 0xa
 450 013c 46000000 		.4byte	.LVL6
 451 0140 3A030000 		.4byte	0x33a
 452 0144 00       		.byte	0
 453 0145 09       		.uleb128 0x9
 454 0146 71000000 		.4byte	.LASF19
 455 014a 01       		.byte	0x1
 456 014b 14       		.byte	0x14
 457 014c 00000000 		.4byte	.LFB33
 458 0150 1C000000 		.4byte	.LFE33-.LFB33
 459 0154 01       		.uleb128 0x1
 460 0155 9C       		.byte	0x9c
 461 0156 AA010000 		.4byte	0x1aa
 462 015a 0D       		.uleb128 0xd
 463 015b 6200     		.ascii	"b\000"
 464 015d 01       		.byte	0x1
 465 015e 14       		.byte	0x14
 466 015f 5D000000 		.4byte	0x5d
 467 0163 00000000 		.4byte	.LLST0
 468 0167 0E       		.uleb128 0xe
 469 0168 62756600 		.ascii	"buf\000"
 470 016c 01       		.byte	0x1
 471 016d 15       		.byte	0x15
 472 016e AA010000 		.4byte	0x1aa
 473 0172 02       		.uleb128 0x2
 474 0173 91       		.byte	0x91
 475 0174 6C       		.sleb128 -20
 476 0175 0B       		.uleb128 0xb
 477 0176 0E000000 		.4byte	.LVL9
 478 017a 45030000 		.4byte	0x345
 479 017e 99010000 		.4byte	0x199
ARM GAS  C:\Users\egh35\AppData\Local\Temp\ccQqA1sl.s 			page 11


 480 0182 0C       		.uleb128 0xc
 481 0183 01       		.uleb128 0x1
 482 0184 52       		.byte	0x52
 483 0185 03       		.uleb128 0x3
 484 0186 F3       		.byte	0xf3
 485 0187 01       		.uleb128 0x1
 486 0188 50       		.byte	0x50
 487 0189 0C       		.uleb128 0xc
 488 018a 01       		.uleb128 0x1
 489 018b 51       		.byte	0x51
 490 018c 05       		.uleb128 0x5
 491 018d 03       		.byte	0x3
 492 018e 0C000000 		.4byte	.LC7
 493 0192 0C       		.uleb128 0xc
 494 0193 01       		.uleb128 0x1
 495 0194 50       		.byte	0x50
 496 0195 02       		.uleb128 0x2
 497 0196 91       		.byte	0x91
 498 0197 6C       		.sleb128 -20
 499 0198 00       		.byte	0
 500 0199 0F       		.uleb128 0xf
 501 019a 14000000 		.4byte	.LVL10
 502 019e 07030000 		.4byte	0x307
 503 01a2 0C       		.uleb128 0xc
 504 01a3 01       		.uleb128 0x1
 505 01a4 50       		.byte	0x50
 506 01a5 02       		.uleb128 0x2
 507 01a6 91       		.byte	0x91
 508 01a7 6C       		.sleb128 -20
 509 01a8 00       		.byte	0
 510 01a9 00       		.byte	0
 511 01aa 10       		.uleb128 0x10
 512 01ab A5000000 		.4byte	0xa5
 513 01af BA010000 		.4byte	0x1ba
 514 01b3 11       		.uleb128 0x11
 515 01b4 BF000000 		.4byte	0xbf
 516 01b8 09       		.byte	0x9
 517 01b9 00       		.byte	0
 518 01ba 12       		.uleb128 0x12
 519 01bb D8000000 		.4byte	.LASF20
 520 01bf 01       		.byte	0x1
 521 01c0 35       		.byte	0x35
 522 01c1 5D000000 		.4byte	0x5d
 523 01c5 00000000 		.4byte	.LFB35
 524 01c9 AC000000 		.4byte	.LFE35-.LFB35
 525 01cd 01       		.uleb128 0x1
 526 01ce 9C       		.byte	0x9c
 527 01cf 74020000 		.4byte	0x274
 528 01d3 13       		.uleb128 0x13
 529 01d4 00000000 		.4byte	.Ldebug_ranges0+0
 530 01d8 41020000 		.4byte	0x241
 531 01dc 14       		.uleb128 0x14
 532 01dd 61627300 		.ascii	"abs\000"
 533 01e1 0A       		.byte	0xa
 534 01e2 00       		.byte	0
 535 01e3 5D000000 		.4byte	0x5d
 536 01e7 ED010000 		.4byte	0x1ed
ARM GAS  C:\Users\egh35\AppData\Local\Temp\ccQqA1sl.s 			page 12


 537 01eb 15       		.uleb128 0x15
 538 01ec 00       		.byte	0
 539 01ed 0B       		.uleb128 0xb
 540 01ee 5C000000 		.4byte	.LVL16
 541 01f2 07030000 		.4byte	0x307
 542 01f6 04020000 		.4byte	0x204
 543 01fa 0C       		.uleb128 0xc
 544 01fb 01       		.uleb128 0x1
 545 01fc 50       		.byte	0x50
 546 01fd 05       		.uleb128 0x5
 547 01fe 03       		.byte	0x3
 548 01ff 10000000 		.4byte	.LC17
 549 0203 00       		.byte	0
 550 0204 0A       		.uleb128 0xa
 551 0205 62000000 		.4byte	.LVL17
 552 0209 45010000 		.4byte	0x145
 553 020d 0B       		.uleb128 0xb
 554 020e 68000000 		.4byte	.LVL18
 555 0212 07030000 		.4byte	0x307
 556 0216 24020000 		.4byte	0x224
 557 021a 0C       		.uleb128 0xc
 558 021b 01       		.uleb128 0x1
 559 021c 50       		.byte	0x50
 560 021d 05       		.uleb128 0x5
 561 021e 03       		.byte	0x3
 562 021f 2C000000 		.4byte	.LC19
 563 0223 00       		.byte	0
 564 0224 0A       		.uleb128 0xa
 565 0225 6E000000 		.4byte	.LVL19
 566 0229 45010000 		.4byte	0x145
 567 022d 0F       		.uleb128 0xf
 568 022e 74000000 		.4byte	.LVL20
 569 0232 07030000 		.4byte	0x307
 570 0236 0C       		.uleb128 0xc
 571 0237 01       		.uleb128 0x1
 572 0238 50       		.byte	0x50
 573 0239 05       		.uleb128 0x5
 574 023a 03       		.byte	0x3
 575 023b 30000000 		.4byte	.LC21
 576 023f 00       		.byte	0
 577 0240 00       		.byte	0
 578 0241 0B       		.uleb128 0xb
 579 0242 0E000000 		.4byte	.LVL11
 580 0246 60030000 		.4byte	0x360
 581 024a 58020000 		.4byte	0x258
 582 024e 0C       		.uleb128 0xc
 583 024f 01       		.uleb128 0x1
 584 0250 50       		.byte	0x50
 585 0251 05       		.uleb128 0x5
 586 0252 03       		.byte	0x3
 587 0253 00000000 		.4byte	SW_Int
 588 0257 00       		.byte	0
 589 0258 0A       		.uleb128 0xa
 590 0259 14000000 		.4byte	.LVL12
 591 025d 71030000 		.4byte	0x371
 592 0261 0A       		.uleb128 0xa
 593 0262 18000000 		.4byte	.LVL13
ARM GAS  C:\Users\egh35\AppData\Local\Temp\ccQqA1sl.s 			page 13


 594 0266 78030000 		.4byte	0x378
 595 026a 0A       		.uleb128 0xa
 596 026b 1C000000 		.4byte	.LVL14
 597 026f 7F030000 		.4byte	0x37f
 598 0273 00       		.byte	0
 599 0274 16       		.uleb128 0x16
 600 0275 57000000 		.4byte	.LASF21
 601 0279 01       		.byte	0x1
 602 027a 10       		.byte	0x10
 603 027b 5D000000 		.4byte	0x5d
 604 027f 05       		.uleb128 0x5
 605 0280 03       		.byte	0x3
 606 0281 00000000 		.4byte	press
 607 0285 16       		.uleb128 0x16
 608 0286 0D000000 		.4byte	.LASF22
 609 028a 01       		.byte	0x1
 610 028b 11       		.byte	0x11
 611 028c 5D000000 		.4byte	0x5d
 612 0290 05       		.uleb128 0x5
 613 0291 03       		.byte	0x3
 614 0292 00000000 		.4byte	seconds_new
 615 0296 16       		.uleb128 0x16
 616 0297 3F020000 		.4byte	.LASF23
 617 029b 01       		.byte	0x1
 618 029c 11       		.byte	0x11
 619 029d 5D000000 		.4byte	0x5d
 620 02a1 05       		.uleb128 0x5
 621 02a2 03       		.byte	0x3
 622 02a3 00000000 		.4byte	seconds_old
 623 02a7 16       		.uleb128 0x16
 624 02a8 3C000000 		.4byte	.LASF24
 625 02ac 01       		.byte	0x1
 626 02ad 11       		.byte	0x11
 627 02ae 5D000000 		.4byte	0x5d
 628 02b2 05       		.uleb128 0x5
 629 02b3 03       		.byte	0x3
 630 02b4 00000000 		.4byte	ms_new
 631 02b8 16       		.uleb128 0x16
 632 02b9 20000000 		.4byte	.LASF25
 633 02bd 01       		.byte	0x1
 634 02be 11       		.byte	0x11
 635 02bf 5D000000 		.4byte	0x5d
 636 02c3 05       		.uleb128 0x5
 637 02c4 03       		.byte	0x3
 638 02c5 00000000 		.4byte	ms_old
 639 02c9 16       		.uleb128 0x16
 640 02ca 0F010000 		.4byte	.LASF26
 641 02ce 01       		.byte	0x1
 642 02cf 11       		.byte	0x11
 643 02d0 5D000000 		.4byte	0x5d
 644 02d4 05       		.uleb128 0x5
 645 02d5 03       		.byte	0x3
 646 02d6 00000000 		.4byte	time_s
 647 02da 16       		.uleb128 0x16
 648 02db C9000000 		.4byte	.LASF27
 649 02df 01       		.byte	0x1
 650 02e0 11       		.byte	0x11
ARM GAS  C:\Users\egh35\AppData\Local\Temp\ccQqA1sl.s 			page 14


 651 02e1 5D000000 		.4byte	0x5d
 652 02e5 05       		.uleb128 0x5
 653 02e6 03       		.byte	0x3
 654 02e7 00000000 		.4byte	time_ms
 655 02eb 17       		.uleb128 0x17
 656 02ec B3010000 		.4byte	.LASF30
 657 02f0 05       		.byte	0x5
 658 02f1 20       		.byte	0x20
 659 02f2 6B000000 		.4byte	0x6b
 660 02f6 18       		.uleb128 0x18
 661 02f7 53020000 		.4byte	.LASF28
 662 02fb 03       		.byte	0x3
 663 02fc 57       		.byte	0x57
 664 02fd 07030000 		.4byte	0x307
 665 0301 19       		.uleb128 0x19
 666 0302 81000000 		.4byte	0x81
 667 0306 00       		.byte	0
 668 0307 1A       		.uleb128 0x1a
 669 0308 27000000 		.4byte	.LASF29
 670 030c 04       		.byte	0x4
 671 030d 7701     		.2byte	0x177
 672 030f 19030000 		.4byte	0x319
 673 0313 19       		.uleb128 0x19
 674 0314 19030000 		.4byte	0x319
 675 0318 00       		.byte	0
 676 0319 06       		.uleb128 0x6
 677 031a 04       		.byte	0x4
 678 031b 1F030000 		.4byte	0x31f
 679 031f 08       		.uleb128 0x8
 680 0320 9A000000 		.4byte	0x9a
 681 0324 17       		.uleb128 0x17
 682 0325 F7010000 		.4byte	.LASF31
 683 0329 06       		.byte	0x6
 684 032a 69       		.byte	0x69
 685 032b 76000000 		.4byte	0x76
 686 032f 17       		.uleb128 0x17
 687 0330 92010000 		.4byte	.LASF32
 688 0334 07       		.byte	0x7
 689 0335 69       		.byte	0x69
 690 0336 76000000 		.4byte	0x76
 691 033a 17       		.uleb128 0x17
 692 033b D2010000 		.4byte	.LASF33
 693 033f 05       		.byte	0x5
 694 0340 21       		.byte	0x21
 695 0341 6B000000 		.4byte	0x6b
 696 0345 1B       		.uleb128 0x1b
 697 0346 4B020000 		.4byte	.LASF41
 698 034a 0B       		.byte	0xb
 699 034b D9       		.byte	0xd9
 700 034c 5D000000 		.4byte	0x5d
 701 0350 60030000 		.4byte	0x360
 702 0354 19       		.uleb128 0x19
 703 0355 C6000000 		.4byte	0xc6
 704 0359 19       		.uleb128 0x19
 705 035a CC000000 		.4byte	0xcc
 706 035e 15       		.uleb128 0x15
 707 035f 00       		.byte	0
ARM GAS  C:\Users\egh35\AppData\Local\Temp\ccQqA1sl.s 			page 15


 708 0360 18       		.uleb128 0x18
 709 0361 24020000 		.4byte	.LASF34
 710 0365 08       		.byte	0x8
 711 0366 18       		.byte	0x18
 712 0367 71030000 		.4byte	0x371
 713 036b 19       		.uleb128 0x19
 714 036c AC000000 		.4byte	0xac
 715 0370 00       		.byte	0
 716 0371 1C       		.uleb128 0x1c
 717 0372 00000000 		.4byte	.LASF35
 718 0376 09       		.byte	0x9
 719 0377 68       		.byte	0x68
 720 0378 1C       		.uleb128 0x1c
 721 0379 49000000 		.4byte	.LASF36
 722 037d 06       		.byte	0x6
 723 037e 5A       		.byte	0x5a
 724 037f 1C       		.uleb128 0x1c
 725 0380 BB010000 		.4byte	.LASF37
 726 0384 07       		.byte	0x7
 727 0385 5A       		.byte	0x5a
 728 0386 00       		.byte	0
 729              		.section	.debug_abbrev,"",%progbits
 730              	.Ldebug_abbrev0:
 731 0000 01       		.uleb128 0x1
 732 0001 11       		.uleb128 0x11
 733 0002 01       		.byte	0x1
 734 0003 25       		.uleb128 0x25
 735 0004 0E       		.uleb128 0xe
 736 0005 13       		.uleb128 0x13
 737 0006 0B       		.uleb128 0xb
 738 0007 03       		.uleb128 0x3
 739 0008 0E       		.uleb128 0xe
 740 0009 1B       		.uleb128 0x1b
 741 000a 0E       		.uleb128 0xe
 742 000b 55       		.uleb128 0x55
 743 000c 17       		.uleb128 0x17
 744 000d 11       		.uleb128 0x11
 745 000e 01       		.uleb128 0x1
 746 000f 10       		.uleb128 0x10
 747 0010 17       		.uleb128 0x17
 748 0011 00       		.byte	0
 749 0012 00       		.byte	0
 750 0013 02       		.uleb128 0x2
 751 0014 24       		.uleb128 0x24
 752 0015 00       		.byte	0
 753 0016 0B       		.uleb128 0xb
 754 0017 0B       		.uleb128 0xb
 755 0018 3E       		.uleb128 0x3e
 756 0019 0B       		.uleb128 0xb
 757 001a 03       		.uleb128 0x3
 758 001b 0E       		.uleb128 0xe
 759 001c 00       		.byte	0
 760 001d 00       		.byte	0
 761 001e 03       		.uleb128 0x3
 762 001f 24       		.uleb128 0x24
 763 0020 00       		.byte	0
 764 0021 0B       		.uleb128 0xb
ARM GAS  C:\Users\egh35\AppData\Local\Temp\ccQqA1sl.s 			page 16


 765 0022 0B       		.uleb128 0xb
 766 0023 3E       		.uleb128 0x3e
 767 0024 0B       		.uleb128 0xb
 768 0025 03       		.uleb128 0x3
 769 0026 08       		.uleb128 0x8
 770 0027 00       		.byte	0
 771 0028 00       		.byte	0
 772 0029 04       		.uleb128 0x4
 773 002a 16       		.uleb128 0x16
 774 002b 00       		.byte	0
 775 002c 03       		.uleb128 0x3
 776 002d 0E       		.uleb128 0xe
 777 002e 3A       		.uleb128 0x3a
 778 002f 0B       		.uleb128 0xb
 779 0030 3B       		.uleb128 0x3b
 780 0031 0B       		.uleb128 0xb
 781 0032 49       		.uleb128 0x49
 782 0033 13       		.uleb128 0x13
 783 0034 00       		.byte	0
 784 0035 00       		.byte	0
 785 0036 05       		.uleb128 0x5
 786 0037 16       		.uleb128 0x16
 787 0038 00       		.byte	0
 788 0039 03       		.uleb128 0x3
 789 003a 0E       		.uleb128 0xe
 790 003b 3A       		.uleb128 0x3a
 791 003c 0B       		.uleb128 0xb
 792 003d 3B       		.uleb128 0x3b
 793 003e 05       		.uleb128 0x5
 794 003f 49       		.uleb128 0x49
 795 0040 13       		.uleb128 0x13
 796 0041 00       		.byte	0
 797 0042 00       		.byte	0
 798 0043 06       		.uleb128 0x6
 799 0044 0F       		.uleb128 0xf
 800 0045 00       		.byte	0
 801 0046 0B       		.uleb128 0xb
 802 0047 0B       		.uleb128 0xb
 803 0048 49       		.uleb128 0x49
 804 0049 13       		.uleb128 0x13
 805 004a 00       		.byte	0
 806 004b 00       		.byte	0
 807 004c 07       		.uleb128 0x7
 808 004d 15       		.uleb128 0x15
 809 004e 00       		.byte	0
 810 004f 27       		.uleb128 0x27
 811 0050 19       		.uleb128 0x19
 812 0051 00       		.byte	0
 813 0052 00       		.byte	0
 814 0053 08       		.uleb128 0x8
 815 0054 26       		.uleb128 0x26
 816 0055 00       		.byte	0
 817 0056 49       		.uleb128 0x49
 818 0057 13       		.uleb128 0x13
 819 0058 00       		.byte	0
 820 0059 00       		.byte	0
 821 005a 09       		.uleb128 0x9
ARM GAS  C:\Users\egh35\AppData\Local\Temp\ccQqA1sl.s 			page 17


 822 005b 2E       		.uleb128 0x2e
 823 005c 01       		.byte	0x1
 824 005d 3F       		.uleb128 0x3f
 825 005e 19       		.uleb128 0x19
 826 005f 03       		.uleb128 0x3
 827 0060 0E       		.uleb128 0xe
 828 0061 3A       		.uleb128 0x3a
 829 0062 0B       		.uleb128 0xb
 830 0063 3B       		.uleb128 0x3b
 831 0064 0B       		.uleb128 0xb
 832 0065 27       		.uleb128 0x27
 833 0066 19       		.uleb128 0x19
 834 0067 11       		.uleb128 0x11
 835 0068 01       		.uleb128 0x1
 836 0069 12       		.uleb128 0x12
 837 006a 06       		.uleb128 0x6
 838 006b 40       		.uleb128 0x40
 839 006c 18       		.uleb128 0x18
 840 006d 9742     		.uleb128 0x2117
 841 006f 19       		.uleb128 0x19
 842 0070 01       		.uleb128 0x1
 843 0071 13       		.uleb128 0x13
 844 0072 00       		.byte	0
 845 0073 00       		.byte	0
 846 0074 0A       		.uleb128 0xa
 847 0075 898201   		.uleb128 0x4109
 848 0078 00       		.byte	0
 849 0079 11       		.uleb128 0x11
 850 007a 01       		.uleb128 0x1
 851 007b 31       		.uleb128 0x31
 852 007c 13       		.uleb128 0x13
 853 007d 00       		.byte	0
 854 007e 00       		.byte	0
 855 007f 0B       		.uleb128 0xb
 856 0080 898201   		.uleb128 0x4109
 857 0083 01       		.byte	0x1
 858 0084 11       		.uleb128 0x11
 859 0085 01       		.uleb128 0x1
 860 0086 31       		.uleb128 0x31
 861 0087 13       		.uleb128 0x13
 862 0088 01       		.uleb128 0x1
 863 0089 13       		.uleb128 0x13
 864 008a 00       		.byte	0
 865 008b 00       		.byte	0
 866 008c 0C       		.uleb128 0xc
 867 008d 8A8201   		.uleb128 0x410a
 868 0090 00       		.byte	0
 869 0091 02       		.uleb128 0x2
 870 0092 18       		.uleb128 0x18
 871 0093 9142     		.uleb128 0x2111
 872 0095 18       		.uleb128 0x18
 873 0096 00       		.byte	0
 874 0097 00       		.byte	0
 875 0098 0D       		.uleb128 0xd
 876 0099 05       		.uleb128 0x5
 877 009a 00       		.byte	0
 878 009b 03       		.uleb128 0x3
ARM GAS  C:\Users\egh35\AppData\Local\Temp\ccQqA1sl.s 			page 18


 879 009c 08       		.uleb128 0x8
 880 009d 3A       		.uleb128 0x3a
 881 009e 0B       		.uleb128 0xb
 882 009f 3B       		.uleb128 0x3b
 883 00a0 0B       		.uleb128 0xb
 884 00a1 49       		.uleb128 0x49
 885 00a2 13       		.uleb128 0x13
 886 00a3 02       		.uleb128 0x2
 887 00a4 17       		.uleb128 0x17
 888 00a5 00       		.byte	0
 889 00a6 00       		.byte	0
 890 00a7 0E       		.uleb128 0xe
 891 00a8 34       		.uleb128 0x34
 892 00a9 00       		.byte	0
 893 00aa 03       		.uleb128 0x3
 894 00ab 08       		.uleb128 0x8
 895 00ac 3A       		.uleb128 0x3a
 896 00ad 0B       		.uleb128 0xb
 897 00ae 3B       		.uleb128 0x3b
 898 00af 0B       		.uleb128 0xb
 899 00b0 49       		.uleb128 0x49
 900 00b1 13       		.uleb128 0x13
 901 00b2 02       		.uleb128 0x2
 902 00b3 18       		.uleb128 0x18
 903 00b4 00       		.byte	0
 904 00b5 00       		.byte	0
 905 00b6 0F       		.uleb128 0xf
 906 00b7 898201   		.uleb128 0x4109
 907 00ba 01       		.byte	0x1
 908 00bb 11       		.uleb128 0x11
 909 00bc 01       		.uleb128 0x1
 910 00bd 31       		.uleb128 0x31
 911 00be 13       		.uleb128 0x13
 912 00bf 00       		.byte	0
 913 00c0 00       		.byte	0
 914 00c1 10       		.uleb128 0x10
 915 00c2 01       		.uleb128 0x1
 916 00c3 01       		.byte	0x1
 917 00c4 49       		.uleb128 0x49
 918 00c5 13       		.uleb128 0x13
 919 00c6 01       		.uleb128 0x1
 920 00c7 13       		.uleb128 0x13
 921 00c8 00       		.byte	0
 922 00c9 00       		.byte	0
 923 00ca 11       		.uleb128 0x11
 924 00cb 21       		.uleb128 0x21
 925 00cc 00       		.byte	0
 926 00cd 49       		.uleb128 0x49
 927 00ce 13       		.uleb128 0x13
 928 00cf 2F       		.uleb128 0x2f
 929 00d0 0B       		.uleb128 0xb
 930 00d1 00       		.byte	0
 931 00d2 00       		.byte	0
 932 00d3 12       		.uleb128 0x12
 933 00d4 2E       		.uleb128 0x2e
 934 00d5 01       		.byte	0x1
 935 00d6 3F       		.uleb128 0x3f
ARM GAS  C:\Users\egh35\AppData\Local\Temp\ccQqA1sl.s 			page 19


 936 00d7 19       		.uleb128 0x19
 937 00d8 03       		.uleb128 0x3
 938 00d9 0E       		.uleb128 0xe
 939 00da 3A       		.uleb128 0x3a
 940 00db 0B       		.uleb128 0xb
 941 00dc 3B       		.uleb128 0x3b
 942 00dd 0B       		.uleb128 0xb
 943 00de 49       		.uleb128 0x49
 944 00df 13       		.uleb128 0x13
 945 00e0 11       		.uleb128 0x11
 946 00e1 01       		.uleb128 0x1
 947 00e2 12       		.uleb128 0x12
 948 00e3 06       		.uleb128 0x6
 949 00e4 40       		.uleb128 0x40
 950 00e5 18       		.uleb128 0x18
 951 00e6 9642     		.uleb128 0x2116
 952 00e8 19       		.uleb128 0x19
 953 00e9 01       		.uleb128 0x1
 954 00ea 13       		.uleb128 0x13
 955 00eb 00       		.byte	0
 956 00ec 00       		.byte	0
 957 00ed 13       		.uleb128 0x13
 958 00ee 0B       		.uleb128 0xb
 959 00ef 01       		.byte	0x1
 960 00f0 55       		.uleb128 0x55
 961 00f1 17       		.uleb128 0x17
 962 00f2 01       		.uleb128 0x1
 963 00f3 13       		.uleb128 0x13
 964 00f4 00       		.byte	0
 965 00f5 00       		.byte	0
 966 00f6 14       		.uleb128 0x14
 967 00f7 2E       		.uleb128 0x2e
 968 00f8 01       		.byte	0x1
 969 00f9 3F       		.uleb128 0x3f
 970 00fa 19       		.uleb128 0x19
 971 00fb 03       		.uleb128 0x3
 972 00fc 08       		.uleb128 0x8
 973 00fd 3A       		.uleb128 0x3a
 974 00fe 0B       		.uleb128 0xb
 975 00ff 3B       		.uleb128 0x3b
 976 0100 0B       		.uleb128 0xb
 977 0101 49       		.uleb128 0x49
 978 0102 13       		.uleb128 0x13
 979 0103 3C       		.uleb128 0x3c
 980 0104 19       		.uleb128 0x19
 981 0105 01       		.uleb128 0x1
 982 0106 13       		.uleb128 0x13
 983 0107 00       		.byte	0
 984 0108 00       		.byte	0
 985 0109 15       		.uleb128 0x15
 986 010a 18       		.uleb128 0x18
 987 010b 00       		.byte	0
 988 010c 00       		.byte	0
 989 010d 00       		.byte	0
 990 010e 16       		.uleb128 0x16
 991 010f 34       		.uleb128 0x34
 992 0110 00       		.byte	0
ARM GAS  C:\Users\egh35\AppData\Local\Temp\ccQqA1sl.s 			page 20


 993 0111 03       		.uleb128 0x3
 994 0112 0E       		.uleb128 0xe
 995 0113 3A       		.uleb128 0x3a
 996 0114 0B       		.uleb128 0xb
 997 0115 3B       		.uleb128 0x3b
 998 0116 0B       		.uleb128 0xb
 999 0117 49       		.uleb128 0x49
 1000 0118 13       		.uleb128 0x13
 1001 0119 3F       		.uleb128 0x3f
 1002 011a 19       		.uleb128 0x19
 1003 011b 02       		.uleb128 0x2
 1004 011c 18       		.uleb128 0x18
 1005 011d 00       		.byte	0
 1006 011e 00       		.byte	0
 1007 011f 17       		.uleb128 0x17
 1008 0120 2E       		.uleb128 0x2e
 1009 0121 00       		.byte	0
 1010 0122 3F       		.uleb128 0x3f
 1011 0123 19       		.uleb128 0x19
 1012 0124 03       		.uleb128 0x3
 1013 0125 0E       		.uleb128 0xe
 1014 0126 3A       		.uleb128 0x3a
 1015 0127 0B       		.uleb128 0xb
 1016 0128 3B       		.uleb128 0x3b
 1017 0129 0B       		.uleb128 0xb
 1018 012a 27       		.uleb128 0x27
 1019 012b 19       		.uleb128 0x19
 1020 012c 49       		.uleb128 0x49
 1021 012d 13       		.uleb128 0x13
 1022 012e 3C       		.uleb128 0x3c
 1023 012f 19       		.uleb128 0x19
 1024 0130 00       		.byte	0
 1025 0131 00       		.byte	0
 1026 0132 18       		.uleb128 0x18
 1027 0133 2E       		.uleb128 0x2e
 1028 0134 01       		.byte	0x1
 1029 0135 3F       		.uleb128 0x3f
 1030 0136 19       		.uleb128 0x19
 1031 0137 03       		.uleb128 0x3
 1032 0138 0E       		.uleb128 0xe
 1033 0139 3A       		.uleb128 0x3a
 1034 013a 0B       		.uleb128 0xb
 1035 013b 3B       		.uleb128 0x3b
 1036 013c 0B       		.uleb128 0xb
 1037 013d 27       		.uleb128 0x27
 1038 013e 19       		.uleb128 0x19
 1039 013f 3C       		.uleb128 0x3c
 1040 0140 19       		.uleb128 0x19
 1041 0141 01       		.uleb128 0x1
 1042 0142 13       		.uleb128 0x13
 1043 0143 00       		.byte	0
 1044 0144 00       		.byte	0
 1045 0145 19       		.uleb128 0x19
 1046 0146 05       		.uleb128 0x5
 1047 0147 00       		.byte	0
 1048 0148 49       		.uleb128 0x49
 1049 0149 13       		.uleb128 0x13
ARM GAS  C:\Users\egh35\AppData\Local\Temp\ccQqA1sl.s 			page 21


 1050 014a 00       		.byte	0
 1051 014b 00       		.byte	0
 1052 014c 1A       		.uleb128 0x1a
 1053 014d 2E       		.uleb128 0x2e
 1054 014e 01       		.byte	0x1
 1055 014f 3F       		.uleb128 0x3f
 1056 0150 19       		.uleb128 0x19
 1057 0151 03       		.uleb128 0x3
 1058 0152 0E       		.uleb128 0xe
 1059 0153 3A       		.uleb128 0x3a
 1060 0154 0B       		.uleb128 0xb
 1061 0155 3B       		.uleb128 0x3b
 1062 0156 05       		.uleb128 0x5
 1063 0157 27       		.uleb128 0x27
 1064 0158 19       		.uleb128 0x19
 1065 0159 3C       		.uleb128 0x3c
 1066 015a 19       		.uleb128 0x19
 1067 015b 01       		.uleb128 0x1
 1068 015c 13       		.uleb128 0x13
 1069 015d 00       		.byte	0
 1070 015e 00       		.byte	0
 1071 015f 1B       		.uleb128 0x1b
 1072 0160 2E       		.uleb128 0x2e
 1073 0161 01       		.byte	0x1
 1074 0162 3F       		.uleb128 0x3f
 1075 0163 19       		.uleb128 0x19
 1076 0164 03       		.uleb128 0x3
 1077 0165 0E       		.uleb128 0xe
 1078 0166 3A       		.uleb128 0x3a
 1079 0167 0B       		.uleb128 0xb
 1080 0168 3B       		.uleb128 0x3b
 1081 0169 0B       		.uleb128 0xb
 1082 016a 27       		.uleb128 0x27
 1083 016b 19       		.uleb128 0x19
 1084 016c 49       		.uleb128 0x49
 1085 016d 13       		.uleb128 0x13
 1086 016e 3C       		.uleb128 0x3c
 1087 016f 19       		.uleb128 0x19
 1088 0170 01       		.uleb128 0x1
 1089 0171 13       		.uleb128 0x13
 1090 0172 00       		.byte	0
 1091 0173 00       		.byte	0
 1092 0174 1C       		.uleb128 0x1c
 1093 0175 2E       		.uleb128 0x2e
 1094 0176 00       		.byte	0
 1095 0177 3F       		.uleb128 0x3f
 1096 0178 19       		.uleb128 0x19
 1097 0179 03       		.uleb128 0x3
 1098 017a 0E       		.uleb128 0xe
 1099 017b 3A       		.uleb128 0x3a
 1100 017c 0B       		.uleb128 0xb
 1101 017d 3B       		.uleb128 0x3b
 1102 017e 0B       		.uleb128 0xb
 1103 017f 27       		.uleb128 0x27
 1104 0180 19       		.uleb128 0x19
 1105 0181 3C       		.uleb128 0x3c
 1106 0182 19       		.uleb128 0x19
ARM GAS  C:\Users\egh35\AppData\Local\Temp\ccQqA1sl.s 			page 22


 1107 0183 00       		.byte	0
 1108 0184 00       		.byte	0
 1109 0185 00       		.byte	0
 1110              		.section	.debug_loc,"",%progbits
 1111              	.Ldebug_loc0:
 1112              	.LLST0:
 1113 0000 00000000 		.4byte	.LVL7
 1114 0004 08000000 		.4byte	.LVL8
 1115 0008 0100     		.2byte	0x1
 1116 000a 50       		.byte	0x50
 1117 000b 08000000 		.4byte	.LVL8
 1118 000f 0D000000 		.4byte	.LVL9-1
 1119 0013 0100     		.2byte	0x1
 1120 0015 52       		.byte	0x52
 1121 0016 0D000000 		.4byte	.LVL9-1
 1122 001a 1C000000 		.4byte	.LFE33
 1123 001e 0400     		.2byte	0x4
 1124 0020 F3       		.byte	0xf3
 1125 0021 01       		.uleb128 0x1
 1126 0022 50       		.byte	0x50
 1127 0023 9F       		.byte	0x9f
 1128 0024 00000000 		.4byte	0
 1129 0028 00000000 		.4byte	0
 1130              		.section	.debug_aranges,"",%progbits
 1131 0000 2C000000 		.4byte	0x2c
 1132 0004 0200     		.2byte	0x2
 1133 0006 00000000 		.4byte	.Ldebug_info0
 1134 000a 04       		.byte	0x4
 1135 000b 00       		.byte	0
 1136 000c 0000     		.2byte	0
 1137 000e 0000     		.2byte	0
 1138 0010 00000000 		.4byte	.LFB34
 1139 0014 60000000 		.4byte	.LFE34-.LFB34
 1140 0018 00000000 		.4byte	.LFB33
 1141 001c 1C000000 		.4byte	.LFE33-.LFB33
 1142 0020 00000000 		.4byte	.LFB35
 1143 0024 AC000000 		.4byte	.LFE35-.LFB35
 1144 0028 00000000 		.4byte	0
 1145 002c 00000000 		.4byte	0
 1146              		.section	.debug_ranges,"",%progbits
 1147              	.Ldebug_ranges0:
 1148 0000 1E000000 		.4byte	.LBB2
 1149 0004 24000000 		.4byte	.LBE2
 1150 0008 2A000000 		.4byte	.LBB3
 1151 000c AC000000 		.4byte	.LBE3
 1152 0010 00000000 		.4byte	0
 1153 0014 00000000 		.4byte	0
 1154 0018 00000000 		.4byte	.LFB34
 1155 001c 60000000 		.4byte	.LFE34
 1156 0020 00000000 		.4byte	.LFB33
 1157 0024 1C000000 		.4byte	.LFE33
 1158 0028 00000000 		.4byte	.LFB35
 1159 002c AC000000 		.4byte	.LFE35
 1160 0030 00000000 		.4byte	0
 1161 0034 00000000 		.4byte	0
 1162              		.section	.debug_line,"",%progbits
 1163              	.Ldebug_line0:
ARM GAS  C:\Users\egh35\AppData\Local\Temp\ccQqA1sl.s 			page 23


 1164 0000 70010000 		.section	.debug_str,"MS",%progbits,1
 1164      02001E01 
 1164      00000201 
 1164      FB0E0D00 
 1164      01010101 
 1165              	.LASF35:
 1166 0000 55415254 		.ascii	"UART_1_Start\000"
 1166      5F315F53 
 1166      74617274 
 1166      00
 1167              	.LASF22:
 1168 000d 7365636F 		.ascii	"seconds_new\000"
 1168      6E64735F 
 1168      6E657700 
 1169              	.LASF18:
 1170 0019 53575F49 		.ascii	"SW_Int\000"
 1170      6E7400
 1171              	.LASF25:
 1172 0020 6D735F6F 		.ascii	"ms_old\000"
 1172      6C6400
 1173              	.LASF29:
 1174 0027 55415254 		.ascii	"UART_1_UartPutString\000"
 1174      5F315F55 
 1174      61727450 
 1174      75745374 
 1174      72696E67 
 1175              	.LASF24:
 1176 003c 6D735F6E 		.ascii	"ms_new\000"
 1176      657700
 1177              	.LASF12:
 1178 0043 666C6F61 		.ascii	"float\000"
 1178      7400
 1179              	.LASF36:
 1180 0049 54696D65 		.ascii	"Timer_1_Start\000"
 1180      725F315F 
 1180      53746172 
 1180      7400
 1181              	.LASF21:
 1182 0057 70726573 		.ascii	"press\000"
 1182      7300
 1183              	.LASF1:
 1184 005d 756E7369 		.ascii	"unsigned char\000"
 1184      676E6564 
 1184      20636861 
 1184      7200
 1185              	.LASF14:
 1186 006b 63686172 		.ascii	"char8\000"
 1186      3800
 1187              	.LASF19:
 1188 0071 5072696E 		.ascii	"PrintInt\000"
 1188      74496E74 
 1188      00
 1189              	.LASF5:
 1190 007a 6C6F6E67 		.ascii	"long unsigned int\000"
 1190      20756E73 
 1190      69676E65 
 1190      6420696E 
ARM GAS  C:\Users\egh35\AppData\Local\Temp\ccQqA1sl.s 			page 24


 1190      7400
 1191              	.LASF3:
 1192 008c 73686F72 		.ascii	"short unsigned int\000"
 1192      7420756E 
 1192      7369676E 
 1192      65642069 
 1192      6E7400
 1193              	.LASF39:
 1194 009f 2E5C6D61 		.ascii	".\\main.c\000"
 1194      696E2E63 
 1194      00
 1195              	.LASF40:
 1196 00a8 453A5C73 		.ascii	"E:\\school\\ECEC304\\Lab6\\Tic.cydsn\000"
 1196      63686F6F 
 1196      6C5C4543 
 1196      45433330 
 1196      345C4C61 
 1197              	.LASF27:
 1198 00c9 74696D65 		.ascii	"time_ms\000"
 1198      5F6D7300 
 1199              	.LASF13:
 1200 00d1 646F7562 		.ascii	"double\000"
 1200      6C6500
 1201              	.LASF20:
 1202 00d8 6D61696E 		.ascii	"main\000"
 1202      00
 1203              	.LASF10:
 1204 00dd 75696E74 		.ascii	"uint16\000"
 1204      313600
 1205              	.LASF11:
 1206 00e4 75696E74 		.ascii	"uint32\000"
 1206      333200
 1207              	.LASF8:
 1208 00eb 756E7369 		.ascii	"unsigned int\000"
 1208      676E6564 
 1208      20696E74 
 1208      00
 1209              	.LASF7:
 1210 00f8 6C6F6E67 		.ascii	"long long unsigned int\000"
 1210      206C6F6E 
 1210      6720756E 
 1210      7369676E 
 1210      65642069 
 1211              	.LASF26:
 1212 010f 74696D65 		.ascii	"time_s\000"
 1212      5F7300
 1213              	.LASF38:
 1214 0116 474E5520 		.ascii	"GNU C 4.8.4 20140526 (release) [ARM/embedded-4_8-br"
 1214      4320342E 
 1214      382E3420 
 1214      32303134 
 1214      30353236 
 1215 0149 616E6368 		.ascii	"anch revision 211358] -mcpu=cortex-m0 -mthumb -g -O"
 1215      20726576 
 1215      6973696F 
 1215      6E203231 
 1215      31333538 
ARM GAS  C:\Users\egh35\AppData\Local\Temp\ccQqA1sl.s 			page 25


 1216 017c 67202D66 		.ascii	"g -ffunction-sections\000"
 1216      66756E63 
 1216      74696F6E 
 1216      2D736563 
 1216      74696F6E 
 1217              	.LASF32:
 1218 0192 54696D65 		.ascii	"Timer_2_ReadCounter\000"
 1218      725F325F 
 1218      52656164 
 1218      436F756E 
 1218      74657200 
 1219              	.LASF16:
 1220 01a6 63796973 		.ascii	"cyisraddress\000"
 1220      72616464 
 1220      72657373 
 1220      00
 1221              	.LASF30:
 1222 01b3 53575F52 		.ascii	"SW_Read\000"
 1222      65616400 
 1223              	.LASF37:
 1224 01bb 54696D65 		.ascii	"Timer_2_Start\000"
 1224      725F325F 
 1224      53746172 
 1224      7400
 1225              	.LASF17:
 1226 01c9 73697A65 		.ascii	"sizetype\000"
 1226      74797065 
 1226      00
 1227              	.LASF33:
 1228 01d2 53575F43 		.ascii	"SW_ClearInterrupt\000"
 1228      6C656172 
 1228      496E7465 
 1228      72727570 
 1228      7400
 1229              	.LASF6:
 1230 01e4 6C6F6E67 		.ascii	"long long int\000"
 1230      206C6F6E 
 1230      6720696E 
 1230      7400
 1231              	.LASF15:
 1232 01f2 63686172 		.ascii	"char\000"
 1232      00
 1233              	.LASF31:
 1234 01f7 54696D65 		.ascii	"Timer_1_ReadCounter\000"
 1234      725F315F 
 1234      52656164 
 1234      436F756E 
 1234      74657200 
 1235              	.LASF2:
 1236 020b 73686F72 		.ascii	"short int\000"
 1236      7420696E 
 1236      7400
 1237              	.LASF9:
 1238 0215 75696E74 		.ascii	"uint8\000"
 1238      3800
 1239              	.LASF4:
 1240 021b 6C6F6E67 		.ascii	"long int\000"
ARM GAS  C:\Users\egh35\AppData\Local\Temp\ccQqA1sl.s 			page 26


 1240      20696E74 
 1240      00
 1241              	.LASF34:
 1242 0224 6973725F 		.ascii	"isr_sw_StartEx\000"
 1242      73775F53 
 1242      74617274 
 1242      457800
 1243              	.LASF0:
 1244 0233 7369676E 		.ascii	"signed char\000"
 1244      65642063 
 1244      68617200 
 1245              	.LASF23:
 1246 023f 7365636F 		.ascii	"seconds_old\000"
 1246      6E64735F 
 1246      6F6C6400 
 1247              	.LASF41:
 1248 024b 73707269 		.ascii	"sprintf\000"
 1248      6E746600 
 1249              	.LASF28:
 1250 0253 43794465 		.ascii	"CyDelay\000"
 1250      6C617900 
 1251              		.ident	"GCC: (GNU Tools for ARM Embedded Processors) 4.8.4 20140526 (release) [ARM/embedded-4_8-br
