#***************************************************************************

#sjplacer

#Version:            1.1

#Build Date:         May  8 2015 09:27:37

#File Generated:     Mar 8 2016 15:50:50

#Purpose:            

#Copyright (C) 2010-2011 by Softjin Technologies Pvt Ltd. All rights reserved.

#***************************************************************************

Executing : C:\Program Files (x86)\Cypress\PSoC Creator\3.2\PSoC Creator\bin/sjplacer.exe --proj-name SW --netlist-vh2 SW_p.vh2 --arch-file C:\Program Files (x86)\Cypress\PSoC Creator\3.2\PSoC Creator\dev/arch/p4_udb2x2a.ark --rrg-file C:\Program Files (x86)\Cypress\PSoC Creator\3.2\PSoC Creator\dev/psoc4/psoc4a/route_arch-rrg.cydata --irq-file C:\Program Files (x86)\Cypress\PSoC Creator\3.2\PSoC Creator\dev/psoc4/psoc4a/irqconn.cydata --dsi-conn-file C:\Program Files (x86)\Cypress\PSoC Creator\3.2\PSoC Creator\dev/psoc4/psoc4a/dsiconn.cydata --pins-file pins_44-TQFP.xml --lib-file SW_p.lib --sdc-file SW.sdc --io-pcf SW.pci --outdir .

		Softjin Techologies Placer, Version 1.1

Build Date : May  8 2015	08:51:53

D2004: Option and Settings Summary
=============================================================
Netlist vh2 file          - SW_p.vh2
Architecture file         - C:\Program Files (x86)\Cypress\PSoC Creator\3.2\PSoC Creator\dev/arch/p4_udb2x2a.ark
Package                   - 
Defparam file             - 
SDC file                  - SW.sdc
Output directory          - .
Timing library            - SW_p.lib
IO Placement file         - SW.pci

D2050: Starting reading inputs for placer
=============================================================
D2065: Reading netlist file : "SW_p.vh2"
D2065: Reading arch file : "C:\Program Files (x86)\Cypress\PSoC Creator\3.2\PSoC Creator\dev/arch/p4_udb2x2a.ark"
D2051: Reading of inputs for placer completed successfully

D2053: Starting placement of the design
=============================================================

Phase 2
Phase 3

Design Statistics after Packing
    Number of Combinational MCs 	:	1
    Number of Sequential MCs    	:	0
    Number of DPs               	:	4
    Number of Controls          	:	1
    Number of Status            	:	1
    Number of SyncCells         	:	0
    Number of count7cells       	:	0

Device Utilization Summary after Packing
    Macrocells                  :	1/32
    UDBS                        :	4/4
    IOs                         :	4/36


D2088: Phase 3, elapsed time : 0.0 (sec)

Phase 4
D2088: Phase 4, elapsed time : 0.0 (sec)

Phase 6

######################################################################
Placement Timing Summary

The timing summary is based on estimated routing delays after
placement. For final timing report, please carry out the timing
analysis after routing.
======================================================================

######################################################################
                     Clock Summary 
======================================================================
Number of clocks: 9
Clock: CyHFCLK              | Frequency: N/A       | Target:  24.0 MHz
Clock: CyILO                | Frequency: N/A       | Target:   0.0 MHz
Clock: CyIMO                | Frequency: N/A       | Target:  24.0 MHz
Clock: CyLFCLK              | Frequency: N/A       | Target:   0.0 MHz
Clock: CyRouted1            | Frequency: N/A       | Target:  24.0 MHz
Clock: CySYSCLK             | Frequency: N/A       | Target:  24.0 MHz
Clock: UART_1_SCBCLK        | Frequency: N/A       | Target:   0.1 MHz
Clock: UART_1_SCBCLK(FFB)   | Frequency: N/A       | Target:   0.1 MHz
Clock: timer_clock          | Frequency:  28.0 MHz | Target:  12.0 MHz

======================================================================
                     End of Clock Summary
######################################################################

D2088: Phase 6, elapsed time : 0.0 (sec)

Phase 7
######################################################################
                     Clock Summary 
======================================================================
Number of clocks: 9
Clock: CyHFCLK              | Frequency: N/A       | Target:  24.0 MHz
Clock: CyILO                | Frequency: N/A       | Target:   0.0 MHz
Clock: CyIMO                | Frequency: N/A       | Target:  24.0 MHz
Clock: CyLFCLK              | Frequency: N/A       | Target:   0.0 MHz
Clock: CyRouted1            | Frequency: N/A       | Target:  24.0 MHz
Clock: CySYSCLK             | Frequency: N/A       | Target:  24.0 MHz
Clock: UART_1_SCBCLK        | Frequency: N/A       | Target:   0.1 MHz
Clock: UART_1_SCBCLK(FFB)   | Frequency: N/A       | Target:   0.1 MHz
Clock: timer_clock          | Frequency:  28.0 MHz | Target:  12.0 MHz

======================================================================
                     End of Clock Summary
######################################################################
D2088: Phase 7, elapsed time : 0.1 (sec)

Final Design Statistics
    Number of Combinational MCs 	:	1
    Number of Sequential MCs    	:	0
    Number of DPs               	:	4
    Number of Controls          	:	1
    Number of Status            	:	1
    Number of SyncCells         	:	0
    Number of count7cells       	:	0
    Number of IOs       	:	4

Device Utilization Summary
    Macrocells                  :	1/32
    IOs                         :	4/36



######################################################################
Placement Timing Summary

The timing summary is based on estimated routing delays after
placement. For final timing report, please carry out the timing
analysis after routing.
======================================================================


######################################################################
                     Clock Summary 
======================================================================
Number of clocks: 9
Clock: CyHFCLK              | Frequency: N/A       | Target:  24.0 MHz
Clock: CyILO                | Frequency: N/A       | Target:   0.0 MHz
Clock: CyIMO                | Frequency: N/A       | Target:  24.0 MHz
Clock: CyLFCLK              | Frequency: N/A       | Target:   0.0 MHz
Clock: CyRouted1            | Frequency: N/A       | Target:  24.0 MHz
Clock: CySYSCLK             | Frequency: N/A       | Target:  24.0 MHz
Clock: UART_1_SCBCLK        | Frequency: N/A       | Target:   0.1 MHz
Clock: UART_1_SCBCLK(FFB)   | Frequency: N/A       | Target:   0.1 MHz
Clock: timer_clock          | Frequency:  28.0 MHz | Target:  13.2 MHz

======================================================================
                     End of Clock Summary
######################################################################

Phase 8
D2088: Phase 8, elapsed time : 0.0 (sec)

D2054: Placement of the design completed successfully

I2076: Total run-time: 0.3 sec.

