ARM GAS  C:\Users\eat46\AppData\Local\Temp\ccHOBSi4.s 			page 1


   1              		.cpu cortex-m0
   2              		.fpu softvfp
   3              		.eabi_attribute 20, 1
   4              		.eabi_attribute 21, 1
   5              		.eabi_attribute 23, 3
   6              		.eabi_attribute 24, 1
   7              		.eabi_attribute 25, 1
   8              		.eabi_attribute 26, 1
   9              		.eabi_attribute 30, 1
  10              		.eabi_attribute 34, 0
  11              		.eabi_attribute 18, 4
  12              		.code	16
  13              		.file	"main.c"
  14              		.text
  15              	.Ltext0:
  16              		.cfi_sections	.debug_frame
  17              		.section	.text.main,"ax",%progbits
  18              		.align	2
  19              		.global	main
  20              		.code	16
  21              		.thumb_func
  22              		.type	main, %function
  23              	main:
  24              	.LFB33:
  25              		.file 1 ".\\main.c"
   1:.\main.c      **** /* ========================================
   2:.\main.c      ****  *
   3:.\main.c      ****  * Copyright YOUR COMPANY, THE YEAR
   4:.\main.c      ****  * All Rights Reserved
   5:.\main.c      ****  * UNPUBLISHED, LICENSED SOFTWARE.
   6:.\main.c      ****  *
   7:.\main.c      ****  * CONFIDENTIAL AND PROPRIETARY INFORMATION
   8:.\main.c      ****  * WHICH IS THE PROPERTY OF your company.
   9:.\main.c      ****  *
  10:.\main.c      ****  * ========================================
  11:.\main.c      **** */
  12:.\main.c      **** #include <project.h>
  13:.\main.c      **** 
  14:.\main.c      **** void main(void)
  15:.\main.c      **** {
  26              		.loc 1 15 0
  27              		.cfi_startproc
  28 0000 F0B5     		push	{r4, r5, r6, r7, lr}
  29              		.cfi_def_cfa_offset 20
  30              		.cfi_offset 4, -20
  31              		.cfi_offset 5, -16
  32              		.cfi_offset 6, -12
  33              		.cfi_offset 7, -8
  34              		.cfi_offset 14, -4
  35 0002 4746     		mov	r7, r8
  36 0004 80B4     		push	{r7}
  37              		.cfi_def_cfa_offset 24
  38              		.cfi_offset 8, -24
  39 0006 84B0     		sub	sp, sp, #16
  40              		.cfi_def_cfa_offset 40
  16:.\main.c      **** UART_1_Start(); 
  41              		.loc 1 16 0
ARM GAS  C:\Users\eat46\AppData\Local\Temp\ccHOBSi4.s 			page 2


  42 0008 FFF7FEFF 		bl	UART_1_Start
  43              	.LVL0:
  17:.\main.c      **** uint32 rxData;
  18:.\main.c      **** int delaytime = 1000;
  19:.\main.c      **** char buf[15];
  20:.\main.c      **** strcpy(buf, "Hello world \n \r");
  44              		.loc 1 20 0
  45 000c 6846     		mov	r0, sp
  46 000e 184B     		ldr	r3, .L13
  47 0010 6A46     		mov	r2, sp
  48 0012 191C     		mov	r1, r3
  49 0014 70C9     		ldmia	r1!, {r4, r5, r6}
  50 0016 70C2     		stmia	r2!, {r4, r5, r6}
  51 0018 0968     		ldr	r1, [r1]
  52 001a 1160     		str	r1, [r2]
  21:.\main.c      **** UART_1_UartPutString(buf);
  53              		.loc 1 21 0
  54 001c FFF7FEFF 		bl	UART_1_UartPutString
  55              	.LVL1:
  18:.\main.c      **** int delaytime = 1000;
  56              		.loc 1 18 0
  57 0020 FA25     		mov	r5, #250
  58 0022 AD00     		lsl	r5, r5, #2
  22:.\main.c      **** for(;;){
  23:.\main.c      **** /* Check if data is available in the UART buffer.
  24:.\main.c      **** The function returns an ASCII char where 1 to 255 are
  25:.\main.c      **** valid and 0 indicates that an error occurred or no data
  26:.\main.c      **** was present in the UART’s receive buffer. */
  27:.\main.c      **** rxData = UART_1_UartGetChar();
  28:.\main.c      **** if(rxData){
  29:.\main.c      **** /* Echo character back to terminal. */
  30:.\main.c      **** UART_1_UartPutChar(rxData);
  31:.\main.c      **** /* Processing code goes here. */
  32:.\main.c      **** if(rxData == 65) /*1 Hz -A */
  33:.\main.c      **** {
  34:.\main.c      ****    delaytime = 1000;
  35:.\main.c      **** }
  36:.\main.c      **** if(rxData == 66)/*2 Hz- B */
  37:.\main.c      **** {
  38:.\main.c      ****    delaytime = 500;
  39:.\main.c      **** }
  40:.\main.c      **** if(rxData == 67)/*3 Hz - C*/
  41:.\main.c      **** {
  42:.\main.c      ****    delaytime = 333;
  43:.\main.c      **** }
  44:.\main.c      **** if(rxData == 68)/*4 Hz - D*/
  45:.\main.c      **** {
  46:.\main.c      ****    delaytime = 250;
  47:.\main.c      **** }
  48:.\main.c      **** if(rxData == 69)/*5 Hz - E*/
  49:.\main.c      **** {
  50:.\main.c      ****    delaytime = 200;
  59              		.loc 1 50 0
  60 0024 C823     		mov	r3, #200
  61 0026 9846     		mov	r8, r3
  46:.\main.c      ****    delaytime = 250;
  62              		.loc 1 46 0
ARM GAS  C:\Users\eat46\AppData\Local\Temp\ccHOBSi4.s 			page 3


  63 0028 FA27     		mov	r7, #250
  42:.\main.c      ****    delaytime = 333;
  64              		.loc 1 42 0
  65 002a 4E26     		mov	r6, #78
  66 002c FF36     		add	r6, r6, #255
  67              	.LVL2:
  68              	.L7:
  27:.\main.c      **** rxData = UART_1_UartGetChar();
  69              		.loc 1 27 0
  70 002e FFF7FEFF 		bl	UART_1_UartGetChar
  71              	.LVL3:
  72 0032 041E     		sub	r4, r0, #0
  73              	.LVL4:
  28:.\main.c      **** if(rxData){
  74              		.loc 1 28 0
  75 0034 12D0     		beq	.L2
  30:.\main.c      **** UART_1_UartPutChar(rxData);
  76              		.loc 1 30 0
  77 0036 FFF7FEFF 		bl	UART_1_SpiUartWriteTxData
  78              	.LVL5:
  32:.\main.c      **** if(rxData == 65) /*1 Hz -A */
  79              		.loc 1 32 0
  80 003a 412C     		cmp	r4, #65
  81 003c 01D1     		bne	.L3
  34:.\main.c      ****    delaytime = 1000;
  82              		.loc 1 34 0
  83 003e FA25     		mov	r5, #250
  84              	.LVL6:
  85 0040 AD00     		lsl	r5, r5, #2
  86              	.L3:
  87              	.LVL7:
  36:.\main.c      **** if(rxData == 66)/*2 Hz- B */
  88              		.loc 1 36 0
  89 0042 422C     		cmp	r4, #66
  90 0044 01D1     		bne	.L4
  38:.\main.c      ****    delaytime = 500;
  91              		.loc 1 38 0
  92 0046 FA25     		mov	r5, #250
  93              	.LVL8:
  94 0048 6D00     		lsl	r5, r5, #1
  95              	.L4:
  96              	.LVL9:
  40:.\main.c      **** if(rxData == 67)/*3 Hz - C*/
  97              		.loc 1 40 0
  98 004a 432C     		cmp	r4, #67
  99 004c 00D1     		bne	.L5
  42:.\main.c      ****    delaytime = 333;
 100              		.loc 1 42 0
 101 004e 351C     		mov	r5, r6
 102              	.LVL10:
 103              	.L5:
  44:.\main.c      **** if(rxData == 68)/*4 Hz - D*/
 104              		.loc 1 44 0
 105 0050 442C     		cmp	r4, #68
 106 0052 00D1     		bne	.L6
  46:.\main.c      ****    delaytime = 250;
 107              		.loc 1 46 0
ARM GAS  C:\Users\eat46\AppData\Local\Temp\ccHOBSi4.s 			page 4


 108 0054 3D1C     		mov	r5, r7
 109              	.LVL11:
 110              	.L6:
  48:.\main.c      **** if(rxData == 69)/*5 Hz - E*/
 111              		.loc 1 48 0
 112 0056 452C     		cmp	r4, #69
 113 0058 00D1     		bne	.L2
 114              		.loc 1 50 0
 115 005a 4546     		mov	r5, r8
 116              	.LVL12:
 117              	.L2:
  51:.\main.c      **** }
  52:.\main.c      **** 
  53:.\main.c      **** 
  54:.\main.c      **** } /* End if */
  55:.\main.c      **** LED_PIN_Write(~LED_PIN_Read());
 118              		.loc 1 55 0
 119 005c FFF7FEFF 		bl	LED_PIN_Read
 120              	.LVL13:
 121 0060 C343     		mvn	r3, r0
 122 0062 D8B2     		uxtb	r0, r3
 123 0064 FFF7FEFF 		bl	LED_PIN_Write
 124              	.LVL14:
  56:.\main.c      ****  CyDelay(delaytime);
 125              		.loc 1 56 0
 126 0068 281C     		mov	r0, r5
 127 006a FFF7FEFF 		bl	CyDelay
 128              	.LVL15:
  57:.\main.c      **** 
  58:.\main.c      **** 
  59:.\main.c      **** } /* End for */
 129              		.loc 1 59 0
 130 006e DEE7     		b	.L7
 131              	.L14:
 132              		.align	2
 133              	.L13:
 134 0070 00000000 		.word	.LC0
 135              		.cfi_endproc
 136              	.LFE33:
 137              		.size	main, .-main
 138              		.section	.rodata.str1.4,"aMS",%progbits,1
 139              		.align	2
 140              	.LC0:
 141 0000 48656C6C 		.ascii	"Hello world \012 \015\000"
 141      6F20776F 
 141      726C6420 
 141      0A200D00 
 142              		.text
 143              	.Letext0:
 144              		.file 2 "Generated_Source\\PSoC4/cytypes.h"
 145              		.file 3 "Generated_Source\\PSoC4/UART_1_SPI_UART.h"
 146              		.file 4 "Generated_Source\\PSoC4/LED_PIN.h"
 147              		.file 5 "Generated_Source\\PSoC4/UART_1.h"
 148              		.file 6 "Generated_Source\\PSoC4/CyLib.h"
 149              		.section	.debug_info,"",%progbits
 150              	.Ldebug_info0:
 151 0000 BE010000 		.4byte	0x1be
ARM GAS  C:\Users\eat46\AppData\Local\Temp\ccHOBSi4.s 			page 5


 152 0004 0400     		.2byte	0x4
 153 0006 00000000 		.4byte	.Ldebug_abbrev0
 154 000a 04       		.byte	0x4
 155 000b 01       		.uleb128 0x1
 156 000c E6000000 		.4byte	.LASF23
 157 0010 01       		.byte	0x1
 158 0011 A0000000 		.4byte	.LASF24
 159 0015 91010000 		.4byte	.LASF25
 160 0019 00000000 		.4byte	.Ldebug_ranges0+0
 161 001d 00000000 		.4byte	0
 162 0021 00000000 		.4byte	.Ldebug_line0
 163 0025 02       		.uleb128 0x2
 164 0026 01       		.byte	0x1
 165 0027 06       		.byte	0x6
 166 0028 B4010000 		.4byte	.LASF0
 167 002c 02       		.uleb128 0x2
 168 002d 01       		.byte	0x1
 169 002e 08       		.byte	0x8
 170 002f 3B000000 		.4byte	.LASF1
 171 0033 02       		.uleb128 0x2
 172 0034 02       		.byte	0x2
 173 0035 05       		.byte	0x5
 174 0036 7E010000 		.4byte	.LASF2
 175 003a 02       		.uleb128 0x2
 176 003b 02       		.byte	0x2
 177 003c 07       		.byte	0x7
 178 003d 22000000 		.4byte	.LASF3
 179 0041 02       		.uleb128 0x2
 180 0042 04       		.byte	0x4
 181 0043 05       		.byte	0x5
 182 0044 88010000 		.4byte	.LASF4
 183 0048 02       		.uleb128 0x2
 184 0049 04       		.byte	0x4
 185 004a 07       		.byte	0x7
 186 004b 4F000000 		.4byte	.LASF5
 187 004f 02       		.uleb128 0x2
 188 0050 08       		.byte	0x8
 189 0051 05       		.byte	0x5
 190 0052 6B010000 		.4byte	.LASF6
 191 0056 02       		.uleb128 0x2
 192 0057 08       		.byte	0x8
 193 0058 07       		.byte	0x7
 194 0059 CF000000 		.4byte	.LASF7
 195 005d 03       		.uleb128 0x3
 196 005e 04       		.byte	0x4
 197 005f 05       		.byte	0x5
 198 0060 696E7400 		.ascii	"int\000"
 199 0064 02       		.uleb128 0x2
 200 0065 04       		.byte	0x4
 201 0066 07       		.byte	0x7
 202 0067 C2000000 		.4byte	.LASF8
 203 006b 04       		.uleb128 0x4
 204 006c 61000000 		.4byte	.LASF9
 205 0070 02       		.byte	0x2
 206 0071 C1       		.byte	0xc1
 207 0072 2C000000 		.4byte	0x2c
 208 0076 04       		.uleb128 0x4
ARM GAS  C:\Users\eat46\AppData\Local\Temp\ccHOBSi4.s 			page 6


 209 0077 B6000000 		.4byte	.LASF10
 210 007b 02       		.byte	0x2
 211 007c C3       		.byte	0xc3
 212 007d 48000000 		.4byte	0x48
 213 0081 02       		.uleb128 0x2
 214 0082 04       		.byte	0x4
 215 0083 04       		.byte	0x4
 216 0084 35000000 		.4byte	.LASF11
 217 0088 02       		.uleb128 0x2
 218 0089 08       		.byte	0x8
 219 008a 04       		.byte	0x4
 220 008b 99000000 		.4byte	.LASF12
 221 008f 04       		.uleb128 0x4
 222 0090 49000000 		.4byte	.LASF13
 223 0094 02       		.byte	0x2
 224 0095 D2       		.byte	0xd2
 225 0096 9A000000 		.4byte	0x9a
 226 009a 02       		.uleb128 0x2
 227 009b 01       		.byte	0x1
 228 009c 08       		.byte	0x8
 229 009d 79010000 		.4byte	.LASF14
 230 00a1 02       		.uleb128 0x2
 231 00a2 04       		.byte	0x4
 232 00a3 07       		.byte	0x7
 233 00a4 62010000 		.4byte	.LASF15
 234 00a8 05       		.uleb128 0x5
 235 00a9 BD000000 		.4byte	.LASF26
 236 00ad 01       		.byte	0x1
 237 00ae 0E       		.byte	0xe
 238 00af 00000000 		.4byte	.LFB33
 239 00b3 74000000 		.4byte	.LFE33-.LFB33
 240 00b7 01       		.uleb128 0x1
 241 00b8 9C       		.byte	0x9c
 242 00b9 46010000 		.4byte	0x146
 243 00bd 06       		.uleb128 0x6
 244 00be 7A000000 		.4byte	.LASF16
 245 00c2 01       		.byte	0x1
 246 00c3 11       		.byte	0x11
 247 00c4 76000000 		.4byte	0x76
 248 00c8 00000000 		.4byte	.LLST0
 249 00cc 06       		.uleb128 0x6
 250 00cd 81000000 		.4byte	.LASF17
 251 00d1 01       		.byte	0x1
 252 00d2 12       		.byte	0x12
 253 00d3 5D000000 		.4byte	0x5d
 254 00d7 1E000000 		.4byte	.LLST1
 255 00db 07       		.uleb128 0x7
 256 00dc 62756600 		.ascii	"buf\000"
 257 00e0 01       		.byte	0x1
 258 00e1 13       		.byte	0x13
 259 00e2 46010000 		.4byte	0x146
 260 00e6 02       		.uleb128 0x2
 261 00e7 91       		.byte	0x91
 262 00e8 58       		.sleb128 -40
 263 00e9 08       		.uleb128 0x8
 264 00ea 0C000000 		.4byte	.LVL0
 265 00ee 56010000 		.4byte	0x156
ARM GAS  C:\Users\eat46\AppData\Local\Temp\ccHOBSi4.s 			page 7


 266 00f2 09       		.uleb128 0x9
 267 00f3 20000000 		.4byte	.LVL1
 268 00f7 5D010000 		.4byte	0x15d
 269 00fb 06010000 		.4byte	0x106
 270 00ff 0A       		.uleb128 0xa
 271 0100 01       		.uleb128 0x1
 272 0101 50       		.byte	0x50
 273 0102 02       		.uleb128 0x2
 274 0103 7D       		.byte	0x7d
 275 0104 00       		.sleb128 0
 276 0105 00       		.byte	0
 277 0106 08       		.uleb128 0x8
 278 0107 32000000 		.4byte	.LVL3
 279 010b 7A010000 		.4byte	0x17a
 280 010f 09       		.uleb128 0x9
 281 0110 3A000000 		.4byte	.LVL5
 282 0114 86010000 		.4byte	0x186
 283 0118 23010000 		.4byte	0x123
 284 011c 0A       		.uleb128 0xa
 285 011d 01       		.uleb128 0x1
 286 011e 50       		.byte	0x50
 287 011f 02       		.uleb128 0x2
 288 0120 74       		.byte	0x74
 289 0121 00       		.sleb128 0
 290 0122 00       		.byte	0
 291 0123 08       		.uleb128 0x8
 292 0124 60000000 		.4byte	.LVL13
 293 0128 98010000 		.4byte	0x198
 294 012c 08       		.uleb128 0x8
 295 012d 68000000 		.4byte	.LVL14
 296 0131 A3010000 		.4byte	0x1a3
 297 0135 0B       		.uleb128 0xb
 298 0136 6E000000 		.4byte	.LVL15
 299 013a B4010000 		.4byte	0x1b4
 300 013e 0A       		.uleb128 0xa
 301 013f 01       		.uleb128 0x1
 302 0140 50       		.byte	0x50
 303 0141 02       		.uleb128 0x2
 304 0142 75       		.byte	0x75
 305 0143 00       		.sleb128 0
 306 0144 00       		.byte	0
 307 0145 00       		.byte	0
 308 0146 0C       		.uleb128 0xc
 309 0147 9A000000 		.4byte	0x9a
 310 014b 56010000 		.4byte	0x156
 311 014f 0D       		.uleb128 0xd
 312 0150 A1000000 		.4byte	0xa1
 313 0154 0E       		.byte	0xe
 314 0155 00       		.byte	0
 315 0156 0E       		.uleb128 0xe
 316 0157 00000000 		.4byte	.LASF27
 317 015b 05       		.byte	0x5
 318 015c 68       		.byte	0x68
 319 015d 0F       		.uleb128 0xf
 320 015e 0D000000 		.4byte	.LASF18
 321 0162 03       		.byte	0x3
 322 0163 7701     		.2byte	0x177
ARM GAS  C:\Users\eat46\AppData\Local\Temp\ccHOBSi4.s 			page 8


 323 0165 6F010000 		.4byte	0x16f
 324 0169 10       		.uleb128 0x10
 325 016a 6F010000 		.4byte	0x16f
 326 016e 00       		.byte	0
 327 016f 11       		.uleb128 0x11
 328 0170 04       		.byte	0x4
 329 0171 75010000 		.4byte	0x175
 330 0175 12       		.uleb128 0x12
 331 0176 8F000000 		.4byte	0x8f
 332 017a 13       		.uleb128 0x13
 333 017b 67000000 		.4byte	.LASF20
 334 017f 03       		.byte	0x3
 335 0180 6A01     		.2byte	0x16a
 336 0182 76000000 		.4byte	0x76
 337 0186 0F       		.uleb128 0xf
 338 0187 C0010000 		.4byte	.LASF19
 339 018b 03       		.byte	0x3
 340 018c 8C01     		.2byte	0x18c
 341 018e 98010000 		.4byte	0x198
 342 0192 10       		.uleb128 0x10
 343 0193 76000000 		.4byte	0x76
 344 0197 00       		.byte	0
 345 0198 14       		.uleb128 0x14
 346 0199 A9000000 		.4byte	.LASF21
 347 019d 04       		.byte	0x4
 348 019e 20       		.byte	0x20
 349 019f 6B000000 		.4byte	0x6b
 350 01a3 15       		.uleb128 0x15
 351 01a4 8B000000 		.4byte	.LASF22
 352 01a8 04       		.byte	0x4
 353 01a9 1D       		.byte	0x1d
 354 01aa B4010000 		.4byte	0x1b4
 355 01ae 10       		.uleb128 0x10
 356 01af 6B000000 		.4byte	0x6b
 357 01b3 00       		.byte	0
 358 01b4 16       		.uleb128 0x16
 359 01b5 DA010000 		.4byte	.LASF28
 360 01b9 06       		.byte	0x6
 361 01ba 57       		.byte	0x57
 362 01bb 10       		.uleb128 0x10
 363 01bc 76000000 		.4byte	0x76
 364 01c0 00       		.byte	0
 365 01c1 00       		.byte	0
 366              		.section	.debug_abbrev,"",%progbits
 367              	.Ldebug_abbrev0:
 368 0000 01       		.uleb128 0x1
 369 0001 11       		.uleb128 0x11
 370 0002 01       		.byte	0x1
 371 0003 25       		.uleb128 0x25
 372 0004 0E       		.uleb128 0xe
 373 0005 13       		.uleb128 0x13
 374 0006 0B       		.uleb128 0xb
 375 0007 03       		.uleb128 0x3
 376 0008 0E       		.uleb128 0xe
 377 0009 1B       		.uleb128 0x1b
 378 000a 0E       		.uleb128 0xe
 379 000b 55       		.uleb128 0x55
ARM GAS  C:\Users\eat46\AppData\Local\Temp\ccHOBSi4.s 			page 9


 380 000c 17       		.uleb128 0x17
 381 000d 11       		.uleb128 0x11
 382 000e 01       		.uleb128 0x1
 383 000f 10       		.uleb128 0x10
 384 0010 17       		.uleb128 0x17
 385 0011 00       		.byte	0
 386 0012 00       		.byte	0
 387 0013 02       		.uleb128 0x2
 388 0014 24       		.uleb128 0x24
 389 0015 00       		.byte	0
 390 0016 0B       		.uleb128 0xb
 391 0017 0B       		.uleb128 0xb
 392 0018 3E       		.uleb128 0x3e
 393 0019 0B       		.uleb128 0xb
 394 001a 03       		.uleb128 0x3
 395 001b 0E       		.uleb128 0xe
 396 001c 00       		.byte	0
 397 001d 00       		.byte	0
 398 001e 03       		.uleb128 0x3
 399 001f 24       		.uleb128 0x24
 400 0020 00       		.byte	0
 401 0021 0B       		.uleb128 0xb
 402 0022 0B       		.uleb128 0xb
 403 0023 3E       		.uleb128 0x3e
 404 0024 0B       		.uleb128 0xb
 405 0025 03       		.uleb128 0x3
 406 0026 08       		.uleb128 0x8
 407 0027 00       		.byte	0
 408 0028 00       		.byte	0
 409 0029 04       		.uleb128 0x4
 410 002a 16       		.uleb128 0x16
 411 002b 00       		.byte	0
 412 002c 03       		.uleb128 0x3
 413 002d 0E       		.uleb128 0xe
 414 002e 3A       		.uleb128 0x3a
 415 002f 0B       		.uleb128 0xb
 416 0030 3B       		.uleb128 0x3b
 417 0031 0B       		.uleb128 0xb
 418 0032 49       		.uleb128 0x49
 419 0033 13       		.uleb128 0x13
 420 0034 00       		.byte	0
 421 0035 00       		.byte	0
 422 0036 05       		.uleb128 0x5
 423 0037 2E       		.uleb128 0x2e
 424 0038 01       		.byte	0x1
 425 0039 3F       		.uleb128 0x3f
 426 003a 19       		.uleb128 0x19
 427 003b 03       		.uleb128 0x3
 428 003c 0E       		.uleb128 0xe
 429 003d 3A       		.uleb128 0x3a
 430 003e 0B       		.uleb128 0xb
 431 003f 3B       		.uleb128 0x3b
 432 0040 0B       		.uleb128 0xb
 433 0041 27       		.uleb128 0x27
 434 0042 19       		.uleb128 0x19
 435 0043 11       		.uleb128 0x11
 436 0044 01       		.uleb128 0x1
ARM GAS  C:\Users\eat46\AppData\Local\Temp\ccHOBSi4.s 			page 10


 437 0045 12       		.uleb128 0x12
 438 0046 06       		.uleb128 0x6
 439 0047 40       		.uleb128 0x40
 440 0048 18       		.uleb128 0x18
 441 0049 9742     		.uleb128 0x2117
 442 004b 19       		.uleb128 0x19
 443 004c 01       		.uleb128 0x1
 444 004d 13       		.uleb128 0x13
 445 004e 00       		.byte	0
 446 004f 00       		.byte	0
 447 0050 06       		.uleb128 0x6
 448 0051 34       		.uleb128 0x34
 449 0052 00       		.byte	0
 450 0053 03       		.uleb128 0x3
 451 0054 0E       		.uleb128 0xe
 452 0055 3A       		.uleb128 0x3a
 453 0056 0B       		.uleb128 0xb
 454 0057 3B       		.uleb128 0x3b
 455 0058 0B       		.uleb128 0xb
 456 0059 49       		.uleb128 0x49
 457 005a 13       		.uleb128 0x13
 458 005b 02       		.uleb128 0x2
 459 005c 17       		.uleb128 0x17
 460 005d 00       		.byte	0
 461 005e 00       		.byte	0
 462 005f 07       		.uleb128 0x7
 463 0060 34       		.uleb128 0x34
 464 0061 00       		.byte	0
 465 0062 03       		.uleb128 0x3
 466 0063 08       		.uleb128 0x8
 467 0064 3A       		.uleb128 0x3a
 468 0065 0B       		.uleb128 0xb
 469 0066 3B       		.uleb128 0x3b
 470 0067 0B       		.uleb128 0xb
 471 0068 49       		.uleb128 0x49
 472 0069 13       		.uleb128 0x13
 473 006a 02       		.uleb128 0x2
 474 006b 18       		.uleb128 0x18
 475 006c 00       		.byte	0
 476 006d 00       		.byte	0
 477 006e 08       		.uleb128 0x8
 478 006f 898201   		.uleb128 0x4109
 479 0072 00       		.byte	0
 480 0073 11       		.uleb128 0x11
 481 0074 01       		.uleb128 0x1
 482 0075 31       		.uleb128 0x31
 483 0076 13       		.uleb128 0x13
 484 0077 00       		.byte	0
 485 0078 00       		.byte	0
 486 0079 09       		.uleb128 0x9
 487 007a 898201   		.uleb128 0x4109
 488 007d 01       		.byte	0x1
 489 007e 11       		.uleb128 0x11
 490 007f 01       		.uleb128 0x1
 491 0080 31       		.uleb128 0x31
 492 0081 13       		.uleb128 0x13
 493 0082 01       		.uleb128 0x1
ARM GAS  C:\Users\eat46\AppData\Local\Temp\ccHOBSi4.s 			page 11


 494 0083 13       		.uleb128 0x13
 495 0084 00       		.byte	0
 496 0085 00       		.byte	0
 497 0086 0A       		.uleb128 0xa
 498 0087 8A8201   		.uleb128 0x410a
 499 008a 00       		.byte	0
 500 008b 02       		.uleb128 0x2
 501 008c 18       		.uleb128 0x18
 502 008d 9142     		.uleb128 0x2111
 503 008f 18       		.uleb128 0x18
 504 0090 00       		.byte	0
 505 0091 00       		.byte	0
 506 0092 0B       		.uleb128 0xb
 507 0093 898201   		.uleb128 0x4109
 508 0096 01       		.byte	0x1
 509 0097 11       		.uleb128 0x11
 510 0098 01       		.uleb128 0x1
 511 0099 31       		.uleb128 0x31
 512 009a 13       		.uleb128 0x13
 513 009b 00       		.byte	0
 514 009c 00       		.byte	0
 515 009d 0C       		.uleb128 0xc
 516 009e 01       		.uleb128 0x1
 517 009f 01       		.byte	0x1
 518 00a0 49       		.uleb128 0x49
 519 00a1 13       		.uleb128 0x13
 520 00a2 01       		.uleb128 0x1
 521 00a3 13       		.uleb128 0x13
 522 00a4 00       		.byte	0
 523 00a5 00       		.byte	0
 524 00a6 0D       		.uleb128 0xd
 525 00a7 21       		.uleb128 0x21
 526 00a8 00       		.byte	0
 527 00a9 49       		.uleb128 0x49
 528 00aa 13       		.uleb128 0x13
 529 00ab 2F       		.uleb128 0x2f
 530 00ac 0B       		.uleb128 0xb
 531 00ad 00       		.byte	0
 532 00ae 00       		.byte	0
 533 00af 0E       		.uleb128 0xe
 534 00b0 2E       		.uleb128 0x2e
 535 00b1 00       		.byte	0
 536 00b2 3F       		.uleb128 0x3f
 537 00b3 19       		.uleb128 0x19
 538 00b4 03       		.uleb128 0x3
 539 00b5 0E       		.uleb128 0xe
 540 00b6 3A       		.uleb128 0x3a
 541 00b7 0B       		.uleb128 0xb
 542 00b8 3B       		.uleb128 0x3b
 543 00b9 0B       		.uleb128 0xb
 544 00ba 27       		.uleb128 0x27
 545 00bb 19       		.uleb128 0x19
 546 00bc 3C       		.uleb128 0x3c
 547 00bd 19       		.uleb128 0x19
 548 00be 00       		.byte	0
 549 00bf 00       		.byte	0
 550 00c0 0F       		.uleb128 0xf
ARM GAS  C:\Users\eat46\AppData\Local\Temp\ccHOBSi4.s 			page 12


 551 00c1 2E       		.uleb128 0x2e
 552 00c2 01       		.byte	0x1
 553 00c3 3F       		.uleb128 0x3f
 554 00c4 19       		.uleb128 0x19
 555 00c5 03       		.uleb128 0x3
 556 00c6 0E       		.uleb128 0xe
 557 00c7 3A       		.uleb128 0x3a
 558 00c8 0B       		.uleb128 0xb
 559 00c9 3B       		.uleb128 0x3b
 560 00ca 05       		.uleb128 0x5
 561 00cb 27       		.uleb128 0x27
 562 00cc 19       		.uleb128 0x19
 563 00cd 3C       		.uleb128 0x3c
 564 00ce 19       		.uleb128 0x19
 565 00cf 01       		.uleb128 0x1
 566 00d0 13       		.uleb128 0x13
 567 00d1 00       		.byte	0
 568 00d2 00       		.byte	0
 569 00d3 10       		.uleb128 0x10
 570 00d4 05       		.uleb128 0x5
 571 00d5 00       		.byte	0
 572 00d6 49       		.uleb128 0x49
 573 00d7 13       		.uleb128 0x13
 574 00d8 00       		.byte	0
 575 00d9 00       		.byte	0
 576 00da 11       		.uleb128 0x11
 577 00db 0F       		.uleb128 0xf
 578 00dc 00       		.byte	0
 579 00dd 0B       		.uleb128 0xb
 580 00de 0B       		.uleb128 0xb
 581 00df 49       		.uleb128 0x49
 582 00e0 13       		.uleb128 0x13
 583 00e1 00       		.byte	0
 584 00e2 00       		.byte	0
 585 00e3 12       		.uleb128 0x12
 586 00e4 26       		.uleb128 0x26
 587 00e5 00       		.byte	0
 588 00e6 49       		.uleb128 0x49
 589 00e7 13       		.uleb128 0x13
 590 00e8 00       		.byte	0
 591 00e9 00       		.byte	0
 592 00ea 13       		.uleb128 0x13
 593 00eb 2E       		.uleb128 0x2e
 594 00ec 00       		.byte	0
 595 00ed 3F       		.uleb128 0x3f
 596 00ee 19       		.uleb128 0x19
 597 00ef 03       		.uleb128 0x3
 598 00f0 0E       		.uleb128 0xe
 599 00f1 3A       		.uleb128 0x3a
 600 00f2 0B       		.uleb128 0xb
 601 00f3 3B       		.uleb128 0x3b
 602 00f4 05       		.uleb128 0x5
 603 00f5 27       		.uleb128 0x27
 604 00f6 19       		.uleb128 0x19
 605 00f7 49       		.uleb128 0x49
 606 00f8 13       		.uleb128 0x13
 607 00f9 3C       		.uleb128 0x3c
ARM GAS  C:\Users\eat46\AppData\Local\Temp\ccHOBSi4.s 			page 13


 608 00fa 19       		.uleb128 0x19
 609 00fb 00       		.byte	0
 610 00fc 00       		.byte	0
 611 00fd 14       		.uleb128 0x14
 612 00fe 2E       		.uleb128 0x2e
 613 00ff 00       		.byte	0
 614 0100 3F       		.uleb128 0x3f
 615 0101 19       		.uleb128 0x19
 616 0102 03       		.uleb128 0x3
 617 0103 0E       		.uleb128 0xe
 618 0104 3A       		.uleb128 0x3a
 619 0105 0B       		.uleb128 0xb
 620 0106 3B       		.uleb128 0x3b
 621 0107 0B       		.uleb128 0xb
 622 0108 27       		.uleb128 0x27
 623 0109 19       		.uleb128 0x19
 624 010a 49       		.uleb128 0x49
 625 010b 13       		.uleb128 0x13
 626 010c 3C       		.uleb128 0x3c
 627 010d 19       		.uleb128 0x19
 628 010e 00       		.byte	0
 629 010f 00       		.byte	0
 630 0110 15       		.uleb128 0x15
 631 0111 2E       		.uleb128 0x2e
 632 0112 01       		.byte	0x1
 633 0113 3F       		.uleb128 0x3f
 634 0114 19       		.uleb128 0x19
 635 0115 03       		.uleb128 0x3
 636 0116 0E       		.uleb128 0xe
 637 0117 3A       		.uleb128 0x3a
 638 0118 0B       		.uleb128 0xb
 639 0119 3B       		.uleb128 0x3b
 640 011a 0B       		.uleb128 0xb
 641 011b 27       		.uleb128 0x27
 642 011c 19       		.uleb128 0x19
 643 011d 3C       		.uleb128 0x3c
 644 011e 19       		.uleb128 0x19
 645 011f 01       		.uleb128 0x1
 646 0120 13       		.uleb128 0x13
 647 0121 00       		.byte	0
 648 0122 00       		.byte	0
 649 0123 16       		.uleb128 0x16
 650 0124 2E       		.uleb128 0x2e
 651 0125 01       		.byte	0x1
 652 0126 3F       		.uleb128 0x3f
 653 0127 19       		.uleb128 0x19
 654 0128 03       		.uleb128 0x3
 655 0129 0E       		.uleb128 0xe
 656 012a 3A       		.uleb128 0x3a
 657 012b 0B       		.uleb128 0xb
 658 012c 3B       		.uleb128 0x3b
 659 012d 0B       		.uleb128 0xb
 660 012e 27       		.uleb128 0x27
 661 012f 19       		.uleb128 0x19
 662 0130 3C       		.uleb128 0x3c
 663 0131 19       		.uleb128 0x19
 664 0132 00       		.byte	0
ARM GAS  C:\Users\eat46\AppData\Local\Temp\ccHOBSi4.s 			page 14


 665 0133 00       		.byte	0
 666 0134 00       		.byte	0
 667              		.section	.debug_loc,"",%progbits
 668              	.Ldebug_loc0:
 669              	.LLST0:
 670 0000 34000000 		.4byte	.LVL4
 671 0004 39000000 		.4byte	.LVL5-1
 672 0008 0100     		.2byte	0x1
 673 000a 50       		.byte	0x50
 674 000b 39000000 		.4byte	.LVL5-1
 675 000f 74000000 		.4byte	.LFE33
 676 0013 0100     		.2byte	0x1
 677 0015 54       		.byte	0x54
 678 0016 00000000 		.4byte	0
 679 001a 00000000 		.4byte	0
 680              	.LLST1:
 681 001e 0C000000 		.4byte	.LVL0
 682 0022 2E000000 		.4byte	.LVL2
 683 0026 0400     		.2byte	0x4
 684 0028 0A       		.byte	0xa
 685 0029 E803     		.2byte	0x3e8
 686 002b 9F       		.byte	0x9f
 687 002c 2E000000 		.4byte	.LVL2
 688 0030 40000000 		.4byte	.LVL6
 689 0034 0100     		.2byte	0x1
 690 0036 55       		.byte	0x55
 691 0037 42000000 		.4byte	.LVL7
 692 003b 48000000 		.4byte	.LVL8
 693 003f 0100     		.2byte	0x1
 694 0041 55       		.byte	0x55
 695 0042 4A000000 		.4byte	.LVL9
 696 0046 74000000 		.4byte	.LFE33
 697 004a 0100     		.2byte	0x1
 698 004c 55       		.byte	0x55
 699 004d 00000000 		.4byte	0
 700 0051 00000000 		.4byte	0
 701              		.section	.debug_aranges,"",%progbits
 702 0000 1C000000 		.4byte	0x1c
 703 0004 0200     		.2byte	0x2
 704 0006 00000000 		.4byte	.Ldebug_info0
 705 000a 04       		.byte	0x4
 706 000b 00       		.byte	0
 707 000c 0000     		.2byte	0
 708 000e 0000     		.2byte	0
 709 0010 00000000 		.4byte	.LFB33
 710 0014 74000000 		.4byte	.LFE33-.LFB33
 711 0018 00000000 		.4byte	0
 712 001c 00000000 		.4byte	0
 713              		.section	.debug_ranges,"",%progbits
 714              	.Ldebug_ranges0:
 715 0000 00000000 		.4byte	.LFB33
 716 0004 74000000 		.4byte	.LFE33
 717 0008 00000000 		.4byte	0
 718 000c 00000000 		.4byte	0
 719              		.section	.debug_line,"",%progbits
 720              	.Ldebug_line0:
 721 0000 AC000000 		.section	.debug_str,"MS",%progbits,1
ARM GAS  C:\Users\eat46\AppData\Local\Temp\ccHOBSi4.s 			page 15


 721      02007C00 
 721      00000201 
 721      FB0E0D00 
 721      01010101 
 722              	.LASF27:
 723 0000 55415254 		.ascii	"UART_1_Start\000"
 723      5F315F53 
 723      74617274 
 723      00
 724              	.LASF18:
 725 000d 55415254 		.ascii	"UART_1_UartPutString\000"
 725      5F315F55 
 725      61727450 
 725      75745374 
 725      72696E67 
 726              	.LASF3:
 727 0022 73686F72 		.ascii	"short unsigned int\000"
 727      7420756E 
 727      7369676E 
 727      65642069 
 727      6E7400
 728              	.LASF11:
 729 0035 666C6F61 		.ascii	"float\000"
 729      7400
 730              	.LASF1:
 731 003b 756E7369 		.ascii	"unsigned char\000"
 731      676E6564 
 731      20636861 
 731      7200
 732              	.LASF13:
 733 0049 63686172 		.ascii	"char8\000"
 733      3800
 734              	.LASF5:
 735 004f 6C6F6E67 		.ascii	"long unsigned int\000"
 735      20756E73 
 735      69676E65 
 735      6420696E 
 735      7400
 736              	.LASF9:
 737 0061 75696E74 		.ascii	"uint8\000"
 737      3800
 738              	.LASF20:
 739 0067 55415254 		.ascii	"UART_1_UartGetChar\000"
 739      5F315F55 
 739      61727447 
 739      65744368 
 739      617200
 740              	.LASF16:
 741 007a 72784461 		.ascii	"rxData\000"
 741      746100
 742              	.LASF17:
 743 0081 64656C61 		.ascii	"delaytime\000"
 743      7974696D 
 743      6500
 744              	.LASF22:
 745 008b 4C45445F 		.ascii	"LED_PIN_Write\000"
 745      50494E5F 
ARM GAS  C:\Users\eat46\AppData\Local\Temp\ccHOBSi4.s 			page 16


 745      57726974 
 745      6500
 746              	.LASF12:
 747 0099 646F7562 		.ascii	"double\000"
 747      6C6500
 748              	.LASF24:
 749 00a0 2E5C6D61 		.ascii	".\\main.c\000"
 749      696E2E63 
 749      00
 750              	.LASF21:
 751 00a9 4C45445F 		.ascii	"LED_PIN_Read\000"
 751      50494E5F 
 751      52656164 
 751      00
 752              	.LASF10:
 753 00b6 75696E74 		.ascii	"uint32\000"
 753      333200
 754              	.LASF26:
 755 00bd 6D61696E 		.ascii	"main\000"
 755      00
 756              	.LASF8:
 757 00c2 756E7369 		.ascii	"unsigned int\000"
 757      676E6564 
 757      20696E74 
 757      00
 758              	.LASF7:
 759 00cf 6C6F6E67 		.ascii	"long long unsigned int\000"
 759      206C6F6E 
 759      6720756E 
 759      7369676E 
 759      65642069 
 760              	.LASF23:
 761 00e6 474E5520 		.ascii	"GNU C 4.8.4 20140526 (release) [ARM/embedded-4_8-br"
 761      4320342E 
 761      382E3420 
 761      32303134 
 761      30353236 
 762 0119 616E6368 		.ascii	"anch revision 211358] -mcpu=cortex-m0 -mthumb -g -O"
 762      20726576 
 762      6973696F 
 762      6E203231 
 762      31333538 
 763 014c 67202D66 		.ascii	"g -ffunction-sections\000"
 763      66756E63 
 763      74696F6E 
 763      2D736563 
 763      74696F6E 
 764              	.LASF15:
 765 0162 73697A65 		.ascii	"sizetype\000"
 765      74797065 
 765      00
 766              	.LASF6:
 767 016b 6C6F6E67 		.ascii	"long long int\000"
 767      206C6F6E 
 767      6720696E 
 767      7400
 768              	.LASF14:
ARM GAS  C:\Users\eat46\AppData\Local\Temp\ccHOBSi4.s 			page 17


 769 0179 63686172 		.ascii	"char\000"
 769      00
 770              	.LASF2:
 771 017e 73686F72 		.ascii	"short int\000"
 771      7420696E 
 771      7400
 772              	.LASF4:
 773 0188 6C6F6E67 		.ascii	"long int\000"
 773      20696E74 
 773      00
 774              	.LASF25:
 775 0191 453A5C45 		.ascii	"E:\\ECEC304\\ledDynamicControl.cydsn\000"
 775      43454333 
 775      30345C6C 
 775      65644479 
 775      6E616D69 
 776              	.LASF0:
 777 01b4 7369676E 		.ascii	"signed char\000"
 777      65642063 
 777      68617200 
 778              	.LASF19:
 779 01c0 55415254 		.ascii	"UART_1_SpiUartWriteTxData\000"
 779      5F315F53 
 779      70695561 
 779      72745772 
 779      69746554 
 780              	.LASF28:
 781 01da 43794465 		.ascii	"CyDelay\000"
 781      6C617900 
 782              		.ident	"GCC: (GNU Tools for ARM Embedded Processors) 4.8.4 20140526 (release) [ARM/embedded-4_8-br
