ARM GAS  C:\Users\egh35\AppData\Local\Temp\ccl3to9a.s 			page 1


   1              		.cpu cortex-m0
   2              		.fpu softvfp
   3              		.eabi_attribute 20, 1
   4              		.eabi_attribute 21, 1
   5              		.eabi_attribute 23, 3
   6              		.eabi_attribute 24, 1
   7              		.eabi_attribute 25, 1
   8              		.eabi_attribute 26, 1
   9              		.eabi_attribute 30, 1
  10              		.eabi_attribute 34, 0
  11              		.eabi_attribute 18, 4
  12              		.code	16
  13              		.file	"main.c"
  14              		.text
  15              	.Ltext0:
  16              		.cfi_sections	.debug_frame
  17              		.section	.text.UART_Int,"ax",%progbits
  18              		.align	2
  19              		.global	UART_Int
  20              		.code	16
  21              		.thumb_func
  22              		.type	UART_Int, %function
  23              	UART_Int:
  24              	.LFB34:
  25              		.file 1 ".\\main.c"
   1:.\main.c      **** /* ========================================
   2:.\main.c      ****  *
   3:.\main.c      ****  * Copyright YOUR COMPANY, THE YEAR
   4:.\main.c      ****  * All Rights Reserved
   5:.\main.c      ****  * UNPUBLISHED, LICENSED SOFTWARE.
   6:.\main.c      ****  *
   7:.\main.c      ****  * CONFIDENTIAL AND PROPRIETARY INFORMATION
   8:.\main.c      ****  * WHICH IS THE PROPERTY OF your company.
   9:.\main.c      ****  *
  10:.\main.c      ****  * ========================================
  11:.\main.c      **** */
  12:.\main.c      **** #include <project.h>
  13:.\main.c      **** #include <stdio.h>
  14:.\main.c      **** #include <stdbool.h> 
  15:.\main.c      **** 
  16:.\main.c      **** bool accept_input;
  17:.\main.c      **** int blink_it; 
  18:.\main.c      **** 
  19:.\main.c      **** void PrintInt(int b){
  20:.\main.c      ****     char buf[10];
  21:.\main.c      ****     sprintf(buf, "%d", b); 
  22:.\main.c      ****     UART_1_UartPutString(buf);
  23:.\main.c      **** 
  24:.\main.c      **** }
  25:.\main.c      **** 
  26:.\main.c      **** CY_ISR(UART_Int) /* ISR associated with the UART. */
  27:.\main.c      **** {
  26              		.loc 1 27 0
  27              		.cfi_startproc
  28 0000 10B5     		push	{r4, lr}
  29              		.cfi_def_cfa_offset 8
  30              		.cfi_offset 4, -8
ARM GAS  C:\Users\egh35\AppData\Local\Temp\ccl3to9a.s 			page 2


  31              		.cfi_offset 14, -4
  28:.\main.c      **** uint32 rxData;
  29:.\main.c      **** rxData = UART_1_UartGetChar(); /* Get character from buffer. */
  32              		.loc 1 29 0
  33 0002 FFF7FEFF 		bl	UART_1_UartGetChar
  34              	.LVL0:
  35 0006 041C     		mov	r4, r0
  36              	.LVL1:
  30:.\main.c      **** UART_1_UartPutChar(rxData); /* Echo back to terminal. */
  37              		.loc 1 30 0
  38 0008 FFF7FEFF 		bl	UART_1_SpiUartWriteTxData
  39              	.LVL2:
  31:.\main.c      **** if((rxData > 47) & (rxData < 54)){
  40              		.loc 1 31 0
  41 000c 231C     		mov	r3, r4
  42 000e 303B     		sub	r3, r3, #48
  43 0010 052B     		cmp	r3, #5
  44 0012 02D8     		bhi	.L2
  32:.\main.c      ****     blink_it = rxData - 49; 
  45              		.loc 1 32 0
  46 0014 313C     		sub	r4, r4, #49
  47              	.LVL3:
  48 0016 034B     		ldr	r3, .L3
  49 0018 1C60     		str	r4, [r3]
  50              	.LVL4:
  51              	.L2:
  33:.\main.c      **** }
  34:.\main.c      **** /* Process the user input as appropriate. */
  35:.\main.c      **** /* Clear the interrrupt. */
  36:.\main.c      **** UART_1_ClearRxInterruptSource(UART_1_GetRxInterruptSource());
  52              		.loc 1 36 0
  53 001a 034B     		ldr	r3, .L3+4
  54 001c 1A68     		ldr	r2, [r3]
  55 001e 1A60     		str	r2, [r3]
  37:.\main.c      **** }
  56              		.loc 1 37 0
  57              		@ sp needed
  58 0020 10BD     		pop	{r4, pc}
  59              	.L4:
  60 0022 C046     		.align	2
  61              	.L3:
  62 0024 00000000 		.word	blink_it
  63 0028 C00F0740 		.word	1074204608
  64              		.cfi_endproc
  65              	.LFE34:
  66              		.size	UART_Int, .-UART_Int
  67              		.section	.text.SW_Int,"ax",%progbits
  68              		.align	2
  69              		.global	SW_Int
  70              		.code	16
  71              		.thumb_func
  72              		.type	SW_Int, %function
  73              	SW_Int:
  74              	.LFB35:
  38:.\main.c      **** 
  39:.\main.c      **** 
  40:.\main.c      **** CY_ISR(SW_Int) /* ISR associated with the GPIO. */
ARM GAS  C:\Users\egh35\AppData\Local\Temp\ccl3to9a.s 			page 3


  41:.\main.c      **** {
  75              		.loc 1 41 0
  76              		.cfi_startproc
  77 0000 08B5     		push	{r3, lr}
  78              		.cfi_def_cfa_offset 8
  79              		.cfi_offset 3, -8
  80              		.cfi_offset 14, -4
  42:.\main.c      **** CyDelay(50); /* Debouncing the switch. */
  81              		.loc 1 42 0
  82 0002 3220     		mov	r0, #50
  83 0004 FFF7FEFF 		bl	CyDelay
  84              	.LVL5:
  85              	.L6:
  43:.\main.c      **** while(!SW_Read()); /* Wait for switch to be released. */
  86              		.loc 1 43 0 discriminator 1
  87 0008 FFF7FEFF 		bl	SW_Read
  88              	.LVL6:
  89 000c 0028     		cmp	r0, #0
  90 000e FBD0     		beq	.L6
  44:.\main.c      **** CyDelay(50);
  91              		.loc 1 44 0
  92 0010 3220     		mov	r0, #50
  93 0012 FFF7FEFF 		bl	CyDelay
  94              	.LVL7:
  45:.\main.c      **** 
  46:.\main.c      **** if(accept_input == false){
  95              		.loc 1 46 0
  96 0016 094B     		ldr	r3, .L10
  97 0018 1B78     		ldrb	r3, [r3]
  98 001a 002B     		cmp	r3, #0
  99 001c 03D1     		bne	.L7
  47:.\main.c      ****     UART_1_UartPutString("\n \r Input is enabled");
 100              		.loc 1 47 0
 101 001e 0848     		ldr	r0, .L10+4
 102 0020 FFF7FEFF 		bl	UART_1_UartPutString
 103              	.LVL8:
 104 0024 02E0     		b	.L8
 105              	.L7:
  48:.\main.c      **** }
  49:.\main.c      **** else{
  50:.\main.c      ****     UART_1_UartPutString("\n \r Input is disabled");
 106              		.loc 1 50 0
 107 0026 0748     		ldr	r0, .L10+8
 108 0028 FFF7FEFF 		bl	UART_1_UartPutString
 109              	.LVL9:
 110              	.L8:
  51:.\main.c      **** }
  52:.\main.c      **** accept_input = !(accept_input);
 111              		.loc 1 52 0
 112 002c 034B     		ldr	r3, .L10
 113 002e 1978     		ldrb	r1, [r3]
 114 0030 0122     		mov	r2, #1
 115 0032 4A40     		eor	r2, r1
 116 0034 1A70     		strb	r2, [r3]
  53:.\main.c      **** 
  54:.\main.c      **** SW_ClearInterrupt(); /* Clear the interrupt. */
 117              		.loc 1 54 0
ARM GAS  C:\Users\egh35\AppData\Local\Temp\ccl3to9a.s 			page 4


 118 0036 FFF7FEFF 		bl	SW_ClearInterrupt
 119              	.LVL10:
  55:.\main.c      **** }
 120              		.loc 1 55 0
 121              		@ sp needed
 122 003a 08BD     		pop	{r3, pc}
 123              	.L11:
 124              		.align	2
 125              	.L10:
 126 003c 00000000 		.word	accept_input
 127 0040 00000000 		.word	.LC2
 128 0044 18000000 		.word	.LC4
 129              		.cfi_endproc
 130              	.LFE35:
 131              		.size	SW_Int, .-SW_Int
 132              		.section	.text.PrintInt,"ax",%progbits
 133              		.align	2
 134              		.global	PrintInt
 135              		.code	16
 136              		.thumb_func
 137              		.type	PrintInt, %function
 138              	PrintInt:
 139              	.LFB33:
  19:.\main.c      **** void PrintInt(int b){
 140              		.loc 1 19 0
 141              		.cfi_startproc
 142              	.LVL11:
 143 0000 00B5     		push	{lr}
 144              		.cfi_def_cfa_offset 4
 145              		.cfi_offset 14, -4
 146 0002 85B0     		sub	sp, sp, #20
 147              		.cfi_def_cfa_offset 24
 148 0004 021C     		mov	r2, r0
  21:.\main.c      ****     sprintf(buf, "%d", b); 
 149              		.loc 1 21 0
 150 0006 01A8     		add	r0, sp, #4
 151              	.LVL12:
 152 0008 0349     		ldr	r1, .L13
 153 000a FFF7FEFF 		bl	sprintf
 154              	.LVL13:
  22:.\main.c      ****     UART_1_UartPutString(buf);
 155              		.loc 1 22 0
 156 000e 01A8     		add	r0, sp, #4
 157 0010 FFF7FEFF 		bl	UART_1_UartPutString
 158              	.LVL14:
  24:.\main.c      **** }
 159              		.loc 1 24 0
 160 0014 05B0     		add	sp, sp, #20
 161              		@ sp needed
 162 0016 00BD     		pop	{pc}
 163              	.L14:
 164              		.align	2
 165              	.L13:
 166 0018 30000000 		.word	.LC6
 167              		.cfi_endproc
 168              	.LFE33:
 169              		.size	PrintInt, .-PrintInt
ARM GAS  C:\Users\egh35\AppData\Local\Temp\ccl3to9a.s 			page 5


 170              		.section	.text.main,"ax",%progbits
 171              		.align	2
 172              		.global	main
 173              		.code	16
 174              		.thumb_func
 175              		.type	main, %function
 176              	main:
 177              	.LFB36:
  56:.\main.c      **** 
  57:.\main.c      **** 
  58:.\main.c      **** 
  59:.\main.c      **** int main()
  60:.\main.c      **** {
 178              		.loc 1 60 0
 179              		.cfi_startproc
 180 0000 F8B5     		push	{r3, r4, r5, r6, r7, lr}
 181              		.cfi_def_cfa_offset 24
 182              		.cfi_offset 3, -24
 183              		.cfi_offset 4, -20
 184              		.cfi_offset 5, -16
 185              		.cfi_offset 6, -12
 186              		.cfi_offset 7, -8
 187              		.cfi_offset 14, -4
  61:.\main.c      **** 
  62:.\main.c      **** accept_input = false; 
 188              		.loc 1 62 0
 189 0002 0022     		mov	r2, #0
 190 0004 184B     		ldr	r3, .L25
 191 0006 1A70     		strb	r2, [r3]
 192              	.LVL15:
  63:.\main.c      **** int blkt = 500;     
  64:.\main.c      ****     
  65:.\main.c      **** CyGlobalIntDisable; /* Disable global interrupts. */
 193              		.loc 1 65 0
 194              	@ 65 ".\main.c" 1
 195 0008 72B6     		CPSID   i
 196              	@ 0 "" 2
  66:.\main.c      **** UART_Int_StartEx(UART_Int); /* Start the ISR. */
 197              		.loc 1 66 0
 198              		.code	16
 199 000a 1848     		ldr	r0, .L25+4
 200 000c FFF7FEFF 		bl	UART_Int_StartEx
 201              	.LVL16:
  67:.\main.c      **** 
  68:.\main.c      **** 
  69:.\main.c      **** 
  70:.\main.c      **** SW_Int_StartEx(SW_Int); /* Start the ISR. */
 202              		.loc 1 70 0
 203 0010 1748     		ldr	r0, .L25+8
 204 0012 FFF7FEFF 		bl	SW_Int_StartEx
 205              	.LVL17:
  71:.\main.c      **** CyGlobalIntEnable; /* Enable global interrupts */
 206              		.loc 1 71 0
 207              	@ 71 ".\main.c" 1
 208 0016 62B6     		CPSIE   i
 209              	@ 0 "" 2
  72:.\main.c      **** 
ARM GAS  C:\Users\egh35\AppData\Local\Temp\ccl3to9a.s 			page 6


  73:.\main.c      **** 
  74:.\main.c      **** UART_1_Start(); /* Start the UART. */
 210              		.loc 1 74 0
 211              		.code	16
 212 0018 FFF7FEFF 		bl	UART_1_Start
 213              	.LVL18:
  63:.\main.c      **** int blkt = 500;     
 214              		.loc 1 63 0
 215 001c FA24     		mov	r4, #250
 216 001e 6400     		lsl	r4, r4, #1
  75:.\main.c      **** 
  76:.\main.c      **** 
  77:.\main.c      **** for(;;){
  78:.\main.c      **** 
  79:.\main.c      **** if(accept_input == true){
 217              		.loc 1 79 0
 218 0020 114D     		ldr	r5, .L25
  80:.\main.c      **** 
  81:.\main.c      ****     switch(blink_it){
 219              		.loc 1 81 0
 220 0022 144E     		ldr	r6, .L25+12
 221 0024 144F     		ldr	r7, .L25+16
 222              	.LVL19:
 223              	.L23:
  79:.\main.c      **** if(accept_input == true){
 224              		.loc 1 79 0
 225 0026 2B78     		ldrb	r3, [r5]
 226 0028 002B     		cmp	r3, #0
 227 002a 11D0     		beq	.L16
 228              		.loc 1 81 0
 229 002c 3268     		ldr	r2, [r6]
 230 002e 042A     		cmp	r2, #4
 231 0030 0ED8     		bhi	.L16
 232 0032 9300     		lsl	r3, r2, #2
 233 0034 FB58     		ldr	r3, [r7, r3]
 234 0036 9F46     		mov	pc, r3
 235              		.section	.rodata
 236              		.align	2
 237              	.L18:
 238 0000 4C000000 		.word	.L24
 239 0004 38000000 		.word	.L19
 240 0008 3E000000 		.word	.L20
 241 000c 42000000 		.word	.L21
 242 0010 48000000 		.word	.L22
 243              		.section	.text.main
 244              	.L19:
 245              	.LVL20:
  82:.\main.c      ****     case 0:
  83:.\main.c      ****     blkt = 500; 
  84:.\main.c      ****     break; 
  85:.\main.c      ****     
  86:.\main.c      ****     case 1:
  87:.\main.c      ****     blkt = 1000; 
 246              		.loc 1 87 0
 247 0038 FA24     		mov	r4, #250
 248 003a A400     		lsl	r4, r4, #2
  88:.\main.c      ****     break; 
ARM GAS  C:\Users\egh35\AppData\Local\Temp\ccl3to9a.s 			page 7


 249              		.loc 1 88 0
 250 003c 08E0     		b	.L16
 251              	.LVL21:
 252              	.L20:
  89:.\main.c      ****     
  90:.\main.c      ****     case 2:
  91:.\main.c      ****     blkt = 1500; 
 253              		.loc 1 91 0
 254 003e 0F4C     		ldr	r4, .L25+20
  92:.\main.c      ****     break;
 255              		.loc 1 92 0
 256 0040 06E0     		b	.L16
 257              	.LVL22:
 258              	.L21:
  93:.\main.c      ****     
  94:.\main.c      ****     case 3:
  95:.\main.c      ****     blkt = 2000; 
 259              		.loc 1 95 0
 260 0042 FA24     		mov	r4, #250
 261 0044 E400     		lsl	r4, r4, #3
  96:.\main.c      ****     
  97:.\main.c      ****     break; 
 262              		.loc 1 97 0
 263 0046 03E0     		b	.L16
 264              	.LVL23:
 265              	.L22:
  98:.\main.c      ****     
  99:.\main.c      ****     case 4:
 100:.\main.c      ****     blkt = 2500;
 266              		.loc 1 100 0
 267 0048 0D4C     		ldr	r4, .L25+24
 101:.\main.c      ****     break;
 268              		.loc 1 101 0
 269 004a 01E0     		b	.L16
 270              	.LVL24:
 271              	.L24:
  83:.\main.c      ****     blkt = 500; 
 272              		.loc 1 83 0
 273 004c FA24     		mov	r4, #250
 274              	.LVL25:
 275 004e 6400     		lsl	r4, r4, #1
 276              	.L16:
 277              	.LVL26:
 102:.\main.c      ****     
 103:.\main.c      **** }
 104:.\main.c      **** }
 105:.\main.c      **** 
 106:.\main.c      **** 
 107:.\main.c      **** RED_LED_Write(!(RED_LED_Read()));    
 278              		.loc 1 107 0
 279 0050 FFF7FEFF 		bl	RED_LED_Read
 280              	.LVL27:
 281 0054 4342     		neg	r3, r0
 282 0056 4341     		adc	r3, r3, r0
 283 0058 D8B2     		uxtb	r0, r3
 284 005a FFF7FEFF 		bl	RED_LED_Write
 285              	.LVL28:
ARM GAS  C:\Users\egh35\AppData\Local\Temp\ccl3to9a.s 			page 8


 108:.\main.c      **** CyDelay(blkt); 
 286              		.loc 1 108 0
 287 005e 201C     		mov	r0, r4
 288 0060 FFF7FEFF 		bl	CyDelay
 289              	.LVL29:
 109:.\main.c      ****     
 110:.\main.c      ****     
 111:.\main.c      **** /* Procesing code. */
 112:.\main.c      **** }
 290              		.loc 1 112 0
 291 0064 DFE7     		b	.L23
 292              	.L26:
 293 0066 C046     		.align	2
 294              	.L25:
 295 0068 00000000 		.word	accept_input
 296 006c 00000000 		.word	UART_Int
 297 0070 00000000 		.word	SW_Int
 298 0074 00000000 		.word	blink_it
 299 0078 00000000 		.word	.L18
 300 007c DC050000 		.word	1500
 301 0080 C4090000 		.word	2500
 302              		.cfi_endproc
 303              	.LFE36:
 304              		.size	main, .-main
 305              		.comm	blink_it,4,4
 306              		.comm	accept_input,1,1
 307              		.section	.rodata.str1.4,"aMS",%progbits,1
 308              		.align	2
 309              	.LC2:
 310 0000 0A200D20 		.ascii	"\012 \015 Input is enabled\000"
 310      496E7075 
 310      74206973 
 310      20656E61 
 310      626C6564 
 311 0015 000000   		.space	3
 312              	.LC4:
 313 0018 0A200D20 		.ascii	"\012 \015 Input is disabled\000"
 313      496E7075 
 313      74206973 
 313      20646973 
 313      61626C65 
 314 002e 0000     		.space	2
 315              	.LC6:
 316 0030 256400   		.ascii	"%d\000"
 317 0033 00       		.text
 318              	.Letext0:
 319              		.file 2 "Generated_Source\\PSoC4/cytypes.h"
 320              		.file 3 "Generated_Source\\PSoC4/UART_1_SPI_UART.h"
 321              		.file 4 "Generated_Source\\PSoC4/CyLib.h"
 322              		.file 5 "Generated_Source\\PSoC4/SW.h"
 323              		.file 6 "Generated_Source\\PSoC4/UART_Int.h"
 324              		.file 7 "Generated_Source\\PSoC4/SW_Int.h"
 325              		.file 8 "Generated_Source\\PSoC4/RED_LED.h"
 326              		.file 9 "c:\\program files (x86)\\cypress\\psoc creator\\3.2\\psoc creator\\import\\gnu\\arm\\4.8.
 327              		.file 10 "Generated_Source\\PSoC4/UART_1.h"
 328              		.section	.debug_info,"",%progbits
 329              	.Ldebug_info0:
ARM GAS  C:\Users\egh35\AppData\Local\Temp\ccl3to9a.s 			page 9


 330 0000 74030000 		.4byte	0x374
 331 0004 0400     		.2byte	0x4
 332 0006 00000000 		.4byte	.Ldebug_abbrev0
 333 000a 04       		.byte	0x4
 334 000b 01       		.uleb128 0x1
 335 000c 32010000 		.4byte	.LASF36
 336 0010 01       		.byte	0x1
 337 0011 D6000000 		.4byte	.LASF37
 338 0015 EC010000 		.4byte	.LASF38
 339 0019 00000000 		.4byte	.Ldebug_ranges0+0
 340 001d 00000000 		.4byte	0
 341 0021 00000000 		.4byte	.Ldebug_line0
 342 0025 02       		.uleb128 0x2
 343 0026 01       		.byte	0x1
 344 0027 06       		.byte	0x6
 345 0028 55020000 		.4byte	.LASF0
 346 002c 02       		.uleb128 0x2
 347 002d 01       		.byte	0x1
 348 002e 08       		.byte	0x8
 349 002f B8000000 		.4byte	.LASF1
 350 0033 02       		.uleb128 0x2
 351 0034 02       		.byte	0x2
 352 0035 05       		.byte	0x5
 353 0036 26020000 		.4byte	.LASF2
 354 003a 02       		.uleb128 0x2
 355 003b 02       		.byte	0x2
 356 003c 07       		.byte	0x7
 357 003d 3F000000 		.4byte	.LASF3
 358 0041 02       		.uleb128 0x2
 359 0042 04       		.byte	0x4
 360 0043 05       		.byte	0x5
 361 0044 36000000 		.4byte	.LASF4
 362 0048 02       		.uleb128 0x2
 363 0049 04       		.byte	0x4
 364 004a 07       		.byte	0x7
 365 004b 79000000 		.4byte	.LASF5
 366 004f 02       		.uleb128 0x2
 367 0050 08       		.byte	0x8
 368 0051 05       		.byte	0x5
 369 0052 D9010000 		.4byte	.LASF6
 370 0056 02       		.uleb128 0x2
 371 0057 08       		.byte	0x8
 372 0058 07       		.byte	0x7
 373 0059 1B010000 		.4byte	.LASF7
 374 005d 03       		.uleb128 0x3
 375 005e 04       		.byte	0x4
 376 005f 05       		.byte	0x5
 377 0060 696E7400 		.ascii	"int\000"
 378 0064 02       		.uleb128 0x2
 379 0065 04       		.byte	0x4
 380 0066 07       		.byte	0x7
 381 0067 0E010000 		.4byte	.LASF8
 382 006b 04       		.uleb128 0x4
 383 006c 8B000000 		.4byte	.LASF9
 384 0070 02       		.byte	0x2
 385 0071 C1       		.byte	0xc1
 386 0072 2C000000 		.4byte	0x2c
ARM GAS  C:\Users\egh35\AppData\Local\Temp\ccl3to9a.s 			page 10


 387 0076 04       		.uleb128 0x4
 388 0077 02010000 		.4byte	.LASF10
 389 007b 02       		.byte	0x2
 390 007c C3       		.byte	0xc3
 391 007d 48000000 		.4byte	0x48
 392 0081 02       		.uleb128 0x2
 393 0082 04       		.byte	0x4
 394 0083 04       		.byte	0x4
 395 0084 52000000 		.4byte	.LASF11
 396 0088 02       		.uleb128 0x2
 397 0089 08       		.byte	0x8
 398 008a 04       		.byte	0x4
 399 008b C6000000 		.4byte	.LASF12
 400 008f 04       		.uleb128 0x4
 401 0090 6A000000 		.4byte	.LASF13
 402 0094 02       		.byte	0x2
 403 0095 D2       		.byte	0xd2
 404 0096 9A000000 		.4byte	0x9a
 405 009a 02       		.uleb128 0x2
 406 009b 01       		.byte	0x1
 407 009c 08       		.byte	0x8
 408 009d E7010000 		.4byte	.LASF14
 409 00a1 05       		.uleb128 0x5
 410 00a2 4F020000 		.4byte	.LASF15
 411 00a6 02       		.byte	0x2
 412 00a7 6D01     		.2byte	0x16d
 413 00a9 AD000000 		.4byte	0xad
 414 00ad 06       		.uleb128 0x6
 415 00ae 76000000 		.4byte	0x76
 416 00b2 05       		.uleb128 0x5
 417 00b3 AE010000 		.4byte	.LASF16
 418 00b7 02       		.byte	0x2
 419 00b8 7D01     		.2byte	0x17d
 420 00ba BE000000 		.4byte	0xbe
 421 00be 07       		.uleb128 0x7
 422 00bf 04       		.byte	0x4
 423 00c0 C4000000 		.4byte	0xc4
 424 00c4 08       		.uleb128 0x8
 425 00c5 02       		.uleb128 0x2
 426 00c6 04       		.byte	0x4
 427 00c7 07       		.byte	0x7
 428 00c8 D0010000 		.4byte	.LASF17
 429 00cc 07       		.uleb128 0x7
 430 00cd 04       		.byte	0x4
 431 00ce 9A000000 		.4byte	0x9a
 432 00d2 07       		.uleb128 0x7
 433 00d3 04       		.byte	0x4
 434 00d4 D8000000 		.4byte	0xd8
 435 00d8 09       		.uleb128 0x9
 436 00d9 9A000000 		.4byte	0x9a
 437 00dd 0A       		.uleb128 0xa
 438 00de F9000000 		.4byte	.LASF18
 439 00e2 01       		.byte	0x1
 440 00e3 1A       		.byte	0x1a
 441 00e4 00000000 		.4byte	.LFB34
 442 00e8 2C000000 		.4byte	.LFE34-.LFB34
 443 00ec 01       		.uleb128 0x1
ARM GAS  C:\Users\egh35\AppData\Local\Temp\ccl3to9a.s 			page 11


 444 00ed 9C       		.byte	0x9c
 445 00ee 1B010000 		.4byte	0x11b
 446 00f2 0B       		.uleb128 0xb
 447 00f3 B1000000 		.4byte	.LASF21
 448 00f7 01       		.byte	0x1
 449 00f8 1C       		.byte	0x1c
 450 00f9 76000000 		.4byte	0x76
 451 00fd 00000000 		.4byte	.LLST0
 452 0101 0C       		.uleb128 0xc
 453 0102 06000000 		.4byte	.LVL0
 454 0106 B9020000 		.4byte	0x2b9
 455 010a 0D       		.uleb128 0xd
 456 010b 0C000000 		.4byte	.LVL2
 457 010f C5020000 		.4byte	0x2c5
 458 0113 0E       		.uleb128 0xe
 459 0114 01       		.uleb128 0x1
 460 0115 50       		.byte	0x50
 461 0116 02       		.uleb128 0x2
 462 0117 74       		.byte	0x74
 463 0118 00       		.sleb128 0
 464 0119 00       		.byte	0
 465 011a 00       		.byte	0
 466 011b 0A       		.uleb128 0xa
 467 011c 61020000 		.4byte	.LASF19
 468 0120 01       		.byte	0x1
 469 0121 28       		.byte	0x28
 470 0122 00000000 		.4byte	.LFB35
 471 0126 48000000 		.4byte	.LFE35-.LFB35
 472 012a 01       		.uleb128 0x1
 473 012b 9C       		.byte	0x9c
 474 012c 99010000 		.4byte	0x199
 475 0130 0F       		.uleb128 0xf
 476 0131 08000000 		.4byte	.LVL5
 477 0135 D7020000 		.4byte	0x2d7
 478 0139 44010000 		.4byte	0x144
 479 013d 0E       		.uleb128 0xe
 480 013e 01       		.uleb128 0x1
 481 013f 50       		.byte	0x50
 482 0140 02       		.uleb128 0x2
 483 0141 08       		.byte	0x8
 484 0142 32       		.byte	0x32
 485 0143 00       		.byte	0
 486 0144 0C       		.uleb128 0xc
 487 0145 0C000000 		.4byte	.LVL6
 488 0149 E8020000 		.4byte	0x2e8
 489 014d 0F       		.uleb128 0xf
 490 014e 16000000 		.4byte	.LVL7
 491 0152 D7020000 		.4byte	0x2d7
 492 0156 61010000 		.4byte	0x161
 493 015a 0E       		.uleb128 0xe
 494 015b 01       		.uleb128 0x1
 495 015c 50       		.byte	0x50
 496 015d 02       		.uleb128 0x2
 497 015e 08       		.byte	0x8
 498 015f 32       		.byte	0x32
 499 0160 00       		.byte	0
 500 0161 0F       		.uleb128 0xf
ARM GAS  C:\Users\egh35\AppData\Local\Temp\ccl3to9a.s 			page 12


 501 0162 24000000 		.4byte	.LVL8
 502 0166 F3020000 		.4byte	0x2f3
 503 016a 78010000 		.4byte	0x178
 504 016e 0E       		.uleb128 0xe
 505 016f 01       		.uleb128 0x1
 506 0170 50       		.byte	0x50
 507 0171 05       		.uleb128 0x5
 508 0172 03       		.byte	0x3
 509 0173 00000000 		.4byte	.LC2
 510 0177 00       		.byte	0
 511 0178 0F       		.uleb128 0xf
 512 0179 2C000000 		.4byte	.LVL9
 513 017d F3020000 		.4byte	0x2f3
 514 0181 8F010000 		.4byte	0x18f
 515 0185 0E       		.uleb128 0xe
 516 0186 01       		.uleb128 0x1
 517 0187 50       		.byte	0x50
 518 0188 05       		.uleb128 0x5
 519 0189 03       		.byte	0x3
 520 018a 18000000 		.4byte	.LC4
 521 018e 00       		.byte	0
 522 018f 0C       		.uleb128 0xc
 523 0190 3A000000 		.4byte	.LVL10
 524 0194 10030000 		.4byte	0x310
 525 0198 00       		.byte	0
 526 0199 0A       		.uleb128 0xa
 527 019a 70000000 		.4byte	.LASF20
 528 019e 01       		.byte	0x1
 529 019f 13       		.byte	0x13
 530 01a0 00000000 		.4byte	.LFB33
 531 01a4 1C000000 		.4byte	.LFE33-.LFB33
 532 01a8 01       		.uleb128 0x1
 533 01a9 9C       		.byte	0x9c
 534 01aa FE010000 		.4byte	0x1fe
 535 01ae 10       		.uleb128 0x10
 536 01af 6200     		.ascii	"b\000"
 537 01b1 01       		.byte	0x1
 538 01b2 13       		.byte	0x13
 539 01b3 5D000000 		.4byte	0x5d
 540 01b7 2B000000 		.4byte	.LLST1
 541 01bb 11       		.uleb128 0x11
 542 01bc 62756600 		.ascii	"buf\000"
 543 01c0 01       		.byte	0x1
 544 01c1 14       		.byte	0x14
 545 01c2 FE010000 		.4byte	0x1fe
 546 01c6 02       		.uleb128 0x2
 547 01c7 91       		.byte	0x91
 548 01c8 6C       		.sleb128 -20
 549 01c9 0F       		.uleb128 0xf
 550 01ca 0E000000 		.4byte	.LVL13
 551 01ce 1B030000 		.4byte	0x31b
 552 01d2 ED010000 		.4byte	0x1ed
 553 01d6 0E       		.uleb128 0xe
 554 01d7 01       		.uleb128 0x1
 555 01d8 52       		.byte	0x52
 556 01d9 03       		.uleb128 0x3
 557 01da F3       		.byte	0xf3
ARM GAS  C:\Users\egh35\AppData\Local\Temp\ccl3to9a.s 			page 13


 558 01db 01       		.uleb128 0x1
 559 01dc 50       		.byte	0x50
 560 01dd 0E       		.uleb128 0xe
 561 01de 01       		.uleb128 0x1
 562 01df 51       		.byte	0x51
 563 01e0 05       		.uleb128 0x5
 564 01e1 03       		.byte	0x3
 565 01e2 30000000 		.4byte	.LC6
 566 01e6 0E       		.uleb128 0xe
 567 01e7 01       		.uleb128 0x1
 568 01e8 50       		.byte	0x50
 569 01e9 02       		.uleb128 0x2
 570 01ea 91       		.byte	0x91
 571 01eb 6C       		.sleb128 -20
 572 01ec 00       		.byte	0
 573 01ed 0D       		.uleb128 0xd
 574 01ee 14000000 		.4byte	.LVL14
 575 01f2 F3020000 		.4byte	0x2f3
 576 01f6 0E       		.uleb128 0xe
 577 01f7 01       		.uleb128 0x1
 578 01f8 50       		.byte	0x50
 579 01f9 02       		.uleb128 0x2
 580 01fa 91       		.byte	0x91
 581 01fb 6C       		.sleb128 -20
 582 01fc 00       		.byte	0
 583 01fd 00       		.byte	0
 584 01fe 12       		.uleb128 0x12
 585 01ff 9A000000 		.4byte	0x9a
 586 0203 0E020000 		.4byte	0x20e
 587 0207 13       		.uleb128 0x13
 588 0208 C5000000 		.4byte	0xc5
 589 020c 09       		.byte	0x9
 590 020d 00       		.byte	0
 591 020e 14       		.uleb128 0x14
 592 020f 09010000 		.4byte	.LASF22
 593 0213 01       		.byte	0x1
 594 0214 3B       		.byte	0x3b
 595 0215 5D000000 		.4byte	0x5d
 596 0219 00000000 		.4byte	.LFB36
 597 021d 84000000 		.4byte	.LFE36-.LFB36
 598 0221 01       		.uleb128 0x1
 599 0222 9C       		.byte	0x9c
 600 0223 90020000 		.4byte	0x290
 601 0227 0B       		.uleb128 0xb
 602 0228 1C000000 		.4byte	.LASF23
 603 022c 01       		.byte	0x1
 604 022d 3F       		.byte	0x3f
 605 022e 5D000000 		.4byte	0x5d
 606 0232 57000000 		.4byte	.LLST2
 607 0236 0F       		.uleb128 0xf
 608 0237 10000000 		.4byte	.LVL16
 609 023b 36030000 		.4byte	0x336
 610 023f 4D020000 		.4byte	0x24d
 611 0243 0E       		.uleb128 0xe
 612 0244 01       		.uleb128 0x1
 613 0245 50       		.byte	0x50
 614 0246 05       		.uleb128 0x5
ARM GAS  C:\Users\egh35\AppData\Local\Temp\ccl3to9a.s 			page 14


 615 0247 03       		.byte	0x3
 616 0248 00000000 		.4byte	UART_Int
 617 024c 00       		.byte	0
 618 024d 0F       		.uleb128 0xf
 619 024e 16000000 		.4byte	.LVL17
 620 0252 47030000 		.4byte	0x347
 621 0256 64020000 		.4byte	0x264
 622 025a 0E       		.uleb128 0xe
 623 025b 01       		.uleb128 0x1
 624 025c 50       		.byte	0x50
 625 025d 05       		.uleb128 0x5
 626 025e 03       		.byte	0x3
 627 025f 00000000 		.4byte	SW_Int
 628 0263 00       		.byte	0
 629 0264 0C       		.uleb128 0xc
 630 0265 1C000000 		.4byte	.LVL18
 631 0269 58030000 		.4byte	0x358
 632 026d 0C       		.uleb128 0xc
 633 026e 54000000 		.4byte	.LVL27
 634 0272 5F030000 		.4byte	0x35f
 635 0276 0C       		.uleb128 0xc
 636 0277 5E000000 		.4byte	.LVL28
 637 027b 6A030000 		.4byte	0x36a
 638 027f 0D       		.uleb128 0xd
 639 0280 64000000 		.4byte	.LVL29
 640 0284 D7020000 		.4byte	0x2d7
 641 0288 0E       		.uleb128 0xe
 642 0289 01       		.uleb128 0x1
 643 028a 50       		.byte	0x50
 644 028b 02       		.uleb128 0x2
 645 028c 74       		.byte	0x74
 646 028d 00       		.sleb128 0
 647 028e 00       		.byte	0
 648 028f 00       		.byte	0
 649 0290 15       		.uleb128 0x15
 650 0291 C3010000 		.4byte	.LASF25
 651 0295 01       		.byte	0x1
 652 0296 10       		.byte	0x10
 653 0297 A1020000 		.4byte	0x2a1
 654 029b 05       		.uleb128 0x5
 655 029c 03       		.byte	0x3
 656 029d 00000000 		.4byte	accept_input
 657 02a1 02       		.uleb128 0x2
 658 02a2 01       		.byte	0x1
 659 02a3 02       		.byte	0x2
 660 02a4 68020000 		.4byte	.LASF24
 661 02a8 15       		.uleb128 0x15
 662 02a9 CD000000 		.4byte	.LASF26
 663 02ad 01       		.byte	0x1
 664 02ae 11       		.byte	0x11
 665 02af 5D000000 		.4byte	0x5d
 666 02b3 05       		.uleb128 0x5
 667 02b4 03       		.byte	0x3
 668 02b5 00000000 		.4byte	blink_it
 669 02b9 16       		.uleb128 0x16
 670 02ba 91000000 		.4byte	.LASF29
 671 02be 03       		.byte	0x3
ARM GAS  C:\Users\egh35\AppData\Local\Temp\ccl3to9a.s 			page 15


 672 02bf 6A01     		.2byte	0x16a
 673 02c1 76000000 		.4byte	0x76
 674 02c5 17       		.uleb128 0x17
 675 02c6 DF000000 		.4byte	.LASF27
 676 02ca 03       		.byte	0x3
 677 02cb 8C01     		.2byte	0x18c
 678 02cd D7020000 		.4byte	0x2d7
 679 02d1 18       		.uleb128 0x18
 680 02d2 76000000 		.4byte	0x76
 681 02d6 00       		.byte	0
 682 02d7 19       		.uleb128 0x19
 683 02d8 76020000 		.4byte	.LASF28
 684 02dc 04       		.byte	0x4
 685 02dd 57       		.byte	0x57
 686 02de E8020000 		.4byte	0x2e8
 687 02e2 18       		.uleb128 0x18
 688 02e3 76000000 		.4byte	0x76
 689 02e7 00       		.byte	0
 690 02e8 1A       		.uleb128 0x1a
 691 02e9 BB010000 		.4byte	.LASF30
 692 02ed 05       		.byte	0x5
 693 02ee 20       		.byte	0x20
 694 02ef 6B000000 		.4byte	0x6b
 695 02f3 17       		.uleb128 0x17
 696 02f4 21000000 		.4byte	.LASF31
 697 02f8 03       		.byte	0x3
 698 02f9 7701     		.2byte	0x177
 699 02fb 05030000 		.4byte	0x305
 700 02ff 18       		.uleb128 0x18
 701 0300 05030000 		.4byte	0x305
 702 0304 00       		.byte	0
 703 0305 07       		.uleb128 0x7
 704 0306 04       		.byte	0x4
 705 0307 0B030000 		.4byte	0x30b
 706 030b 09       		.uleb128 0x9
 707 030c 8F000000 		.4byte	0x8f
 708 0310 1A       		.uleb128 0x1a
 709 0311 58000000 		.4byte	.LASF32
 710 0315 05       		.byte	0x5
 711 0316 21       		.byte	0x21
 712 0317 6B000000 		.4byte	0x6b
 713 031b 1B       		.uleb128 0x1b
 714 031c 6E020000 		.4byte	.LASF39
 715 0320 09       		.byte	0x9
 716 0321 D9       		.byte	0xd9
 717 0322 5D000000 		.4byte	0x5d
 718 0326 36030000 		.4byte	0x336
 719 032a 18       		.uleb128 0x18
 720 032b CC000000 		.4byte	0xcc
 721 032f 18       		.uleb128 0x18
 722 0330 D2000000 		.4byte	0xd2
 723 0334 1C       		.uleb128 0x1c
 724 0335 00       		.byte	0
 725 0336 19       		.uleb128 0x19
 726 0337 30020000 		.4byte	.LASF33
 727 033b 06       		.byte	0x6
 728 033c 18       		.byte	0x18
ARM GAS  C:\Users\egh35\AppData\Local\Temp\ccl3to9a.s 			page 16


 729 033d 47030000 		.4byte	0x347
 730 0341 18       		.uleb128 0x18
 731 0342 B2000000 		.4byte	0xb2
 732 0346 00       		.byte	0
 733 0347 19       		.uleb128 0x19
 734 0348 0D000000 		.4byte	.LASF34
 735 034c 07       		.byte	0x7
 736 034d 18       		.byte	0x18
 737 034e 58030000 		.4byte	0x358
 738 0352 18       		.uleb128 0x18
 739 0353 B2000000 		.4byte	0xb2
 740 0357 00       		.byte	0
 741 0358 1D       		.uleb128 0x1d
 742 0359 00000000 		.4byte	.LASF40
 743 035d 0A       		.byte	0xa
 744 035e 68       		.byte	0x68
 745 035f 1A       		.uleb128 0x1a
 746 0360 A4000000 		.4byte	.LASF35
 747 0364 08       		.byte	0x8
 748 0365 20       		.byte	0x20
 749 0366 6B000000 		.4byte	0x6b
 750 036a 1E       		.uleb128 0x1e
 751 036b 41020000 		.4byte	.LASF41
 752 036f 08       		.byte	0x8
 753 0370 1D       		.byte	0x1d
 754 0371 18       		.uleb128 0x18
 755 0372 6B000000 		.4byte	0x6b
 756 0376 00       		.byte	0
 757 0377 00       		.byte	0
 758              		.section	.debug_abbrev,"",%progbits
 759              	.Ldebug_abbrev0:
 760 0000 01       		.uleb128 0x1
 761 0001 11       		.uleb128 0x11
 762 0002 01       		.byte	0x1
 763 0003 25       		.uleb128 0x25
 764 0004 0E       		.uleb128 0xe
 765 0005 13       		.uleb128 0x13
 766 0006 0B       		.uleb128 0xb
 767 0007 03       		.uleb128 0x3
 768 0008 0E       		.uleb128 0xe
 769 0009 1B       		.uleb128 0x1b
 770 000a 0E       		.uleb128 0xe
 771 000b 55       		.uleb128 0x55
 772 000c 17       		.uleb128 0x17
 773 000d 11       		.uleb128 0x11
 774 000e 01       		.uleb128 0x1
 775 000f 10       		.uleb128 0x10
 776 0010 17       		.uleb128 0x17
 777 0011 00       		.byte	0
 778 0012 00       		.byte	0
 779 0013 02       		.uleb128 0x2
 780 0014 24       		.uleb128 0x24
 781 0015 00       		.byte	0
 782 0016 0B       		.uleb128 0xb
 783 0017 0B       		.uleb128 0xb
 784 0018 3E       		.uleb128 0x3e
 785 0019 0B       		.uleb128 0xb
ARM GAS  C:\Users\egh35\AppData\Local\Temp\ccl3to9a.s 			page 17


 786 001a 03       		.uleb128 0x3
 787 001b 0E       		.uleb128 0xe
 788 001c 00       		.byte	0
 789 001d 00       		.byte	0
 790 001e 03       		.uleb128 0x3
 791 001f 24       		.uleb128 0x24
 792 0020 00       		.byte	0
 793 0021 0B       		.uleb128 0xb
 794 0022 0B       		.uleb128 0xb
 795 0023 3E       		.uleb128 0x3e
 796 0024 0B       		.uleb128 0xb
 797 0025 03       		.uleb128 0x3
 798 0026 08       		.uleb128 0x8
 799 0027 00       		.byte	0
 800 0028 00       		.byte	0
 801 0029 04       		.uleb128 0x4
 802 002a 16       		.uleb128 0x16
 803 002b 00       		.byte	0
 804 002c 03       		.uleb128 0x3
 805 002d 0E       		.uleb128 0xe
 806 002e 3A       		.uleb128 0x3a
 807 002f 0B       		.uleb128 0xb
 808 0030 3B       		.uleb128 0x3b
 809 0031 0B       		.uleb128 0xb
 810 0032 49       		.uleb128 0x49
 811 0033 13       		.uleb128 0x13
 812 0034 00       		.byte	0
 813 0035 00       		.byte	0
 814 0036 05       		.uleb128 0x5
 815 0037 16       		.uleb128 0x16
 816 0038 00       		.byte	0
 817 0039 03       		.uleb128 0x3
 818 003a 0E       		.uleb128 0xe
 819 003b 3A       		.uleb128 0x3a
 820 003c 0B       		.uleb128 0xb
 821 003d 3B       		.uleb128 0x3b
 822 003e 05       		.uleb128 0x5
 823 003f 49       		.uleb128 0x49
 824 0040 13       		.uleb128 0x13
 825 0041 00       		.byte	0
 826 0042 00       		.byte	0
 827 0043 06       		.uleb128 0x6
 828 0044 35       		.uleb128 0x35
 829 0045 00       		.byte	0
 830 0046 49       		.uleb128 0x49
 831 0047 13       		.uleb128 0x13
 832 0048 00       		.byte	0
 833 0049 00       		.byte	0
 834 004a 07       		.uleb128 0x7
 835 004b 0F       		.uleb128 0xf
 836 004c 00       		.byte	0
 837 004d 0B       		.uleb128 0xb
 838 004e 0B       		.uleb128 0xb
 839 004f 49       		.uleb128 0x49
 840 0050 13       		.uleb128 0x13
 841 0051 00       		.byte	0
 842 0052 00       		.byte	0
ARM GAS  C:\Users\egh35\AppData\Local\Temp\ccl3to9a.s 			page 18


 843 0053 08       		.uleb128 0x8
 844 0054 15       		.uleb128 0x15
 845 0055 00       		.byte	0
 846 0056 27       		.uleb128 0x27
 847 0057 19       		.uleb128 0x19
 848 0058 00       		.byte	0
 849 0059 00       		.byte	0
 850 005a 09       		.uleb128 0x9
 851 005b 26       		.uleb128 0x26
 852 005c 00       		.byte	0
 853 005d 49       		.uleb128 0x49
 854 005e 13       		.uleb128 0x13
 855 005f 00       		.byte	0
 856 0060 00       		.byte	0
 857 0061 0A       		.uleb128 0xa
 858 0062 2E       		.uleb128 0x2e
 859 0063 01       		.byte	0x1
 860 0064 3F       		.uleb128 0x3f
 861 0065 19       		.uleb128 0x19
 862 0066 03       		.uleb128 0x3
 863 0067 0E       		.uleb128 0xe
 864 0068 3A       		.uleb128 0x3a
 865 0069 0B       		.uleb128 0xb
 866 006a 3B       		.uleb128 0x3b
 867 006b 0B       		.uleb128 0xb
 868 006c 27       		.uleb128 0x27
 869 006d 19       		.uleb128 0x19
 870 006e 11       		.uleb128 0x11
 871 006f 01       		.uleb128 0x1
 872 0070 12       		.uleb128 0x12
 873 0071 06       		.uleb128 0x6
 874 0072 40       		.uleb128 0x40
 875 0073 18       		.uleb128 0x18
 876 0074 9742     		.uleb128 0x2117
 877 0076 19       		.uleb128 0x19
 878 0077 01       		.uleb128 0x1
 879 0078 13       		.uleb128 0x13
 880 0079 00       		.byte	0
 881 007a 00       		.byte	0
 882 007b 0B       		.uleb128 0xb
 883 007c 34       		.uleb128 0x34
 884 007d 00       		.byte	0
 885 007e 03       		.uleb128 0x3
 886 007f 0E       		.uleb128 0xe
 887 0080 3A       		.uleb128 0x3a
 888 0081 0B       		.uleb128 0xb
 889 0082 3B       		.uleb128 0x3b
 890 0083 0B       		.uleb128 0xb
 891 0084 49       		.uleb128 0x49
 892 0085 13       		.uleb128 0x13
 893 0086 02       		.uleb128 0x2
 894 0087 17       		.uleb128 0x17
 895 0088 00       		.byte	0
 896 0089 00       		.byte	0
 897 008a 0C       		.uleb128 0xc
 898 008b 898201   		.uleb128 0x4109
 899 008e 00       		.byte	0
ARM GAS  C:\Users\egh35\AppData\Local\Temp\ccl3to9a.s 			page 19


 900 008f 11       		.uleb128 0x11
 901 0090 01       		.uleb128 0x1
 902 0091 31       		.uleb128 0x31
 903 0092 13       		.uleb128 0x13
 904 0093 00       		.byte	0
 905 0094 00       		.byte	0
 906 0095 0D       		.uleb128 0xd
 907 0096 898201   		.uleb128 0x4109
 908 0099 01       		.byte	0x1
 909 009a 11       		.uleb128 0x11
 910 009b 01       		.uleb128 0x1
 911 009c 31       		.uleb128 0x31
 912 009d 13       		.uleb128 0x13
 913 009e 00       		.byte	0
 914 009f 00       		.byte	0
 915 00a0 0E       		.uleb128 0xe
 916 00a1 8A8201   		.uleb128 0x410a
 917 00a4 00       		.byte	0
 918 00a5 02       		.uleb128 0x2
 919 00a6 18       		.uleb128 0x18
 920 00a7 9142     		.uleb128 0x2111
 921 00a9 18       		.uleb128 0x18
 922 00aa 00       		.byte	0
 923 00ab 00       		.byte	0
 924 00ac 0F       		.uleb128 0xf
 925 00ad 898201   		.uleb128 0x4109
 926 00b0 01       		.byte	0x1
 927 00b1 11       		.uleb128 0x11
 928 00b2 01       		.uleb128 0x1
 929 00b3 31       		.uleb128 0x31
 930 00b4 13       		.uleb128 0x13
 931 00b5 01       		.uleb128 0x1
 932 00b6 13       		.uleb128 0x13
 933 00b7 00       		.byte	0
 934 00b8 00       		.byte	0
 935 00b9 10       		.uleb128 0x10
 936 00ba 05       		.uleb128 0x5
 937 00bb 00       		.byte	0
 938 00bc 03       		.uleb128 0x3
 939 00bd 08       		.uleb128 0x8
 940 00be 3A       		.uleb128 0x3a
 941 00bf 0B       		.uleb128 0xb
 942 00c0 3B       		.uleb128 0x3b
 943 00c1 0B       		.uleb128 0xb
 944 00c2 49       		.uleb128 0x49
 945 00c3 13       		.uleb128 0x13
 946 00c4 02       		.uleb128 0x2
 947 00c5 17       		.uleb128 0x17
 948 00c6 00       		.byte	0
 949 00c7 00       		.byte	0
 950 00c8 11       		.uleb128 0x11
 951 00c9 34       		.uleb128 0x34
 952 00ca 00       		.byte	0
 953 00cb 03       		.uleb128 0x3
 954 00cc 08       		.uleb128 0x8
 955 00cd 3A       		.uleb128 0x3a
 956 00ce 0B       		.uleb128 0xb
ARM GAS  C:\Users\egh35\AppData\Local\Temp\ccl3to9a.s 			page 20


 957 00cf 3B       		.uleb128 0x3b
 958 00d0 0B       		.uleb128 0xb
 959 00d1 49       		.uleb128 0x49
 960 00d2 13       		.uleb128 0x13
 961 00d3 02       		.uleb128 0x2
 962 00d4 18       		.uleb128 0x18
 963 00d5 00       		.byte	0
 964 00d6 00       		.byte	0
 965 00d7 12       		.uleb128 0x12
 966 00d8 01       		.uleb128 0x1
 967 00d9 01       		.byte	0x1
 968 00da 49       		.uleb128 0x49
 969 00db 13       		.uleb128 0x13
 970 00dc 01       		.uleb128 0x1
 971 00dd 13       		.uleb128 0x13
 972 00de 00       		.byte	0
 973 00df 00       		.byte	0
 974 00e0 13       		.uleb128 0x13
 975 00e1 21       		.uleb128 0x21
 976 00e2 00       		.byte	0
 977 00e3 49       		.uleb128 0x49
 978 00e4 13       		.uleb128 0x13
 979 00e5 2F       		.uleb128 0x2f
 980 00e6 0B       		.uleb128 0xb
 981 00e7 00       		.byte	0
 982 00e8 00       		.byte	0
 983 00e9 14       		.uleb128 0x14
 984 00ea 2E       		.uleb128 0x2e
 985 00eb 01       		.byte	0x1
 986 00ec 3F       		.uleb128 0x3f
 987 00ed 19       		.uleb128 0x19
 988 00ee 03       		.uleb128 0x3
 989 00ef 0E       		.uleb128 0xe
 990 00f0 3A       		.uleb128 0x3a
 991 00f1 0B       		.uleb128 0xb
 992 00f2 3B       		.uleb128 0x3b
 993 00f3 0B       		.uleb128 0xb
 994 00f4 49       		.uleb128 0x49
 995 00f5 13       		.uleb128 0x13
 996 00f6 11       		.uleb128 0x11
 997 00f7 01       		.uleb128 0x1
 998 00f8 12       		.uleb128 0x12
 999 00f9 06       		.uleb128 0x6
 1000 00fa 40       		.uleb128 0x40
 1001 00fb 18       		.uleb128 0x18
 1002 00fc 9742     		.uleb128 0x2117
 1003 00fe 19       		.uleb128 0x19
 1004 00ff 01       		.uleb128 0x1
 1005 0100 13       		.uleb128 0x13
 1006 0101 00       		.byte	0
 1007 0102 00       		.byte	0
 1008 0103 15       		.uleb128 0x15
 1009 0104 34       		.uleb128 0x34
 1010 0105 00       		.byte	0
 1011 0106 03       		.uleb128 0x3
 1012 0107 0E       		.uleb128 0xe
 1013 0108 3A       		.uleb128 0x3a
ARM GAS  C:\Users\egh35\AppData\Local\Temp\ccl3to9a.s 			page 21


 1014 0109 0B       		.uleb128 0xb
 1015 010a 3B       		.uleb128 0x3b
 1016 010b 0B       		.uleb128 0xb
 1017 010c 49       		.uleb128 0x49
 1018 010d 13       		.uleb128 0x13
 1019 010e 3F       		.uleb128 0x3f
 1020 010f 19       		.uleb128 0x19
 1021 0110 02       		.uleb128 0x2
 1022 0111 18       		.uleb128 0x18
 1023 0112 00       		.byte	0
 1024 0113 00       		.byte	0
 1025 0114 16       		.uleb128 0x16
 1026 0115 2E       		.uleb128 0x2e
 1027 0116 00       		.byte	0
 1028 0117 3F       		.uleb128 0x3f
 1029 0118 19       		.uleb128 0x19
 1030 0119 03       		.uleb128 0x3
 1031 011a 0E       		.uleb128 0xe
 1032 011b 3A       		.uleb128 0x3a
 1033 011c 0B       		.uleb128 0xb
 1034 011d 3B       		.uleb128 0x3b
 1035 011e 05       		.uleb128 0x5
 1036 011f 27       		.uleb128 0x27
 1037 0120 19       		.uleb128 0x19
 1038 0121 49       		.uleb128 0x49
 1039 0122 13       		.uleb128 0x13
 1040 0123 3C       		.uleb128 0x3c
 1041 0124 19       		.uleb128 0x19
 1042 0125 00       		.byte	0
 1043 0126 00       		.byte	0
 1044 0127 17       		.uleb128 0x17
 1045 0128 2E       		.uleb128 0x2e
 1046 0129 01       		.byte	0x1
 1047 012a 3F       		.uleb128 0x3f
 1048 012b 19       		.uleb128 0x19
 1049 012c 03       		.uleb128 0x3
 1050 012d 0E       		.uleb128 0xe
 1051 012e 3A       		.uleb128 0x3a
 1052 012f 0B       		.uleb128 0xb
 1053 0130 3B       		.uleb128 0x3b
 1054 0131 05       		.uleb128 0x5
 1055 0132 27       		.uleb128 0x27
 1056 0133 19       		.uleb128 0x19
 1057 0134 3C       		.uleb128 0x3c
 1058 0135 19       		.uleb128 0x19
 1059 0136 01       		.uleb128 0x1
 1060 0137 13       		.uleb128 0x13
 1061 0138 00       		.byte	0
 1062 0139 00       		.byte	0
 1063 013a 18       		.uleb128 0x18
 1064 013b 05       		.uleb128 0x5
 1065 013c 00       		.byte	0
 1066 013d 49       		.uleb128 0x49
 1067 013e 13       		.uleb128 0x13
 1068 013f 00       		.byte	0
 1069 0140 00       		.byte	0
 1070 0141 19       		.uleb128 0x19
ARM GAS  C:\Users\egh35\AppData\Local\Temp\ccl3to9a.s 			page 22


 1071 0142 2E       		.uleb128 0x2e
 1072 0143 01       		.byte	0x1
 1073 0144 3F       		.uleb128 0x3f
 1074 0145 19       		.uleb128 0x19
 1075 0146 03       		.uleb128 0x3
 1076 0147 0E       		.uleb128 0xe
 1077 0148 3A       		.uleb128 0x3a
 1078 0149 0B       		.uleb128 0xb
 1079 014a 3B       		.uleb128 0x3b
 1080 014b 0B       		.uleb128 0xb
 1081 014c 27       		.uleb128 0x27
 1082 014d 19       		.uleb128 0x19
 1083 014e 3C       		.uleb128 0x3c
 1084 014f 19       		.uleb128 0x19
 1085 0150 01       		.uleb128 0x1
 1086 0151 13       		.uleb128 0x13
 1087 0152 00       		.byte	0
 1088 0153 00       		.byte	0
 1089 0154 1A       		.uleb128 0x1a
 1090 0155 2E       		.uleb128 0x2e
 1091 0156 00       		.byte	0
 1092 0157 3F       		.uleb128 0x3f
 1093 0158 19       		.uleb128 0x19
 1094 0159 03       		.uleb128 0x3
 1095 015a 0E       		.uleb128 0xe
 1096 015b 3A       		.uleb128 0x3a
 1097 015c 0B       		.uleb128 0xb
 1098 015d 3B       		.uleb128 0x3b
 1099 015e 0B       		.uleb128 0xb
 1100 015f 27       		.uleb128 0x27
 1101 0160 19       		.uleb128 0x19
 1102 0161 49       		.uleb128 0x49
 1103 0162 13       		.uleb128 0x13
 1104 0163 3C       		.uleb128 0x3c
 1105 0164 19       		.uleb128 0x19
 1106 0165 00       		.byte	0
 1107 0166 00       		.byte	0
 1108 0167 1B       		.uleb128 0x1b
 1109 0168 2E       		.uleb128 0x2e
 1110 0169 01       		.byte	0x1
 1111 016a 3F       		.uleb128 0x3f
 1112 016b 19       		.uleb128 0x19
 1113 016c 03       		.uleb128 0x3
 1114 016d 0E       		.uleb128 0xe
 1115 016e 3A       		.uleb128 0x3a
 1116 016f 0B       		.uleb128 0xb
 1117 0170 3B       		.uleb128 0x3b
 1118 0171 0B       		.uleb128 0xb
 1119 0172 27       		.uleb128 0x27
 1120 0173 19       		.uleb128 0x19
 1121 0174 49       		.uleb128 0x49
 1122 0175 13       		.uleb128 0x13
 1123 0176 3C       		.uleb128 0x3c
 1124 0177 19       		.uleb128 0x19
 1125 0178 01       		.uleb128 0x1
 1126 0179 13       		.uleb128 0x13
 1127 017a 00       		.byte	0
ARM GAS  C:\Users\egh35\AppData\Local\Temp\ccl3to9a.s 			page 23


 1128 017b 00       		.byte	0
 1129 017c 1C       		.uleb128 0x1c
 1130 017d 18       		.uleb128 0x18
 1131 017e 00       		.byte	0
 1132 017f 00       		.byte	0
 1133 0180 00       		.byte	0
 1134 0181 1D       		.uleb128 0x1d
 1135 0182 2E       		.uleb128 0x2e
 1136 0183 00       		.byte	0
 1137 0184 3F       		.uleb128 0x3f
 1138 0185 19       		.uleb128 0x19
 1139 0186 03       		.uleb128 0x3
 1140 0187 0E       		.uleb128 0xe
 1141 0188 3A       		.uleb128 0x3a
 1142 0189 0B       		.uleb128 0xb
 1143 018a 3B       		.uleb128 0x3b
 1144 018b 0B       		.uleb128 0xb
 1145 018c 27       		.uleb128 0x27
 1146 018d 19       		.uleb128 0x19
 1147 018e 3C       		.uleb128 0x3c
 1148 018f 19       		.uleb128 0x19
 1149 0190 00       		.byte	0
 1150 0191 00       		.byte	0
 1151 0192 1E       		.uleb128 0x1e
 1152 0193 2E       		.uleb128 0x2e
 1153 0194 01       		.byte	0x1
 1154 0195 3F       		.uleb128 0x3f
 1155 0196 19       		.uleb128 0x19
 1156 0197 03       		.uleb128 0x3
 1157 0198 0E       		.uleb128 0xe
 1158 0199 3A       		.uleb128 0x3a
 1159 019a 0B       		.uleb128 0xb
 1160 019b 3B       		.uleb128 0x3b
 1161 019c 0B       		.uleb128 0xb
 1162 019d 27       		.uleb128 0x27
 1163 019e 19       		.uleb128 0x19
 1164 019f 3C       		.uleb128 0x3c
 1165 01a0 19       		.uleb128 0x19
 1166 01a1 00       		.byte	0
 1167 01a2 00       		.byte	0
 1168 01a3 00       		.byte	0
 1169              		.section	.debug_loc,"",%progbits
 1170              	.Ldebug_loc0:
 1171              	.LLST0:
 1172 0000 08000000 		.4byte	.LVL1
 1173 0004 0B000000 		.4byte	.LVL2-1
 1174 0008 0100     		.2byte	0x1
 1175 000a 50       		.byte	0x50
 1176 000b 0B000000 		.4byte	.LVL2-1
 1177 000f 16000000 		.4byte	.LVL3
 1178 0013 0100     		.2byte	0x1
 1179 0015 54       		.byte	0x54
 1180 0016 16000000 		.4byte	.LVL3
 1181 001a 1A000000 		.4byte	.LVL4
 1182 001e 0300     		.2byte	0x3
 1183 0020 74       		.byte	0x74
 1184 0021 31       		.sleb128 49
ARM GAS  C:\Users\egh35\AppData\Local\Temp\ccl3to9a.s 			page 24


 1185 0022 9F       		.byte	0x9f
 1186 0023 00000000 		.4byte	0
 1187 0027 00000000 		.4byte	0
 1188              	.LLST1:
 1189 002b 00000000 		.4byte	.LVL11
 1190 002f 08000000 		.4byte	.LVL12
 1191 0033 0100     		.2byte	0x1
 1192 0035 50       		.byte	0x50
 1193 0036 08000000 		.4byte	.LVL12
 1194 003a 0D000000 		.4byte	.LVL13-1
 1195 003e 0100     		.2byte	0x1
 1196 0040 52       		.byte	0x52
 1197 0041 0D000000 		.4byte	.LVL13-1
 1198 0045 1C000000 		.4byte	.LFE33
 1199 0049 0400     		.2byte	0x4
 1200 004b F3       		.byte	0xf3
 1201 004c 01       		.uleb128 0x1
 1202 004d 50       		.byte	0x50
 1203 004e 9F       		.byte	0x9f
 1204 004f 00000000 		.4byte	0
 1205 0053 00000000 		.4byte	0
 1206              	.LLST2:
 1207 0057 08000000 		.4byte	.LVL15
 1208 005b 26000000 		.4byte	.LVL19
 1209 005f 0400     		.2byte	0x4
 1210 0061 0A       		.byte	0xa
 1211 0062 F401     		.2byte	0x1f4
 1212 0064 9F       		.byte	0x9f
 1213 0065 26000000 		.4byte	.LVL19
 1214 0069 38000000 		.4byte	.LVL20
 1215 006d 0100     		.2byte	0x1
 1216 006f 54       		.byte	0x54
 1217 0070 38000000 		.4byte	.LVL20
 1218 0074 3E000000 		.4byte	.LVL21
 1219 0078 0400     		.2byte	0x4
 1220 007a 0A       		.byte	0xa
 1221 007b E803     		.2byte	0x3e8
 1222 007d 9F       		.byte	0x9f
 1223 007e 3E000000 		.4byte	.LVL21
 1224 0082 42000000 		.4byte	.LVL22
 1225 0086 0400     		.2byte	0x4
 1226 0088 0A       		.byte	0xa
 1227 0089 DC05     		.2byte	0x5dc
 1228 008b 9F       		.byte	0x9f
 1229 008c 42000000 		.4byte	.LVL22
 1230 0090 48000000 		.4byte	.LVL23
 1231 0094 0400     		.2byte	0x4
 1232 0096 0A       		.byte	0xa
 1233 0097 D007     		.2byte	0x7d0
 1234 0099 9F       		.byte	0x9f
 1235 009a 48000000 		.4byte	.LVL23
 1236 009e 4C000000 		.4byte	.LVL24
 1237 00a2 0400     		.2byte	0x4
 1238 00a4 0A       		.byte	0xa
 1239 00a5 C409     		.2byte	0x9c4
 1240 00a7 9F       		.byte	0x9f
 1241 00a8 4C000000 		.4byte	.LVL24
ARM GAS  C:\Users\egh35\AppData\Local\Temp\ccl3to9a.s 			page 25


 1242 00ac 4E000000 		.4byte	.LVL25
 1243 00b0 0100     		.2byte	0x1
 1244 00b2 54       		.byte	0x54
 1245 00b3 50000000 		.4byte	.LVL26
 1246 00b7 84000000 		.4byte	.LFE36
 1247 00bb 0100     		.2byte	0x1
 1248 00bd 54       		.byte	0x54
 1249 00be 00000000 		.4byte	0
 1250 00c2 00000000 		.4byte	0
 1251              		.section	.debug_aranges,"",%progbits
 1252 0000 34000000 		.4byte	0x34
 1253 0004 0200     		.2byte	0x2
 1254 0006 00000000 		.4byte	.Ldebug_info0
 1255 000a 04       		.byte	0x4
 1256 000b 00       		.byte	0
 1257 000c 0000     		.2byte	0
 1258 000e 0000     		.2byte	0
 1259 0010 00000000 		.4byte	.LFB34
 1260 0014 2C000000 		.4byte	.LFE34-.LFB34
 1261 0018 00000000 		.4byte	.LFB35
 1262 001c 48000000 		.4byte	.LFE35-.LFB35
 1263 0020 00000000 		.4byte	.LFB33
 1264 0024 1C000000 		.4byte	.LFE33-.LFB33
 1265 0028 00000000 		.4byte	.LFB36
 1266 002c 84000000 		.4byte	.LFE36-.LFB36
 1267 0030 00000000 		.4byte	0
 1268 0034 00000000 		.4byte	0
 1269              		.section	.debug_ranges,"",%progbits
 1270              	.Ldebug_ranges0:
 1271 0000 00000000 		.4byte	.LFB34
 1272 0004 2C000000 		.4byte	.LFE34
 1273 0008 00000000 		.4byte	.LFB35
 1274 000c 48000000 		.4byte	.LFE35
 1275 0010 00000000 		.4byte	.LFB33
 1276 0014 1C000000 		.4byte	.LFE33
 1277 0018 00000000 		.4byte	.LFB36
 1278 001c 84000000 		.4byte	.LFE36
 1279 0020 00000000 		.4byte	0
 1280 0024 00000000 		.4byte	0
 1281              		.section	.debug_line,"",%progbits
 1282              	.Ldebug_line0:
 1283 0000 88010000 		.section	.debug_str,"MS",%progbits,1
 1283      02001101 
 1283      00000201 
 1283      FB0E0D00 
 1283      01010101 
 1284              	.LASF40:
 1285 0000 55415254 		.ascii	"UART_1_Start\000"
 1285      5F315F53 
 1285      74617274 
 1285      00
 1286              	.LASF34:
 1287 000d 53575F49 		.ascii	"SW_Int_StartEx\000"
 1287      6E745F53 
 1287      74617274 
 1287      457800
 1288              	.LASF23:
ARM GAS  C:\Users\egh35\AppData\Local\Temp\ccl3to9a.s 			page 26


 1289 001c 626C6B74 		.ascii	"blkt\000"
 1289      00
 1290              	.LASF31:
 1291 0021 55415254 		.ascii	"UART_1_UartPutString\000"
 1291      5F315F55 
 1291      61727450 
 1291      75745374 
 1291      72696E67 
 1292              	.LASF4:
 1293 0036 6C6F6E67 		.ascii	"long int\000"
 1293      20696E74 
 1293      00
 1294              	.LASF3:
 1295 003f 73686F72 		.ascii	"short unsigned int\000"
 1295      7420756E 
 1295      7369676E 
 1295      65642069 
 1295      6E7400
 1296              	.LASF11:
 1297 0052 666C6F61 		.ascii	"float\000"
 1297      7400
 1298              	.LASF32:
 1299 0058 53575F43 		.ascii	"SW_ClearInterrupt\000"
 1299      6C656172 
 1299      496E7465 
 1299      72727570 
 1299      7400
 1300              	.LASF13:
 1301 006a 63686172 		.ascii	"char8\000"
 1301      3800
 1302              	.LASF20:
 1303 0070 5072696E 		.ascii	"PrintInt\000"
 1303      74496E74 
 1303      00
 1304              	.LASF5:
 1305 0079 6C6F6E67 		.ascii	"long unsigned int\000"
 1305      20756E73 
 1305      69676E65 
 1305      6420696E 
 1305      7400
 1306              	.LASF9:
 1307 008b 75696E74 		.ascii	"uint8\000"
 1307      3800
 1308              	.LASF29:
 1309 0091 55415254 		.ascii	"UART_1_UartGetChar\000"
 1309      5F315F55 
 1309      61727447 
 1309      65744368 
 1309      617200
 1310              	.LASF35:
 1311 00a4 5245445F 		.ascii	"RED_LED_Read\000"
 1311      4C45445F 
 1311      52656164 
 1311      00
 1312              	.LASF21:
 1313 00b1 72784461 		.ascii	"rxData\000"
 1313      746100
ARM GAS  C:\Users\egh35\AppData\Local\Temp\ccl3to9a.s 			page 27


 1314              	.LASF1:
 1315 00b8 756E7369 		.ascii	"unsigned char\000"
 1315      676E6564 
 1315      20636861 
 1315      7200
 1316              	.LASF12:
 1317 00c6 646F7562 		.ascii	"double\000"
 1317      6C6500
 1318              	.LASF26:
 1319 00cd 626C696E 		.ascii	"blink_it\000"
 1319      6B5F6974 
 1319      00
 1320              	.LASF37:
 1321 00d6 2E5C6D61 		.ascii	".\\main.c\000"
 1321      696E2E63 
 1321      00
 1322              	.LASF27:
 1323 00df 55415254 		.ascii	"UART_1_SpiUartWriteTxData\000"
 1323      5F315F53 
 1323      70695561 
 1323      72745772 
 1323      69746554 
 1324              	.LASF18:
 1325 00f9 55415254 		.ascii	"UART_Int\000"
 1325      5F496E74 
 1325      00
 1326              	.LASF10:
 1327 0102 75696E74 		.ascii	"uint32\000"
 1327      333200
 1328              	.LASF22:
 1329 0109 6D61696E 		.ascii	"main\000"
 1329      00
 1330              	.LASF8:
 1331 010e 756E7369 		.ascii	"unsigned int\000"
 1331      676E6564 
 1331      20696E74 
 1331      00
 1332              	.LASF7:
 1333 011b 6C6F6E67 		.ascii	"long long unsigned int\000"
 1333      206C6F6E 
 1333      6720756E 
 1333      7369676E 
 1333      65642069 
 1334              	.LASF36:
 1335 0132 474E5520 		.ascii	"GNU C 4.8.4 20140526 (release) [ARM/embedded-4_8-br"
 1335      4320342E 
 1335      382E3420 
 1335      32303134 
 1335      30353236 
 1336 0165 616E6368 		.ascii	"anch revision 211358] -mcpu=cortex-m0 -mthumb -g -O"
 1336      20726576 
 1336      6973696F 
 1336      6E203231 
 1336      31333538 
 1337 0198 67202D66 		.ascii	"g -ffunction-sections\000"
 1337      66756E63 
 1337      74696F6E 
ARM GAS  C:\Users\egh35\AppData\Local\Temp\ccl3to9a.s 			page 28


 1337      2D736563 
 1337      74696F6E 
 1338              	.LASF16:
 1339 01ae 63796973 		.ascii	"cyisraddress\000"
 1339      72616464 
 1339      72657373 
 1339      00
 1340              	.LASF30:
 1341 01bb 53575F52 		.ascii	"SW_Read\000"
 1341      65616400 
 1342              	.LASF25:
 1343 01c3 61636365 		.ascii	"accept_input\000"
 1343      70745F69 
 1343      6E707574 
 1343      00
 1344              	.LASF17:
 1345 01d0 73697A65 		.ascii	"sizetype\000"
 1345      74797065 
 1345      00
 1346              	.LASF6:
 1347 01d9 6C6F6E67 		.ascii	"long long int\000"
 1347      206C6F6E 
 1347      6720696E 
 1347      7400
 1348              	.LASF14:
 1349 01e7 63686172 		.ascii	"char\000"
 1349      00
 1350              	.LASF38:
 1351 01ec 433A5C55 		.ascii	"C:\\Users\\egh35\\Documents\\PSoC Creator\\Lab 4\\u"
 1351      73657273 
 1351      5C656768 
 1351      33355C44 
 1351      6F63756D 
 1352 0219 61727469 		.ascii	"artint.cydsn\000"
 1352      6E742E63 
 1352      7964736E 
 1352      00
 1353              	.LASF2:
 1354 0226 73686F72 		.ascii	"short int\000"
 1354      7420696E 
 1354      7400
 1355              	.LASF33:
 1356 0230 55415254 		.ascii	"UART_Int_StartEx\000"
 1356      5F496E74 
 1356      5F537461 
 1356      72744578 
 1356      00
 1357              	.LASF41:
 1358 0241 5245445F 		.ascii	"RED_LED_Write\000"
 1358      4C45445F 
 1358      57726974 
 1358      6500
 1359              	.LASF15:
 1360 024f 72656733 		.ascii	"reg32\000"
 1360      3200
 1361              	.LASF0:
 1362 0255 7369676E 		.ascii	"signed char\000"
ARM GAS  C:\Users\egh35\AppData\Local\Temp\ccl3to9a.s 			page 29


 1362      65642063 
 1362      68617200 
 1363              	.LASF19:
 1364 0261 53575F49 		.ascii	"SW_Int\000"
 1364      6E7400
 1365              	.LASF24:
 1366 0268 5F426F6F 		.ascii	"_Bool\000"
 1366      6C00
 1367              	.LASF39:
 1368 026e 73707269 		.ascii	"sprintf\000"
 1368      6E746600 
 1369              	.LASF28:
 1370 0276 43794465 		.ascii	"CyDelay\000"
 1370      6C617900 
 1371              		.ident	"GCC: (GNU Tools for ARM Embedded Processors) 4.8.4 20140526 (release) [ARM/embedded-4_8-br
