--------------- Build Started: 02/02/2016 15:02:02 Project: Checksum, Configuration: ARM GCC 4.8.4 Debug ---------------
The code generation step is up to date.
arm-none-eabi-gcc.exe -mcpu=cortex-m0 -mthumb -Wno-main -I. -IGenerated_Source\PSoC4 -Wa,-alh=.\CortexM0\ARM_GCC_484\Debug/main.lst -g -D DEBUG -Wall -ffunction-sections -Og -c .\main.c -o .\CortexM0\ARM_GCC_484\Debug\main.o
.\main.c: In function 'CheckSum':
.\main.c:21:9: warning: unused variable 'adv' [-Wunused-variable]
     int adv = 0;  
         ^
.\main.c:20:9: warning: unused variable 'c_sum' [-Wunused-variable]
     int c_sum[20];
         ^
.\main.c: In function 'main':
.\main.c:97:11: warning: the address of 'choice' will always evaluate as 'true' [-Waddress]
     while(choice){
           ^
arm-none-eabi-ar.exe -rs .\CortexM0\ARM_GCC_484\Debug\Checksum.a .\CortexM0\ARM_GCC_484\Debug\cyfitter_cfg.o .\CortexM0\ARM_GCC_484\Debug\CyBootAsmGnu.o .\CortexM0\ARM_GCC_484\Debug\CyFlash.o .\CortexM0\ARM_GCC_484\Debug\CyLib.o .\CortexM0\ARM_GCC_484\Debug\cyPm.o .\CortexM0\ARM_GCC_484\Debug\cyutils.o .\CortexM0\ARM_GCC_484\Debug\CyLFClk.o .\CortexM0\ARM_GCC_484\Debug\UART_1.o .\CortexM0\ARM_GCC_484\Debug\UART_1_SPI_UART.o .\CortexM0\ARM_GCC_484\Debug\UART_1_SPI_UART_INT.o .\CortexM0\ARM_GCC_484\Debug\UART_1_PM.o .\CortexM0\ARM_GCC_484\Debug\UART_1_UART.o .\CortexM0\ARM_GCC_484\Debug\UART_1_BOOT.o .\CortexM0\ARM_GCC_484\Debug\UART_1_UART_BOOT.o .\CortexM0\ARM_GCC_484\Debug\UART_1_SCBCLK.o .\CortexM0\ARM_GCC_484\Debug\UART_1_tx.o .\CortexM0\ARM_GCC_484\Debug\UART_1_rx.o
arm-none-eabi-ar.exe: creating .\CortexM0\ARM_GCC_484\Debug\Checksum.a
arm-none-eabi-gcc.exe -Wl,--start-group -o .\CortexM0\ARM_GCC_484\Debug\Checksum.elf .\CortexM0\ARM_GCC_484\Debug\main.o .\CortexM0\ARM_GCC_484\Debug\cymetadata.o .\CortexM0\ARM_GCC_484\Debug\Cm0Start.o .\CortexM0\ARM_GCC_484\Debug\Checksum.a "C:\Program Files (x86)\Cypress\PSoC Creator\3.2\PSoC Creator\psoc\content\cycomponentlibrary\CyComponentLibrary.cylib\CortexM0\ARM_GCC_484\Debug\CyComponentLibrary.a" -mcpu=cortex-m0 -mthumb -g -ffunction-sections -Og -Wl,-Map,.\CortexM0\ARM_GCC_484\Debug/Checksum.map -T Generated_Source\PSoC4\cm0gcc.ld -specs=nano.specs -Wl,--gc-sections -Wl,--end-group
cyelftool.exe -C "E:\school\ECEC304\Lab 3\Checksum.cydsn\CortexM0\ARM_GCC_484\Debug\Checksum.elf" --flash_row_size 128 --flash_size 32768
cyelftool.exe -S "E:\school\ECEC304\Lab 3\Checksum.cydsn\CortexM0\ARM_GCC_484\Debug\Checksum.elf"
Flash used: 2560 of 32768 bytes (7.8 %).
SRAM used: 1436 of 4096 bytes (35.1 %). Stack: 1024 bytes. Heap: 128 bytes.
--------------- Build Succeeded: 02/02/2016 15:02:05 ---------------
